[2025-04-26T22:30:00.654+0000] {processor.py:186} INFO - Started process (PID=102) to work on /home/airflow/.local/lib/python3.12/site-packages/airflow/example_dags/example_bash_operator.py
[2025-04-26T22:30:00.655+0000] {processor.py:914} INFO - Processing file /home/airflow/.local/lib/python3.12/site-packages/airflow/example_dags/example_bash_operator.py for tasks to queue
[2025-04-26T22:30:00.658+0000] {logging_mixin.py:190} INFO - [2025-04-26T22:30:00.657+0000] {dagbag.py:588} INFO - Filling up the DagBag from /home/airflow/.local/lib/python3.12/site-packages/airflow/example_dags/example_bash_operator.py
[2025-04-26T22:30:00.674+0000] {processor.py:925} INFO - DAG(s) 'example_bash_operator' retrieved from /home/airflow/.local/lib/python3.12/site-packages/airflow/example_dags/example_bash_operator.py
[2025-04-26T22:30:00.785+0000] {logging_mixin.py:190} INFO - [2025-04-26T22:30:00.784+0000] {override.py:1912} INFO - Created Permission View: can read on DAG:example_bash_operator
[2025-04-26T22:30:00.793+0000] {logging_mixin.py:190} INFO - [2025-04-26T22:30:00.793+0000] {override.py:1912} INFO - Created Permission View: can delete on DAG:example_bash_operator
[2025-04-26T22:30:00.799+0000] {logging_mixin.py:190} INFO - [2025-04-26T22:30:00.798+0000] {override.py:1912} INFO - Created Permission View: can edit on DAG:example_bash_operator
[2025-04-26T22:30:00.805+0000] {logging_mixin.py:190} INFO - [2025-04-26T22:30:00.804+0000] {override.py:1912} INFO - Created Permission View: can read on DAG Run:example_bash_operator
[2025-04-26T22:30:00.810+0000] {logging_mixin.py:190} INFO - [2025-04-26T22:30:00.810+0000] {override.py:1912} INFO - Created Permission View: can create on DAG Run:example_bash_operator
[2025-04-26T22:30:00.815+0000] {logging_mixin.py:190} INFO - [2025-04-26T22:30:00.815+0000] {override.py:1912} INFO - Created Permission View: can delete on DAG Run:example_bash_operator
[2025-04-26T22:30:00.820+0000] {logging_mixin.py:190} INFO - [2025-04-26T22:30:00.820+0000] {override.py:1912} INFO - Created Permission View: menu access on DAG Run:example_bash_operator
[2025-04-26T22:30:00.821+0000] {logging_mixin.py:190} INFO - [2025-04-26T22:30:00.820+0000] {dag.py:3239} INFO - Sync 1 DAGs
[2025-04-26T22:30:00.832+0000] {logging_mixin.py:190} INFO - [2025-04-26T22:30:00.832+0000] {dag.py:3262} INFO - Creating ORM DAG for example_bash_operator
[2025-04-26T22:30:00.842+0000] {logging_mixin.py:190} INFO - [2025-04-26T22:30:00.842+0000] {dag.py:4180} INFO - Setting next_dagrun for example_bash_operator to 2025-04-25 00:00:00+00:00, run_after=2025-04-26 00:00:00+00:00
[2025-04-26T22:30:00.856+0000] {processor.py:208} INFO - Processing /home/airflow/.local/lib/python3.12/site-packages/airflow/example_dags/example_bash_operator.py took 0.208 seconds
[2025-04-26T22:30:30.961+0000] {processor.py:186} INFO - Started process (PID=164) to work on /home/airflow/.local/lib/python3.12/site-packages/airflow/example_dags/example_bash_operator.py
[2025-04-26T22:30:30.962+0000] {processor.py:914} INFO - Processing file /home/airflow/.local/lib/python3.12/site-packages/airflow/example_dags/example_bash_operator.py for tasks to queue
[2025-04-26T22:30:30.965+0000] {logging_mixin.py:190} INFO - [2025-04-26T22:30:30.964+0000] {dagbag.py:588} INFO - Filling up the DagBag from /home/airflow/.local/lib/python3.12/site-packages/airflow/example_dags/example_bash_operator.py
[2025-04-26T22:30:30.978+0000] {processor.py:925} INFO - DAG(s) 'example_bash_operator' retrieved from /home/airflow/.local/lib/python3.12/site-packages/airflow/example_dags/example_bash_operator.py
[2025-04-26T22:30:31.004+0000] {logging_mixin.py:190} INFO - [2025-04-26T22:30:31.004+0000] {dag.py:3239} INFO - Sync 1 DAGs
[2025-04-26T22:30:31.027+0000] {logging_mixin.py:190} INFO - [2025-04-26T22:30:31.026+0000] {dag.py:4180} INFO - Setting next_dagrun for example_bash_operator to 2025-04-25 00:00:00+00:00, run_after=2025-04-26 00:00:00+00:00
[2025-04-26T22:30:31.042+0000] {processor.py:208} INFO - Processing /home/airflow/.local/lib/python3.12/site-packages/airflow/example_dags/example_bash_operator.py took 0.088 seconds
[2025-04-26T22:31:01.486+0000] {processor.py:186} INFO - Started process (PID=227) to work on /home/airflow/.local/lib/python3.12/site-packages/airflow/example_dags/example_bash_operator.py
[2025-04-26T22:31:01.487+0000] {processor.py:914} INFO - Processing file /home/airflow/.local/lib/python3.12/site-packages/airflow/example_dags/example_bash_operator.py for tasks to queue
[2025-04-26T22:31:01.491+0000] {logging_mixin.py:190} INFO - [2025-04-26T22:31:01.490+0000] {dagbag.py:588} INFO - Filling up the DagBag from /home/airflow/.local/lib/python3.12/site-packages/airflow/example_dags/example_bash_operator.py
[2025-04-26T22:31:01.510+0000] {processor.py:925} INFO - DAG(s) 'example_bash_operator' retrieved from /home/airflow/.local/lib/python3.12/site-packages/airflow/example_dags/example_bash_operator.py
[2025-04-26T22:31:01.540+0000] {logging_mixin.py:190} INFO - [2025-04-26T22:31:01.539+0000] {dag.py:3239} INFO - Sync 1 DAGs
[2025-04-26T22:31:01.563+0000] {logging_mixin.py:190} INFO - [2025-04-26T22:31:01.563+0000] {dag.py:4180} INFO - Setting next_dagrun for example_bash_operator to 2025-04-25 00:00:00+00:00, run_after=2025-04-26 00:00:00+00:00
[2025-04-26T22:31:01.579+0000] {processor.py:208} INFO - Processing /home/airflow/.local/lib/python3.12/site-packages/airflow/example_dags/example_bash_operator.py took 0.102 seconds
[2025-04-26T22:31:31.815+0000] {processor.py:186} INFO - Started process (PID=290) to work on /home/airflow/.local/lib/python3.12/site-packages/airflow/example_dags/example_bash_operator.py
[2025-04-26T22:31:31.816+0000] {processor.py:914} INFO - Processing file /home/airflow/.local/lib/python3.12/site-packages/airflow/example_dags/example_bash_operator.py for tasks to queue
[2025-04-26T22:31:31.819+0000] {logging_mixin.py:190} INFO - [2025-04-26T22:31:31.819+0000] {dagbag.py:588} INFO - Filling up the DagBag from /home/airflow/.local/lib/python3.12/site-packages/airflow/example_dags/example_bash_operator.py
[2025-04-26T22:31:31.839+0000] {processor.py:925} INFO - DAG(s) 'example_bash_operator' retrieved from /home/airflow/.local/lib/python3.12/site-packages/airflow/example_dags/example_bash_operator.py
[2025-04-26T22:31:31.878+0000] {logging_mixin.py:190} INFO - [2025-04-26T22:31:31.877+0000] {dag.py:3239} INFO - Sync 1 DAGs
[2025-04-26T22:31:31.913+0000] {logging_mixin.py:190} INFO - [2025-04-26T22:31:31.913+0000] {dag.py:4180} INFO - Setting next_dagrun for example_bash_operator to 2025-04-25 00:00:00+00:00, run_after=2025-04-26 00:00:00+00:00
[2025-04-26T22:31:31.931+0000] {processor.py:208} INFO - Processing /home/airflow/.local/lib/python3.12/site-packages/airflow/example_dags/example_bash_operator.py took 0.126 seconds
[2025-04-26T22:32:02.094+0000] {processor.py:186} INFO - Started process (PID=353) to work on /home/airflow/.local/lib/python3.12/site-packages/airflow/example_dags/example_bash_operator.py
[2025-04-26T22:32:02.096+0000] {processor.py:914} INFO - Processing file /home/airflow/.local/lib/python3.12/site-packages/airflow/example_dags/example_bash_operator.py for tasks to queue
[2025-04-26T22:32:02.098+0000] {logging_mixin.py:190} INFO - [2025-04-26T22:32:02.098+0000] {dagbag.py:588} INFO - Filling up the DagBag from /home/airflow/.local/lib/python3.12/site-packages/airflow/example_dags/example_bash_operator.py
[2025-04-26T22:32:02.112+0000] {processor.py:925} INFO - DAG(s) 'example_bash_operator' retrieved from /home/airflow/.local/lib/python3.12/site-packages/airflow/example_dags/example_bash_operator.py
[2025-04-26T22:32:02.138+0000] {logging_mixin.py:190} INFO - [2025-04-26T22:32:02.137+0000] {dag.py:3239} INFO - Sync 1 DAGs
[2025-04-26T22:32:02.160+0000] {logging_mixin.py:190} INFO - [2025-04-26T22:32:02.160+0000] {dag.py:4180} INFO - Setting next_dagrun for example_bash_operator to 2025-04-25 00:00:00+00:00, run_after=2025-04-26 00:00:00+00:00
[2025-04-26T22:32:02.177+0000] {processor.py:208} INFO - Processing /home/airflow/.local/lib/python3.12/site-packages/airflow/example_dags/example_bash_operator.py took 0.089 seconds
[2025-04-26T22:32:33.248+0000] {processor.py:186} INFO - Started process (PID=416) to work on /home/airflow/.local/lib/python3.12/site-packages/airflow/example_dags/example_bash_operator.py
[2025-04-26T22:32:33.249+0000] {processor.py:914} INFO - Processing file /home/airflow/.local/lib/python3.12/site-packages/airflow/example_dags/example_bash_operator.py for tasks to queue
[2025-04-26T22:32:33.252+0000] {logging_mixin.py:190} INFO - [2025-04-26T22:32:33.251+0000] {dagbag.py:588} INFO - Filling up the DagBag from /home/airflow/.local/lib/python3.12/site-packages/airflow/example_dags/example_bash_operator.py
[2025-04-26T22:32:33.266+0000] {processor.py:925} INFO - DAG(s) 'example_bash_operator' retrieved from /home/airflow/.local/lib/python3.12/site-packages/airflow/example_dags/example_bash_operator.py
[2025-04-26T22:32:33.293+0000] {logging_mixin.py:190} INFO - [2025-04-26T22:32:33.293+0000] {dag.py:3239} INFO - Sync 1 DAGs
[2025-04-26T22:32:33.322+0000] {logging_mixin.py:190} INFO - [2025-04-26T22:32:33.322+0000] {dag.py:4180} INFO - Setting next_dagrun for example_bash_operator to 2025-04-25 00:00:00+00:00, run_after=2025-04-26 00:00:00+00:00
[2025-04-26T22:32:33.340+0000] {processor.py:208} INFO - Processing /home/airflow/.local/lib/python3.12/site-packages/airflow/example_dags/example_bash_operator.py took 0.099 seconds
[2025-04-26T22:33:04.336+0000] {processor.py:186} INFO - Started process (PID=479) to work on /home/airflow/.local/lib/python3.12/site-packages/airflow/example_dags/example_bash_operator.py
[2025-04-26T22:33:04.337+0000] {processor.py:914} INFO - Processing file /home/airflow/.local/lib/python3.12/site-packages/airflow/example_dags/example_bash_operator.py for tasks to queue
[2025-04-26T22:33:04.339+0000] {logging_mixin.py:190} INFO - [2025-04-26T22:33:04.339+0000] {dagbag.py:588} INFO - Filling up the DagBag from /home/airflow/.local/lib/python3.12/site-packages/airflow/example_dags/example_bash_operator.py
[2025-04-26T22:33:04.354+0000] {processor.py:925} INFO - DAG(s) 'example_bash_operator' retrieved from /home/airflow/.local/lib/python3.12/site-packages/airflow/example_dags/example_bash_operator.py
[2025-04-26T22:33:04.379+0000] {logging_mixin.py:190} INFO - [2025-04-26T22:33:04.379+0000] {dag.py:3239} INFO - Sync 1 DAGs
[2025-04-26T22:33:04.404+0000] {logging_mixin.py:190} INFO - [2025-04-26T22:33:04.403+0000] {dag.py:4180} INFO - Setting next_dagrun for example_bash_operator to 2025-04-25 00:00:00+00:00, run_after=2025-04-26 00:00:00+00:00
[2025-04-26T22:33:04.420+0000] {processor.py:208} INFO - Processing /home/airflow/.local/lib/python3.12/site-packages/airflow/example_dags/example_bash_operator.py took 0.090 seconds
[2025-04-26T22:33:35.933+0000] {processor.py:186} INFO - Started process (PID=542) to work on /home/airflow/.local/lib/python3.12/site-packages/airflow/example_dags/example_bash_operator.py
[2025-04-26T22:33:35.935+0000] {processor.py:914} INFO - Processing file /home/airflow/.local/lib/python3.12/site-packages/airflow/example_dags/example_bash_operator.py for tasks to queue
[2025-04-26T22:33:35.937+0000] {logging_mixin.py:190} INFO - [2025-04-26T22:33:35.937+0000] {dagbag.py:588} INFO - Filling up the DagBag from /home/airflow/.local/lib/python3.12/site-packages/airflow/example_dags/example_bash_operator.py
[2025-04-26T22:33:35.951+0000] {processor.py:925} INFO - DAG(s) 'example_bash_operator' retrieved from /home/airflow/.local/lib/python3.12/site-packages/airflow/example_dags/example_bash_operator.py
[2025-04-26T22:33:35.976+0000] {logging_mixin.py:190} INFO - [2025-04-26T22:33:35.976+0000] {dag.py:3239} INFO - Sync 1 DAGs
[2025-04-26T22:33:36.000+0000] {logging_mixin.py:190} INFO - [2025-04-26T22:33:36.000+0000] {dag.py:4180} INFO - Setting next_dagrun for example_bash_operator to 2025-04-25 00:00:00+00:00, run_after=2025-04-26 00:00:00+00:00
[2025-04-26T22:33:36.016+0000] {processor.py:208} INFO - Processing /home/airflow/.local/lib/python3.12/site-packages/airflow/example_dags/example_bash_operator.py took 0.089 seconds
[2025-04-26T22:34:06.794+0000] {processor.py:186} INFO - Started process (PID=605) to work on /home/airflow/.local/lib/python3.12/site-packages/airflow/example_dags/example_bash_operator.py
[2025-04-26T22:34:06.794+0000] {processor.py:914} INFO - Processing file /home/airflow/.local/lib/python3.12/site-packages/airflow/example_dags/example_bash_operator.py for tasks to queue
[2025-04-26T22:34:06.797+0000] {logging_mixin.py:190} INFO - [2025-04-26T22:34:06.797+0000] {dagbag.py:588} INFO - Filling up the DagBag from /home/airflow/.local/lib/python3.12/site-packages/airflow/example_dags/example_bash_operator.py
[2025-04-26T22:34:06.811+0000] {processor.py:925} INFO - DAG(s) 'example_bash_operator' retrieved from /home/airflow/.local/lib/python3.12/site-packages/airflow/example_dags/example_bash_operator.py
[2025-04-26T22:34:06.836+0000] {logging_mixin.py:190} INFO - [2025-04-26T22:34:06.836+0000] {dag.py:3239} INFO - Sync 1 DAGs
[2025-04-26T22:34:06.859+0000] {logging_mixin.py:190} INFO - [2025-04-26T22:34:06.859+0000] {dag.py:4180} INFO - Setting next_dagrun for example_bash_operator to 2025-04-25 00:00:00+00:00, run_after=2025-04-26 00:00:00+00:00
[2025-04-26T22:34:06.876+0000] {processor.py:208} INFO - Processing /home/airflow/.local/lib/python3.12/site-packages/airflow/example_dags/example_bash_operator.py took 0.088 seconds
[2025-04-26T22:34:38.320+0000] {processor.py:186} INFO - Started process (PID=668) to work on /home/airflow/.local/lib/python3.12/site-packages/airflow/example_dags/example_bash_operator.py
[2025-04-26T22:34:38.321+0000] {processor.py:914} INFO - Processing file /home/airflow/.local/lib/python3.12/site-packages/airflow/example_dags/example_bash_operator.py for tasks to queue
[2025-04-26T22:34:38.324+0000] {logging_mixin.py:190} INFO - [2025-04-26T22:34:38.323+0000] {dagbag.py:588} INFO - Filling up the DagBag from /home/airflow/.local/lib/python3.12/site-packages/airflow/example_dags/example_bash_operator.py
[2025-04-26T22:34:38.338+0000] {processor.py:925} INFO - DAG(s) 'example_bash_operator' retrieved from /home/airflow/.local/lib/python3.12/site-packages/airflow/example_dags/example_bash_operator.py
[2025-04-26T22:34:38.363+0000] {logging_mixin.py:190} INFO - [2025-04-26T22:34:38.363+0000] {dag.py:3239} INFO - Sync 1 DAGs
[2025-04-26T22:34:38.386+0000] {logging_mixin.py:190} INFO - [2025-04-26T22:34:38.386+0000] {dag.py:4180} INFO - Setting next_dagrun for example_bash_operator to 2025-04-25 00:00:00+00:00, run_after=2025-04-26 00:00:00+00:00
[2025-04-26T22:34:38.402+0000] {processor.py:208} INFO - Processing /home/airflow/.local/lib/python3.12/site-packages/airflow/example_dags/example_bash_operator.py took 0.089 seconds
[2025-04-26T22:35:09.563+0000] {processor.py:186} INFO - Started process (PID=732) to work on /home/airflow/.local/lib/python3.12/site-packages/airflow/example_dags/example_bash_operator.py
[2025-04-26T22:35:09.564+0000] {processor.py:914} INFO - Processing file /home/airflow/.local/lib/python3.12/site-packages/airflow/example_dags/example_bash_operator.py for tasks to queue
[2025-04-26T22:35:09.566+0000] {logging_mixin.py:190} INFO - [2025-04-26T22:35:09.566+0000] {dagbag.py:588} INFO - Filling up the DagBag from /home/airflow/.local/lib/python3.12/site-packages/airflow/example_dags/example_bash_operator.py
[2025-04-26T22:35:09.581+0000] {processor.py:925} INFO - DAG(s) 'example_bash_operator' retrieved from /home/airflow/.local/lib/python3.12/site-packages/airflow/example_dags/example_bash_operator.py
[2025-04-26T22:35:09.607+0000] {logging_mixin.py:190} INFO - [2025-04-26T22:35:09.607+0000] {dag.py:3239} INFO - Sync 1 DAGs
[2025-04-26T22:35:09.633+0000] {logging_mixin.py:190} INFO - [2025-04-26T22:35:09.632+0000] {dag.py:4180} INFO - Setting next_dagrun for example_bash_operator to 2025-04-25 00:00:00+00:00, run_after=2025-04-26 00:00:00+00:00
[2025-04-26T22:35:09.650+0000] {processor.py:208} INFO - Processing /home/airflow/.local/lib/python3.12/site-packages/airflow/example_dags/example_bash_operator.py took 0.093 seconds
[2025-04-26T22:35:41.030+0000] {processor.py:186} INFO - Started process (PID=796) to work on /home/airflow/.local/lib/python3.12/site-packages/airflow/example_dags/example_bash_operator.py
[2025-04-26T22:35:41.031+0000] {processor.py:914} INFO - Processing file /home/airflow/.local/lib/python3.12/site-packages/airflow/example_dags/example_bash_operator.py for tasks to queue
[2025-04-26T22:35:41.034+0000] {logging_mixin.py:190} INFO - [2025-04-26T22:35:41.033+0000] {dagbag.py:588} INFO - Filling up the DagBag from /home/airflow/.local/lib/python3.12/site-packages/airflow/example_dags/example_bash_operator.py
[2025-04-26T22:35:41.048+0000] {processor.py:925} INFO - DAG(s) 'example_bash_operator' retrieved from /home/airflow/.local/lib/python3.12/site-packages/airflow/example_dags/example_bash_operator.py
[2025-04-26T22:35:41.074+0000] {logging_mixin.py:190} INFO - [2025-04-26T22:35:41.074+0000] {dag.py:3239} INFO - Sync 1 DAGs
[2025-04-26T22:35:41.097+0000] {logging_mixin.py:190} INFO - [2025-04-26T22:35:41.097+0000] {dag.py:4180} INFO - Setting next_dagrun for example_bash_operator to 2025-04-25 00:00:00+00:00, run_after=2025-04-26 00:00:00+00:00
[2025-04-26T22:35:41.113+0000] {processor.py:208} INFO - Processing /home/airflow/.local/lib/python3.12/site-packages/airflow/example_dags/example_bash_operator.py took 0.090 seconds
[2025-04-26T22:36:11.787+0000] {processor.py:186} INFO - Started process (PID=860) to work on /home/airflow/.local/lib/python3.12/site-packages/airflow/example_dags/example_bash_operator.py
[2025-04-26T22:36:11.788+0000] {processor.py:914} INFO - Processing file /home/airflow/.local/lib/python3.12/site-packages/airflow/example_dags/example_bash_operator.py for tasks to queue
[2025-04-26T22:36:11.790+0000] {logging_mixin.py:190} INFO - [2025-04-26T22:36:11.790+0000] {dagbag.py:588} INFO - Filling up the DagBag from /home/airflow/.local/lib/python3.12/site-packages/airflow/example_dags/example_bash_operator.py
[2025-04-26T22:36:11.806+0000] {processor.py:925} INFO - DAG(s) 'example_bash_operator' retrieved from /home/airflow/.local/lib/python3.12/site-packages/airflow/example_dags/example_bash_operator.py
[2025-04-26T22:36:11.832+0000] {logging_mixin.py:190} INFO - [2025-04-26T22:36:11.832+0000] {dag.py:3239} INFO - Sync 1 DAGs
[2025-04-26T22:36:11.855+0000] {logging_mixin.py:190} INFO - [2025-04-26T22:36:11.855+0000] {dag.py:4180} INFO - Setting next_dagrun for example_bash_operator to 2025-04-25 00:00:00+00:00, run_after=2025-04-26 00:00:00+00:00
[2025-04-26T22:36:11.871+0000] {processor.py:208} INFO - Processing /home/airflow/.local/lib/python3.12/site-packages/airflow/example_dags/example_bash_operator.py took 0.091 seconds
[2025-04-26T22:36:42.830+0000] {processor.py:186} INFO - Started process (PID=924) to work on /home/airflow/.local/lib/python3.12/site-packages/airflow/example_dags/example_bash_operator.py
[2025-04-26T22:36:42.832+0000] {processor.py:914} INFO - Processing file /home/airflow/.local/lib/python3.12/site-packages/airflow/example_dags/example_bash_operator.py for tasks to queue
[2025-04-26T22:36:42.834+0000] {logging_mixin.py:190} INFO - [2025-04-26T22:36:42.834+0000] {dagbag.py:588} INFO - Filling up the DagBag from /home/airflow/.local/lib/python3.12/site-packages/airflow/example_dags/example_bash_operator.py
[2025-04-26T22:36:42.849+0000] {processor.py:925} INFO - DAG(s) 'example_bash_operator' retrieved from /home/airflow/.local/lib/python3.12/site-packages/airflow/example_dags/example_bash_operator.py
[2025-04-26T22:36:42.877+0000] {logging_mixin.py:190} INFO - [2025-04-26T22:36:42.876+0000] {dag.py:3239} INFO - Sync 1 DAGs
[2025-04-26T22:36:42.903+0000] {logging_mixin.py:190} INFO - [2025-04-26T22:36:42.903+0000] {dag.py:4180} INFO - Setting next_dagrun for example_bash_operator to 2025-04-25 00:00:00+00:00, run_after=2025-04-26 00:00:00+00:00
[2025-04-26T22:36:42.926+0000] {processor.py:208} INFO - Processing /home/airflow/.local/lib/python3.12/site-packages/airflow/example_dags/example_bash_operator.py took 0.102 seconds
[2025-04-26T22:37:13.526+0000] {processor.py:186} INFO - Started process (PID=988) to work on /home/airflow/.local/lib/python3.12/site-packages/airflow/example_dags/example_bash_operator.py
[2025-04-26T22:37:13.528+0000] {processor.py:914} INFO - Processing file /home/airflow/.local/lib/python3.12/site-packages/airflow/example_dags/example_bash_operator.py for tasks to queue
[2025-04-26T22:37:13.530+0000] {logging_mixin.py:190} INFO - [2025-04-26T22:37:13.530+0000] {dagbag.py:588} INFO - Filling up the DagBag from /home/airflow/.local/lib/python3.12/site-packages/airflow/example_dags/example_bash_operator.py
[2025-04-26T22:37:13.545+0000] {processor.py:925} INFO - DAG(s) 'example_bash_operator' retrieved from /home/airflow/.local/lib/python3.12/site-packages/airflow/example_dags/example_bash_operator.py
[2025-04-26T22:37:13.572+0000] {logging_mixin.py:190} INFO - [2025-04-26T22:37:13.572+0000] {dag.py:3239} INFO - Sync 1 DAGs
[2025-04-26T22:37:13.599+0000] {logging_mixin.py:190} INFO - [2025-04-26T22:37:13.599+0000] {dag.py:4180} INFO - Setting next_dagrun for example_bash_operator to 2025-04-25 00:00:00+00:00, run_after=2025-04-26 00:00:00+00:00
[2025-04-26T22:37:13.615+0000] {processor.py:208} INFO - Processing /home/airflow/.local/lib/python3.12/site-packages/airflow/example_dags/example_bash_operator.py took 0.096 seconds
[2025-04-26T22:37:44.652+0000] {processor.py:186} INFO - Started process (PID=1052) to work on /home/airflow/.local/lib/python3.12/site-packages/airflow/example_dags/example_bash_operator.py
[2025-04-26T22:37:44.653+0000] {processor.py:914} INFO - Processing file /home/airflow/.local/lib/python3.12/site-packages/airflow/example_dags/example_bash_operator.py for tasks to queue
[2025-04-26T22:37:44.656+0000] {logging_mixin.py:190} INFO - [2025-04-26T22:37:44.655+0000] {dagbag.py:588} INFO - Filling up the DagBag from /home/airflow/.local/lib/python3.12/site-packages/airflow/example_dags/example_bash_operator.py
[2025-04-26T22:37:44.670+0000] {processor.py:925} INFO - DAG(s) 'example_bash_operator' retrieved from /home/airflow/.local/lib/python3.12/site-packages/airflow/example_dags/example_bash_operator.py
[2025-04-26T22:37:44.704+0000] {logging_mixin.py:190} INFO - [2025-04-26T22:37:44.704+0000] {dag.py:3239} INFO - Sync 1 DAGs
[2025-04-26T22:37:44.730+0000] {logging_mixin.py:190} INFO - [2025-04-26T22:37:44.729+0000] {dag.py:4180} INFO - Setting next_dagrun for example_bash_operator to 2025-04-25 00:00:00+00:00, run_after=2025-04-26 00:00:00+00:00
[2025-04-26T22:37:44.746+0000] {processor.py:208} INFO - Processing /home/airflow/.local/lib/python3.12/site-packages/airflow/example_dags/example_bash_operator.py took 0.100 seconds
[2025-04-26T22:38:16.104+0000] {processor.py:186} INFO - Started process (PID=1116) to work on /home/airflow/.local/lib/python3.12/site-packages/airflow/example_dags/example_bash_operator.py
[2025-04-26T22:38:16.105+0000] {processor.py:914} INFO - Processing file /home/airflow/.local/lib/python3.12/site-packages/airflow/example_dags/example_bash_operator.py for tasks to queue
[2025-04-26T22:38:16.108+0000] {logging_mixin.py:190} INFO - [2025-04-26T22:38:16.107+0000] {dagbag.py:588} INFO - Filling up the DagBag from /home/airflow/.local/lib/python3.12/site-packages/airflow/example_dags/example_bash_operator.py
[2025-04-26T22:38:16.123+0000] {processor.py:925} INFO - DAG(s) 'example_bash_operator' retrieved from /home/airflow/.local/lib/python3.12/site-packages/airflow/example_dags/example_bash_operator.py
[2025-04-26T22:38:16.149+0000] {logging_mixin.py:190} INFO - [2025-04-26T22:38:16.149+0000] {dag.py:3239} INFO - Sync 1 DAGs
[2025-04-26T22:38:16.173+0000] {logging_mixin.py:190} INFO - [2025-04-26T22:38:16.173+0000] {dag.py:4180} INFO - Setting next_dagrun for example_bash_operator to 2025-04-25 00:00:00+00:00, run_after=2025-04-26 00:00:00+00:00
[2025-04-26T22:38:16.189+0000] {processor.py:208} INFO - Processing /home/airflow/.local/lib/python3.12/site-packages/airflow/example_dags/example_bash_operator.py took 0.092 seconds
[2025-04-26T22:38:48.131+0000] {processor.py:186} INFO - Started process (PID=1180) to work on /home/airflow/.local/lib/python3.12/site-packages/airflow/example_dags/example_bash_operator.py
[2025-04-26T22:38:48.132+0000] {processor.py:914} INFO - Processing file /home/airflow/.local/lib/python3.12/site-packages/airflow/example_dags/example_bash_operator.py for tasks to queue
[2025-04-26T22:38:48.136+0000] {logging_mixin.py:190} INFO - [2025-04-26T22:38:48.135+0000] {dagbag.py:588} INFO - Filling up the DagBag from /home/airflow/.local/lib/python3.12/site-packages/airflow/example_dags/example_bash_operator.py
[2025-04-26T22:38:48.155+0000] {processor.py:925} INFO - DAG(s) 'example_bash_operator' retrieved from /home/airflow/.local/lib/python3.12/site-packages/airflow/example_dags/example_bash_operator.py
[2025-04-26T22:38:48.192+0000] {logging_mixin.py:190} INFO - [2025-04-26T22:38:48.192+0000] {dag.py:3239} INFO - Sync 1 DAGs
[2025-04-26T22:38:48.225+0000] {logging_mixin.py:190} INFO - [2025-04-26T22:38:48.225+0000] {dag.py:4180} INFO - Setting next_dagrun for example_bash_operator to 2025-04-25 00:00:00+00:00, run_after=2025-04-26 00:00:00+00:00
[2025-04-26T22:38:48.247+0000] {processor.py:208} INFO - Processing /home/airflow/.local/lib/python3.12/site-packages/airflow/example_dags/example_bash_operator.py took 0.125 seconds
[2025-04-26T22:39:18.670+0000] {processor.py:186} INFO - Started process (PID=1244) to work on /home/airflow/.local/lib/python3.12/site-packages/airflow/example_dags/example_bash_operator.py
[2025-04-26T22:39:18.671+0000] {processor.py:914} INFO - Processing file /home/airflow/.local/lib/python3.12/site-packages/airflow/example_dags/example_bash_operator.py for tasks to queue
[2025-04-26T22:39:18.674+0000] {logging_mixin.py:190} INFO - [2025-04-26T22:39:18.674+0000] {dagbag.py:588} INFO - Filling up the DagBag from /home/airflow/.local/lib/python3.12/site-packages/airflow/example_dags/example_bash_operator.py
[2025-04-26T22:39:18.696+0000] {processor.py:925} INFO - DAG(s) 'example_bash_operator' retrieved from /home/airflow/.local/lib/python3.12/site-packages/airflow/example_dags/example_bash_operator.py
[2025-04-26T22:39:18.735+0000] {logging_mixin.py:190} INFO - [2025-04-26T22:39:18.735+0000] {dag.py:3239} INFO - Sync 1 DAGs
[2025-04-26T22:39:18.770+0000] {logging_mixin.py:190} INFO - [2025-04-26T22:39:18.769+0000] {dag.py:4180} INFO - Setting next_dagrun for example_bash_operator to 2025-04-25 00:00:00+00:00, run_after=2025-04-26 00:00:00+00:00
[2025-04-26T22:39:18.791+0000] {processor.py:208} INFO - Processing /home/airflow/.local/lib/python3.12/site-packages/airflow/example_dags/example_bash_operator.py took 0.130 seconds
[2025-04-26T22:39:49.882+0000] {processor.py:186} INFO - Started process (PID=1308) to work on /home/airflow/.local/lib/python3.12/site-packages/airflow/example_dags/example_bash_operator.py
[2025-04-26T22:39:49.883+0000] {processor.py:914} INFO - Processing file /home/airflow/.local/lib/python3.12/site-packages/airflow/example_dags/example_bash_operator.py for tasks to queue
[2025-04-26T22:39:49.885+0000] {logging_mixin.py:190} INFO - [2025-04-26T22:39:49.885+0000] {dagbag.py:588} INFO - Filling up the DagBag from /home/airflow/.local/lib/python3.12/site-packages/airflow/example_dags/example_bash_operator.py
[2025-04-26T22:39:49.901+0000] {processor.py:925} INFO - DAG(s) 'example_bash_operator' retrieved from /home/airflow/.local/lib/python3.12/site-packages/airflow/example_dags/example_bash_operator.py
[2025-04-26T22:39:49.927+0000] {logging_mixin.py:190} INFO - [2025-04-26T22:39:49.927+0000] {dag.py:3239} INFO - Sync 1 DAGs
[2025-04-26T22:39:49.951+0000] {logging_mixin.py:190} INFO - [2025-04-26T22:39:49.951+0000] {dag.py:4180} INFO - Setting next_dagrun for example_bash_operator to 2025-04-25 00:00:00+00:00, run_after=2025-04-26 00:00:00+00:00
[2025-04-26T22:39:49.966+0000] {processor.py:208} INFO - Processing /home/airflow/.local/lib/python3.12/site-packages/airflow/example_dags/example_bash_operator.py took 0.091 seconds
