[2025-04-26T22:29:58.005+0000] {processor.py:186} INFO - Started process (PID=87) to work on /home/airflow/.local/lib/python3.12/site-packages/airflow/example_dags/example_display_name.py
[2025-04-26T22:29:58.006+0000] {processor.py:914} INFO - Processing file /home/airflow/.local/lib/python3.12/site-packages/airflow/example_dags/example_display_name.py for tasks to queue
[2025-04-26T22:29:58.010+0000] {logging_mixin.py:190} INFO - [2025-04-26T22:29:58.009+0000] {dagbag.py:588} INFO - Filling up the DagBag from /home/airflow/.local/lib/python3.12/site-packages/airflow/example_dags/example_display_name.py
[2025-04-26T22:29:58.021+0000] {processor.py:925} INFO - DAG(s) 'example_display_name' retrieved from /home/airflow/.local/lib/python3.12/site-packages/airflow/example_dags/example_display_name.py
[2025-04-26T22:29:58.178+0000] {logging_mixin.py:190} INFO - [2025-04-26T22:29:58.177+0000] {override.py:1912} INFO - Created Permission View: can read on DAG:example_display_name
[2025-04-26T22:29:58.192+0000] {logging_mixin.py:190} INFO - [2025-04-26T22:29:58.192+0000] {override.py:1912} INFO - Created Permission View: can delete on DAG:example_display_name
[2025-04-26T22:29:58.200+0000] {logging_mixin.py:190} INFO - [2025-04-26T22:29:58.199+0000] {override.py:1912} INFO - Created Permission View: can edit on DAG:example_display_name
[2025-04-26T22:29:58.208+0000] {logging_mixin.py:190} INFO - [2025-04-26T22:29:58.208+0000] {override.py:1912} INFO - Created Permission View: can read on DAG Run:example_display_name
[2025-04-26T22:29:58.215+0000] {logging_mixin.py:190} INFO - [2025-04-26T22:29:58.215+0000] {override.py:1912} INFO - Created Permission View: can create on DAG Run:example_display_name
[2025-04-26T22:29:58.223+0000] {logging_mixin.py:190} INFO - [2025-04-26T22:29:58.222+0000] {override.py:1912} INFO - Created Permission View: can delete on DAG Run:example_display_name
[2025-04-26T22:29:58.230+0000] {logging_mixin.py:190} INFO - [2025-04-26T22:29:58.229+0000] {override.py:1912} INFO - Created Permission View: menu access on DAG Run:example_display_name
[2025-04-26T22:29:58.230+0000] {logging_mixin.py:190} INFO - [2025-04-26T22:29:58.230+0000] {dag.py:3239} INFO - Sync 1 DAGs
[2025-04-26T22:29:58.248+0000] {logging_mixin.py:190} INFO - [2025-04-26T22:29:58.248+0000] {dag.py:3262} INFO - Creating ORM DAG for example_display_name
[2025-04-26T22:29:58.249+0000] {logging_mixin.py:190} INFO - [2025-04-26T22:29:58.249+0000] {dag.py:4180} INFO - Setting next_dagrun for example_display_name to None, run_after=None
[2025-04-26T22:29:58.263+0000] {processor.py:208} INFO - Processing /home/airflow/.local/lib/python3.12/site-packages/airflow/example_dags/example_display_name.py took 0.267 seconds
[2025-04-26T22:30:29.016+0000] {processor.py:186} INFO - Started process (PID=150) to work on /home/airflow/.local/lib/python3.12/site-packages/airflow/example_dags/example_display_name.py
[2025-04-26T22:30:29.017+0000] {processor.py:914} INFO - Processing file /home/airflow/.local/lib/python3.12/site-packages/airflow/example_dags/example_display_name.py for tasks to queue
[2025-04-26T22:30:29.020+0000] {logging_mixin.py:190} INFO - [2025-04-26T22:30:29.019+0000] {dagbag.py:588} INFO - Filling up the DagBag from /home/airflow/.local/lib/python3.12/site-packages/airflow/example_dags/example_display_name.py
[2025-04-26T22:30:29.028+0000] {processor.py:925} INFO - DAG(s) 'example_display_name' retrieved from /home/airflow/.local/lib/python3.12/site-packages/airflow/example_dags/example_display_name.py
[2025-04-26T22:30:29.046+0000] {logging_mixin.py:190} INFO - [2025-04-26T22:30:29.046+0000] {dag.py:3239} INFO - Sync 1 DAGs
[2025-04-26T22:30:29.061+0000] {logging_mixin.py:190} INFO - [2025-04-26T22:30:29.061+0000] {dag.py:4180} INFO - Setting next_dagrun for example_display_name to None, run_after=None
[2025-04-26T22:30:29.078+0000] {processor.py:208} INFO - Processing /home/airflow/.local/lib/python3.12/site-packages/airflow/example_dags/example_display_name.py took 0.068 seconds
[2025-04-26T22:30:59.745+0000] {processor.py:186} INFO - Started process (PID=213) to work on /home/airflow/.local/lib/python3.12/site-packages/airflow/example_dags/example_display_name.py
[2025-04-26T22:30:59.746+0000] {processor.py:914} INFO - Processing file /home/airflow/.local/lib/python3.12/site-packages/airflow/example_dags/example_display_name.py for tasks to queue
[2025-04-26T22:30:59.749+0000] {logging_mixin.py:190} INFO - [2025-04-26T22:30:59.748+0000] {dagbag.py:588} INFO - Filling up the DagBag from /home/airflow/.local/lib/python3.12/site-packages/airflow/example_dags/example_display_name.py
[2025-04-26T22:30:59.757+0000] {processor.py:925} INFO - DAG(s) 'example_display_name' retrieved from /home/airflow/.local/lib/python3.12/site-packages/airflow/example_dags/example_display_name.py
[2025-04-26T22:30:59.774+0000] {logging_mixin.py:190} INFO - [2025-04-26T22:30:59.774+0000] {dag.py:3239} INFO - Sync 1 DAGs
[2025-04-26T22:30:59.788+0000] {logging_mixin.py:190} INFO - [2025-04-26T22:30:59.788+0000] {dag.py:4180} INFO - Setting next_dagrun for example_display_name to None, run_after=None
[2025-04-26T22:30:59.804+0000] {processor.py:208} INFO - Processing /home/airflow/.local/lib/python3.12/site-packages/airflow/example_dags/example_display_name.py took 0.066 seconds
[2025-04-26T22:31:29.895+0000] {processor.py:186} INFO - Started process (PID=276) to work on /home/airflow/.local/lib/python3.12/site-packages/airflow/example_dags/example_display_name.py
[2025-04-26T22:31:29.896+0000] {processor.py:914} INFO - Processing file /home/airflow/.local/lib/python3.12/site-packages/airflow/example_dags/example_display_name.py for tasks to queue
[2025-04-26T22:31:29.899+0000] {logging_mixin.py:190} INFO - [2025-04-26T22:31:29.899+0000] {dagbag.py:588} INFO - Filling up the DagBag from /home/airflow/.local/lib/python3.12/site-packages/airflow/example_dags/example_display_name.py
[2025-04-26T22:31:29.909+0000] {processor.py:925} INFO - DAG(s) 'example_display_name' retrieved from /home/airflow/.local/lib/python3.12/site-packages/airflow/example_dags/example_display_name.py
[2025-04-26T22:31:29.928+0000] {logging_mixin.py:190} INFO - [2025-04-26T22:31:29.928+0000] {dag.py:3239} INFO - Sync 1 DAGs
[2025-04-26T22:31:29.943+0000] {logging_mixin.py:190} INFO - [2025-04-26T22:31:29.942+0000] {dag.py:4180} INFO - Setting next_dagrun for example_display_name to None, run_after=None
[2025-04-26T22:31:29.959+0000] {processor.py:208} INFO - Processing /home/airflow/.local/lib/python3.12/site-packages/airflow/example_dags/example_display_name.py took 0.071 seconds
[2025-04-26T22:32:01.163+0000] {processor.py:186} INFO - Started process (PID=339) to work on /home/airflow/.local/lib/python3.12/site-packages/airflow/example_dags/example_display_name.py
[2025-04-26T22:32:01.165+0000] {processor.py:914} INFO - Processing file /home/airflow/.local/lib/python3.12/site-packages/airflow/example_dags/example_display_name.py for tasks to queue
[2025-04-26T22:32:01.168+0000] {logging_mixin.py:190} INFO - [2025-04-26T22:32:01.167+0000] {dagbag.py:588} INFO - Filling up the DagBag from /home/airflow/.local/lib/python3.12/site-packages/airflow/example_dags/example_display_name.py
[2025-04-26T22:32:01.176+0000] {processor.py:925} INFO - DAG(s) 'example_display_name' retrieved from /home/airflow/.local/lib/python3.12/site-packages/airflow/example_dags/example_display_name.py
[2025-04-26T22:32:01.193+0000] {logging_mixin.py:190} INFO - [2025-04-26T22:32:01.193+0000] {dag.py:3239} INFO - Sync 1 DAGs
[2025-04-26T22:32:01.207+0000] {logging_mixin.py:190} INFO - [2025-04-26T22:32:01.206+0000] {dag.py:4180} INFO - Setting next_dagrun for example_display_name to None, run_after=None
[2025-04-26T22:32:01.222+0000] {processor.py:208} INFO - Processing /home/airflow/.local/lib/python3.12/site-packages/airflow/example_dags/example_display_name.py took 0.065 seconds
[2025-04-26T22:32:32.526+0000] {processor.py:186} INFO - Started process (PID=402) to work on /home/airflow/.local/lib/python3.12/site-packages/airflow/example_dags/example_display_name.py
[2025-04-26T22:32:32.528+0000] {processor.py:914} INFO - Processing file /home/airflow/.local/lib/python3.12/site-packages/airflow/example_dags/example_display_name.py for tasks to queue
[2025-04-26T22:32:32.530+0000] {logging_mixin.py:190} INFO - [2025-04-26T22:32:32.530+0000] {dagbag.py:588} INFO - Filling up the DagBag from /home/airflow/.local/lib/python3.12/site-packages/airflow/example_dags/example_display_name.py
[2025-04-26T22:32:32.539+0000] {processor.py:925} INFO - DAG(s) 'example_display_name' retrieved from /home/airflow/.local/lib/python3.12/site-packages/airflow/example_dags/example_display_name.py
[2025-04-26T22:32:32.556+0000] {logging_mixin.py:190} INFO - [2025-04-26T22:32:32.556+0000] {dag.py:3239} INFO - Sync 1 DAGs
[2025-04-26T22:32:32.570+0000] {logging_mixin.py:190} INFO - [2025-04-26T22:32:32.570+0000] {dag.py:4180} INFO - Setting next_dagrun for example_display_name to None, run_after=None
[2025-04-26T22:32:32.587+0000] {processor.py:208} INFO - Processing /home/airflow/.local/lib/python3.12/site-packages/airflow/example_dags/example_display_name.py took 0.067 seconds
[2025-04-26T22:33:03.626+0000] {processor.py:186} INFO - Started process (PID=465) to work on /home/airflow/.local/lib/python3.12/site-packages/airflow/example_dags/example_display_name.py
[2025-04-26T22:33:03.628+0000] {processor.py:914} INFO - Processing file /home/airflow/.local/lib/python3.12/site-packages/airflow/example_dags/example_display_name.py for tasks to queue
[2025-04-26T22:33:03.630+0000] {logging_mixin.py:190} INFO - [2025-04-26T22:33:03.630+0000] {dagbag.py:588} INFO - Filling up the DagBag from /home/airflow/.local/lib/python3.12/site-packages/airflow/example_dags/example_display_name.py
[2025-04-26T22:33:03.640+0000] {processor.py:925} INFO - DAG(s) 'example_display_name' retrieved from /home/airflow/.local/lib/python3.12/site-packages/airflow/example_dags/example_display_name.py
[2025-04-26T22:33:03.658+0000] {logging_mixin.py:190} INFO - [2025-04-26T22:33:03.658+0000] {dag.py:3239} INFO - Sync 1 DAGs
[2025-04-26T22:33:03.672+0000] {logging_mixin.py:190} INFO - [2025-04-26T22:33:03.672+0000] {dag.py:4180} INFO - Setting next_dagrun for example_display_name to None, run_after=None
[2025-04-26T22:33:03.688+0000] {processor.py:208} INFO - Processing /home/airflow/.local/lib/python3.12/site-packages/airflow/example_dags/example_display_name.py took 0.068 seconds
[2025-04-26T22:33:34.926+0000] {processor.py:186} INFO - Started process (PID=528) to work on /home/airflow/.local/lib/python3.12/site-packages/airflow/example_dags/example_display_name.py
[2025-04-26T22:33:34.927+0000] {processor.py:914} INFO - Processing file /home/airflow/.local/lib/python3.12/site-packages/airflow/example_dags/example_display_name.py for tasks to queue
[2025-04-26T22:33:34.930+0000] {logging_mixin.py:190} INFO - [2025-04-26T22:33:34.930+0000] {dagbag.py:588} INFO - Filling up the DagBag from /home/airflow/.local/lib/python3.12/site-packages/airflow/example_dags/example_display_name.py
[2025-04-26T22:33:34.938+0000] {processor.py:925} INFO - DAG(s) 'example_display_name' retrieved from /home/airflow/.local/lib/python3.12/site-packages/airflow/example_dags/example_display_name.py
[2025-04-26T22:33:34.957+0000] {logging_mixin.py:190} INFO - [2025-04-26T22:33:34.957+0000] {dag.py:3239} INFO - Sync 1 DAGs
[2025-04-26T22:33:34.974+0000] {logging_mixin.py:190} INFO - [2025-04-26T22:33:34.973+0000] {dag.py:4180} INFO - Setting next_dagrun for example_display_name to None, run_after=None
[2025-04-26T22:33:34.998+0000] {processor.py:208} INFO - Processing /home/airflow/.local/lib/python3.12/site-packages/airflow/example_dags/example_display_name.py took 0.078 seconds
[2025-04-26T22:34:06.107+0000] {processor.py:186} INFO - Started process (PID=591) to work on /home/airflow/.local/lib/python3.12/site-packages/airflow/example_dags/example_display_name.py
[2025-04-26T22:34:06.108+0000] {processor.py:914} INFO - Processing file /home/airflow/.local/lib/python3.12/site-packages/airflow/example_dags/example_display_name.py for tasks to queue
[2025-04-26T22:34:06.111+0000] {logging_mixin.py:190} INFO - [2025-04-26T22:34:06.111+0000] {dagbag.py:588} INFO - Filling up the DagBag from /home/airflow/.local/lib/python3.12/site-packages/airflow/example_dags/example_display_name.py
[2025-04-26T22:34:06.121+0000] {processor.py:925} INFO - DAG(s) 'example_display_name' retrieved from /home/airflow/.local/lib/python3.12/site-packages/airflow/example_dags/example_display_name.py
[2025-04-26T22:34:06.139+0000] {logging_mixin.py:190} INFO - [2025-04-26T22:34:06.139+0000] {dag.py:3239} INFO - Sync 1 DAGs
[2025-04-26T22:34:06.153+0000] {logging_mixin.py:190} INFO - [2025-04-26T22:34:06.152+0000] {dag.py:4180} INFO - Setting next_dagrun for example_display_name to None, run_after=None
[2025-04-26T22:34:06.168+0000] {processor.py:208} INFO - Processing /home/airflow/.local/lib/python3.12/site-packages/airflow/example_dags/example_display_name.py took 0.068 seconds
[2025-04-26T22:34:37.640+0000] {processor.py:186} INFO - Started process (PID=654) to work on /home/airflow/.local/lib/python3.12/site-packages/airflow/example_dags/example_display_name.py
[2025-04-26T22:34:37.641+0000] {processor.py:914} INFO - Processing file /home/airflow/.local/lib/python3.12/site-packages/airflow/example_dags/example_display_name.py for tasks to queue
[2025-04-26T22:34:37.644+0000] {logging_mixin.py:190} INFO - [2025-04-26T22:34:37.644+0000] {dagbag.py:588} INFO - Filling up the DagBag from /home/airflow/.local/lib/python3.12/site-packages/airflow/example_dags/example_display_name.py
[2025-04-26T22:34:37.652+0000] {processor.py:925} INFO - DAG(s) 'example_display_name' retrieved from /home/airflow/.local/lib/python3.12/site-packages/airflow/example_dags/example_display_name.py
[2025-04-26T22:34:37.669+0000] {logging_mixin.py:190} INFO - [2025-04-26T22:34:37.669+0000] {dag.py:3239} INFO - Sync 1 DAGs
[2025-04-26T22:34:37.683+0000] {logging_mixin.py:190} INFO - [2025-04-26T22:34:37.683+0000] {dag.py:4180} INFO - Setting next_dagrun for example_display_name to None, run_after=None
[2025-04-26T22:34:37.699+0000] {processor.py:208} INFO - Processing /home/airflow/.local/lib/python3.12/site-packages/airflow/example_dags/example_display_name.py took 0.066 seconds
[2025-04-26T22:35:08.848+0000] {processor.py:186} INFO - Started process (PID=718) to work on /home/airflow/.local/lib/python3.12/site-packages/airflow/example_dags/example_display_name.py
[2025-04-26T22:35:08.848+0000] {processor.py:914} INFO - Processing file /home/airflow/.local/lib/python3.12/site-packages/airflow/example_dags/example_display_name.py for tasks to queue
[2025-04-26T22:35:08.851+0000] {logging_mixin.py:190} INFO - [2025-04-26T22:35:08.850+0000] {dagbag.py:588} INFO - Filling up the DagBag from /home/airflow/.local/lib/python3.12/site-packages/airflow/example_dags/example_display_name.py
[2025-04-26T22:35:08.860+0000] {processor.py:925} INFO - DAG(s) 'example_display_name' retrieved from /home/airflow/.local/lib/python3.12/site-packages/airflow/example_dags/example_display_name.py
[2025-04-26T22:35:08.879+0000] {logging_mixin.py:190} INFO - [2025-04-26T22:35:08.879+0000] {dag.py:3239} INFO - Sync 1 DAGs
[2025-04-26T22:35:08.896+0000] {logging_mixin.py:190} INFO - [2025-04-26T22:35:08.896+0000] {dag.py:4180} INFO - Setting next_dagrun for example_display_name to None, run_after=None
[2025-04-26T22:35:08.917+0000] {processor.py:208} INFO - Processing /home/airflow/.local/lib/python3.12/site-packages/airflow/example_dags/example_display_name.py took 0.076 seconds
[2025-04-26T22:35:39.998+0000] {processor.py:186} INFO - Started process (PID=782) to work on /home/airflow/.local/lib/python3.12/site-packages/airflow/example_dags/example_display_name.py
[2025-04-26T22:35:40.000+0000] {processor.py:914} INFO - Processing file /home/airflow/.local/lib/python3.12/site-packages/airflow/example_dags/example_display_name.py for tasks to queue
[2025-04-26T22:35:40.002+0000] {logging_mixin.py:190} INFO - [2025-04-26T22:35:40.002+0000] {dagbag.py:588} INFO - Filling up the DagBag from /home/airflow/.local/lib/python3.12/site-packages/airflow/example_dags/example_display_name.py
[2025-04-26T22:35:40.011+0000] {processor.py:925} INFO - DAG(s) 'example_display_name' retrieved from /home/airflow/.local/lib/python3.12/site-packages/airflow/example_dags/example_display_name.py
[2025-04-26T22:35:40.032+0000] {logging_mixin.py:190} INFO - [2025-04-26T22:35:40.031+0000] {dag.py:3239} INFO - Sync 1 DAGs
[2025-04-26T22:35:40.048+0000] {logging_mixin.py:190} INFO - [2025-04-26T22:35:40.048+0000] {dag.py:4180} INFO - Setting next_dagrun for example_display_name to None, run_after=None
[2025-04-26T22:35:40.065+0000] {processor.py:208} INFO - Processing /home/airflow/.local/lib/python3.12/site-packages/airflow/example_dags/example_display_name.py took 0.074 seconds
[2025-04-26T22:36:10.865+0000] {processor.py:186} INFO - Started process (PID=846) to work on /home/airflow/.local/lib/python3.12/site-packages/airflow/example_dags/example_display_name.py
[2025-04-26T22:36:10.866+0000] {processor.py:914} INFO - Processing file /home/airflow/.local/lib/python3.12/site-packages/airflow/example_dags/example_display_name.py for tasks to queue
[2025-04-26T22:36:10.869+0000] {logging_mixin.py:190} INFO - [2025-04-26T22:36:10.869+0000] {dagbag.py:588} INFO - Filling up the DagBag from /home/airflow/.local/lib/python3.12/site-packages/airflow/example_dags/example_display_name.py
[2025-04-26T22:36:10.881+0000] {processor.py:925} INFO - DAG(s) 'example_display_name' retrieved from /home/airflow/.local/lib/python3.12/site-packages/airflow/example_dags/example_display_name.py
[2025-04-26T22:36:10.902+0000] {logging_mixin.py:190} INFO - [2025-04-26T22:36:10.902+0000] {dag.py:3239} INFO - Sync 1 DAGs
[2025-04-26T22:36:10.918+0000] {logging_mixin.py:190} INFO - [2025-04-26T22:36:10.918+0000] {dag.py:4180} INFO - Setting next_dagrun for example_display_name to None, run_after=None
[2025-04-26T22:36:10.937+0000] {processor.py:208} INFO - Processing /home/airflow/.local/lib/python3.12/site-packages/airflow/example_dags/example_display_name.py took 0.079 seconds
[2025-04-26T22:36:42.075+0000] {processor.py:186} INFO - Started process (PID=910) to work on /home/airflow/.local/lib/python3.12/site-packages/airflow/example_dags/example_display_name.py
[2025-04-26T22:36:42.077+0000] {processor.py:914} INFO - Processing file /home/airflow/.local/lib/python3.12/site-packages/airflow/example_dags/example_display_name.py for tasks to queue
[2025-04-26T22:36:42.079+0000] {logging_mixin.py:190} INFO - [2025-04-26T22:36:42.079+0000] {dagbag.py:588} INFO - Filling up the DagBag from /home/airflow/.local/lib/python3.12/site-packages/airflow/example_dags/example_display_name.py
[2025-04-26T22:36:42.088+0000] {processor.py:925} INFO - DAG(s) 'example_display_name' retrieved from /home/airflow/.local/lib/python3.12/site-packages/airflow/example_dags/example_display_name.py
[2025-04-26T22:36:42.109+0000] {logging_mixin.py:190} INFO - [2025-04-26T22:36:42.108+0000] {dag.py:3239} INFO - Sync 1 DAGs
[2025-04-26T22:36:42.127+0000] {logging_mixin.py:190} INFO - [2025-04-26T22:36:42.126+0000] {dag.py:4180} INFO - Setting next_dagrun for example_display_name to None, run_after=None
[2025-04-26T22:36:42.146+0000] {processor.py:208} INFO - Processing /home/airflow/.local/lib/python3.12/site-packages/airflow/example_dags/example_display_name.py took 0.078 seconds
[2025-04-26T22:37:12.775+0000] {processor.py:186} INFO - Started process (PID=974) to work on /home/airflow/.local/lib/python3.12/site-packages/airflow/example_dags/example_display_name.py
[2025-04-26T22:37:12.777+0000] {processor.py:914} INFO - Processing file /home/airflow/.local/lib/python3.12/site-packages/airflow/example_dags/example_display_name.py for tasks to queue
[2025-04-26T22:37:12.779+0000] {logging_mixin.py:190} INFO - [2025-04-26T22:37:12.779+0000] {dagbag.py:588} INFO - Filling up the DagBag from /home/airflow/.local/lib/python3.12/site-packages/airflow/example_dags/example_display_name.py
[2025-04-26T22:37:12.787+0000] {processor.py:925} INFO - DAG(s) 'example_display_name' retrieved from /home/airflow/.local/lib/python3.12/site-packages/airflow/example_dags/example_display_name.py
[2025-04-26T22:37:12.810+0000] {logging_mixin.py:190} INFO - [2025-04-26T22:37:12.809+0000] {dag.py:3239} INFO - Sync 1 DAGs
[2025-04-26T22:37:12.826+0000] {logging_mixin.py:190} INFO - [2025-04-26T22:37:12.825+0000] {dag.py:4180} INFO - Setting next_dagrun for example_display_name to None, run_after=None
[2025-04-26T22:37:12.842+0000] {processor.py:208} INFO - Processing /home/airflow/.local/lib/python3.12/site-packages/airflow/example_dags/example_display_name.py took 0.073 seconds
[2025-04-26T22:37:43.947+0000] {processor.py:186} INFO - Started process (PID=1038) to work on /home/airflow/.local/lib/python3.12/site-packages/airflow/example_dags/example_display_name.py
[2025-04-26T22:37:43.947+0000] {processor.py:914} INFO - Processing file /home/airflow/.local/lib/python3.12/site-packages/airflow/example_dags/example_display_name.py for tasks to queue
[2025-04-26T22:37:43.950+0000] {logging_mixin.py:190} INFO - [2025-04-26T22:37:43.949+0000] {dagbag.py:588} INFO - Filling up the DagBag from /home/airflow/.local/lib/python3.12/site-packages/airflow/example_dags/example_display_name.py
[2025-04-26T22:37:43.959+0000] {processor.py:925} INFO - DAG(s) 'example_display_name' retrieved from /home/airflow/.local/lib/python3.12/site-packages/airflow/example_dags/example_display_name.py
[2025-04-26T22:37:43.978+0000] {logging_mixin.py:190} INFO - [2025-04-26T22:37:43.978+0000] {dag.py:3239} INFO - Sync 1 DAGs
[2025-04-26T22:37:43.996+0000] {logging_mixin.py:190} INFO - [2025-04-26T22:37:43.995+0000] {dag.py:4180} INFO - Setting next_dagrun for example_display_name to None, run_after=None
[2025-04-26T22:37:44.017+0000] {processor.py:208} INFO - Processing /home/airflow/.local/lib/python3.12/site-packages/airflow/example_dags/example_display_name.py took 0.077 seconds
[2025-04-26T22:38:15.309+0000] {processor.py:186} INFO - Started process (PID=1102) to work on /home/airflow/.local/lib/python3.12/site-packages/airflow/example_dags/example_display_name.py
[2025-04-26T22:38:15.310+0000] {processor.py:914} INFO - Processing file /home/airflow/.local/lib/python3.12/site-packages/airflow/example_dags/example_display_name.py for tasks to queue
[2025-04-26T22:38:15.312+0000] {logging_mixin.py:190} INFO - [2025-04-26T22:38:15.312+0000] {dagbag.py:588} INFO - Filling up the DagBag from /home/airflow/.local/lib/python3.12/site-packages/airflow/example_dags/example_display_name.py
[2025-04-26T22:38:15.321+0000] {processor.py:925} INFO - DAG(s) 'example_display_name' retrieved from /home/airflow/.local/lib/python3.12/site-packages/airflow/example_dags/example_display_name.py
[2025-04-26T22:38:15.341+0000] {logging_mixin.py:190} INFO - [2025-04-26T22:38:15.341+0000] {dag.py:3239} INFO - Sync 1 DAGs
[2025-04-26T22:38:15.355+0000] {logging_mixin.py:190} INFO - [2025-04-26T22:38:15.354+0000] {dag.py:4180} INFO - Setting next_dagrun for example_display_name to None, run_after=None
[2025-04-26T22:38:15.371+0000] {processor.py:208} INFO - Processing /home/airflow/.local/lib/python3.12/site-packages/airflow/example_dags/example_display_name.py took 0.069 seconds
[2025-04-26T22:38:47.173+0000] {processor.py:186} INFO - Started process (PID=1166) to work on /home/airflow/.local/lib/python3.12/site-packages/airflow/example_dags/example_display_name.py
[2025-04-26T22:38:47.175+0000] {processor.py:914} INFO - Processing file /home/airflow/.local/lib/python3.12/site-packages/airflow/example_dags/example_display_name.py for tasks to queue
[2025-04-26T22:38:47.178+0000] {logging_mixin.py:190} INFO - [2025-04-26T22:38:47.177+0000] {dagbag.py:588} INFO - Filling up the DagBag from /home/airflow/.local/lib/python3.12/site-packages/airflow/example_dags/example_display_name.py
[2025-04-26T22:38:47.189+0000] {processor.py:925} INFO - DAG(s) 'example_display_name' retrieved from /home/airflow/.local/lib/python3.12/site-packages/airflow/example_dags/example_display_name.py
[2025-04-26T22:38:47.216+0000] {logging_mixin.py:190} INFO - [2025-04-26T22:38:47.216+0000] {dag.py:3239} INFO - Sync 1 DAGs
[2025-04-26T22:38:47.239+0000] {logging_mixin.py:190} INFO - [2025-04-26T22:38:47.238+0000] {dag.py:4180} INFO - Setting next_dagrun for example_display_name to None, run_after=None
[2025-04-26T22:38:47.262+0000] {processor.py:208} INFO - Processing /home/airflow/.local/lib/python3.12/site-packages/airflow/example_dags/example_display_name.py took 0.098 seconds
[2025-04-26T22:39:17.638+0000] {processor.py:186} INFO - Started process (PID=1230) to work on /home/airflow/.local/lib/python3.12/site-packages/airflow/example_dags/example_display_name.py
[2025-04-26T22:39:17.639+0000] {processor.py:914} INFO - Processing file /home/airflow/.local/lib/python3.12/site-packages/airflow/example_dags/example_display_name.py for tasks to queue
[2025-04-26T22:39:17.641+0000] {logging_mixin.py:190} INFO - [2025-04-26T22:39:17.641+0000] {dagbag.py:588} INFO - Filling up the DagBag from /home/airflow/.local/lib/python3.12/site-packages/airflow/example_dags/example_display_name.py
[2025-04-26T22:39:17.650+0000] {processor.py:925} INFO - DAG(s) 'example_display_name' retrieved from /home/airflow/.local/lib/python3.12/site-packages/airflow/example_dags/example_display_name.py
[2025-04-26T22:39:17.670+0000] {logging_mixin.py:190} INFO - [2025-04-26T22:39:17.669+0000] {dag.py:3239} INFO - Sync 1 DAGs
[2025-04-26T22:39:17.686+0000] {logging_mixin.py:190} INFO - [2025-04-26T22:39:17.686+0000] {dag.py:4180} INFO - Setting next_dagrun for example_display_name to None, run_after=None
[2025-04-26T22:39:17.703+0000] {processor.py:208} INFO - Processing /home/airflow/.local/lib/python3.12/site-packages/airflow/example_dags/example_display_name.py took 0.072 seconds
[2025-04-26T22:39:49.160+0000] {processor.py:186} INFO - Started process (PID=1294) to work on /home/airflow/.local/lib/python3.12/site-packages/airflow/example_dags/example_display_name.py
[2025-04-26T22:39:49.162+0000] {processor.py:914} INFO - Processing file /home/airflow/.local/lib/python3.12/site-packages/airflow/example_dags/example_display_name.py for tasks to queue
[2025-04-26T22:39:49.164+0000] {logging_mixin.py:190} INFO - [2025-04-26T22:39:49.164+0000] {dagbag.py:588} INFO - Filling up the DagBag from /home/airflow/.local/lib/python3.12/site-packages/airflow/example_dags/example_display_name.py
[2025-04-26T22:39:49.173+0000] {processor.py:925} INFO - DAG(s) 'example_display_name' retrieved from /home/airflow/.local/lib/python3.12/site-packages/airflow/example_dags/example_display_name.py
[2025-04-26T22:39:49.192+0000] {logging_mixin.py:190} INFO - [2025-04-26T22:39:49.192+0000] {dag.py:3239} INFO - Sync 1 DAGs
[2025-04-26T22:39:49.205+0000] {logging_mixin.py:190} INFO - [2025-04-26T22:39:49.205+0000] {dag.py:4180} INFO - Setting next_dagrun for example_display_name to None, run_after=None
[2025-04-26T22:39:49.221+0000] {processor.py:208} INFO - Processing /home/airflow/.local/lib/python3.12/site-packages/airflow/example_dags/example_display_name.py took 0.068 seconds
