[2025-04-26T22:29:51.915+0000] {processor.py:186} INFO - Started process (PID=68) to work on /home/airflow/.local/lib/python3.12/site-packages/airflow/example_dags/example_outlet_event_extra.py
[2025-04-26T22:29:51.916+0000] {processor.py:914} INFO - Processing file /home/airflow/.local/lib/python3.12/site-packages/airflow/example_dags/example_outlet_event_extra.py for tasks to queue
[2025-04-26T22:29:51.922+0000] {logging_mixin.py:190} INFO - [2025-04-26T22:29:51.921+0000] {dagbag.py:588} INFO - Filling up the DagBag from /home/airflow/.local/lib/python3.12/site-packages/airflow/example_dags/example_outlet_event_extra.py
[2025-04-26T22:29:54.118+0000] {processor.py:925} INFO - DAG(s) 'dataset_with_extra_by_yield', 'dataset_with_extra_from_classic_operator', 'dataset_with_extra_by_context' retrieved from /home/airflow/.local/lib/python3.12/site-packages/airflow/example_dags/example_outlet_event_extra.py
[2025-04-26T22:29:54.223+0000] {logging_mixin.py:190} INFO - [2025-04-26T22:29:54.222+0000] {override.py:1912} INFO - Created Permission View: can read on DAG:dataset_with_extra_by_yield
[2025-04-26T22:29:54.233+0000] {logging_mixin.py:190} INFO - [2025-04-26T22:29:54.233+0000] {override.py:1912} INFO - Created Permission View: can delete on DAG:dataset_with_extra_by_yield
[2025-04-26T22:29:54.240+0000] {logging_mixin.py:190} INFO - [2025-04-26T22:29:54.239+0000] {override.py:1912} INFO - Created Permission View: can edit on DAG:dataset_with_extra_by_yield
[2025-04-26T22:29:54.246+0000] {logging_mixin.py:190} INFO - [2025-04-26T22:29:54.246+0000] {override.py:1912} INFO - Created Permission View: can read on DAG Run:dataset_with_extra_by_yield
[2025-04-26T22:29:54.252+0000] {logging_mixin.py:190} INFO - [2025-04-26T22:29:54.252+0000] {override.py:1912} INFO - Created Permission View: can create on DAG Run:dataset_with_extra_by_yield
[2025-04-26T22:29:54.257+0000] {logging_mixin.py:190} INFO - [2025-04-26T22:29:54.257+0000] {override.py:1912} INFO - Created Permission View: can delete on DAG Run:dataset_with_extra_by_yield
[2025-04-26T22:29:54.263+0000] {logging_mixin.py:190} INFO - [2025-04-26T22:29:54.263+0000] {override.py:1912} INFO - Created Permission View: menu access on DAG Run:dataset_with_extra_by_yield
[2025-04-26T22:29:54.276+0000] {logging_mixin.py:190} INFO - [2025-04-26T22:29:54.275+0000] {override.py:1912} INFO - Created Permission View: can read on DAG:dataset_with_extra_from_classic_operator
[2025-04-26T22:29:54.281+0000] {logging_mixin.py:190} INFO - [2025-04-26T22:29:54.281+0000] {override.py:1912} INFO - Created Permission View: can delete on DAG:dataset_with_extra_from_classic_operator
[2025-04-26T22:29:54.287+0000] {logging_mixin.py:190} INFO - [2025-04-26T22:29:54.287+0000] {override.py:1912} INFO - Created Permission View: can edit on DAG:dataset_with_extra_from_classic_operator
[2025-04-26T22:29:54.293+0000] {logging_mixin.py:190} INFO - [2025-04-26T22:29:54.293+0000] {override.py:1912} INFO - Created Permission View: can read on DAG Run:dataset_with_extra_from_classic_operator
[2025-04-26T22:29:54.299+0000] {logging_mixin.py:190} INFO - [2025-04-26T22:29:54.299+0000] {override.py:1912} INFO - Created Permission View: can create on DAG Run:dataset_with_extra_from_classic_operator
[2025-04-26T22:29:54.305+0000] {logging_mixin.py:190} INFO - [2025-04-26T22:29:54.304+0000] {override.py:1912} INFO - Created Permission View: can delete on DAG Run:dataset_with_extra_from_classic_operator
[2025-04-26T22:29:54.310+0000] {logging_mixin.py:190} INFO - [2025-04-26T22:29:54.310+0000] {override.py:1912} INFO - Created Permission View: menu access on DAG Run:dataset_with_extra_from_classic_operator
[2025-04-26T22:29:54.321+0000] {logging_mixin.py:190} INFO - [2025-04-26T22:29:54.320+0000] {override.py:1912} INFO - Created Permission View: can read on DAG:dataset_with_extra_by_context
[2025-04-26T22:29:54.326+0000] {logging_mixin.py:190} INFO - [2025-04-26T22:29:54.326+0000] {override.py:1912} INFO - Created Permission View: can delete on DAG:dataset_with_extra_by_context
[2025-04-26T22:29:54.332+0000] {logging_mixin.py:190} INFO - [2025-04-26T22:29:54.332+0000] {override.py:1912} INFO - Created Permission View: can edit on DAG:dataset_with_extra_by_context
[2025-04-26T22:29:54.338+0000] {logging_mixin.py:190} INFO - [2025-04-26T22:29:54.338+0000] {override.py:1912} INFO - Created Permission View: can read on DAG Run:dataset_with_extra_by_context
[2025-04-26T22:29:54.347+0000] {logging_mixin.py:190} INFO - [2025-04-26T22:29:54.347+0000] {override.py:1912} INFO - Created Permission View: can create on DAG Run:dataset_with_extra_by_context
[2025-04-26T22:29:54.356+0000] {logging_mixin.py:190} INFO - [2025-04-26T22:29:54.355+0000] {override.py:1912} INFO - Created Permission View: can delete on DAG Run:dataset_with_extra_by_context
[2025-04-26T22:29:54.361+0000] {logging_mixin.py:190} INFO - [2025-04-26T22:29:54.361+0000] {override.py:1912} INFO - Created Permission View: menu access on DAG Run:dataset_with_extra_by_context
[2025-04-26T22:29:54.362+0000] {logging_mixin.py:190} INFO - [2025-04-26T22:29:54.361+0000] {dag.py:3239} INFO - Sync 3 DAGs
[2025-04-26T22:29:54.374+0000] {logging_mixin.py:190} INFO - [2025-04-26T22:29:54.374+0000] {dag.py:3262} INFO - Creating ORM DAG for dataset_with_extra_from_classic_operator
[2025-04-26T22:29:54.375+0000] {logging_mixin.py:190} INFO - [2025-04-26T22:29:54.375+0000] {dag.py:3262} INFO - Creating ORM DAG for dataset_with_extra_by_context
[2025-04-26T22:29:54.376+0000] {logging_mixin.py:190} INFO - [2025-04-26T22:29:54.376+0000] {dag.py:3262} INFO - Creating ORM DAG for dataset_with_extra_by_yield
[2025-04-26T22:29:54.386+0000] {logging_mixin.py:190} INFO - [2025-04-26T22:29:54.386+0000] {dag.py:4180} INFO - Setting next_dagrun for dataset_with_extra_by_context to 2025-04-25 00:00:00+00:00, run_after=2025-04-26 00:00:00+00:00
[2025-04-26T22:29:54.388+0000] {logging_mixin.py:190} INFO - [2025-04-26T22:29:54.388+0000] {dag.py:4180} INFO - Setting next_dagrun for dataset_with_extra_by_yield to 2025-04-25 00:00:00+00:00, run_after=2025-04-26 00:00:00+00:00
[2025-04-26T22:29:54.389+0000] {logging_mixin.py:190} INFO - [2025-04-26T22:29:54.389+0000] {dag.py:4180} INFO - Setting next_dagrun for dataset_with_extra_from_classic_operator to 2025-04-25 00:00:00+00:00, run_after=2025-04-26 00:00:00+00:00
[2025-04-26T22:29:54.412+0000] {processor.py:208} INFO - Processing /home/airflow/.local/lib/python3.12/site-packages/airflow/example_dags/example_outlet_event_extra.py took 2.516 seconds
[2025-04-26T22:30:24.516+0000] {processor.py:186} INFO - Started process (PID=131) to work on /home/airflow/.local/lib/python3.12/site-packages/airflow/example_dags/example_outlet_event_extra.py
[2025-04-26T22:30:24.517+0000] {processor.py:914} INFO - Processing file /home/airflow/.local/lib/python3.12/site-packages/airflow/example_dags/example_outlet_event_extra.py for tasks to queue
[2025-04-26T22:30:24.520+0000] {logging_mixin.py:190} INFO - [2025-04-26T22:30:24.519+0000] {dagbag.py:588} INFO - Filling up the DagBag from /home/airflow/.local/lib/python3.12/site-packages/airflow/example_dags/example_outlet_event_extra.py
[2025-04-26T22:30:25.153+0000] {processor.py:925} INFO - DAG(s) 'dataset_with_extra_by_context', 'dataset_with_extra_from_classic_operator', 'dataset_with_extra_by_yield' retrieved from /home/airflow/.local/lib/python3.12/site-packages/airflow/example_dags/example_outlet_event_extra.py
[2025-04-26T22:30:25.177+0000] {logging_mixin.py:190} INFO - [2025-04-26T22:30:25.176+0000] {dag.py:3239} INFO - Sync 3 DAGs
[2025-04-26T22:30:25.202+0000] {logging_mixin.py:190} INFO - [2025-04-26T22:30:25.202+0000] {dag.py:4180} INFO - Setting next_dagrun for dataset_with_extra_by_context to 2025-04-25 00:00:00+00:00, run_after=2025-04-26 00:00:00+00:00
[2025-04-26T22:30:25.207+0000] {logging_mixin.py:190} INFO - [2025-04-26T22:30:25.207+0000] {dag.py:4180} INFO - Setting next_dagrun for dataset_with_extra_by_yield to 2025-04-25 00:00:00+00:00, run_after=2025-04-26 00:00:00+00:00
[2025-04-26T22:30:25.210+0000] {logging_mixin.py:190} INFO - [2025-04-26T22:30:25.210+0000] {dag.py:4180} INFO - Setting next_dagrun for dataset_with_extra_from_classic_operator to 2025-04-25 00:00:00+00:00, run_after=2025-04-26 00:00:00+00:00
[2025-04-26T22:30:25.233+0000] {processor.py:208} INFO - Processing /home/airflow/.local/lib/python3.12/site-packages/airflow/example_dags/example_outlet_event_extra.py took 0.724 seconds
[2025-04-26T22:30:56.076+0000] {processor.py:186} INFO - Started process (PID=194) to work on /home/airflow/.local/lib/python3.12/site-packages/airflow/example_dags/example_outlet_event_extra.py
[2025-04-26T22:30:56.077+0000] {processor.py:914} INFO - Processing file /home/airflow/.local/lib/python3.12/site-packages/airflow/example_dags/example_outlet_event_extra.py for tasks to queue
[2025-04-26T22:30:56.080+0000] {logging_mixin.py:190} INFO - [2025-04-26T22:30:56.079+0000] {dagbag.py:588} INFO - Filling up the DagBag from /home/airflow/.local/lib/python3.12/site-packages/airflow/example_dags/example_outlet_event_extra.py
[2025-04-26T22:30:56.700+0000] {processor.py:925} INFO - DAG(s) 'dataset_with_extra_by_context', 'dataset_with_extra_by_yield', 'dataset_with_extra_from_classic_operator' retrieved from /home/airflow/.local/lib/python3.12/site-packages/airflow/example_dags/example_outlet_event_extra.py
[2025-04-26T22:30:56.724+0000] {logging_mixin.py:190} INFO - [2025-04-26T22:30:56.724+0000] {dag.py:3239} INFO - Sync 3 DAGs
[2025-04-26T22:30:56.752+0000] {logging_mixin.py:190} INFO - [2025-04-26T22:30:56.751+0000] {dag.py:4180} INFO - Setting next_dagrun for dataset_with_extra_by_context to 2025-04-25 00:00:00+00:00, run_after=2025-04-26 00:00:00+00:00
[2025-04-26T22:30:56.756+0000] {logging_mixin.py:190} INFO - [2025-04-26T22:30:56.756+0000] {dag.py:4180} INFO - Setting next_dagrun for dataset_with_extra_by_yield to 2025-04-25 00:00:00+00:00, run_after=2025-04-26 00:00:00+00:00
[2025-04-26T22:30:56.759+0000] {logging_mixin.py:190} INFO - [2025-04-26T22:30:56.759+0000] {dag.py:4180} INFO - Setting next_dagrun for dataset_with_extra_from_classic_operator to 2025-04-25 00:00:00+00:00, run_after=2025-04-26 00:00:00+00:00
[2025-04-26T22:30:56.777+0000] {processor.py:208} INFO - Processing /home/airflow/.local/lib/python3.12/site-packages/airflow/example_dags/example_outlet_event_extra.py took 0.707 seconds
[2025-04-26T22:31:27.668+0000] {processor.py:186} INFO - Started process (PID=257) to work on /home/airflow/.local/lib/python3.12/site-packages/airflow/example_dags/example_outlet_event_extra.py
[2025-04-26T22:31:27.669+0000] {processor.py:914} INFO - Processing file /home/airflow/.local/lib/python3.12/site-packages/airflow/example_dags/example_outlet_event_extra.py for tasks to queue
[2025-04-26T22:31:27.671+0000] {logging_mixin.py:190} INFO - [2025-04-26T22:31:27.671+0000] {dagbag.py:588} INFO - Filling up the DagBag from /home/airflow/.local/lib/python3.12/site-packages/airflow/example_dags/example_outlet_event_extra.py
[2025-04-26T22:31:28.287+0000] {processor.py:925} INFO - DAG(s) 'dataset_with_extra_from_classic_operator', 'dataset_with_extra_by_yield', 'dataset_with_extra_by_context' retrieved from /home/airflow/.local/lib/python3.12/site-packages/airflow/example_dags/example_outlet_event_extra.py
[2025-04-26T22:31:28.310+0000] {logging_mixin.py:190} INFO - [2025-04-26T22:31:28.309+0000] {dag.py:3239} INFO - Sync 3 DAGs
[2025-04-26T22:31:28.332+0000] {logging_mixin.py:190} INFO - [2025-04-26T22:31:28.332+0000] {dag.py:4180} INFO - Setting next_dagrun for dataset_with_extra_by_context to 2025-04-25 00:00:00+00:00, run_after=2025-04-26 00:00:00+00:00
[2025-04-26T22:31:28.337+0000] {logging_mixin.py:190} INFO - [2025-04-26T22:31:28.337+0000] {dag.py:4180} INFO - Setting next_dagrun for dataset_with_extra_by_yield to 2025-04-25 00:00:00+00:00, run_after=2025-04-26 00:00:00+00:00
[2025-04-26T22:31:28.339+0000] {logging_mixin.py:190} INFO - [2025-04-26T22:31:28.339+0000] {dag.py:4180} INFO - Setting next_dagrun for dataset_with_extra_from_classic_operator to 2025-04-25 00:00:00+00:00, run_after=2025-04-26 00:00:00+00:00
[2025-04-26T22:31:28.356+0000] {processor.py:208} INFO - Processing /home/airflow/.local/lib/python3.12/site-packages/airflow/example_dags/example_outlet_event_extra.py took 0.694 seconds
[2025-04-26T22:31:59.019+0000] {processor.py:186} INFO - Started process (PID=320) to work on /home/airflow/.local/lib/python3.12/site-packages/airflow/example_dags/example_outlet_event_extra.py
[2025-04-26T22:31:59.020+0000] {processor.py:914} INFO - Processing file /home/airflow/.local/lib/python3.12/site-packages/airflow/example_dags/example_outlet_event_extra.py for tasks to queue
[2025-04-26T22:31:59.023+0000] {logging_mixin.py:190} INFO - [2025-04-26T22:31:59.022+0000] {dagbag.py:588} INFO - Filling up the DagBag from /home/airflow/.local/lib/python3.12/site-packages/airflow/example_dags/example_outlet_event_extra.py
[2025-04-26T22:31:59.645+0000] {processor.py:925} INFO - DAG(s) 'dataset_with_extra_by_context', 'dataset_with_extra_from_classic_operator', 'dataset_with_extra_by_yield' retrieved from /home/airflow/.local/lib/python3.12/site-packages/airflow/example_dags/example_outlet_event_extra.py
[2025-04-26T22:31:59.668+0000] {logging_mixin.py:190} INFO - [2025-04-26T22:31:59.668+0000] {dag.py:3239} INFO - Sync 3 DAGs
[2025-04-26T22:31:59.692+0000] {logging_mixin.py:190} INFO - [2025-04-26T22:31:59.692+0000] {dag.py:4180} INFO - Setting next_dagrun for dataset_with_extra_by_context to 2025-04-25 00:00:00+00:00, run_after=2025-04-26 00:00:00+00:00
[2025-04-26T22:31:59.697+0000] {logging_mixin.py:190} INFO - [2025-04-26T22:31:59.697+0000] {dag.py:4180} INFO - Setting next_dagrun for dataset_with_extra_by_yield to 2025-04-25 00:00:00+00:00, run_after=2025-04-26 00:00:00+00:00
[2025-04-26T22:31:59.699+0000] {logging_mixin.py:190} INFO - [2025-04-26T22:31:59.699+0000] {dag.py:4180} INFO - Setting next_dagrun for dataset_with_extra_from_classic_operator to 2025-04-25 00:00:00+00:00, run_after=2025-04-26 00:00:00+00:00
[2025-04-26T22:31:59.717+0000] {processor.py:208} INFO - Processing /home/airflow/.local/lib/python3.12/site-packages/airflow/example_dags/example_outlet_event_extra.py took 0.704 seconds
[2025-04-26T22:32:30.381+0000] {processor.py:186} INFO - Started process (PID=383) to work on /home/airflow/.local/lib/python3.12/site-packages/airflow/example_dags/example_outlet_event_extra.py
[2025-04-26T22:32:30.382+0000] {processor.py:914} INFO - Processing file /home/airflow/.local/lib/python3.12/site-packages/airflow/example_dags/example_outlet_event_extra.py for tasks to queue
[2025-04-26T22:32:30.384+0000] {logging_mixin.py:190} INFO - [2025-04-26T22:32:30.384+0000] {dagbag.py:588} INFO - Filling up the DagBag from /home/airflow/.local/lib/python3.12/site-packages/airflow/example_dags/example_outlet_event_extra.py
[2025-04-26T22:32:31.011+0000] {processor.py:925} INFO - DAG(s) 'dataset_with_extra_from_classic_operator', 'dataset_with_extra_by_context', 'dataset_with_extra_by_yield' retrieved from /home/airflow/.local/lib/python3.12/site-packages/airflow/example_dags/example_outlet_event_extra.py
[2025-04-26T22:32:31.034+0000] {logging_mixin.py:190} INFO - [2025-04-26T22:32:31.034+0000] {dag.py:3239} INFO - Sync 3 DAGs
[2025-04-26T22:32:31.063+0000] {logging_mixin.py:190} INFO - [2025-04-26T22:32:31.063+0000] {dag.py:4180} INFO - Setting next_dagrun for dataset_with_extra_by_context to 2025-04-25 00:00:00+00:00, run_after=2025-04-26 00:00:00+00:00
[2025-04-26T22:32:31.068+0000] {logging_mixin.py:190} INFO - [2025-04-26T22:32:31.068+0000] {dag.py:4180} INFO - Setting next_dagrun for dataset_with_extra_by_yield to 2025-04-25 00:00:00+00:00, run_after=2025-04-26 00:00:00+00:00
[2025-04-26T22:32:31.071+0000] {logging_mixin.py:190} INFO - [2025-04-26T22:32:31.071+0000] {dag.py:4180} INFO - Setting next_dagrun for dataset_with_extra_from_classic_operator to 2025-04-25 00:00:00+00:00, run_after=2025-04-26 00:00:00+00:00
[2025-04-26T22:32:31.088+0000] {processor.py:208} INFO - Processing /home/airflow/.local/lib/python3.12/site-packages/airflow/example_dags/example_outlet_event_extra.py took 0.714 seconds
[2025-04-26T22:33:01.519+0000] {processor.py:186} INFO - Started process (PID=446) to work on /home/airflow/.local/lib/python3.12/site-packages/airflow/example_dags/example_outlet_event_extra.py
[2025-04-26T22:33:01.520+0000] {processor.py:914} INFO - Processing file /home/airflow/.local/lib/python3.12/site-packages/airflow/example_dags/example_outlet_event_extra.py for tasks to queue
[2025-04-26T22:33:01.523+0000] {logging_mixin.py:190} INFO - [2025-04-26T22:33:01.522+0000] {dagbag.py:588} INFO - Filling up the DagBag from /home/airflow/.local/lib/python3.12/site-packages/airflow/example_dags/example_outlet_event_extra.py
[2025-04-26T22:33:02.145+0000] {processor.py:925} INFO - DAG(s) 'dataset_with_extra_by_context', 'dataset_with_extra_by_yield', 'dataset_with_extra_from_classic_operator' retrieved from /home/airflow/.local/lib/python3.12/site-packages/airflow/example_dags/example_outlet_event_extra.py
[2025-04-26T22:33:02.167+0000] {logging_mixin.py:190} INFO - [2025-04-26T22:33:02.167+0000] {dag.py:3239} INFO - Sync 3 DAGs
[2025-04-26T22:33:02.190+0000] {logging_mixin.py:190} INFO - [2025-04-26T22:33:02.190+0000] {dag.py:4180} INFO - Setting next_dagrun for dataset_with_extra_by_context to 2025-04-25 00:00:00+00:00, run_after=2025-04-26 00:00:00+00:00
[2025-04-26T22:33:02.195+0000] {logging_mixin.py:190} INFO - [2025-04-26T22:33:02.195+0000] {dag.py:4180} INFO - Setting next_dagrun for dataset_with_extra_by_yield to 2025-04-25 00:00:00+00:00, run_after=2025-04-26 00:00:00+00:00
[2025-04-26T22:33:02.197+0000] {logging_mixin.py:190} INFO - [2025-04-26T22:33:02.197+0000] {dag.py:4180} INFO - Setting next_dagrun for dataset_with_extra_from_classic_operator to 2025-04-25 00:00:00+00:00, run_after=2025-04-26 00:00:00+00:00
[2025-04-26T22:33:02.217+0000] {processor.py:208} INFO - Processing /home/airflow/.local/lib/python3.12/site-packages/airflow/example_dags/example_outlet_event_extra.py took 0.704 seconds
[2025-04-26T22:33:32.721+0000] {processor.py:186} INFO - Started process (PID=509) to work on /home/airflow/.local/lib/python3.12/site-packages/airflow/example_dags/example_outlet_event_extra.py
[2025-04-26T22:33:32.723+0000] {processor.py:914} INFO - Processing file /home/airflow/.local/lib/python3.12/site-packages/airflow/example_dags/example_outlet_event_extra.py for tasks to queue
[2025-04-26T22:33:32.725+0000] {logging_mixin.py:190} INFO - [2025-04-26T22:33:32.725+0000] {dagbag.py:588} INFO - Filling up the DagBag from /home/airflow/.local/lib/python3.12/site-packages/airflow/example_dags/example_outlet_event_extra.py
[2025-04-26T22:33:33.353+0000] {processor.py:925} INFO - DAG(s) 'dataset_with_extra_by_context', 'dataset_with_extra_from_classic_operator', 'dataset_with_extra_by_yield' retrieved from /home/airflow/.local/lib/python3.12/site-packages/airflow/example_dags/example_outlet_event_extra.py
[2025-04-26T22:33:33.376+0000] {logging_mixin.py:190} INFO - [2025-04-26T22:33:33.375+0000] {dag.py:3239} INFO - Sync 3 DAGs
[2025-04-26T22:33:33.399+0000] {logging_mixin.py:190} INFO - [2025-04-26T22:33:33.399+0000] {dag.py:4180} INFO - Setting next_dagrun for dataset_with_extra_by_context to 2025-04-25 00:00:00+00:00, run_after=2025-04-26 00:00:00+00:00
[2025-04-26T22:33:33.404+0000] {logging_mixin.py:190} INFO - [2025-04-26T22:33:33.404+0000] {dag.py:4180} INFO - Setting next_dagrun for dataset_with_extra_by_yield to 2025-04-25 00:00:00+00:00, run_after=2025-04-26 00:00:00+00:00
[2025-04-26T22:33:33.406+0000] {logging_mixin.py:190} INFO - [2025-04-26T22:33:33.406+0000] {dag.py:4180} INFO - Setting next_dagrun for dataset_with_extra_from_classic_operator to 2025-04-25 00:00:00+00:00, run_after=2025-04-26 00:00:00+00:00
[2025-04-26T22:33:33.424+0000] {processor.py:208} INFO - Processing /home/airflow/.local/lib/python3.12/site-packages/airflow/example_dags/example_outlet_event_extra.py took 0.709 seconds
[2025-04-26T22:34:03.963+0000] {processor.py:186} INFO - Started process (PID=572) to work on /home/airflow/.local/lib/python3.12/site-packages/airflow/example_dags/example_outlet_event_extra.py
[2025-04-26T22:34:03.965+0000] {processor.py:914} INFO - Processing file /home/airflow/.local/lib/python3.12/site-packages/airflow/example_dags/example_outlet_event_extra.py for tasks to queue
[2025-04-26T22:34:03.967+0000] {logging_mixin.py:190} INFO - [2025-04-26T22:34:03.967+0000] {dagbag.py:588} INFO - Filling up the DagBag from /home/airflow/.local/lib/python3.12/site-packages/airflow/example_dags/example_outlet_event_extra.py
[2025-04-26T22:34:04.592+0000] {processor.py:925} INFO - DAG(s) 'dataset_with_extra_by_context', 'dataset_with_extra_from_classic_operator', 'dataset_with_extra_by_yield' retrieved from /home/airflow/.local/lib/python3.12/site-packages/airflow/example_dags/example_outlet_event_extra.py
[2025-04-26T22:34:04.614+0000] {logging_mixin.py:190} INFO - [2025-04-26T22:34:04.614+0000] {dag.py:3239} INFO - Sync 3 DAGs
[2025-04-26T22:34:04.639+0000] {logging_mixin.py:190} INFO - [2025-04-26T22:34:04.639+0000] {dag.py:4180} INFO - Setting next_dagrun for dataset_with_extra_by_context to 2025-04-25 00:00:00+00:00, run_after=2025-04-26 00:00:00+00:00
[2025-04-26T22:34:04.644+0000] {logging_mixin.py:190} INFO - [2025-04-26T22:34:04.644+0000] {dag.py:4180} INFO - Setting next_dagrun for dataset_with_extra_by_yield to 2025-04-25 00:00:00+00:00, run_after=2025-04-26 00:00:00+00:00
[2025-04-26T22:34:04.646+0000] {logging_mixin.py:190} INFO - [2025-04-26T22:34:04.646+0000] {dag.py:4180} INFO - Setting next_dagrun for dataset_with_extra_from_classic_operator to 2025-04-25 00:00:00+00:00, run_after=2025-04-26 00:00:00+00:00
[2025-04-26T22:34:04.664+0000] {processor.py:208} INFO - Processing /home/airflow/.local/lib/python3.12/site-packages/airflow/example_dags/example_outlet_event_extra.py took 0.707 seconds
[2025-04-26T22:34:35.540+0000] {processor.py:186} INFO - Started process (PID=635) to work on /home/airflow/.local/lib/python3.12/site-packages/airflow/example_dags/example_outlet_event_extra.py
[2025-04-26T22:34:35.541+0000] {processor.py:914} INFO - Processing file /home/airflow/.local/lib/python3.12/site-packages/airflow/example_dags/example_outlet_event_extra.py for tasks to queue
[2025-04-26T22:34:35.545+0000] {logging_mixin.py:190} INFO - [2025-04-26T22:34:35.545+0000] {dagbag.py:588} INFO - Filling up the DagBag from /home/airflow/.local/lib/python3.12/site-packages/airflow/example_dags/example_outlet_event_extra.py
[2025-04-26T22:34:36.180+0000] {processor.py:925} INFO - DAG(s) 'dataset_with_extra_by_context', 'dataset_with_extra_from_classic_operator', 'dataset_with_extra_by_yield' retrieved from /home/airflow/.local/lib/python3.12/site-packages/airflow/example_dags/example_outlet_event_extra.py
[2025-04-26T22:34:36.204+0000] {logging_mixin.py:190} INFO - [2025-04-26T22:34:36.204+0000] {dag.py:3239} INFO - Sync 3 DAGs
[2025-04-26T22:34:36.229+0000] {logging_mixin.py:190} INFO - [2025-04-26T22:34:36.229+0000] {dag.py:4180} INFO - Setting next_dagrun for dataset_with_extra_by_context to 2025-04-25 00:00:00+00:00, run_after=2025-04-26 00:00:00+00:00
[2025-04-26T22:34:36.234+0000] {logging_mixin.py:190} INFO - [2025-04-26T22:34:36.234+0000] {dag.py:4180} INFO - Setting next_dagrun for dataset_with_extra_by_yield to 2025-04-25 00:00:00+00:00, run_after=2025-04-26 00:00:00+00:00
[2025-04-26T22:34:36.237+0000] {logging_mixin.py:190} INFO - [2025-04-26T22:34:36.236+0000] {dag.py:4180} INFO - Setting next_dagrun for dataset_with_extra_from_classic_operator to 2025-04-25 00:00:00+00:00, run_after=2025-04-26 00:00:00+00:00
[2025-04-26T22:34:36.255+0000] {processor.py:208} INFO - Processing /home/airflow/.local/lib/python3.12/site-packages/airflow/example_dags/example_outlet_event_extra.py took 0.721 seconds
[2025-04-26T22:35:06.755+0000] {processor.py:186} INFO - Started process (PID=699) to work on /home/airflow/.local/lib/python3.12/site-packages/airflow/example_dags/example_outlet_event_extra.py
[2025-04-26T22:35:06.757+0000] {processor.py:914} INFO - Processing file /home/airflow/.local/lib/python3.12/site-packages/airflow/example_dags/example_outlet_event_extra.py for tasks to queue
[2025-04-26T22:35:06.759+0000] {logging_mixin.py:190} INFO - [2025-04-26T22:35:06.759+0000] {dagbag.py:588} INFO - Filling up the DagBag from /home/airflow/.local/lib/python3.12/site-packages/airflow/example_dags/example_outlet_event_extra.py
[2025-04-26T22:35:07.284+0000] {processor.py:925} INFO - DAG(s) 'dataset_with_extra_by_yield', 'dataset_with_extra_by_context', 'dataset_with_extra_from_classic_operator' retrieved from /home/airflow/.local/lib/python3.12/site-packages/airflow/example_dags/example_outlet_event_extra.py
[2025-04-26T22:35:07.314+0000] {logging_mixin.py:190} INFO - [2025-04-26T22:35:07.314+0000] {dag.py:3239} INFO - Sync 3 DAGs
[2025-04-26T22:35:07.345+0000] {logging_mixin.py:190} INFO - [2025-04-26T22:35:07.345+0000] {dag.py:4180} INFO - Setting next_dagrun for dataset_with_extra_by_context to 2025-04-25 00:00:00+00:00, run_after=2025-04-26 00:00:00+00:00
[2025-04-26T22:35:07.350+0000] {logging_mixin.py:190} INFO - [2025-04-26T22:35:07.350+0000] {dag.py:4180} INFO - Setting next_dagrun for dataset_with_extra_by_yield to 2025-04-25 00:00:00+00:00, run_after=2025-04-26 00:00:00+00:00
[2025-04-26T22:35:07.353+0000] {logging_mixin.py:190} INFO - [2025-04-26T22:35:07.353+0000] {dag.py:4180} INFO - Setting next_dagrun for dataset_with_extra_from_classic_operator to 2025-04-25 00:00:00+00:00, run_after=2025-04-26 00:00:00+00:00
[2025-04-26T22:35:07.372+0000] {processor.py:208} INFO - Processing /home/airflow/.local/lib/python3.12/site-packages/airflow/example_dags/example_outlet_event_extra.py took 0.623 seconds
[2025-04-26T22:35:37.974+0000] {processor.py:186} INFO - Started process (PID=763) to work on /home/airflow/.local/lib/python3.12/site-packages/airflow/example_dags/example_outlet_event_extra.py
[2025-04-26T22:35:37.976+0000] {processor.py:914} INFO - Processing file /home/airflow/.local/lib/python3.12/site-packages/airflow/example_dags/example_outlet_event_extra.py for tasks to queue
[2025-04-26T22:35:37.978+0000] {logging_mixin.py:190} INFO - [2025-04-26T22:35:37.978+0000] {dagbag.py:588} INFO - Filling up the DagBag from /home/airflow/.local/lib/python3.12/site-packages/airflow/example_dags/example_outlet_event_extra.py
[2025-04-26T22:35:38.496+0000] {processor.py:925} INFO - DAG(s) 'dataset_with_extra_by_context', 'dataset_with_extra_from_classic_operator', 'dataset_with_extra_by_yield' retrieved from /home/airflow/.local/lib/python3.12/site-packages/airflow/example_dags/example_outlet_event_extra.py
[2025-04-26T22:35:38.517+0000] {logging_mixin.py:190} INFO - [2025-04-26T22:35:38.517+0000] {dag.py:3239} INFO - Sync 3 DAGs
[2025-04-26T22:35:38.541+0000] {logging_mixin.py:190} INFO - [2025-04-26T22:35:38.541+0000] {dag.py:4180} INFO - Setting next_dagrun for dataset_with_extra_by_context to 2025-04-25 00:00:00+00:00, run_after=2025-04-26 00:00:00+00:00
[2025-04-26T22:35:38.546+0000] {logging_mixin.py:190} INFO - [2025-04-26T22:35:38.546+0000] {dag.py:4180} INFO - Setting next_dagrun for dataset_with_extra_by_yield to 2025-04-25 00:00:00+00:00, run_after=2025-04-26 00:00:00+00:00
[2025-04-26T22:35:38.548+0000] {logging_mixin.py:190} INFO - [2025-04-26T22:35:38.548+0000] {dag.py:4180} INFO - Setting next_dagrun for dataset_with_extra_from_classic_operator to 2025-04-25 00:00:00+00:00, run_after=2025-04-26 00:00:00+00:00
[2025-04-26T22:35:38.566+0000] {processor.py:208} INFO - Processing /home/airflow/.local/lib/python3.12/site-packages/airflow/example_dags/example_outlet_event_extra.py took 0.598 seconds
[2025-04-26T22:36:08.848+0000] {processor.py:186} INFO - Started process (PID=827) to work on /home/airflow/.local/lib/python3.12/site-packages/airflow/example_dags/example_outlet_event_extra.py
[2025-04-26T22:36:08.849+0000] {processor.py:914} INFO - Processing file /home/airflow/.local/lib/python3.12/site-packages/airflow/example_dags/example_outlet_event_extra.py for tasks to queue
[2025-04-26T22:36:08.851+0000] {logging_mixin.py:190} INFO - [2025-04-26T22:36:08.851+0000] {dagbag.py:588} INFO - Filling up the DagBag from /home/airflow/.local/lib/python3.12/site-packages/airflow/example_dags/example_outlet_event_extra.py
[2025-04-26T22:36:09.384+0000] {processor.py:925} INFO - DAG(s) 'dataset_with_extra_from_classic_operator', 'dataset_with_extra_by_yield', 'dataset_with_extra_by_context' retrieved from /home/airflow/.local/lib/python3.12/site-packages/airflow/example_dags/example_outlet_event_extra.py
[2025-04-26T22:36:09.407+0000] {logging_mixin.py:190} INFO - [2025-04-26T22:36:09.407+0000] {dag.py:3239} INFO - Sync 3 DAGs
[2025-04-26T22:36:09.431+0000] {logging_mixin.py:190} INFO - [2025-04-26T22:36:09.431+0000] {dag.py:4180} INFO - Setting next_dagrun for dataset_with_extra_by_context to 2025-04-25 00:00:00+00:00, run_after=2025-04-26 00:00:00+00:00
[2025-04-26T22:36:09.436+0000] {logging_mixin.py:190} INFO - [2025-04-26T22:36:09.436+0000] {dag.py:4180} INFO - Setting next_dagrun for dataset_with_extra_by_yield to 2025-04-25 00:00:00+00:00, run_after=2025-04-26 00:00:00+00:00
[2025-04-26T22:36:09.439+0000] {logging_mixin.py:190} INFO - [2025-04-26T22:36:09.438+0000] {dag.py:4180} INFO - Setting next_dagrun for dataset_with_extra_from_classic_operator to 2025-04-25 00:00:00+00:00, run_after=2025-04-26 00:00:00+00:00
[2025-04-26T22:36:09.459+0000] {processor.py:208} INFO - Processing /home/airflow/.local/lib/python3.12/site-packages/airflow/example_dags/example_outlet_event_extra.py took 0.618 seconds
[2025-04-26T22:36:40.020+0000] {processor.py:186} INFO - Started process (PID=891) to work on /home/airflow/.local/lib/python3.12/site-packages/airflow/example_dags/example_outlet_event_extra.py
[2025-04-26T22:36:40.022+0000] {processor.py:914} INFO - Processing file /home/airflow/.local/lib/python3.12/site-packages/airflow/example_dags/example_outlet_event_extra.py for tasks to queue
[2025-04-26T22:36:40.024+0000] {logging_mixin.py:190} INFO - [2025-04-26T22:36:40.024+0000] {dagbag.py:588} INFO - Filling up the DagBag from /home/airflow/.local/lib/python3.12/site-packages/airflow/example_dags/example_outlet_event_extra.py
[2025-04-26T22:36:40.554+0000] {processor.py:925} INFO - DAG(s) 'dataset_with_extra_by_context', 'dataset_with_extra_by_yield', 'dataset_with_extra_from_classic_operator' retrieved from /home/airflow/.local/lib/python3.12/site-packages/airflow/example_dags/example_outlet_event_extra.py
[2025-04-26T22:36:40.575+0000] {logging_mixin.py:190} INFO - [2025-04-26T22:36:40.575+0000] {dag.py:3239} INFO - Sync 3 DAGs
[2025-04-26T22:36:40.599+0000] {logging_mixin.py:190} INFO - [2025-04-26T22:36:40.598+0000] {dag.py:4180} INFO - Setting next_dagrun for dataset_with_extra_by_context to 2025-04-25 00:00:00+00:00, run_after=2025-04-26 00:00:00+00:00
[2025-04-26T22:36:40.604+0000] {logging_mixin.py:190} INFO - [2025-04-26T22:36:40.603+0000] {dag.py:4180} INFO - Setting next_dagrun for dataset_with_extra_by_yield to 2025-04-25 00:00:00+00:00, run_after=2025-04-26 00:00:00+00:00
[2025-04-26T22:36:40.606+0000] {logging_mixin.py:190} INFO - [2025-04-26T22:36:40.606+0000] {dag.py:4180} INFO - Setting next_dagrun for dataset_with_extra_from_classic_operator to 2025-04-25 00:00:00+00:00, run_after=2025-04-26 00:00:00+00:00
[2025-04-26T22:36:40.624+0000] {processor.py:208} INFO - Processing /home/airflow/.local/lib/python3.12/site-packages/airflow/example_dags/example_outlet_event_extra.py took 0.611 seconds
[2025-04-26T22:37:10.701+0000] {processor.py:186} INFO - Started process (PID=955) to work on /home/airflow/.local/lib/python3.12/site-packages/airflow/example_dags/example_outlet_event_extra.py
[2025-04-26T22:37:10.703+0000] {processor.py:914} INFO - Processing file /home/airflow/.local/lib/python3.12/site-packages/airflow/example_dags/example_outlet_event_extra.py for tasks to queue
[2025-04-26T22:37:10.705+0000] {logging_mixin.py:190} INFO - [2025-04-26T22:37:10.705+0000] {dagbag.py:588} INFO - Filling up the DagBag from /home/airflow/.local/lib/python3.12/site-packages/airflow/example_dags/example_outlet_event_extra.py
[2025-04-26T22:37:11.229+0000] {processor.py:925} INFO - DAG(s) 'dataset_with_extra_by_context', 'dataset_with_extra_by_yield', 'dataset_with_extra_from_classic_operator' retrieved from /home/airflow/.local/lib/python3.12/site-packages/airflow/example_dags/example_outlet_event_extra.py
[2025-04-26T22:37:11.252+0000] {logging_mixin.py:190} INFO - [2025-04-26T22:37:11.252+0000] {dag.py:3239} INFO - Sync 3 DAGs
[2025-04-26T22:37:11.276+0000] {logging_mixin.py:190} INFO - [2025-04-26T22:37:11.276+0000] {dag.py:4180} INFO - Setting next_dagrun for dataset_with_extra_by_context to 2025-04-25 00:00:00+00:00, run_after=2025-04-26 00:00:00+00:00
[2025-04-26T22:37:11.281+0000] {logging_mixin.py:190} INFO - [2025-04-26T22:37:11.281+0000] {dag.py:4180} INFO - Setting next_dagrun for dataset_with_extra_by_yield to 2025-04-25 00:00:00+00:00, run_after=2025-04-26 00:00:00+00:00
[2025-04-26T22:37:11.284+0000] {logging_mixin.py:190} INFO - [2025-04-26T22:37:11.284+0000] {dag.py:4180} INFO - Setting next_dagrun for dataset_with_extra_from_classic_operator to 2025-04-25 00:00:00+00:00, run_after=2025-04-26 00:00:00+00:00
[2025-04-26T22:37:11.301+0000] {processor.py:208} INFO - Processing /home/airflow/.local/lib/python3.12/site-packages/airflow/example_dags/example_outlet_event_extra.py took 0.607 seconds
[2025-04-26T22:37:41.895+0000] {processor.py:186} INFO - Started process (PID=1019) to work on /home/airflow/.local/lib/python3.12/site-packages/airflow/example_dags/example_outlet_event_extra.py
[2025-04-26T22:37:41.896+0000] {processor.py:914} INFO - Processing file /home/airflow/.local/lib/python3.12/site-packages/airflow/example_dags/example_outlet_event_extra.py for tasks to queue
[2025-04-26T22:37:41.898+0000] {logging_mixin.py:190} INFO - [2025-04-26T22:37:41.898+0000] {dagbag.py:588} INFO - Filling up the DagBag from /home/airflow/.local/lib/python3.12/site-packages/airflow/example_dags/example_outlet_event_extra.py
[2025-04-26T22:37:42.421+0000] {processor.py:925} INFO - DAG(s) 'dataset_with_extra_by_context', 'dataset_with_extra_from_classic_operator', 'dataset_with_extra_by_yield' retrieved from /home/airflow/.local/lib/python3.12/site-packages/airflow/example_dags/example_outlet_event_extra.py
[2025-04-26T22:37:42.444+0000] {logging_mixin.py:190} INFO - [2025-04-26T22:37:42.443+0000] {dag.py:3239} INFO - Sync 3 DAGs
[2025-04-26T22:37:42.469+0000] {logging_mixin.py:190} INFO - [2025-04-26T22:37:42.468+0000] {dag.py:4180} INFO - Setting next_dagrun for dataset_with_extra_by_context to 2025-04-25 00:00:00+00:00, run_after=2025-04-26 00:00:00+00:00
[2025-04-26T22:37:42.473+0000] {logging_mixin.py:190} INFO - [2025-04-26T22:37:42.473+0000] {dag.py:4180} INFO - Setting next_dagrun for dataset_with_extra_by_yield to 2025-04-25 00:00:00+00:00, run_after=2025-04-26 00:00:00+00:00
[2025-04-26T22:37:42.476+0000] {logging_mixin.py:190} INFO - [2025-04-26T22:37:42.476+0000] {dag.py:4180} INFO - Setting next_dagrun for dataset_with_extra_from_classic_operator to 2025-04-25 00:00:00+00:00, run_after=2025-04-26 00:00:00+00:00
[2025-04-26T22:37:42.493+0000] {processor.py:208} INFO - Processing /home/airflow/.local/lib/python3.12/site-packages/airflow/example_dags/example_outlet_event_extra.py took 0.605 seconds
[2025-04-26T22:38:13.091+0000] {processor.py:186} INFO - Started process (PID=1083) to work on /home/airflow/.local/lib/python3.12/site-packages/airflow/example_dags/example_outlet_event_extra.py
[2025-04-26T22:38:13.092+0000] {processor.py:914} INFO - Processing file /home/airflow/.local/lib/python3.12/site-packages/airflow/example_dags/example_outlet_event_extra.py for tasks to queue
[2025-04-26T22:38:13.095+0000] {logging_mixin.py:190} INFO - [2025-04-26T22:38:13.095+0000] {dagbag.py:588} INFO - Filling up the DagBag from /home/airflow/.local/lib/python3.12/site-packages/airflow/example_dags/example_outlet_event_extra.py
[2025-04-26T22:38:13.846+0000] {processor.py:925} INFO - DAG(s) 'dataset_with_extra_from_classic_operator', 'dataset_with_extra_by_yield', 'dataset_with_extra_by_context' retrieved from /home/airflow/.local/lib/python3.12/site-packages/airflow/example_dags/example_outlet_event_extra.py
[2025-04-26T22:38:13.870+0000] {logging_mixin.py:190} INFO - [2025-04-26T22:38:13.869+0000] {dag.py:3239} INFO - Sync 3 DAGs
[2025-04-26T22:38:13.895+0000] {logging_mixin.py:190} INFO - [2025-04-26T22:38:13.895+0000] {dag.py:4180} INFO - Setting next_dagrun for dataset_with_extra_by_context to 2025-04-25 00:00:00+00:00, run_after=2025-04-26 00:00:00+00:00
[2025-04-26T22:38:13.900+0000] {logging_mixin.py:190} INFO - [2025-04-26T22:38:13.900+0000] {dag.py:4180} INFO - Setting next_dagrun for dataset_with_extra_by_yield to 2025-04-25 00:00:00+00:00, run_after=2025-04-26 00:00:00+00:00
[2025-04-26T22:38:13.903+0000] {logging_mixin.py:190} INFO - [2025-04-26T22:38:13.903+0000] {dag.py:4180} INFO - Setting next_dagrun for dataset_with_extra_from_classic_operator to 2025-04-25 00:00:00+00:00, run_after=2025-04-26 00:00:00+00:00
[2025-04-26T22:38:13.921+0000] {processor.py:208} INFO - Processing /home/airflow/.local/lib/python3.12/site-packages/airflow/example_dags/example_outlet_event_extra.py took 0.839 seconds
[2025-04-26T22:38:44.268+0000] {processor.py:186} INFO - Started process (PID=1147) to work on /home/airflow/.local/lib/python3.12/site-packages/airflow/example_dags/example_outlet_event_extra.py
[2025-04-26T22:38:44.269+0000] {processor.py:914} INFO - Processing file /home/airflow/.local/lib/python3.12/site-packages/airflow/example_dags/example_outlet_event_extra.py for tasks to queue
[2025-04-26T22:38:44.272+0000] {logging_mixin.py:190} INFO - [2025-04-26T22:38:44.272+0000] {dagbag.py:588} INFO - Filling up the DagBag from /home/airflow/.local/lib/python3.12/site-packages/airflow/example_dags/example_outlet_event_extra.py
[2025-04-26T22:38:44.920+0000] {processor.py:925} INFO - DAG(s) 'dataset_with_extra_by_yield', 'dataset_with_extra_from_classic_operator', 'dataset_with_extra_by_context' retrieved from /home/airflow/.local/lib/python3.12/site-packages/airflow/example_dags/example_outlet_event_extra.py
[2025-04-26T22:38:44.953+0000] {logging_mixin.py:190} INFO - [2025-04-26T22:38:44.953+0000] {dag.py:3239} INFO - Sync 3 DAGs
[2025-04-26T22:38:44.991+0000] {logging_mixin.py:190} INFO - [2025-04-26T22:38:44.991+0000] {dag.py:4180} INFO - Setting next_dagrun for dataset_with_extra_by_context to 2025-04-25 00:00:00+00:00, run_after=2025-04-26 00:00:00+00:00
[2025-04-26T22:38:44.999+0000] {logging_mixin.py:190} INFO - [2025-04-26T22:38:44.999+0000] {dag.py:4180} INFO - Setting next_dagrun for dataset_with_extra_by_yield to 2025-04-25 00:00:00+00:00, run_after=2025-04-26 00:00:00+00:00
[2025-04-26T22:38:45.003+0000] {logging_mixin.py:190} INFO - [2025-04-26T22:38:45.003+0000] {dag.py:4180} INFO - Setting next_dagrun for dataset_with_extra_from_classic_operator to 2025-04-25 00:00:00+00:00, run_after=2025-04-26 00:00:00+00:00
[2025-04-26T22:38:45.032+0000] {processor.py:208} INFO - Processing /home/airflow/.local/lib/python3.12/site-packages/airflow/example_dags/example_outlet_event_extra.py took 0.771 seconds
[2025-04-26T22:39:15.608+0000] {processor.py:186} INFO - Started process (PID=1211) to work on /home/airflow/.local/lib/python3.12/site-packages/airflow/example_dags/example_outlet_event_extra.py
[2025-04-26T22:39:15.609+0000] {processor.py:914} INFO - Processing file /home/airflow/.local/lib/python3.12/site-packages/airflow/example_dags/example_outlet_event_extra.py for tasks to queue
[2025-04-26T22:39:15.611+0000] {logging_mixin.py:190} INFO - [2025-04-26T22:39:15.611+0000] {dagbag.py:588} INFO - Filling up the DagBag from /home/airflow/.local/lib/python3.12/site-packages/airflow/example_dags/example_outlet_event_extra.py
[2025-04-26T22:39:16.143+0000] {processor.py:925} INFO - DAG(s) 'dataset_with_extra_by_yield', 'dataset_with_extra_by_context', 'dataset_with_extra_from_classic_operator' retrieved from /home/airflow/.local/lib/python3.12/site-packages/airflow/example_dags/example_outlet_event_extra.py
[2025-04-26T22:39:16.165+0000] {logging_mixin.py:190} INFO - [2025-04-26T22:39:16.165+0000] {dag.py:3239} INFO - Sync 3 DAGs
[2025-04-26T22:39:16.188+0000] {logging_mixin.py:190} INFO - [2025-04-26T22:39:16.188+0000] {dag.py:4180} INFO - Setting next_dagrun for dataset_with_extra_by_context to 2025-04-25 00:00:00+00:00, run_after=2025-04-26 00:00:00+00:00
[2025-04-26T22:39:16.193+0000] {logging_mixin.py:190} INFO - [2025-04-26T22:39:16.193+0000] {dag.py:4180} INFO - Setting next_dagrun for dataset_with_extra_by_yield to 2025-04-25 00:00:00+00:00, run_after=2025-04-26 00:00:00+00:00
[2025-04-26T22:39:16.196+0000] {logging_mixin.py:190} INFO - [2025-04-26T22:39:16.196+0000] {dag.py:4180} INFO - Setting next_dagrun for dataset_with_extra_from_classic_operator to 2025-04-25 00:00:00+00:00, run_after=2025-04-26 00:00:00+00:00
[2025-04-26T22:39:16.215+0000] {processor.py:208} INFO - Processing /home/airflow/.local/lib/python3.12/site-packages/airflow/example_dags/example_outlet_event_extra.py took 0.613 seconds
[2025-04-26T22:39:47.149+0000] {processor.py:186} INFO - Started process (PID=1275) to work on /home/airflow/.local/lib/python3.12/site-packages/airflow/example_dags/example_outlet_event_extra.py
[2025-04-26T22:39:47.150+0000] {processor.py:914} INFO - Processing file /home/airflow/.local/lib/python3.12/site-packages/airflow/example_dags/example_outlet_event_extra.py for tasks to queue
[2025-04-26T22:39:47.153+0000] {logging_mixin.py:190} INFO - [2025-04-26T22:39:47.152+0000] {dagbag.py:588} INFO - Filling up the DagBag from /home/airflow/.local/lib/python3.12/site-packages/airflow/example_dags/example_outlet_event_extra.py
[2025-04-26T22:39:47.681+0000] {processor.py:925} INFO - DAG(s) 'dataset_with_extra_by_yield', 'dataset_with_extra_by_context', 'dataset_with_extra_from_classic_operator' retrieved from /home/airflow/.local/lib/python3.12/site-packages/airflow/example_dags/example_outlet_event_extra.py
[2025-04-26T22:39:47.704+0000] {logging_mixin.py:190} INFO - [2025-04-26T22:39:47.704+0000] {dag.py:3239} INFO - Sync 3 DAGs
[2025-04-26T22:39:47.728+0000] {logging_mixin.py:190} INFO - [2025-04-26T22:39:47.727+0000] {dag.py:4180} INFO - Setting next_dagrun for dataset_with_extra_by_context to 2025-04-25 00:00:00+00:00, run_after=2025-04-26 00:00:00+00:00
[2025-04-26T22:39:47.732+0000] {logging_mixin.py:190} INFO - [2025-04-26T22:39:47.732+0000] {dag.py:4180} INFO - Setting next_dagrun for dataset_with_extra_by_yield to 2025-04-25 00:00:00+00:00, run_after=2025-04-26 00:00:00+00:00
[2025-04-26T22:39:47.735+0000] {logging_mixin.py:190} INFO - [2025-04-26T22:39:47.735+0000] {dag.py:4180} INFO - Setting next_dagrun for dataset_with_extra_from_classic_operator to 2025-04-25 00:00:00+00:00, run_after=2025-04-26 00:00:00+00:00
[2025-04-26T22:39:47.752+0000] {processor.py:208} INFO - Processing /home/airflow/.local/lib/python3.12/site-packages/airflow/example_dags/example_outlet_event_extra.py took 0.610 seconds
