[2025-04-26T22:29:54.695+0000] {processor.py:186} INFO - Started process (PID=72) to work on /home/airflow/.local/lib/python3.12/site-packages/airflow/example_dags/example_latest_only_with_trigger.py
[2025-04-26T22:29:54.696+0000] {processor.py:914} INFO - Processing file /home/airflow/.local/lib/python3.12/site-packages/airflow/example_dags/example_latest_only_with_trigger.py for tasks to queue
[2025-04-26T22:29:54.698+0000] {logging_mixin.py:190} INFO - [2025-04-26T22:29:54.698+0000] {dagbag.py:588} INFO - Filling up the DagBag from /home/airflow/.local/lib/python3.12/site-packages/airflow/example_dags/example_latest_only_with_trigger.py
[2025-04-26T22:29:54.707+0000] {processor.py:925} INFO - DAG(s) 'latest_only_with_trigger' retrieved from /home/airflow/.local/lib/python3.12/site-packages/airflow/example_dags/example_latest_only_with_trigger.py
[2025-04-26T22:29:54.818+0000] {logging_mixin.py:190} INFO - [2025-04-26T22:29:54.818+0000] {override.py:1912} INFO - Created Permission View: can read on DAG:latest_only_with_trigger
[2025-04-26T22:29:54.827+0000] {logging_mixin.py:190} INFO - [2025-04-26T22:29:54.827+0000] {override.py:1912} INFO - Created Permission View: can delete on DAG:latest_only_with_trigger
[2025-04-26T22:29:54.832+0000] {logging_mixin.py:190} INFO - [2025-04-26T22:29:54.832+0000] {override.py:1912} INFO - Created Permission View: can edit on DAG:latest_only_with_trigger
[2025-04-26T22:29:54.838+0000] {logging_mixin.py:190} INFO - [2025-04-26T22:29:54.838+0000] {override.py:1912} INFO - Created Permission View: can read on DAG Run:latest_only_with_trigger
[2025-04-26T22:29:54.844+0000] {logging_mixin.py:190} INFO - [2025-04-26T22:29:54.843+0000] {override.py:1912} INFO - Created Permission View: can create on DAG Run:latest_only_with_trigger
[2025-04-26T22:29:54.849+0000] {logging_mixin.py:190} INFO - [2025-04-26T22:29:54.849+0000] {override.py:1912} INFO - Created Permission View: can delete on DAG Run:latest_only_with_trigger
[2025-04-26T22:29:54.854+0000] {logging_mixin.py:190} INFO - [2025-04-26T22:29:54.854+0000] {override.py:1912} INFO - Created Permission View: menu access on DAG Run:latest_only_with_trigger
[2025-04-26T22:29:54.854+0000] {logging_mixin.py:190} INFO - [2025-04-26T22:29:54.854+0000] {dag.py:3239} INFO - Sync 1 DAGs
[2025-04-26T22:29:54.867+0000] {logging_mixin.py:190} INFO - [2025-04-26T22:29:54.867+0000] {dag.py:3262} INFO - Creating ORM DAG for latest_only_with_trigger
[2025-04-26T22:29:54.876+0000] {logging_mixin.py:190} INFO - [2025-04-26T22:29:54.876+0000] {dag.py:4180} INFO - Setting next_dagrun for latest_only_with_trigger to 2025-04-26 16:00:00+00:00, run_after=2025-04-26 20:00:00+00:00
[2025-04-26T22:29:54.889+0000] {processor.py:208} INFO - Processing /home/airflow/.local/lib/python3.12/site-packages/airflow/example_dags/example_latest_only_with_trigger.py took 0.201 seconds
[2025-04-26T22:30:25.400+0000] {processor.py:186} INFO - Started process (PID=135) to work on /home/airflow/.local/lib/python3.12/site-packages/airflow/example_dags/example_latest_only_with_trigger.py
[2025-04-26T22:30:25.401+0000] {processor.py:914} INFO - Processing file /home/airflow/.local/lib/python3.12/site-packages/airflow/example_dags/example_latest_only_with_trigger.py for tasks to queue
[2025-04-26T22:30:25.403+0000] {logging_mixin.py:190} INFO - [2025-04-26T22:30:25.403+0000] {dagbag.py:588} INFO - Filling up the DagBag from /home/airflow/.local/lib/python3.12/site-packages/airflow/example_dags/example_latest_only_with_trigger.py
[2025-04-26T22:30:25.412+0000] {processor.py:925} INFO - DAG(s) 'latest_only_with_trigger' retrieved from /home/airflow/.local/lib/python3.12/site-packages/airflow/example_dags/example_latest_only_with_trigger.py
[2025-04-26T22:30:25.439+0000] {logging_mixin.py:190} INFO - [2025-04-26T22:30:25.439+0000] {dag.py:3239} INFO - Sync 1 DAGs
[2025-04-26T22:30:25.472+0000] {logging_mixin.py:190} INFO - [2025-04-26T22:30:25.472+0000] {dag.py:4180} INFO - Setting next_dagrun for latest_only_with_trigger to 2025-04-26 16:00:00+00:00, run_after=2025-04-26 20:00:00+00:00
[2025-04-26T22:30:25.488+0000] {processor.py:208} INFO - Processing /home/airflow/.local/lib/python3.12/site-packages/airflow/example_dags/example_latest_only_with_trigger.py took 0.095 seconds
[2025-04-26T22:30:56.989+0000] {processor.py:186} INFO - Started process (PID=198) to work on /home/airflow/.local/lib/python3.12/site-packages/airflow/example_dags/example_latest_only_with_trigger.py
[2025-04-26T22:30:56.991+0000] {processor.py:914} INFO - Processing file /home/airflow/.local/lib/python3.12/site-packages/airflow/example_dags/example_latest_only_with_trigger.py for tasks to queue
[2025-04-26T22:30:56.994+0000] {logging_mixin.py:190} INFO - [2025-04-26T22:30:56.993+0000] {dagbag.py:588} INFO - Filling up the DagBag from /home/airflow/.local/lib/python3.12/site-packages/airflow/example_dags/example_latest_only_with_trigger.py
[2025-04-26T22:30:57.004+0000] {processor.py:925} INFO - DAG(s) 'latest_only_with_trigger' retrieved from /home/airflow/.local/lib/python3.12/site-packages/airflow/example_dags/example_latest_only_with_trigger.py
[2025-04-26T22:30:57.030+0000] {logging_mixin.py:190} INFO - [2025-04-26T22:30:57.030+0000] {dag.py:3239} INFO - Sync 1 DAGs
[2025-04-26T22:30:57.058+0000] {logging_mixin.py:190} INFO - [2025-04-26T22:30:57.058+0000] {dag.py:4180} INFO - Setting next_dagrun for latest_only_with_trigger to 2025-04-26 16:00:00+00:00, run_after=2025-04-26 20:00:00+00:00
[2025-04-26T22:30:57.079+0000] {processor.py:208} INFO - Processing /home/airflow/.local/lib/python3.12/site-packages/airflow/example_dags/example_latest_only_with_trigger.py took 0.099 seconds
[2025-04-26T22:31:28.585+0000] {processor.py:186} INFO - Started process (PID=261) to work on /home/airflow/.local/lib/python3.12/site-packages/airflow/example_dags/example_latest_only_with_trigger.py
[2025-04-26T22:31:28.586+0000] {processor.py:914} INFO - Processing file /home/airflow/.local/lib/python3.12/site-packages/airflow/example_dags/example_latest_only_with_trigger.py for tasks to queue
[2025-04-26T22:31:28.588+0000] {logging_mixin.py:190} INFO - [2025-04-26T22:31:28.588+0000] {dagbag.py:588} INFO - Filling up the DagBag from /home/airflow/.local/lib/python3.12/site-packages/airflow/example_dags/example_latest_only_with_trigger.py
[2025-04-26T22:31:28.597+0000] {processor.py:925} INFO - DAG(s) 'latest_only_with_trigger' retrieved from /home/airflow/.local/lib/python3.12/site-packages/airflow/example_dags/example_latest_only_with_trigger.py
[2025-04-26T22:31:28.615+0000] {logging_mixin.py:190} INFO - [2025-04-26T22:31:28.615+0000] {dag.py:3239} INFO - Sync 1 DAGs
[2025-04-26T22:31:28.637+0000] {logging_mixin.py:190} INFO - [2025-04-26T22:31:28.637+0000] {dag.py:4180} INFO - Setting next_dagrun for latest_only_with_trigger to 2025-04-26 16:00:00+00:00, run_after=2025-04-26 20:00:00+00:00
[2025-04-26T22:31:28.652+0000] {processor.py:208} INFO - Processing /home/airflow/.local/lib/python3.12/site-packages/airflow/example_dags/example_latest_only_with_trigger.py took 0.073 seconds
[2025-04-26T22:31:59.951+0000] {processor.py:186} INFO - Started process (PID=324) to work on /home/airflow/.local/lib/python3.12/site-packages/airflow/example_dags/example_latest_only_with_trigger.py
[2025-04-26T22:31:59.952+0000] {processor.py:914} INFO - Processing file /home/airflow/.local/lib/python3.12/site-packages/airflow/example_dags/example_latest_only_with_trigger.py for tasks to queue
[2025-04-26T22:31:59.954+0000] {logging_mixin.py:190} INFO - [2025-04-26T22:31:59.954+0000] {dagbag.py:588} INFO - Filling up the DagBag from /home/airflow/.local/lib/python3.12/site-packages/airflow/example_dags/example_latest_only_with_trigger.py
[2025-04-26T22:31:59.962+0000] {processor.py:925} INFO - DAG(s) 'latest_only_with_trigger' retrieved from /home/airflow/.local/lib/python3.12/site-packages/airflow/example_dags/example_latest_only_with_trigger.py
[2025-04-26T22:31:59.982+0000] {logging_mixin.py:190} INFO - [2025-04-26T22:31:59.982+0000] {dag.py:3239} INFO - Sync 1 DAGs
[2025-04-26T22:32:00.005+0000] {logging_mixin.py:190} INFO - [2025-04-26T22:32:00.005+0000] {dag.py:4180} INFO - Setting next_dagrun for latest_only_with_trigger to 2025-04-26 16:00:00+00:00, run_after=2025-04-26 20:00:00+00:00
[2025-04-26T22:32:00.023+0000] {processor.py:208} INFO - Processing /home/airflow/.local/lib/python3.12/site-packages/airflow/example_dags/example_latest_only_with_trigger.py took 0.078 seconds
[2025-04-26T22:32:31.335+0000] {processor.py:186} INFO - Started process (PID=387) to work on /home/airflow/.local/lib/python3.12/site-packages/airflow/example_dags/example_latest_only_with_trigger.py
[2025-04-26T22:32:31.336+0000] {processor.py:914} INFO - Processing file /home/airflow/.local/lib/python3.12/site-packages/airflow/example_dags/example_latest_only_with_trigger.py for tasks to queue
[2025-04-26T22:32:31.339+0000] {logging_mixin.py:190} INFO - [2025-04-26T22:32:31.339+0000] {dagbag.py:588} INFO - Filling up the DagBag from /home/airflow/.local/lib/python3.12/site-packages/airflow/example_dags/example_latest_only_with_trigger.py
[2025-04-26T22:32:31.348+0000] {processor.py:925} INFO - DAG(s) 'latest_only_with_trigger' retrieved from /home/airflow/.local/lib/python3.12/site-packages/airflow/example_dags/example_latest_only_with_trigger.py
[2025-04-26T22:32:31.367+0000] {logging_mixin.py:190} INFO - [2025-04-26T22:32:31.367+0000] {dag.py:3239} INFO - Sync 1 DAGs
[2025-04-26T22:32:31.390+0000] {logging_mixin.py:190} INFO - [2025-04-26T22:32:31.390+0000] {dag.py:4180} INFO - Setting next_dagrun for latest_only_with_trigger to 2025-04-26 16:00:00+00:00, run_after=2025-04-26 20:00:00+00:00
[2025-04-26T22:32:31.407+0000] {processor.py:208} INFO - Processing /home/airflow/.local/lib/python3.12/site-packages/airflow/example_dags/example_latest_only_with_trigger.py took 0.081 seconds
[2025-04-26T22:33:02.451+0000] {processor.py:186} INFO - Started process (PID=450) to work on /home/airflow/.local/lib/python3.12/site-packages/airflow/example_dags/example_latest_only_with_trigger.py
[2025-04-26T22:33:02.452+0000] {processor.py:914} INFO - Processing file /home/airflow/.local/lib/python3.12/site-packages/airflow/example_dags/example_latest_only_with_trigger.py for tasks to queue
[2025-04-26T22:33:02.455+0000] {logging_mixin.py:190} INFO - [2025-04-26T22:33:02.454+0000] {dagbag.py:588} INFO - Filling up the DagBag from /home/airflow/.local/lib/python3.12/site-packages/airflow/example_dags/example_latest_only_with_trigger.py
[2025-04-26T22:33:02.463+0000] {processor.py:925} INFO - DAG(s) 'latest_only_with_trigger' retrieved from /home/airflow/.local/lib/python3.12/site-packages/airflow/example_dags/example_latest_only_with_trigger.py
[2025-04-26T22:33:02.482+0000] {logging_mixin.py:190} INFO - [2025-04-26T22:33:02.482+0000] {dag.py:3239} INFO - Sync 1 DAGs
[2025-04-26T22:33:02.505+0000] {logging_mixin.py:190} INFO - [2025-04-26T22:33:02.505+0000] {dag.py:4180} INFO - Setting next_dagrun for latest_only_with_trigger to 2025-04-26 16:00:00+00:00, run_after=2025-04-26 20:00:00+00:00
[2025-04-26T22:33:02.520+0000] {processor.py:208} INFO - Processing /home/airflow/.local/lib/python3.12/site-packages/airflow/example_dags/example_latest_only_with_trigger.py took 0.076 seconds
[2025-04-26T22:33:33.667+0000] {processor.py:186} INFO - Started process (PID=513) to work on /home/airflow/.local/lib/python3.12/site-packages/airflow/example_dags/example_latest_only_with_trigger.py
[2025-04-26T22:33:33.668+0000] {processor.py:914} INFO - Processing file /home/airflow/.local/lib/python3.12/site-packages/airflow/example_dags/example_latest_only_with_trigger.py for tasks to queue
[2025-04-26T22:33:33.670+0000] {logging_mixin.py:190} INFO - [2025-04-26T22:33:33.670+0000] {dagbag.py:588} INFO - Filling up the DagBag from /home/airflow/.local/lib/python3.12/site-packages/airflow/example_dags/example_latest_only_with_trigger.py
[2025-04-26T22:33:33.678+0000] {processor.py:925} INFO - DAG(s) 'latest_only_with_trigger' retrieved from /home/airflow/.local/lib/python3.12/site-packages/airflow/example_dags/example_latest_only_with_trigger.py
[2025-04-26T22:33:33.696+0000] {logging_mixin.py:190} INFO - [2025-04-26T22:33:33.696+0000] {dag.py:3239} INFO - Sync 1 DAGs
[2025-04-26T22:33:33.718+0000] {logging_mixin.py:190} INFO - [2025-04-26T22:33:33.718+0000] {dag.py:4180} INFO - Setting next_dagrun for latest_only_with_trigger to 2025-04-26 16:00:00+00:00, run_after=2025-04-26 20:00:00+00:00
[2025-04-26T22:33:33.734+0000] {processor.py:208} INFO - Processing /home/airflow/.local/lib/python3.12/site-packages/airflow/example_dags/example_latest_only_with_trigger.py took 0.074 seconds
[2025-04-26T22:34:04.904+0000] {processor.py:186} INFO - Started process (PID=576) to work on /home/airflow/.local/lib/python3.12/site-packages/airflow/example_dags/example_latest_only_with_trigger.py
[2025-04-26T22:34:04.905+0000] {processor.py:914} INFO - Processing file /home/airflow/.local/lib/python3.12/site-packages/airflow/example_dags/example_latest_only_with_trigger.py for tasks to queue
[2025-04-26T22:34:04.907+0000] {logging_mixin.py:190} INFO - [2025-04-26T22:34:04.907+0000] {dagbag.py:588} INFO - Filling up the DagBag from /home/airflow/.local/lib/python3.12/site-packages/airflow/example_dags/example_latest_only_with_trigger.py
[2025-04-26T22:34:04.915+0000] {processor.py:925} INFO - DAG(s) 'latest_only_with_trigger' retrieved from /home/airflow/.local/lib/python3.12/site-packages/airflow/example_dags/example_latest_only_with_trigger.py
[2025-04-26T22:34:04.935+0000] {logging_mixin.py:190} INFO - [2025-04-26T22:34:04.935+0000] {dag.py:3239} INFO - Sync 1 DAGs
[2025-04-26T22:34:04.958+0000] {logging_mixin.py:190} INFO - [2025-04-26T22:34:04.957+0000] {dag.py:4180} INFO - Setting next_dagrun for latest_only_with_trigger to 2025-04-26 16:00:00+00:00, run_after=2025-04-26 20:00:00+00:00
[2025-04-26T22:34:04.973+0000] {processor.py:208} INFO - Processing /home/airflow/.local/lib/python3.12/site-packages/airflow/example_dags/example_latest_only_with_trigger.py took 0.076 seconds
[2025-04-26T22:34:36.482+0000] {processor.py:186} INFO - Started process (PID=639) to work on /home/airflow/.local/lib/python3.12/site-packages/airflow/example_dags/example_latest_only_with_trigger.py
[2025-04-26T22:34:36.483+0000] {processor.py:914} INFO - Processing file /home/airflow/.local/lib/python3.12/site-packages/airflow/example_dags/example_latest_only_with_trigger.py for tasks to queue
[2025-04-26T22:34:36.486+0000] {logging_mixin.py:190} INFO - [2025-04-26T22:34:36.485+0000] {dagbag.py:588} INFO - Filling up the DagBag from /home/airflow/.local/lib/python3.12/site-packages/airflow/example_dags/example_latest_only_with_trigger.py
[2025-04-26T22:34:36.496+0000] {processor.py:925} INFO - DAG(s) 'latest_only_with_trigger' retrieved from /home/airflow/.local/lib/python3.12/site-packages/airflow/example_dags/example_latest_only_with_trigger.py
[2025-04-26T22:34:36.514+0000] {logging_mixin.py:190} INFO - [2025-04-26T22:34:36.514+0000] {dag.py:3239} INFO - Sync 1 DAGs
[2025-04-26T22:34:36.536+0000] {logging_mixin.py:190} INFO - [2025-04-26T22:34:36.535+0000] {dag.py:4180} INFO - Setting next_dagrun for latest_only_with_trigger to 2025-04-26 16:00:00+00:00, run_after=2025-04-26 20:00:00+00:00
[2025-04-26T22:34:36.551+0000] {processor.py:208} INFO - Processing /home/airflow/.local/lib/python3.12/site-packages/airflow/example_dags/example_latest_only_with_trigger.py took 0.076 seconds
[2025-04-26T22:35:07.631+0000] {processor.py:186} INFO - Started process (PID=703) to work on /home/airflow/.local/lib/python3.12/site-packages/airflow/example_dags/example_latest_only_with_trigger.py
[2025-04-26T22:35:07.632+0000] {processor.py:914} INFO - Processing file /home/airflow/.local/lib/python3.12/site-packages/airflow/example_dags/example_latest_only_with_trigger.py for tasks to queue
[2025-04-26T22:35:07.634+0000] {logging_mixin.py:190} INFO - [2025-04-26T22:35:07.634+0000] {dagbag.py:588} INFO - Filling up the DagBag from /home/airflow/.local/lib/python3.12/site-packages/airflow/example_dags/example_latest_only_with_trigger.py
[2025-04-26T22:35:07.643+0000] {processor.py:925} INFO - DAG(s) 'latest_only_with_trigger' retrieved from /home/airflow/.local/lib/python3.12/site-packages/airflow/example_dags/example_latest_only_with_trigger.py
[2025-04-26T22:35:07.665+0000] {logging_mixin.py:190} INFO - [2025-04-26T22:35:07.665+0000] {dag.py:3239} INFO - Sync 1 DAGs
[2025-04-26T22:35:07.687+0000] {logging_mixin.py:190} INFO - [2025-04-26T22:35:07.687+0000] {dag.py:4180} INFO - Setting next_dagrun for latest_only_with_trigger to 2025-04-26 16:00:00+00:00, run_after=2025-04-26 20:00:00+00:00
[2025-04-26T22:35:07.703+0000] {processor.py:208} INFO - Processing /home/airflow/.local/lib/python3.12/site-packages/airflow/example_dags/example_latest_only_with_trigger.py took 0.079 seconds
[2025-04-26T22:35:38.811+0000] {processor.py:186} INFO - Started process (PID=767) to work on /home/airflow/.local/lib/python3.12/site-packages/airflow/example_dags/example_latest_only_with_trigger.py
[2025-04-26T22:35:38.812+0000] {processor.py:914} INFO - Processing file /home/airflow/.local/lib/python3.12/site-packages/airflow/example_dags/example_latest_only_with_trigger.py for tasks to queue
[2025-04-26T22:35:38.815+0000] {logging_mixin.py:190} INFO - [2025-04-26T22:35:38.815+0000] {dagbag.py:588} INFO - Filling up the DagBag from /home/airflow/.local/lib/python3.12/site-packages/airflow/example_dags/example_latest_only_with_trigger.py
[2025-04-26T22:35:38.826+0000] {processor.py:925} INFO - DAG(s) 'latest_only_with_trigger' retrieved from /home/airflow/.local/lib/python3.12/site-packages/airflow/example_dags/example_latest_only_with_trigger.py
[2025-04-26T22:35:38.845+0000] {logging_mixin.py:190} INFO - [2025-04-26T22:35:38.845+0000] {dag.py:3239} INFO - Sync 1 DAGs
[2025-04-26T22:35:38.869+0000] {logging_mixin.py:190} INFO - [2025-04-26T22:35:38.869+0000] {dag.py:4180} INFO - Setting next_dagrun for latest_only_with_trigger to 2025-04-26 16:00:00+00:00, run_after=2025-04-26 20:00:00+00:00
[2025-04-26T22:35:38.885+0000] {processor.py:208} INFO - Processing /home/airflow/.local/lib/python3.12/site-packages/airflow/example_dags/example_latest_only_with_trigger.py took 0.082 seconds
[2025-04-26T22:36:09.709+0000] {processor.py:186} INFO - Started process (PID=831) to work on /home/airflow/.local/lib/python3.12/site-packages/airflow/example_dags/example_latest_only_with_trigger.py
[2025-04-26T22:36:09.710+0000] {processor.py:914} INFO - Processing file /home/airflow/.local/lib/python3.12/site-packages/airflow/example_dags/example_latest_only_with_trigger.py for tasks to queue
[2025-04-26T22:36:09.713+0000] {logging_mixin.py:190} INFO - [2025-04-26T22:36:09.712+0000] {dagbag.py:588} INFO - Filling up the DagBag from /home/airflow/.local/lib/python3.12/site-packages/airflow/example_dags/example_latest_only_with_trigger.py
[2025-04-26T22:36:09.721+0000] {processor.py:925} INFO - DAG(s) 'latest_only_with_trigger' retrieved from /home/airflow/.local/lib/python3.12/site-packages/airflow/example_dags/example_latest_only_with_trigger.py
[2025-04-26T22:36:09.741+0000] {logging_mixin.py:190} INFO - [2025-04-26T22:36:09.741+0000] {dag.py:3239} INFO - Sync 1 DAGs
[2025-04-26T22:36:09.765+0000] {logging_mixin.py:190} INFO - [2025-04-26T22:36:09.765+0000] {dag.py:4180} INFO - Setting next_dagrun for latest_only_with_trigger to 2025-04-26 16:00:00+00:00, run_after=2025-04-26 20:00:00+00:00
[2025-04-26T22:36:09.782+0000] {processor.py:208} INFO - Processing /home/airflow/.local/lib/python3.12/site-packages/airflow/example_dags/example_latest_only_with_trigger.py took 0.080 seconds
[2025-04-26T22:36:40.866+0000] {processor.py:186} INFO - Started process (PID=895) to work on /home/airflow/.local/lib/python3.12/site-packages/airflow/example_dags/example_latest_only_with_trigger.py
[2025-04-26T22:36:40.867+0000] {processor.py:914} INFO - Processing file /home/airflow/.local/lib/python3.12/site-packages/airflow/example_dags/example_latest_only_with_trigger.py for tasks to queue
[2025-04-26T22:36:40.870+0000] {logging_mixin.py:190} INFO - [2025-04-26T22:36:40.869+0000] {dagbag.py:588} INFO - Filling up the DagBag from /home/airflow/.local/lib/python3.12/site-packages/airflow/example_dags/example_latest_only_with_trigger.py
[2025-04-26T22:36:40.878+0000] {processor.py:925} INFO - DAG(s) 'latest_only_with_trigger' retrieved from /home/airflow/.local/lib/python3.12/site-packages/airflow/example_dags/example_latest_only_with_trigger.py
[2025-04-26T22:36:40.902+0000] {logging_mixin.py:190} INFO - [2025-04-26T22:36:40.902+0000] {dag.py:3239} INFO - Sync 1 DAGs
[2025-04-26T22:36:40.926+0000] {logging_mixin.py:190} INFO - [2025-04-26T22:36:40.926+0000] {dag.py:4180} INFO - Setting next_dagrun for latest_only_with_trigger to 2025-04-26 16:00:00+00:00, run_after=2025-04-26 20:00:00+00:00
[2025-04-26T22:36:40.946+0000] {processor.py:208} INFO - Processing /home/airflow/.local/lib/python3.12/site-packages/airflow/example_dags/example_latest_only_with_trigger.py took 0.087 seconds
[2025-04-26T22:37:11.543+0000] {processor.py:186} INFO - Started process (PID=959) to work on /home/airflow/.local/lib/python3.12/site-packages/airflow/example_dags/example_latest_only_with_trigger.py
[2025-04-26T22:37:11.545+0000] {processor.py:914} INFO - Processing file /home/airflow/.local/lib/python3.12/site-packages/airflow/example_dags/example_latest_only_with_trigger.py for tasks to queue
[2025-04-26T22:37:11.547+0000] {logging_mixin.py:190} INFO - [2025-04-26T22:37:11.547+0000] {dagbag.py:588} INFO - Filling up the DagBag from /home/airflow/.local/lib/python3.12/site-packages/airflow/example_dags/example_latest_only_with_trigger.py
[2025-04-26T22:37:11.555+0000] {processor.py:925} INFO - DAG(s) 'latest_only_with_trigger' retrieved from /home/airflow/.local/lib/python3.12/site-packages/airflow/example_dags/example_latest_only_with_trigger.py
[2025-04-26T22:37:11.575+0000] {logging_mixin.py:190} INFO - [2025-04-26T22:37:11.574+0000] {dag.py:3239} INFO - Sync 1 DAGs
[2025-04-26T22:37:11.597+0000] {logging_mixin.py:190} INFO - [2025-04-26T22:37:11.597+0000] {dag.py:4180} INFO - Setting next_dagrun for latest_only_with_trigger to 2025-04-26 16:00:00+00:00, run_after=2025-04-26 20:00:00+00:00
[2025-04-26T22:37:11.613+0000] {processor.py:208} INFO - Processing /home/airflow/.local/lib/python3.12/site-packages/airflow/example_dags/example_latest_only_with_trigger.py took 0.076 seconds
[2025-04-26T22:37:42.749+0000] {processor.py:186} INFO - Started process (PID=1023) to work on /home/airflow/.local/lib/python3.12/site-packages/airflow/example_dags/example_latest_only_with_trigger.py
[2025-04-26T22:37:42.750+0000] {processor.py:914} INFO - Processing file /home/airflow/.local/lib/python3.12/site-packages/airflow/example_dags/example_latest_only_with_trigger.py for tasks to queue
[2025-04-26T22:37:42.752+0000] {logging_mixin.py:190} INFO - [2025-04-26T22:37:42.752+0000] {dagbag.py:588} INFO - Filling up the DagBag from /home/airflow/.local/lib/python3.12/site-packages/airflow/example_dags/example_latest_only_with_trigger.py
[2025-04-26T22:37:42.761+0000] {processor.py:925} INFO - DAG(s) 'latest_only_with_trigger' retrieved from /home/airflow/.local/lib/python3.12/site-packages/airflow/example_dags/example_latest_only_with_trigger.py
[2025-04-26T22:37:42.781+0000] {logging_mixin.py:190} INFO - [2025-04-26T22:37:42.781+0000] {dag.py:3239} INFO - Sync 1 DAGs
[2025-04-26T22:37:42.807+0000] {logging_mixin.py:190} INFO - [2025-04-26T22:37:42.807+0000] {dag.py:4180} INFO - Setting next_dagrun for latest_only_with_trigger to 2025-04-26 16:00:00+00:00, run_after=2025-04-26 20:00:00+00:00
[2025-04-26T22:37:42.825+0000] {processor.py:208} INFO - Processing /home/airflow/.local/lib/python3.12/site-packages/airflow/example_dags/example_latest_only_with_trigger.py took 0.084 seconds
[2025-04-26T22:38:13.995+0000] {processor.py:186} INFO - Started process (PID=1087) to work on /home/airflow/.local/lib/python3.12/site-packages/airflow/example_dags/example_latest_only_with_trigger.py
[2025-04-26T22:38:13.996+0000] {processor.py:914} INFO - Processing file /home/airflow/.local/lib/python3.12/site-packages/airflow/example_dags/example_latest_only_with_trigger.py for tasks to queue
[2025-04-26T22:38:13.999+0000] {logging_mixin.py:190} INFO - [2025-04-26T22:38:13.998+0000] {dagbag.py:588} INFO - Filling up the DagBag from /home/airflow/.local/lib/python3.12/site-packages/airflow/example_dags/example_latest_only_with_trigger.py
[2025-04-26T22:38:14.008+0000] {processor.py:925} INFO - DAG(s) 'latest_only_with_trigger' retrieved from /home/airflow/.local/lib/python3.12/site-packages/airflow/example_dags/example_latest_only_with_trigger.py
[2025-04-26T22:38:14.033+0000] {logging_mixin.py:190} INFO - [2025-04-26T22:38:14.033+0000] {dag.py:3239} INFO - Sync 1 DAGs
[2025-04-26T22:38:14.058+0000] {logging_mixin.py:190} INFO - [2025-04-26T22:38:14.058+0000] {dag.py:4180} INFO - Setting next_dagrun for latest_only_with_trigger to 2025-04-26 16:00:00+00:00, run_after=2025-04-26 20:00:00+00:00
[2025-04-26T22:38:14.077+0000] {processor.py:208} INFO - Processing /home/airflow/.local/lib/python3.12/site-packages/airflow/example_dags/example_latest_only_with_trigger.py took 0.089 seconds
[2025-04-26T22:38:45.346+0000] {processor.py:186} INFO - Started process (PID=1151) to work on /home/airflow/.local/lib/python3.12/site-packages/airflow/example_dags/example_latest_only_with_trigger.py
[2025-04-26T22:38:45.347+0000] {processor.py:914} INFO - Processing file /home/airflow/.local/lib/python3.12/site-packages/airflow/example_dags/example_latest_only_with_trigger.py for tasks to queue
[2025-04-26T22:38:45.351+0000] {logging_mixin.py:190} INFO - [2025-04-26T22:38:45.350+0000] {dagbag.py:588} INFO - Filling up the DagBag from /home/airflow/.local/lib/python3.12/site-packages/airflow/example_dags/example_latest_only_with_trigger.py
[2025-04-26T22:38:45.362+0000] {processor.py:925} INFO - DAG(s) 'latest_only_with_trigger' retrieved from /home/airflow/.local/lib/python3.12/site-packages/airflow/example_dags/example_latest_only_with_trigger.py
[2025-04-26T22:38:45.390+0000] {logging_mixin.py:190} INFO - [2025-04-26T22:38:45.390+0000] {dag.py:3239} INFO - Sync 1 DAGs
[2025-04-26T22:38:45.429+0000] {logging_mixin.py:190} INFO - [2025-04-26T22:38:45.429+0000] {dag.py:4180} INFO - Setting next_dagrun for latest_only_with_trigger to 2025-04-26 16:00:00+00:00, run_after=2025-04-26 20:00:00+00:00
[2025-04-26T22:38:45.453+0000] {processor.py:208} INFO - Processing /home/airflow/.local/lib/python3.12/site-packages/airflow/example_dags/example_latest_only_with_trigger.py took 0.117 seconds
[2025-04-26T22:39:16.464+0000] {processor.py:186} INFO - Started process (PID=1215) to work on /home/airflow/.local/lib/python3.12/site-packages/airflow/example_dags/example_latest_only_with_trigger.py
[2025-04-26T22:39:16.464+0000] {processor.py:914} INFO - Processing file /home/airflow/.local/lib/python3.12/site-packages/airflow/example_dags/example_latest_only_with_trigger.py for tasks to queue
[2025-04-26T22:39:16.467+0000] {logging_mixin.py:190} INFO - [2025-04-26T22:39:16.467+0000] {dagbag.py:588} INFO - Filling up the DagBag from /home/airflow/.local/lib/python3.12/site-packages/airflow/example_dags/example_latest_only_with_trigger.py
[2025-04-26T22:39:16.475+0000] {processor.py:925} INFO - DAG(s) 'latest_only_with_trigger' retrieved from /home/airflow/.local/lib/python3.12/site-packages/airflow/example_dags/example_latest_only_with_trigger.py
[2025-04-26T22:39:16.495+0000] {logging_mixin.py:190} INFO - [2025-04-26T22:39:16.495+0000] {dag.py:3239} INFO - Sync 1 DAGs
[2025-04-26T22:39:16.518+0000] {logging_mixin.py:190} INFO - [2025-04-26T22:39:16.518+0000] {dag.py:4180} INFO - Setting next_dagrun for latest_only_with_trigger to 2025-04-26 16:00:00+00:00, run_after=2025-04-26 20:00:00+00:00
[2025-04-26T22:39:16.533+0000] {processor.py:208} INFO - Processing /home/airflow/.local/lib/python3.12/site-packages/airflow/example_dags/example_latest_only_with_trigger.py took 0.077 seconds
[2025-04-26T22:39:47.996+0000] {processor.py:186} INFO - Started process (PID=1279) to work on /home/airflow/.local/lib/python3.12/site-packages/airflow/example_dags/example_latest_only_with_trigger.py
[2025-04-26T22:39:47.997+0000] {processor.py:914} INFO - Processing file /home/airflow/.local/lib/python3.12/site-packages/airflow/example_dags/example_latest_only_with_trigger.py for tasks to queue
[2025-04-26T22:39:48.000+0000] {logging_mixin.py:190} INFO - [2025-04-26T22:39:47.999+0000] {dagbag.py:588} INFO - Filling up the DagBag from /home/airflow/.local/lib/python3.12/site-packages/airflow/example_dags/example_latest_only_with_trigger.py
[2025-04-26T22:39:48.008+0000] {processor.py:925} INFO - DAG(s) 'latest_only_with_trigger' retrieved from /home/airflow/.local/lib/python3.12/site-packages/airflow/example_dags/example_latest_only_with_trigger.py
[2025-04-26T22:39:48.027+0000] {logging_mixin.py:190} INFO - [2025-04-26T22:39:48.027+0000] {dag.py:3239} INFO - Sync 1 DAGs
[2025-04-26T22:39:48.052+0000] {logging_mixin.py:190} INFO - [2025-04-26T22:39:48.051+0000] {dag.py:4180} INFO - Setting next_dagrun for latest_only_with_trigger to 2025-04-26 16:00:00+00:00, run_after=2025-04-26 20:00:00+00:00
[2025-04-26T22:39:48.073+0000] {processor.py:208} INFO - Processing /home/airflow/.local/lib/python3.12/site-packages/airflow/example_dags/example_latest_only_with_trigger.py took 0.084 seconds
