[2025-04-26T22:29:57.682+0000] {processor.py:186} INFO - Started process (PID=86) to work on /home/airflow/.local/lib/python3.12/site-packages/airflow/example_dags/example_task_group.py
[2025-04-26T22:29:57.683+0000] {processor.py:914} INFO - Processing file /home/airflow/.local/lib/python3.12/site-packages/airflow/example_dags/example_task_group.py for tasks to queue
[2025-04-26T22:29:57.688+0000] {logging_mixin.py:190} INFO - [2025-04-26T22:29:57.687+0000] {dagbag.py:588} INFO - Filling up the DagBag from /home/airflow/.local/lib/python3.12/site-packages/airflow/example_dags/example_task_group.py
[2025-04-26T22:29:57.701+0000] {processor.py:925} INFO - DAG(s) 'example_task_group' retrieved from /home/airflow/.local/lib/python3.12/site-packages/airflow/example_dags/example_task_group.py
[2025-04-26T22:29:57.860+0000] {logging_mixin.py:190} INFO - [2025-04-26T22:29:57.859+0000] {override.py:1912} INFO - Created Permission View: can read on DAG:example_task_group
[2025-04-26T22:29:57.886+0000] {logging_mixin.py:190} INFO - [2025-04-26T22:29:57.886+0000] {override.py:1912} INFO - Created Permission View: can delete on DAG:example_task_group
[2025-04-26T22:29:57.900+0000] {logging_mixin.py:190} INFO - [2025-04-26T22:29:57.899+0000] {override.py:1912} INFO - Created Permission View: can edit on DAG:example_task_group
[2025-04-26T22:29:57.909+0000] {logging_mixin.py:190} INFO - [2025-04-26T22:29:57.908+0000] {override.py:1912} INFO - Created Permission View: can read on DAG Run:example_task_group
[2025-04-26T22:29:57.916+0000] {logging_mixin.py:190} INFO - [2025-04-26T22:29:57.916+0000] {override.py:1912} INFO - Created Permission View: can create on DAG Run:example_task_group
[2025-04-26T22:29:57.924+0000] {logging_mixin.py:190} INFO - [2025-04-26T22:29:57.923+0000] {override.py:1912} INFO - Created Permission View: can delete on DAG Run:example_task_group
[2025-04-26T22:29:57.931+0000] {logging_mixin.py:190} INFO - [2025-04-26T22:29:57.931+0000] {override.py:1912} INFO - Created Permission View: menu access on DAG Run:example_task_group
[2025-04-26T22:29:57.932+0000] {logging_mixin.py:190} INFO - [2025-04-26T22:29:57.931+0000] {dag.py:3239} INFO - Sync 1 DAGs
[2025-04-26T22:29:57.949+0000] {logging_mixin.py:190} INFO - [2025-04-26T22:29:57.949+0000] {dag.py:3262} INFO - Creating ORM DAG for example_task_group
[2025-04-26T22:29:57.950+0000] {logging_mixin.py:190} INFO - [2025-04-26T22:29:57.950+0000] {dag.py:4180} INFO - Setting next_dagrun for example_task_group to None, run_after=None
[2025-04-26T22:29:57.970+0000] {processor.py:208} INFO - Processing /home/airflow/.local/lib/python3.12/site-packages/airflow/example_dags/example_task_group.py took 0.297 seconds
[2025-04-26T22:30:28.938+0000] {processor.py:186} INFO - Started process (PID=149) to work on /home/airflow/.local/lib/python3.12/site-packages/airflow/example_dags/example_task_group.py
[2025-04-26T22:30:28.939+0000] {processor.py:914} INFO - Processing file /home/airflow/.local/lib/python3.12/site-packages/airflow/example_dags/example_task_group.py for tasks to queue
[2025-04-26T22:30:28.942+0000] {logging_mixin.py:190} INFO - [2025-04-26T22:30:28.941+0000] {dagbag.py:588} INFO - Filling up the DagBag from /home/airflow/.local/lib/python3.12/site-packages/airflow/example_dags/example_task_group.py
[2025-04-26T22:30:28.950+0000] {processor.py:925} INFO - DAG(s) 'example_task_group' retrieved from /home/airflow/.local/lib/python3.12/site-packages/airflow/example_dags/example_task_group.py
[2025-04-26T22:30:28.970+0000] {logging_mixin.py:190} INFO - [2025-04-26T22:30:28.969+0000] {dag.py:3239} INFO - Sync 1 DAGs
[2025-04-26T22:30:28.984+0000] {logging_mixin.py:190} INFO - [2025-04-26T22:30:28.984+0000] {dag.py:4180} INFO - Setting next_dagrun for example_task_group to None, run_after=None
[2025-04-26T22:30:29.000+0000] {processor.py:208} INFO - Processing /home/airflow/.local/lib/python3.12/site-packages/airflow/example_dags/example_task_group.py took 0.068 seconds
[2025-04-26T22:30:59.663+0000] {processor.py:186} INFO - Started process (PID=212) to work on /home/airflow/.local/lib/python3.12/site-packages/airflow/example_dags/example_task_group.py
[2025-04-26T22:30:59.664+0000] {processor.py:914} INFO - Processing file /home/airflow/.local/lib/python3.12/site-packages/airflow/example_dags/example_task_group.py for tasks to queue
[2025-04-26T22:30:59.667+0000] {logging_mixin.py:190} INFO - [2025-04-26T22:30:59.667+0000] {dagbag.py:588} INFO - Filling up the DagBag from /home/airflow/.local/lib/python3.12/site-packages/airflow/example_dags/example_task_group.py
[2025-04-26T22:30:59.676+0000] {processor.py:925} INFO - DAG(s) 'example_task_group' retrieved from /home/airflow/.local/lib/python3.12/site-packages/airflow/example_dags/example_task_group.py
[2025-04-26T22:30:59.699+0000] {logging_mixin.py:190} INFO - [2025-04-26T22:30:59.699+0000] {dag.py:3239} INFO - Sync 1 DAGs
[2025-04-26T22:30:59.716+0000] {logging_mixin.py:190} INFO - [2025-04-26T22:30:59.716+0000] {dag.py:4180} INFO - Setting next_dagrun for example_task_group to None, run_after=None
[2025-04-26T22:30:59.738+0000] {processor.py:208} INFO - Processing /home/airflow/.local/lib/python3.12/site-packages/airflow/example_dags/example_task_group.py took 0.082 seconds
[2025-04-26T22:31:29.801+0000] {processor.py:186} INFO - Started process (PID=275) to work on /home/airflow/.local/lib/python3.12/site-packages/airflow/example_dags/example_task_group.py
[2025-04-26T22:31:29.802+0000] {processor.py:914} INFO - Processing file /home/airflow/.local/lib/python3.12/site-packages/airflow/example_dags/example_task_group.py for tasks to queue
[2025-04-26T22:31:29.806+0000] {logging_mixin.py:190} INFO - [2025-04-26T22:31:29.805+0000] {dagbag.py:588} INFO - Filling up the DagBag from /home/airflow/.local/lib/python3.12/site-packages/airflow/example_dags/example_task_group.py
[2025-04-26T22:31:29.819+0000] {processor.py:925} INFO - DAG(s) 'example_task_group' retrieved from /home/airflow/.local/lib/python3.12/site-packages/airflow/example_dags/example_task_group.py
[2025-04-26T22:31:29.849+0000] {logging_mixin.py:190} INFO - [2025-04-26T22:31:29.849+0000] {dag.py:3239} INFO - Sync 1 DAGs
[2025-04-26T22:31:29.869+0000] {logging_mixin.py:190} INFO - [2025-04-26T22:31:29.869+0000] {dag.py:4180} INFO - Setting next_dagrun for example_task_group to None, run_after=None
[2025-04-26T22:31:29.891+0000] {processor.py:208} INFO - Processing /home/airflow/.local/lib/python3.12/site-packages/airflow/example_dags/example_task_group.py took 0.098 seconds
[2025-04-26T22:32:01.156+0000] {processor.py:186} INFO - Started process (PID=338) to work on /home/airflow/.local/lib/python3.12/site-packages/airflow/example_dags/example_task_group.py
[2025-04-26T22:32:01.158+0000] {processor.py:914} INFO - Processing file /home/airflow/.local/lib/python3.12/site-packages/airflow/example_dags/example_task_group.py for tasks to queue
[2025-04-26T22:32:01.160+0000] {logging_mixin.py:190} INFO - [2025-04-26T22:32:01.160+0000] {dagbag.py:588} INFO - Filling up the DagBag from /home/airflow/.local/lib/python3.12/site-packages/airflow/example_dags/example_task_group.py
[2025-04-26T22:32:01.170+0000] {processor.py:925} INFO - DAG(s) 'example_task_group' retrieved from /home/airflow/.local/lib/python3.12/site-packages/airflow/example_dags/example_task_group.py
[2025-04-26T22:32:01.191+0000] {logging_mixin.py:190} INFO - [2025-04-26T22:32:01.191+0000] {dag.py:3239} INFO - Sync 1 DAGs
[2025-04-26T22:32:01.205+0000] {logging_mixin.py:190} INFO - [2025-04-26T22:32:01.205+0000] {dag.py:4180} INFO - Setting next_dagrun for example_task_group to None, run_after=None
[2025-04-26T22:32:01.222+0000] {processor.py:208} INFO - Processing /home/airflow/.local/lib/python3.12/site-packages/airflow/example_dags/example_task_group.py took 0.072 seconds
[2025-04-26T22:32:32.456+0000] {processor.py:186} INFO - Started process (PID=401) to work on /home/airflow/.local/lib/python3.12/site-packages/airflow/example_dags/example_task_group.py
[2025-04-26T22:32:32.457+0000] {processor.py:914} INFO - Processing file /home/airflow/.local/lib/python3.12/site-packages/airflow/example_dags/example_task_group.py for tasks to queue
[2025-04-26T22:32:32.460+0000] {logging_mixin.py:190} INFO - [2025-04-26T22:32:32.459+0000] {dagbag.py:588} INFO - Filling up the DagBag from /home/airflow/.local/lib/python3.12/site-packages/airflow/example_dags/example_task_group.py
[2025-04-26T22:32:32.469+0000] {processor.py:925} INFO - DAG(s) 'example_task_group' retrieved from /home/airflow/.local/lib/python3.12/site-packages/airflow/example_dags/example_task_group.py
[2025-04-26T22:32:32.489+0000] {logging_mixin.py:190} INFO - [2025-04-26T22:32:32.489+0000] {dag.py:3239} INFO - Sync 1 DAGs
[2025-04-26T22:32:32.503+0000] {logging_mixin.py:190} INFO - [2025-04-26T22:32:32.503+0000] {dag.py:4180} INFO - Setting next_dagrun for example_task_group to None, run_after=None
[2025-04-26T22:32:32.521+0000] {processor.py:208} INFO - Processing /home/airflow/.local/lib/python3.12/site-packages/airflow/example_dags/example_task_group.py took 0.072 seconds
[2025-04-26T22:33:03.565+0000] {processor.py:186} INFO - Started process (PID=464) to work on /home/airflow/.local/lib/python3.12/site-packages/airflow/example_dags/example_task_group.py
[2025-04-26T22:33:03.566+0000] {processor.py:914} INFO - Processing file /home/airflow/.local/lib/python3.12/site-packages/airflow/example_dags/example_task_group.py for tasks to queue
[2025-04-26T22:33:03.569+0000] {logging_mixin.py:190} INFO - [2025-04-26T22:33:03.568+0000] {dagbag.py:588} INFO - Filling up the DagBag from /home/airflow/.local/lib/python3.12/site-packages/airflow/example_dags/example_task_group.py
[2025-04-26T22:33:03.578+0000] {processor.py:925} INFO - DAG(s) 'example_task_group' retrieved from /home/airflow/.local/lib/python3.12/site-packages/airflow/example_dags/example_task_group.py
[2025-04-26T22:33:03.598+0000] {logging_mixin.py:190} INFO - [2025-04-26T22:33:03.598+0000] {dag.py:3239} INFO - Sync 1 DAGs
[2025-04-26T22:33:03.612+0000] {logging_mixin.py:190} INFO - [2025-04-26T22:33:03.612+0000] {dag.py:4180} INFO - Setting next_dagrun for example_task_group to None, run_after=None
[2025-04-26T22:33:03.627+0000] {processor.py:208} INFO - Processing /home/airflow/.local/lib/python3.12/site-packages/airflow/example_dags/example_task_group.py took 0.069 seconds
[2025-04-26T22:33:34.919+0000] {processor.py:186} INFO - Started process (PID=527) to work on /home/airflow/.local/lib/python3.12/site-packages/airflow/example_dags/example_task_group.py
[2025-04-26T22:33:34.921+0000] {processor.py:914} INFO - Processing file /home/airflow/.local/lib/python3.12/site-packages/airflow/example_dags/example_task_group.py for tasks to queue
[2025-04-26T22:33:34.923+0000] {logging_mixin.py:190} INFO - [2025-04-26T22:33:34.923+0000] {dagbag.py:588} INFO - Filling up the DagBag from /home/airflow/.local/lib/python3.12/site-packages/airflow/example_dags/example_task_group.py
[2025-04-26T22:33:34.932+0000] {processor.py:925} INFO - DAG(s) 'example_task_group' retrieved from /home/airflow/.local/lib/python3.12/site-packages/airflow/example_dags/example_task_group.py
[2025-04-26T22:33:34.954+0000] {logging_mixin.py:190} INFO - [2025-04-26T22:33:34.954+0000] {dag.py:3239} INFO - Sync 1 DAGs
[2025-04-26T22:33:34.969+0000] {logging_mixin.py:190} INFO - [2025-04-26T22:33:34.969+0000] {dag.py:4180} INFO - Setting next_dagrun for example_task_group to None, run_after=None
[2025-04-26T22:33:34.990+0000] {processor.py:208} INFO - Processing /home/airflow/.local/lib/python3.12/site-packages/airflow/example_dags/example_task_group.py took 0.077 seconds
[2025-04-26T22:34:06.052+0000] {processor.py:186} INFO - Started process (PID=590) to work on /home/airflow/.local/lib/python3.12/site-packages/airflow/example_dags/example_task_group.py
[2025-04-26T22:34:06.053+0000] {processor.py:914} INFO - Processing file /home/airflow/.local/lib/python3.12/site-packages/airflow/example_dags/example_task_group.py for tasks to queue
[2025-04-26T22:34:06.056+0000] {logging_mixin.py:190} INFO - [2025-04-26T22:34:06.055+0000] {dagbag.py:588} INFO - Filling up the DagBag from /home/airflow/.local/lib/python3.12/site-packages/airflow/example_dags/example_task_group.py
[2025-04-26T22:34:06.066+0000] {processor.py:925} INFO - DAG(s) 'example_task_group' retrieved from /home/airflow/.local/lib/python3.12/site-packages/airflow/example_dags/example_task_group.py
[2025-04-26T22:34:06.086+0000] {logging_mixin.py:190} INFO - [2025-04-26T22:34:06.086+0000] {dag.py:3239} INFO - Sync 1 DAGs
[2025-04-26T22:34:06.101+0000] {logging_mixin.py:190} INFO - [2025-04-26T22:34:06.101+0000] {dag.py:4180} INFO - Setting next_dagrun for example_task_group to None, run_after=None
[2025-04-26T22:34:06.117+0000] {processor.py:208} INFO - Processing /home/airflow/.local/lib/python3.12/site-packages/airflow/example_dags/example_task_group.py took 0.072 seconds
[2025-04-26T22:34:37.583+0000] {processor.py:186} INFO - Started process (PID=653) to work on /home/airflow/.local/lib/python3.12/site-packages/airflow/example_dags/example_task_group.py
[2025-04-26T22:34:37.584+0000] {processor.py:914} INFO - Processing file /home/airflow/.local/lib/python3.12/site-packages/airflow/example_dags/example_task_group.py for tasks to queue
[2025-04-26T22:34:37.587+0000] {logging_mixin.py:190} INFO - [2025-04-26T22:34:37.587+0000] {dagbag.py:588} INFO - Filling up the DagBag from /home/airflow/.local/lib/python3.12/site-packages/airflow/example_dags/example_task_group.py
[2025-04-26T22:34:37.596+0000] {processor.py:925} INFO - DAG(s) 'example_task_group' retrieved from /home/airflow/.local/lib/python3.12/site-packages/airflow/example_dags/example_task_group.py
[2025-04-26T22:34:37.616+0000] {logging_mixin.py:190} INFO - [2025-04-26T22:34:37.616+0000] {dag.py:3239} INFO - Sync 1 DAGs
[2025-04-26T22:34:37.629+0000] {logging_mixin.py:190} INFO - [2025-04-26T22:34:37.629+0000] {dag.py:4180} INFO - Setting next_dagrun for example_task_group to None, run_after=None
[2025-04-26T22:34:37.645+0000] {processor.py:208} INFO - Processing /home/airflow/.local/lib/python3.12/site-packages/airflow/example_dags/example_task_group.py took 0.069 seconds
[2025-04-26T22:35:08.754+0000] {processor.py:186} INFO - Started process (PID=717) to work on /home/airflow/.local/lib/python3.12/site-packages/airflow/example_dags/example_task_group.py
[2025-04-26T22:35:08.755+0000] {processor.py:914} INFO - Processing file /home/airflow/.local/lib/python3.12/site-packages/airflow/example_dags/example_task_group.py for tasks to queue
[2025-04-26T22:35:08.758+0000] {logging_mixin.py:190} INFO - [2025-04-26T22:35:08.757+0000] {dagbag.py:588} INFO - Filling up the DagBag from /home/airflow/.local/lib/python3.12/site-packages/airflow/example_dags/example_task_group.py
[2025-04-26T22:35:08.768+0000] {processor.py:925} INFO - DAG(s) 'example_task_group' retrieved from /home/airflow/.local/lib/python3.12/site-packages/airflow/example_dags/example_task_group.py
[2025-04-26T22:35:08.790+0000] {logging_mixin.py:190} INFO - [2025-04-26T22:35:08.789+0000] {dag.py:3239} INFO - Sync 1 DAGs
[2025-04-26T22:35:08.804+0000] {logging_mixin.py:190} INFO - [2025-04-26T22:35:08.804+0000] {dag.py:4180} INFO - Setting next_dagrun for example_task_group to None, run_after=None
[2025-04-26T22:35:08.820+0000] {processor.py:208} INFO - Processing /home/airflow/.local/lib/python3.12/site-packages/airflow/example_dags/example_task_group.py took 0.072 seconds
[2025-04-26T22:35:39.910+0000] {processor.py:186} INFO - Started process (PID=781) to work on /home/airflow/.local/lib/python3.12/site-packages/airflow/example_dags/example_task_group.py
[2025-04-26T22:35:39.912+0000] {processor.py:914} INFO - Processing file /home/airflow/.local/lib/python3.12/site-packages/airflow/example_dags/example_task_group.py for tasks to queue
[2025-04-26T22:35:39.914+0000] {logging_mixin.py:190} INFO - [2025-04-26T22:35:39.914+0000] {dagbag.py:588} INFO - Filling up the DagBag from /home/airflow/.local/lib/python3.12/site-packages/airflow/example_dags/example_task_group.py
[2025-04-26T22:35:39.925+0000] {processor.py:925} INFO - DAG(s) 'example_task_group' retrieved from /home/airflow/.local/lib/python3.12/site-packages/airflow/example_dags/example_task_group.py
[2025-04-26T22:35:39.951+0000] {logging_mixin.py:190} INFO - [2025-04-26T22:35:39.950+0000] {dag.py:3239} INFO - Sync 1 DAGs
[2025-04-26T22:35:39.964+0000] {logging_mixin.py:190} INFO - [2025-04-26T22:35:39.964+0000] {dag.py:4180} INFO - Setting next_dagrun for example_task_group to None, run_after=None
[2025-04-26T22:35:39.979+0000] {processor.py:208} INFO - Processing /home/airflow/.local/lib/python3.12/site-packages/airflow/example_dags/example_task_group.py took 0.076 seconds
[2025-04-26T22:36:10.847+0000] {processor.py:186} INFO - Started process (PID=845) to work on /home/airflow/.local/lib/python3.12/site-packages/airflow/example_dags/example_task_group.py
[2025-04-26T22:36:10.848+0000] {processor.py:914} INFO - Processing file /home/airflow/.local/lib/python3.12/site-packages/airflow/example_dags/example_task_group.py for tasks to queue
[2025-04-26T22:36:10.851+0000] {logging_mixin.py:190} INFO - [2025-04-26T22:36:10.850+0000] {dagbag.py:588} INFO - Filling up the DagBag from /home/airflow/.local/lib/python3.12/site-packages/airflow/example_dags/example_task_group.py
[2025-04-26T22:36:10.860+0000] {processor.py:925} INFO - DAG(s) 'example_task_group' retrieved from /home/airflow/.local/lib/python3.12/site-packages/airflow/example_dags/example_task_group.py
[2025-04-26T22:36:10.885+0000] {logging_mixin.py:190} INFO - [2025-04-26T22:36:10.885+0000] {dag.py:3239} INFO - Sync 1 DAGs
[2025-04-26T22:36:10.904+0000] {logging_mixin.py:190} INFO - [2025-04-26T22:36:10.903+0000] {dag.py:4180} INFO - Setting next_dagrun for example_task_group to None, run_after=None
[2025-04-26T22:36:10.921+0000] {processor.py:208} INFO - Processing /home/airflow/.local/lib/python3.12/site-packages/airflow/example_dags/example_task_group.py took 0.081 seconds
[2025-04-26T22:36:41.979+0000] {processor.py:186} INFO - Started process (PID=909) to work on /home/airflow/.local/lib/python3.12/site-packages/airflow/example_dags/example_task_group.py
[2025-04-26T22:36:41.981+0000] {processor.py:914} INFO - Processing file /home/airflow/.local/lib/python3.12/site-packages/airflow/example_dags/example_task_group.py for tasks to queue
[2025-04-26T22:36:41.983+0000] {logging_mixin.py:190} INFO - [2025-04-26T22:36:41.983+0000] {dagbag.py:588} INFO - Filling up the DagBag from /home/airflow/.local/lib/python3.12/site-packages/airflow/example_dags/example_task_group.py
[2025-04-26T22:36:41.993+0000] {processor.py:925} INFO - DAG(s) 'example_task_group' retrieved from /home/airflow/.local/lib/python3.12/site-packages/airflow/example_dags/example_task_group.py
[2025-04-26T22:36:42.015+0000] {logging_mixin.py:190} INFO - [2025-04-26T22:36:42.015+0000] {dag.py:3239} INFO - Sync 1 DAGs
[2025-04-26T22:36:42.030+0000] {logging_mixin.py:190} INFO - [2025-04-26T22:36:42.029+0000] {dag.py:4180} INFO - Setting next_dagrun for example_task_group to None, run_after=None
[2025-04-26T22:36:42.046+0000] {processor.py:208} INFO - Processing /home/airflow/.local/lib/python3.12/site-packages/airflow/example_dags/example_task_group.py took 0.074 seconds
[2025-04-26T22:37:12.682+0000] {processor.py:186} INFO - Started process (PID=973) to work on /home/airflow/.local/lib/python3.12/site-packages/airflow/example_dags/example_task_group.py
[2025-04-26T22:37:12.683+0000] {processor.py:914} INFO - Processing file /home/airflow/.local/lib/python3.12/site-packages/airflow/example_dags/example_task_group.py for tasks to queue
[2025-04-26T22:37:12.685+0000] {logging_mixin.py:190} INFO - [2025-04-26T22:37:12.685+0000] {dagbag.py:588} INFO - Filling up the DagBag from /home/airflow/.local/lib/python3.12/site-packages/airflow/example_dags/example_task_group.py
[2025-04-26T22:37:12.697+0000] {processor.py:925} INFO - DAG(s) 'example_task_group' retrieved from /home/airflow/.local/lib/python3.12/site-packages/airflow/example_dags/example_task_group.py
[2025-04-26T22:37:12.723+0000] {logging_mixin.py:190} INFO - [2025-04-26T22:37:12.723+0000] {dag.py:3239} INFO - Sync 1 DAGs
[2025-04-26T22:37:12.739+0000] {logging_mixin.py:190} INFO - [2025-04-26T22:37:12.739+0000] {dag.py:4180} INFO - Setting next_dagrun for example_task_group to None, run_after=None
[2025-04-26T22:37:12.757+0000] {processor.py:208} INFO - Processing /home/airflow/.local/lib/python3.12/site-packages/airflow/example_dags/example_task_group.py took 0.082 seconds
[2025-04-26T22:37:43.853+0000] {processor.py:186} INFO - Started process (PID=1037) to work on /home/airflow/.local/lib/python3.12/site-packages/airflow/example_dags/example_task_group.py
[2025-04-26T22:37:43.854+0000] {processor.py:914} INFO - Processing file /home/airflow/.local/lib/python3.12/site-packages/airflow/example_dags/example_task_group.py for tasks to queue
[2025-04-26T22:37:43.856+0000] {logging_mixin.py:190} INFO - [2025-04-26T22:37:43.856+0000] {dagbag.py:588} INFO - Filling up the DagBag from /home/airflow/.local/lib/python3.12/site-packages/airflow/example_dags/example_task_group.py
[2025-04-26T22:37:43.866+0000] {processor.py:925} INFO - DAG(s) 'example_task_group' retrieved from /home/airflow/.local/lib/python3.12/site-packages/airflow/example_dags/example_task_group.py
[2025-04-26T22:37:43.887+0000] {logging_mixin.py:190} INFO - [2025-04-26T22:37:43.887+0000] {dag.py:3239} INFO - Sync 1 DAGs
[2025-04-26T22:37:43.902+0000] {logging_mixin.py:190} INFO - [2025-04-26T22:37:43.902+0000] {dag.py:4180} INFO - Setting next_dagrun for example_task_group to None, run_after=None
[2025-04-26T22:37:43.919+0000] {processor.py:208} INFO - Processing /home/airflow/.local/lib/python3.12/site-packages/airflow/example_dags/example_task_group.py took 0.073 seconds
[2025-04-26T22:38:15.285+0000] {processor.py:186} INFO - Started process (PID=1101) to work on /home/airflow/.local/lib/python3.12/site-packages/airflow/example_dags/example_task_group.py
[2025-04-26T22:38:15.286+0000] {processor.py:914} INFO - Processing file /home/airflow/.local/lib/python3.12/site-packages/airflow/example_dags/example_task_group.py for tasks to queue
[2025-04-26T22:38:15.289+0000] {logging_mixin.py:190} INFO - [2025-04-26T22:38:15.288+0000] {dagbag.py:588} INFO - Filling up the DagBag from /home/airflow/.local/lib/python3.12/site-packages/airflow/example_dags/example_task_group.py
[2025-04-26T22:38:15.302+0000] {processor.py:925} INFO - DAG(s) 'example_task_group' retrieved from /home/airflow/.local/lib/python3.12/site-packages/airflow/example_dags/example_task_group.py
[2025-04-26T22:38:15.329+0000] {logging_mixin.py:190} INFO - [2025-04-26T22:38:15.329+0000] {dag.py:3239} INFO - Sync 1 DAGs
[2025-04-26T22:38:15.349+0000] {logging_mixin.py:190} INFO - [2025-04-26T22:38:15.349+0000] {dag.py:4180} INFO - Setting next_dagrun for example_task_group to None, run_after=None
[2025-04-26T22:38:15.366+0000] {processor.py:208} INFO - Processing /home/airflow/.local/lib/python3.12/site-packages/airflow/example_dags/example_task_group.py took 0.090 seconds
[2025-04-26T22:38:47.127+0000] {processor.py:186} INFO - Started process (PID=1165) to work on /home/airflow/.local/lib/python3.12/site-packages/airflow/example_dags/example_task_group.py
[2025-04-26T22:38:47.129+0000] {processor.py:914} INFO - Processing file /home/airflow/.local/lib/python3.12/site-packages/airflow/example_dags/example_task_group.py for tasks to queue
[2025-04-26T22:38:47.132+0000] {logging_mixin.py:190} INFO - [2025-04-26T22:38:47.131+0000] {dagbag.py:588} INFO - Filling up the DagBag from /home/airflow/.local/lib/python3.12/site-packages/airflow/example_dags/example_task_group.py
[2025-04-26T22:38:47.146+0000] {processor.py:925} INFO - DAG(s) 'example_task_group' retrieved from /home/airflow/.local/lib/python3.12/site-packages/airflow/example_dags/example_task_group.py
[2025-04-26T22:38:47.175+0000] {logging_mixin.py:190} INFO - [2025-04-26T22:38:47.175+0000] {dag.py:3239} INFO - Sync 1 DAGs
[2025-04-26T22:38:47.196+0000] {logging_mixin.py:190} INFO - [2025-04-26T22:38:47.196+0000] {dag.py:4180} INFO - Setting next_dagrun for example_task_group to None, run_after=None
[2025-04-26T22:38:47.220+0000] {processor.py:208} INFO - Processing /home/airflow/.local/lib/python3.12/site-packages/airflow/example_dags/example_task_group.py took 0.101 seconds
[2025-04-26T22:39:17.536+0000] {processor.py:186} INFO - Started process (PID=1229) to work on /home/airflow/.local/lib/python3.12/site-packages/airflow/example_dags/example_task_group.py
[2025-04-26T22:39:17.538+0000] {processor.py:914} INFO - Processing file /home/airflow/.local/lib/python3.12/site-packages/airflow/example_dags/example_task_group.py for tasks to queue
[2025-04-26T22:39:17.541+0000] {logging_mixin.py:190} INFO - [2025-04-26T22:39:17.541+0000] {dagbag.py:588} INFO - Filling up the DagBag from /home/airflow/.local/lib/python3.12/site-packages/airflow/example_dags/example_task_group.py
[2025-04-26T22:39:17.554+0000] {processor.py:925} INFO - DAG(s) 'example_task_group' retrieved from /home/airflow/.local/lib/python3.12/site-packages/airflow/example_dags/example_task_group.py
[2025-04-26T22:39:17.576+0000] {logging_mixin.py:190} INFO - [2025-04-26T22:39:17.576+0000] {dag.py:3239} INFO - Sync 1 DAGs
[2025-04-26T22:39:17.591+0000] {logging_mixin.py:190} INFO - [2025-04-26T22:39:17.591+0000] {dag.py:4180} INFO - Setting next_dagrun for example_task_group to None, run_after=None
[2025-04-26T22:39:17.607+0000] {processor.py:208} INFO - Processing /home/airflow/.local/lib/python3.12/site-packages/airflow/example_dags/example_task_group.py took 0.080 seconds
[2025-04-26T22:39:49.137+0000] {processor.py:186} INFO - Started process (PID=1293) to work on /home/airflow/.local/lib/python3.12/site-packages/airflow/example_dags/example_task_group.py
[2025-04-26T22:39:49.139+0000] {processor.py:914} INFO - Processing file /home/airflow/.local/lib/python3.12/site-packages/airflow/example_dags/example_task_group.py for tasks to queue
[2025-04-26T22:39:49.141+0000] {logging_mixin.py:190} INFO - [2025-04-26T22:39:49.141+0000] {dagbag.py:588} INFO - Filling up the DagBag from /home/airflow/.local/lib/python3.12/site-packages/airflow/example_dags/example_task_group.py
[2025-04-26T22:39:49.151+0000] {processor.py:925} INFO - DAG(s) 'example_task_group' retrieved from /home/airflow/.local/lib/python3.12/site-packages/airflow/example_dags/example_task_group.py
[2025-04-26T22:39:49.170+0000] {logging_mixin.py:190} INFO - [2025-04-26T22:39:49.170+0000] {dag.py:3239} INFO - Sync 1 DAGs
[2025-04-26T22:39:49.185+0000] {logging_mixin.py:190} INFO - [2025-04-26T22:39:49.184+0000] {dag.py:4180} INFO - Setting next_dagrun for example_task_group to None, run_after=None
[2025-04-26T22:39:49.200+0000] {processor.py:208} INFO - Processing /home/airflow/.local/lib/python3.12/site-packages/airflow/example_dags/example_task_group.py took 0.070 seconds
