[2025-04-26T22:30:01.836+0000] {processor.py:186} INFO - Started process (PID=111) to work on /home/airflow/.local/lib/python3.12/site-packages/airflow/example_dags/example_datasets.py
[2025-04-26T22:30:01.837+0000] {processor.py:914} INFO - Processing file /home/airflow/.local/lib/python3.12/site-packages/airflow/example_dags/example_datasets.py for tasks to queue
[2025-04-26T22:30:01.839+0000] {logging_mixin.py:190} INFO - [2025-04-26T22:30:01.839+0000] {dagbag.py:588} INFO - Filling up the DagBag from /home/airflow/.local/lib/python3.12/site-packages/airflow/example_dags/example_datasets.py
[2025-04-26T22:30:02.495+0000] {processor.py:925} INFO - DAG(s) 'consume_1_and_2_with_dataset_expressions', 'dataset_consumes_1_and_2', 'conditional_dataset_and_time_based_timetable', 'dataset_produces_1', 'consume_1_or_both_2_and_3_with_dataset_expressions', 'dataset_consumes_unknown_never_scheduled', 'consume_1_or_2_with_dataset_expressions', 'dataset_consumes_1_never_scheduled', 'dataset_produces_2', 'dataset_consumes_1' retrieved from /home/airflow/.local/lib/python3.12/site-packages/airflow/example_dags/example_datasets.py
[2025-04-26T22:30:02.592+0000] {logging_mixin.py:190} INFO - [2025-04-26T22:30:02.591+0000] {override.py:1912} INFO - Created Permission View: can read on DAG:consume_1_and_2_with_dataset_expressions
[2025-04-26T22:30:02.601+0000] {logging_mixin.py:190} INFO - [2025-04-26T22:30:02.601+0000] {override.py:1912} INFO - Created Permission View: can delete on DAG:consume_1_and_2_with_dataset_expressions
[2025-04-26T22:30:02.607+0000] {logging_mixin.py:190} INFO - [2025-04-26T22:30:02.606+0000] {override.py:1912} INFO - Created Permission View: can edit on DAG:consume_1_and_2_with_dataset_expressions
[2025-04-26T22:30:02.613+0000] {logging_mixin.py:190} INFO - [2025-04-26T22:30:02.613+0000] {override.py:1912} INFO - Created Permission View: can read on DAG Run:consume_1_and_2_with_dataset_expressions
[2025-04-26T22:30:02.618+0000] {logging_mixin.py:190} INFO - [2025-04-26T22:30:02.618+0000] {override.py:1912} INFO - Created Permission View: can create on DAG Run:consume_1_and_2_with_dataset_expressions
[2025-04-26T22:30:02.624+0000] {logging_mixin.py:190} INFO - [2025-04-26T22:30:02.624+0000] {override.py:1912} INFO - Created Permission View: can delete on DAG Run:consume_1_and_2_with_dataset_expressions
[2025-04-26T22:30:02.630+0000] {logging_mixin.py:190} INFO - [2025-04-26T22:30:02.630+0000] {override.py:1912} INFO - Created Permission View: menu access on DAG Run:consume_1_and_2_with_dataset_expressions
[2025-04-26T22:30:02.641+0000] {logging_mixin.py:190} INFO - [2025-04-26T22:30:02.640+0000] {override.py:1912} INFO - Created Permission View: can read on DAG:dataset_consumes_1_and_2
[2025-04-26T22:30:02.647+0000] {logging_mixin.py:190} INFO - [2025-04-26T22:30:02.646+0000] {override.py:1912} INFO - Created Permission View: can delete on DAG:dataset_consumes_1_and_2
[2025-04-26T22:30:02.653+0000] {logging_mixin.py:190} INFO - [2025-04-26T22:30:02.652+0000] {override.py:1912} INFO - Created Permission View: can edit on DAG:dataset_consumes_1_and_2
[2025-04-26T22:30:02.659+0000] {logging_mixin.py:190} INFO - [2025-04-26T22:30:02.659+0000] {override.py:1912} INFO - Created Permission View: can read on DAG Run:dataset_consumes_1_and_2
[2025-04-26T22:30:02.665+0000] {logging_mixin.py:190} INFO - [2025-04-26T22:30:02.665+0000] {override.py:1912} INFO - Created Permission View: can create on DAG Run:dataset_consumes_1_and_2
[2025-04-26T22:30:02.671+0000] {logging_mixin.py:190} INFO - [2025-04-26T22:30:02.671+0000] {override.py:1912} INFO - Created Permission View: can delete on DAG Run:dataset_consumes_1_and_2
[2025-04-26T22:30:02.677+0000] {logging_mixin.py:190} INFO - [2025-04-26T22:30:02.677+0000] {override.py:1912} INFO - Created Permission View: menu access on DAG Run:dataset_consumes_1_and_2
[2025-04-26T22:30:02.688+0000] {logging_mixin.py:190} INFO - [2025-04-26T22:30:02.688+0000] {override.py:1912} INFO - Created Permission View: can read on DAG:conditional_dataset_and_time_based_timetable
[2025-04-26T22:30:02.694+0000] {logging_mixin.py:190} INFO - [2025-04-26T22:30:02.693+0000] {override.py:1912} INFO - Created Permission View: can delete on DAG:conditional_dataset_and_time_based_timetable
[2025-04-26T22:30:02.699+0000] {logging_mixin.py:190} INFO - [2025-04-26T22:30:02.699+0000] {override.py:1912} INFO - Created Permission View: can edit on DAG:conditional_dataset_and_time_based_timetable
[2025-04-26T22:30:02.705+0000] {logging_mixin.py:190} INFO - [2025-04-26T22:30:02.705+0000] {override.py:1912} INFO - Created Permission View: can read on DAG Run:conditional_dataset_and_time_based_timetable
[2025-04-26T22:30:02.711+0000] {logging_mixin.py:190} INFO - [2025-04-26T22:30:02.711+0000] {override.py:1912} INFO - Created Permission View: can create on DAG Run:conditional_dataset_and_time_based_timetable
[2025-04-26T22:30:02.716+0000] {logging_mixin.py:190} INFO - [2025-04-26T22:30:02.716+0000] {override.py:1912} INFO - Created Permission View: can delete on DAG Run:conditional_dataset_and_time_based_timetable
[2025-04-26T22:30:02.721+0000] {logging_mixin.py:190} INFO - [2025-04-26T22:30:02.721+0000] {override.py:1912} INFO - Created Permission View: menu access on DAG Run:conditional_dataset_and_time_based_timetable
[2025-04-26T22:30:02.732+0000] {logging_mixin.py:190} INFO - [2025-04-26T22:30:02.732+0000] {override.py:1912} INFO - Created Permission View: can read on DAG:dataset_produces_1
[2025-04-26T22:30:02.737+0000] {logging_mixin.py:190} INFO - [2025-04-26T22:30:02.737+0000] {override.py:1912} INFO - Created Permission View: can delete on DAG:dataset_produces_1
[2025-04-26T22:30:02.743+0000] {logging_mixin.py:190} INFO - [2025-04-26T22:30:02.743+0000] {override.py:1912} INFO - Created Permission View: can edit on DAG:dataset_produces_1
[2025-04-26T22:30:02.749+0000] {logging_mixin.py:190} INFO - [2025-04-26T22:30:02.749+0000] {override.py:1912} INFO - Created Permission View: can read on DAG Run:dataset_produces_1
[2025-04-26T22:30:02.754+0000] {logging_mixin.py:190} INFO - [2025-04-26T22:30:02.754+0000] {override.py:1912} INFO - Created Permission View: can create on DAG Run:dataset_produces_1
[2025-04-26T22:30:02.760+0000] {logging_mixin.py:190} INFO - [2025-04-26T22:30:02.760+0000] {override.py:1912} INFO - Created Permission View: can delete on DAG Run:dataset_produces_1
[2025-04-26T22:30:02.765+0000] {logging_mixin.py:190} INFO - [2025-04-26T22:30:02.765+0000] {override.py:1912} INFO - Created Permission View: menu access on DAG Run:dataset_produces_1
[2025-04-26T22:30:02.776+0000] {logging_mixin.py:190} INFO - [2025-04-26T22:30:02.776+0000] {override.py:1912} INFO - Created Permission View: can read on DAG:consume_1_or_both_2_and_3_with_dataset_expressions
[2025-04-26T22:30:02.781+0000] {logging_mixin.py:190} INFO - [2025-04-26T22:30:02.781+0000] {override.py:1912} INFO - Created Permission View: can delete on DAG:consume_1_or_both_2_and_3_with_dataset_expressions
[2025-04-26T22:30:02.787+0000] {logging_mixin.py:190} INFO - [2025-04-26T22:30:02.786+0000] {override.py:1912} INFO - Created Permission View: can edit on DAG:consume_1_or_both_2_and_3_with_dataset_expressions
[2025-04-26T22:30:02.793+0000] {logging_mixin.py:190} INFO - [2025-04-26T22:30:02.792+0000] {override.py:1912} INFO - Created Permission View: can read on DAG Run:consume_1_or_both_2_and_3_with_dataset_expressions
[2025-04-26T22:30:02.798+0000] {logging_mixin.py:190} INFO - [2025-04-26T22:30:02.798+0000] {override.py:1912} INFO - Created Permission View: can create on DAG Run:consume_1_or_both_2_and_3_with_dataset_expressions
[2025-04-26T22:30:02.803+0000] {logging_mixin.py:190} INFO - [2025-04-26T22:30:02.803+0000] {override.py:1912} INFO - Created Permission View: can delete on DAG Run:consume_1_or_both_2_and_3_with_dataset_expressions
[2025-04-26T22:30:02.808+0000] {logging_mixin.py:190} INFO - [2025-04-26T22:30:02.808+0000] {override.py:1912} INFO - Created Permission View: menu access on DAG Run:consume_1_or_both_2_and_3_with_dataset_expressions
[2025-04-26T22:30:02.819+0000] {logging_mixin.py:190} INFO - [2025-04-26T22:30:02.818+0000] {override.py:1912} INFO - Created Permission View: can read on DAG:dataset_consumes_unknown_never_scheduled
[2025-04-26T22:30:02.824+0000] {logging_mixin.py:190} INFO - [2025-04-26T22:30:02.824+0000] {override.py:1912} INFO - Created Permission View: can delete on DAG:dataset_consumes_unknown_never_scheduled
[2025-04-26T22:30:02.830+0000] {logging_mixin.py:190} INFO - [2025-04-26T22:30:02.829+0000] {override.py:1912} INFO - Created Permission View: can edit on DAG:dataset_consumes_unknown_never_scheduled
[2025-04-26T22:30:02.836+0000] {logging_mixin.py:190} INFO - [2025-04-26T22:30:02.836+0000] {override.py:1912} INFO - Created Permission View: can read on DAG Run:dataset_consumes_unknown_never_scheduled
[2025-04-26T22:30:02.841+0000] {logging_mixin.py:190} INFO - [2025-04-26T22:30:02.841+0000] {override.py:1912} INFO - Created Permission View: can create on DAG Run:dataset_consumes_unknown_never_scheduled
[2025-04-26T22:30:02.847+0000] {logging_mixin.py:190} INFO - [2025-04-26T22:30:02.846+0000] {override.py:1912} INFO - Created Permission View: can delete on DAG Run:dataset_consumes_unknown_never_scheduled
[2025-04-26T22:30:02.852+0000] {logging_mixin.py:190} INFO - [2025-04-26T22:30:02.852+0000] {override.py:1912} INFO - Created Permission View: menu access on DAG Run:dataset_consumes_unknown_never_scheduled
[2025-04-26T22:30:02.863+0000] {logging_mixin.py:190} INFO - [2025-04-26T22:30:02.863+0000] {override.py:1912} INFO - Created Permission View: can read on DAG:consume_1_or_2_with_dataset_expressions
[2025-04-26T22:30:02.869+0000] {logging_mixin.py:190} INFO - [2025-04-26T22:30:02.869+0000] {override.py:1912} INFO - Created Permission View: can delete on DAG:consume_1_or_2_with_dataset_expressions
[2025-04-26T22:30:02.874+0000] {logging_mixin.py:190} INFO - [2025-04-26T22:30:02.874+0000] {override.py:1912} INFO - Created Permission View: can edit on DAG:consume_1_or_2_with_dataset_expressions
[2025-04-26T22:30:02.880+0000] {logging_mixin.py:190} INFO - [2025-04-26T22:30:02.880+0000] {override.py:1912} INFO - Created Permission View: can read on DAG Run:consume_1_or_2_with_dataset_expressions
[2025-04-26T22:30:02.886+0000] {logging_mixin.py:190} INFO - [2025-04-26T22:30:02.886+0000] {override.py:1912} INFO - Created Permission View: can create on DAG Run:consume_1_or_2_with_dataset_expressions
[2025-04-26T22:30:02.892+0000] {logging_mixin.py:190} INFO - [2025-04-26T22:30:02.892+0000] {override.py:1912} INFO - Created Permission View: can delete on DAG Run:consume_1_or_2_with_dataset_expressions
[2025-04-26T22:30:02.897+0000] {logging_mixin.py:190} INFO - [2025-04-26T22:30:02.897+0000] {override.py:1912} INFO - Created Permission View: menu access on DAG Run:consume_1_or_2_with_dataset_expressions
[2025-04-26T22:30:02.908+0000] {logging_mixin.py:190} INFO - [2025-04-26T22:30:02.908+0000] {override.py:1912} INFO - Created Permission View: can read on DAG:dataset_consumes_1_never_scheduled
[2025-04-26T22:30:02.914+0000] {logging_mixin.py:190} INFO - [2025-04-26T22:30:02.914+0000] {override.py:1912} INFO - Created Permission View: can delete on DAG:dataset_consumes_1_never_scheduled
[2025-04-26T22:30:02.920+0000] {logging_mixin.py:190} INFO - [2025-04-26T22:30:02.919+0000] {override.py:1912} INFO - Created Permission View: can edit on DAG:dataset_consumes_1_never_scheduled
[2025-04-26T22:30:02.926+0000] {logging_mixin.py:190} INFO - [2025-04-26T22:30:02.926+0000] {override.py:1912} INFO - Created Permission View: can read on DAG Run:dataset_consumes_1_never_scheduled
[2025-04-26T22:30:02.931+0000] {logging_mixin.py:190} INFO - [2025-04-26T22:30:02.931+0000] {override.py:1912} INFO - Created Permission View: can create on DAG Run:dataset_consumes_1_never_scheduled
[2025-04-26T22:30:02.937+0000] {logging_mixin.py:190} INFO - [2025-04-26T22:30:02.937+0000] {override.py:1912} INFO - Created Permission View: can delete on DAG Run:dataset_consumes_1_never_scheduled
[2025-04-26T22:30:02.942+0000] {logging_mixin.py:190} INFO - [2025-04-26T22:30:02.942+0000] {override.py:1912} INFO - Created Permission View: menu access on DAG Run:dataset_consumes_1_never_scheduled
[2025-04-26T22:30:02.955+0000] {logging_mixin.py:190} INFO - [2025-04-26T22:30:02.955+0000] {override.py:1912} INFO - Created Permission View: can read on DAG:dataset_produces_2
[2025-04-26T22:30:02.962+0000] {logging_mixin.py:190} INFO - [2025-04-26T22:30:02.961+0000] {override.py:1912} INFO - Created Permission View: can delete on DAG:dataset_produces_2
[2025-04-26T22:30:02.968+0000] {logging_mixin.py:190} INFO - [2025-04-26T22:30:02.967+0000] {override.py:1912} INFO - Created Permission View: can edit on DAG:dataset_produces_2
[2025-04-26T22:30:02.974+0000] {logging_mixin.py:190} INFO - [2025-04-26T22:30:02.974+0000] {override.py:1912} INFO - Created Permission View: can read on DAG Run:dataset_produces_2
[2025-04-26T22:30:02.980+0000] {logging_mixin.py:190} INFO - [2025-04-26T22:30:02.980+0000] {override.py:1912} INFO - Created Permission View: can create on DAG Run:dataset_produces_2
[2025-04-26T22:30:02.986+0000] {logging_mixin.py:190} INFO - [2025-04-26T22:30:02.985+0000] {override.py:1912} INFO - Created Permission View: can delete on DAG Run:dataset_produces_2
[2025-04-26T22:30:02.992+0000] {logging_mixin.py:190} INFO - [2025-04-26T22:30:02.992+0000] {override.py:1912} INFO - Created Permission View: menu access on DAG Run:dataset_produces_2
[2025-04-26T22:30:03.004+0000] {logging_mixin.py:190} INFO - [2025-04-26T22:30:03.003+0000] {override.py:1912} INFO - Created Permission View: can read on DAG:dataset_consumes_1
[2025-04-26T22:30:03.009+0000] {logging_mixin.py:190} INFO - [2025-04-26T22:30:03.009+0000] {override.py:1912} INFO - Created Permission View: can delete on DAG:dataset_consumes_1
[2025-04-26T22:30:03.016+0000] {logging_mixin.py:190} INFO - [2025-04-26T22:30:03.016+0000] {override.py:1912} INFO - Created Permission View: can edit on DAG:dataset_consumes_1
[2025-04-26T22:30:03.023+0000] {logging_mixin.py:190} INFO - [2025-04-26T22:30:03.023+0000] {override.py:1912} INFO - Created Permission View: can read on DAG Run:dataset_consumes_1
[2025-04-26T22:30:03.029+0000] {logging_mixin.py:190} INFO - [2025-04-26T22:30:03.028+0000] {override.py:1912} INFO - Created Permission View: can create on DAG Run:dataset_consumes_1
[2025-04-26T22:30:03.034+0000] {logging_mixin.py:190} INFO - [2025-04-26T22:30:03.034+0000] {override.py:1912} INFO - Created Permission View: can delete on DAG Run:dataset_consumes_1
[2025-04-26T22:30:03.040+0000] {logging_mixin.py:190} INFO - [2025-04-26T22:30:03.040+0000] {override.py:1912} INFO - Created Permission View: menu access on DAG Run:dataset_consumes_1
[2025-04-26T22:30:03.040+0000] {logging_mixin.py:190} INFO - [2025-04-26T22:30:03.040+0000] {dag.py:3239} INFO - Sync 10 DAGs
[2025-04-26T22:30:03.053+0000] {logging_mixin.py:190} INFO - [2025-04-26T22:30:03.053+0000] {dag.py:3262} INFO - Creating ORM DAG for dataset_consumes_1
[2025-04-26T22:30:03.054+0000] {logging_mixin.py:190} INFO - [2025-04-26T22:30:03.054+0000] {dag.py:3262} INFO - Creating ORM DAG for consume_1_or_both_2_and_3_with_dataset_expressions
[2025-04-26T22:30:03.055+0000] {logging_mixin.py:190} INFO - [2025-04-26T22:30:03.055+0000] {dag.py:3262} INFO - Creating ORM DAG for conditional_dataset_and_time_based_timetable
[2025-04-26T22:30:03.055+0000] {logging_mixin.py:190} INFO - [2025-04-26T22:30:03.055+0000] {dag.py:3262} INFO - Creating ORM DAG for dataset_produces_1
[2025-04-26T22:30:03.056+0000] {logging_mixin.py:190} INFO - [2025-04-26T22:30:03.056+0000] {dag.py:3262} INFO - Creating ORM DAG for consume_1_or_2_with_dataset_expressions
[2025-04-26T22:30:03.057+0000] {logging_mixin.py:190} INFO - [2025-04-26T22:30:03.056+0000] {dag.py:3262} INFO - Creating ORM DAG for dataset_consumes_1_and_2
[2025-04-26T22:30:03.057+0000] {logging_mixin.py:190} INFO - [2025-04-26T22:30:03.057+0000] {dag.py:3262} INFO - Creating ORM DAG for dataset_consumes_1_never_scheduled
[2025-04-26T22:30:03.058+0000] {logging_mixin.py:190} INFO - [2025-04-26T22:30:03.058+0000] {dag.py:3262} INFO - Creating ORM DAG for consume_1_and_2_with_dataset_expressions
[2025-04-26T22:30:03.059+0000] {logging_mixin.py:190} INFO - [2025-04-26T22:30:03.059+0000] {dag.py:3262} INFO - Creating ORM DAG for dataset_consumes_unknown_never_scheduled
[2025-04-26T22:30:03.060+0000] {logging_mixin.py:190} INFO - [2025-04-26T22:30:03.060+0000] {dag.py:3262} INFO - Creating ORM DAG for dataset_produces_2
[2025-04-26T22:30:03.073+0000] {logging_mixin.py:190} INFO - [2025-04-26T22:30:03.073+0000] {dag.py:4180} INFO - Setting next_dagrun for conditional_dataset_and_time_based_timetable to 2025-04-23 01:00:00+00:00, run_after=2025-04-23 01:00:00+00:00
[2025-04-26T22:30:03.074+0000] {logging_mixin.py:190} INFO - [2025-04-26T22:30:03.074+0000] {dag.py:4180} INFO - Setting next_dagrun for consume_1_and_2_with_dataset_expressions to None, run_after=None
[2025-04-26T22:30:03.074+0000] {logging_mixin.py:190} INFO - [2025-04-26T22:30:03.074+0000] {dag.py:4180} INFO - Setting next_dagrun for consume_1_or_2_with_dataset_expressions to None, run_after=None
[2025-04-26T22:30:03.075+0000] {logging_mixin.py:190} INFO - [2025-04-26T22:30:03.075+0000] {dag.py:4180} INFO - Setting next_dagrun for consume_1_or_both_2_and_3_with_dataset_expressions to None, run_after=None
[2025-04-26T22:30:03.075+0000] {logging_mixin.py:190} INFO - [2025-04-26T22:30:03.075+0000] {dag.py:4180} INFO - Setting next_dagrun for dataset_consumes_1 to None, run_after=None
[2025-04-26T22:30:03.076+0000] {logging_mixin.py:190} INFO - [2025-04-26T22:30:03.076+0000] {dag.py:4180} INFO - Setting next_dagrun for dataset_consumes_1_and_2 to None, run_after=None
[2025-04-26T22:30:03.078+0000] {logging_mixin.py:190} INFO - [2025-04-26T22:30:03.077+0000] {dag.py:4180} INFO - Setting next_dagrun for dataset_consumes_1_never_scheduled to None, run_after=None
[2025-04-26T22:30:03.078+0000] {logging_mixin.py:190} INFO - [2025-04-26T22:30:03.078+0000] {dag.py:4180} INFO - Setting next_dagrun for dataset_consumes_unknown_never_scheduled to None, run_after=None
[2025-04-26T22:30:03.080+0000] {logging_mixin.py:190} INFO - [2025-04-26T22:30:03.080+0000] {dag.py:4180} INFO - Setting next_dagrun for dataset_produces_1 to 2025-04-25 00:00:00+00:00, run_after=2025-04-26 00:00:00+00:00
[2025-04-26T22:30:03.080+0000] {logging_mixin.py:190} INFO - [2025-04-26T22:30:03.080+0000] {dag.py:4180} INFO - Setting next_dagrun for dataset_produces_2 to None, run_after=None
[2025-04-26T22:30:03.122+0000] {processor.py:208} INFO - Processing /home/airflow/.local/lib/python3.12/site-packages/airflow/example_dags/example_datasets.py took 1.293 seconds
[2025-04-26T22:30:33.948+0000] {processor.py:186} INFO - Started process (PID=180) to work on /home/airflow/.local/lib/python3.12/site-packages/airflow/example_dags/example_datasets.py
[2025-04-26T22:30:33.949+0000] {processor.py:914} INFO - Processing file /home/airflow/.local/lib/python3.12/site-packages/airflow/example_dags/example_datasets.py for tasks to queue
[2025-04-26T22:30:33.951+0000] {logging_mixin.py:190} INFO - [2025-04-26T22:30:33.951+0000] {dagbag.py:588} INFO - Filling up the DagBag from /home/airflow/.local/lib/python3.12/site-packages/airflow/example_dags/example_datasets.py
[2025-04-26T22:30:34.572+0000] {processor.py:925} INFO - DAG(s) 'consume_1_and_2_with_dataset_expressions', 'consume_1_or_both_2_and_3_with_dataset_expressions', 'dataset_consumes_unknown_never_scheduled', 'dataset_consumes_1_and_2', 'dataset_consumes_1', 'consume_1_or_2_with_dataset_expressions', 'dataset_consumes_1_never_scheduled', 'dataset_produces_2', 'conditional_dataset_and_time_based_timetable', 'dataset_produces_1' retrieved from /home/airflow/.local/lib/python3.12/site-packages/airflow/example_dags/example_datasets.py
[2025-04-26T22:30:34.612+0000] {logging_mixin.py:190} INFO - [2025-04-26T22:30:34.612+0000] {dag.py:3239} INFO - Sync 10 DAGs
[2025-04-26T22:30:34.637+0000] {logging_mixin.py:190} INFO - [2025-04-26T22:30:34.636+0000] {dag.py:4180} INFO - Setting next_dagrun for conditional_dataset_and_time_based_timetable to 2025-04-23 01:00:00+00:00, run_after=2025-04-23 01:00:00+00:00
[2025-04-26T22:30:34.640+0000] {logging_mixin.py:190} INFO - [2025-04-26T22:30:34.640+0000] {dag.py:4180} INFO - Setting next_dagrun for consume_1_and_2_with_dataset_expressions to None, run_after=None
[2025-04-26T22:30:34.641+0000] {logging_mixin.py:190} INFO - [2025-04-26T22:30:34.641+0000] {dag.py:4180} INFO - Setting next_dagrun for consume_1_or_2_with_dataset_expressions to None, run_after=None
[2025-04-26T22:30:34.643+0000] {logging_mixin.py:190} INFO - [2025-04-26T22:30:34.642+0000] {dag.py:4180} INFO - Setting next_dagrun for consume_1_or_both_2_and_3_with_dataset_expressions to None, run_after=None
[2025-04-26T22:30:34.644+0000] {logging_mixin.py:190} INFO - [2025-04-26T22:30:34.643+0000] {dag.py:4180} INFO - Setting next_dagrun for dataset_consumes_1 to None, run_after=None
[2025-04-26T22:30:34.645+0000] {logging_mixin.py:190} INFO - [2025-04-26T22:30:34.645+0000] {dag.py:4180} INFO - Setting next_dagrun for dataset_consumes_1_and_2 to None, run_after=None
[2025-04-26T22:30:34.646+0000] {logging_mixin.py:190} INFO - [2025-04-26T22:30:34.646+0000] {dag.py:4180} INFO - Setting next_dagrun for dataset_consumes_1_never_scheduled to None, run_after=None
[2025-04-26T22:30:34.647+0000] {logging_mixin.py:190} INFO - [2025-04-26T22:30:34.647+0000] {dag.py:4180} INFO - Setting next_dagrun for dataset_consumes_unknown_never_scheduled to None, run_after=None
[2025-04-26T22:30:34.649+0000] {logging_mixin.py:190} INFO - [2025-04-26T22:30:34.649+0000] {dag.py:4180} INFO - Setting next_dagrun for dataset_produces_1 to 2025-04-25 00:00:00+00:00, run_after=2025-04-26 00:00:00+00:00
[2025-04-26T22:30:34.650+0000] {logging_mixin.py:190} INFO - [2025-04-26T22:30:34.650+0000] {dag.py:4180} INFO - Setting next_dagrun for dataset_produces_2 to None, run_after=None
[2025-04-26T22:30:34.679+0000] {processor.py:208} INFO - Processing /home/airflow/.local/lib/python3.12/site-packages/airflow/example_dags/example_datasets.py took 0.737 seconds
[2025-04-26T22:31:05.549+0000] {processor.py:186} INFO - Started process (PID=243) to work on /home/airflow/.local/lib/python3.12/site-packages/airflow/example_dags/example_datasets.py
[2025-04-26T22:31:05.550+0000] {processor.py:914} INFO - Processing file /home/airflow/.local/lib/python3.12/site-packages/airflow/example_dags/example_datasets.py for tasks to queue
[2025-04-26T22:31:05.553+0000] {logging_mixin.py:190} INFO - [2025-04-26T22:31:05.552+0000] {dagbag.py:588} INFO - Filling up the DagBag from /home/airflow/.local/lib/python3.12/site-packages/airflow/example_dags/example_datasets.py
[2025-04-26T22:31:06.172+0000] {processor.py:925} INFO - DAG(s) 'consume_1_or_2_with_dataset_expressions', 'dataset_produces_2', 'dataset_consumes_1', 'consume_1_and_2_with_dataset_expressions', 'conditional_dataset_and_time_based_timetable', 'dataset_produces_1', 'consume_1_or_both_2_and_3_with_dataset_expressions', 'dataset_consumes_1_never_scheduled', 'dataset_consumes_1_and_2', 'dataset_consumes_unknown_never_scheduled' retrieved from /home/airflow/.local/lib/python3.12/site-packages/airflow/example_dags/example_datasets.py
[2025-04-26T22:31:06.211+0000] {logging_mixin.py:190} INFO - [2025-04-26T22:31:06.211+0000] {dag.py:3239} INFO - Sync 10 DAGs
[2025-04-26T22:31:06.237+0000] {logging_mixin.py:190} INFO - [2025-04-26T22:31:06.236+0000] {dag.py:4180} INFO - Setting next_dagrun for conditional_dataset_and_time_based_timetable to 2025-04-23 01:00:00+00:00, run_after=2025-04-23 01:00:00+00:00
[2025-04-26T22:31:06.240+0000] {logging_mixin.py:190} INFO - [2025-04-26T22:31:06.240+0000] {dag.py:4180} INFO - Setting next_dagrun for consume_1_and_2_with_dataset_expressions to None, run_after=None
[2025-04-26T22:31:06.242+0000] {logging_mixin.py:190} INFO - [2025-04-26T22:31:06.241+0000] {dag.py:4180} INFO - Setting next_dagrun for consume_1_or_2_with_dataset_expressions to None, run_after=None
[2025-04-26T22:31:06.243+0000] {logging_mixin.py:190} INFO - [2025-04-26T22:31:06.242+0000] {dag.py:4180} INFO - Setting next_dagrun for consume_1_or_both_2_and_3_with_dataset_expressions to None, run_after=None
[2025-04-26T22:31:06.244+0000] {logging_mixin.py:190} INFO - [2025-04-26T22:31:06.243+0000] {dag.py:4180} INFO - Setting next_dagrun for dataset_consumes_1 to None, run_after=None
[2025-04-26T22:31:06.245+0000] {logging_mixin.py:190} INFO - [2025-04-26T22:31:06.245+0000] {dag.py:4180} INFO - Setting next_dagrun for dataset_consumes_1_and_2 to None, run_after=None
[2025-04-26T22:31:06.246+0000] {logging_mixin.py:190} INFO - [2025-04-26T22:31:06.246+0000] {dag.py:4180} INFO - Setting next_dagrun for dataset_consumes_1_never_scheduled to None, run_after=None
[2025-04-26T22:31:06.247+0000] {logging_mixin.py:190} INFO - [2025-04-26T22:31:06.247+0000] {dag.py:4180} INFO - Setting next_dagrun for dataset_consumes_unknown_never_scheduled to None, run_after=None
[2025-04-26T22:31:06.249+0000] {logging_mixin.py:190} INFO - [2025-04-26T22:31:06.249+0000] {dag.py:4180} INFO - Setting next_dagrun for dataset_produces_1 to 2025-04-25 00:00:00+00:00, run_after=2025-04-26 00:00:00+00:00
[2025-04-26T22:31:06.250+0000] {logging_mixin.py:190} INFO - [2025-04-26T22:31:06.250+0000] {dag.py:4180} INFO - Setting next_dagrun for dataset_produces_2 to None, run_after=None
[2025-04-26T22:31:06.279+0000] {processor.py:208} INFO - Processing /home/airflow/.local/lib/python3.12/site-packages/airflow/example_dags/example_datasets.py took 0.737 seconds
[2025-04-26T22:31:36.405+0000] {processor.py:186} INFO - Started process (PID=306) to work on /home/airflow/.local/lib/python3.12/site-packages/airflow/example_dags/example_datasets.py
[2025-04-26T22:31:36.407+0000] {processor.py:914} INFO - Processing file /home/airflow/.local/lib/python3.12/site-packages/airflow/example_dags/example_datasets.py for tasks to queue
[2025-04-26T22:31:36.409+0000] {logging_mixin.py:190} INFO - [2025-04-26T22:31:36.409+0000] {dagbag.py:588} INFO - Filling up the DagBag from /home/airflow/.local/lib/python3.12/site-packages/airflow/example_dags/example_datasets.py
[2025-04-26T22:31:37.039+0000] {processor.py:925} INFO - DAG(s) 'dataset_consumes_1', 'dataset_produces_2', 'consume_1_and_2_with_dataset_expressions', 'consume_1_or_both_2_and_3_with_dataset_expressions', 'dataset_produces_1', 'consume_1_or_2_with_dataset_expressions', 'dataset_consumes_1_never_scheduled', 'conditional_dataset_and_time_based_timetable', 'dataset_consumes_1_and_2', 'dataset_consumes_unknown_never_scheduled' retrieved from /home/airflow/.local/lib/python3.12/site-packages/airflow/example_dags/example_datasets.py
[2025-04-26T22:31:37.078+0000] {logging_mixin.py:190} INFO - [2025-04-26T22:31:37.078+0000] {dag.py:3239} INFO - Sync 10 DAGs
[2025-04-26T22:31:37.104+0000] {logging_mixin.py:190} INFO - [2025-04-26T22:31:37.104+0000] {dag.py:4180} INFO - Setting next_dagrun for conditional_dataset_and_time_based_timetable to 2025-04-23 01:00:00+00:00, run_after=2025-04-23 01:00:00+00:00
[2025-04-26T22:31:37.108+0000] {logging_mixin.py:190} INFO - [2025-04-26T22:31:37.108+0000] {dag.py:4180} INFO - Setting next_dagrun for consume_1_and_2_with_dataset_expressions to None, run_after=None
[2025-04-26T22:31:37.109+0000] {logging_mixin.py:190} INFO - [2025-04-26T22:31:37.109+0000] {dag.py:4180} INFO - Setting next_dagrun for consume_1_or_2_with_dataset_expressions to None, run_after=None
[2025-04-26T22:31:37.110+0000] {logging_mixin.py:190} INFO - [2025-04-26T22:31:37.110+0000] {dag.py:4180} INFO - Setting next_dagrun for consume_1_or_both_2_and_3_with_dataset_expressions to None, run_after=None
[2025-04-26T22:31:37.111+0000] {logging_mixin.py:190} INFO - [2025-04-26T22:31:37.111+0000] {dag.py:4180} INFO - Setting next_dagrun for dataset_consumes_1 to None, run_after=None
[2025-04-26T22:31:37.112+0000] {logging_mixin.py:190} INFO - [2025-04-26T22:31:37.112+0000] {dag.py:4180} INFO - Setting next_dagrun for dataset_consumes_1_and_2 to None, run_after=None
[2025-04-26T22:31:37.113+0000] {logging_mixin.py:190} INFO - [2025-04-26T22:31:37.113+0000] {dag.py:4180} INFO - Setting next_dagrun for dataset_consumes_1_never_scheduled to None, run_after=None
[2025-04-26T22:31:37.114+0000] {logging_mixin.py:190} INFO - [2025-04-26T22:31:37.114+0000] {dag.py:4180} INFO - Setting next_dagrun for dataset_consumes_unknown_never_scheduled to None, run_after=None
[2025-04-26T22:31:37.117+0000] {logging_mixin.py:190} INFO - [2025-04-26T22:31:37.116+0000] {dag.py:4180} INFO - Setting next_dagrun for dataset_produces_1 to 2025-04-25 00:00:00+00:00, run_after=2025-04-26 00:00:00+00:00
[2025-04-26T22:31:37.118+0000] {logging_mixin.py:190} INFO - [2025-04-26T22:31:37.118+0000] {dag.py:4180} INFO - Setting next_dagrun for dataset_produces_2 to None, run_after=None
[2025-04-26T22:31:37.146+0000] {processor.py:208} INFO - Processing /home/airflow/.local/lib/python3.12/site-packages/airflow/example_dags/example_datasets.py took 0.747 seconds
[2025-04-26T22:32:07.707+0000] {processor.py:186} INFO - Started process (PID=369) to work on /home/airflow/.local/lib/python3.12/site-packages/airflow/example_dags/example_datasets.py
[2025-04-26T22:32:07.709+0000] {processor.py:914} INFO - Processing file /home/airflow/.local/lib/python3.12/site-packages/airflow/example_dags/example_datasets.py for tasks to queue
[2025-04-26T22:32:07.711+0000] {logging_mixin.py:190} INFO - [2025-04-26T22:32:07.711+0000] {dagbag.py:588} INFO - Filling up the DagBag from /home/airflow/.local/lib/python3.12/site-packages/airflow/example_dags/example_datasets.py
[2025-04-26T22:32:08.342+0000] {processor.py:925} INFO - DAG(s) 'dataset_consumes_1_never_scheduled', 'dataset_consumes_unknown_never_scheduled', 'conditional_dataset_and_time_based_timetable', 'dataset_produces_2', 'consume_1_and_2_with_dataset_expressions', 'dataset_produces_1', 'dataset_consumes_1', 'dataset_consumes_1_and_2', 'consume_1_or_2_with_dataset_expressions', 'consume_1_or_both_2_and_3_with_dataset_expressions' retrieved from /home/airflow/.local/lib/python3.12/site-packages/airflow/example_dags/example_datasets.py
[2025-04-26T22:32:08.381+0000] {logging_mixin.py:190} INFO - [2025-04-26T22:32:08.381+0000] {dag.py:3239} INFO - Sync 10 DAGs
[2025-04-26T22:32:08.409+0000] {logging_mixin.py:190} INFO - [2025-04-26T22:32:08.409+0000] {dag.py:4180} INFO - Setting next_dagrun for conditional_dataset_and_time_based_timetable to 2025-04-23 01:00:00+00:00, run_after=2025-04-23 01:00:00+00:00
[2025-04-26T22:32:08.413+0000] {logging_mixin.py:190} INFO - [2025-04-26T22:32:08.413+0000] {dag.py:4180} INFO - Setting next_dagrun for consume_1_and_2_with_dataset_expressions to None, run_after=None
[2025-04-26T22:32:08.414+0000] {logging_mixin.py:190} INFO - [2025-04-26T22:32:08.414+0000] {dag.py:4180} INFO - Setting next_dagrun for consume_1_or_2_with_dataset_expressions to None, run_after=None
[2025-04-26T22:32:08.415+0000] {logging_mixin.py:190} INFO - [2025-04-26T22:32:08.415+0000] {dag.py:4180} INFO - Setting next_dagrun for consume_1_or_both_2_and_3_with_dataset_expressions to None, run_after=None
[2025-04-26T22:32:08.416+0000] {logging_mixin.py:190} INFO - [2025-04-26T22:32:08.416+0000] {dag.py:4180} INFO - Setting next_dagrun for dataset_consumes_1 to None, run_after=None
[2025-04-26T22:32:08.417+0000] {logging_mixin.py:190} INFO - [2025-04-26T22:32:08.417+0000] {dag.py:4180} INFO - Setting next_dagrun for dataset_consumes_1_and_2 to None, run_after=None
[2025-04-26T22:32:08.418+0000] {logging_mixin.py:190} INFO - [2025-04-26T22:32:08.418+0000] {dag.py:4180} INFO - Setting next_dagrun for dataset_consumes_1_never_scheduled to None, run_after=None
[2025-04-26T22:32:08.419+0000] {logging_mixin.py:190} INFO - [2025-04-26T22:32:08.419+0000] {dag.py:4180} INFO - Setting next_dagrun for dataset_consumes_unknown_never_scheduled to None, run_after=None
[2025-04-26T22:32:08.422+0000] {logging_mixin.py:190} INFO - [2025-04-26T22:32:08.422+0000] {dag.py:4180} INFO - Setting next_dagrun for dataset_produces_1 to 2025-04-25 00:00:00+00:00, run_after=2025-04-26 00:00:00+00:00
[2025-04-26T22:32:08.423+0000] {logging_mixin.py:190} INFO - [2025-04-26T22:32:08.423+0000] {dag.py:4180} INFO - Setting next_dagrun for dataset_produces_2 to None, run_after=None
[2025-04-26T22:32:08.458+0000] {processor.py:208} INFO - Processing /home/airflow/.local/lib/python3.12/site-packages/airflow/example_dags/example_datasets.py took 0.757 seconds
[2025-04-26T22:32:38.870+0000] {processor.py:186} INFO - Started process (PID=432) to work on /home/airflow/.local/lib/python3.12/site-packages/airflow/example_dags/example_datasets.py
[2025-04-26T22:32:38.871+0000] {processor.py:914} INFO - Processing file /home/airflow/.local/lib/python3.12/site-packages/airflow/example_dags/example_datasets.py for tasks to queue
[2025-04-26T22:32:38.873+0000] {logging_mixin.py:190} INFO - [2025-04-26T22:32:38.873+0000] {dagbag.py:588} INFO - Filling up the DagBag from /home/airflow/.local/lib/python3.12/site-packages/airflow/example_dags/example_datasets.py
[2025-04-26T22:32:39.535+0000] {processor.py:925} INFO - DAG(s) 'consume_1_and_2_with_dataset_expressions', 'dataset_produces_2', 'dataset_produces_1', 'conditional_dataset_and_time_based_timetable', 'dataset_consumes_1_never_scheduled', 'dataset_consumes_unknown_never_scheduled', 'consume_1_or_2_with_dataset_expressions', 'dataset_consumes_1_and_2', 'dataset_consumes_1', 'consume_1_or_both_2_and_3_with_dataset_expressions' retrieved from /home/airflow/.local/lib/python3.12/site-packages/airflow/example_dags/example_datasets.py
[2025-04-26T22:32:39.575+0000] {logging_mixin.py:190} INFO - [2025-04-26T22:32:39.574+0000] {dag.py:3239} INFO - Sync 10 DAGs
[2025-04-26T22:32:39.600+0000] {logging_mixin.py:190} INFO - [2025-04-26T22:32:39.600+0000] {dag.py:4180} INFO - Setting next_dagrun for conditional_dataset_and_time_based_timetable to 2025-04-23 01:00:00+00:00, run_after=2025-04-23 01:00:00+00:00
[2025-04-26T22:32:39.603+0000] {logging_mixin.py:190} INFO - [2025-04-26T22:32:39.603+0000] {dag.py:4180} INFO - Setting next_dagrun for consume_1_and_2_with_dataset_expressions to None, run_after=None
[2025-04-26T22:32:39.605+0000] {logging_mixin.py:190} INFO - [2025-04-26T22:32:39.605+0000] {dag.py:4180} INFO - Setting next_dagrun for consume_1_or_2_with_dataset_expressions to None, run_after=None
[2025-04-26T22:32:39.606+0000] {logging_mixin.py:190} INFO - [2025-04-26T22:32:39.606+0000] {dag.py:4180} INFO - Setting next_dagrun for consume_1_or_both_2_and_3_with_dataset_expressions to None, run_after=None
[2025-04-26T22:32:39.607+0000] {logging_mixin.py:190} INFO - [2025-04-26T22:32:39.607+0000] {dag.py:4180} INFO - Setting next_dagrun for dataset_consumes_1 to None, run_after=None
[2025-04-26T22:32:39.608+0000] {logging_mixin.py:190} INFO - [2025-04-26T22:32:39.608+0000] {dag.py:4180} INFO - Setting next_dagrun for dataset_consumes_1_and_2 to None, run_after=None
[2025-04-26T22:32:39.609+0000] {logging_mixin.py:190} INFO - [2025-04-26T22:32:39.609+0000] {dag.py:4180} INFO - Setting next_dagrun for dataset_consumes_1_never_scheduled to None, run_after=None
[2025-04-26T22:32:39.610+0000] {logging_mixin.py:190} INFO - [2025-04-26T22:32:39.610+0000] {dag.py:4180} INFO - Setting next_dagrun for dataset_consumes_unknown_never_scheduled to None, run_after=None
[2025-04-26T22:32:39.612+0000] {logging_mixin.py:190} INFO - [2025-04-26T22:32:39.612+0000] {dag.py:4180} INFO - Setting next_dagrun for dataset_produces_1 to 2025-04-25 00:00:00+00:00, run_after=2025-04-26 00:00:00+00:00
[2025-04-26T22:32:39.613+0000] {logging_mixin.py:190} INFO - [2025-04-26T22:32:39.613+0000] {dag.py:4180} INFO - Setting next_dagrun for dataset_produces_2 to None, run_after=None
[2025-04-26T22:32:39.644+0000] {processor.py:208} INFO - Processing /home/airflow/.local/lib/python3.12/site-packages/airflow/example_dags/example_datasets.py took 0.780 seconds
[2025-04-26T22:33:09.968+0000] {processor.py:186} INFO - Started process (PID=495) to work on /home/airflow/.local/lib/python3.12/site-packages/airflow/example_dags/example_datasets.py
[2025-04-26T22:33:09.969+0000] {processor.py:914} INFO - Processing file /home/airflow/.local/lib/python3.12/site-packages/airflow/example_dags/example_datasets.py for tasks to queue
[2025-04-26T22:33:09.972+0000] {logging_mixin.py:190} INFO - [2025-04-26T22:33:09.971+0000] {dagbag.py:588} INFO - Filling up the DagBag from /home/airflow/.local/lib/python3.12/site-packages/airflow/example_dags/example_datasets.py
[2025-04-26T22:33:10.590+0000] {processor.py:925} INFO - DAG(s) 'consume_1_and_2_with_dataset_expressions', 'consume_1_or_2_with_dataset_expressions', 'dataset_produces_1', 'dataset_consumes_1_and_2', 'dataset_consumes_1_never_scheduled', 'dataset_consumes_1', 'dataset_consumes_unknown_never_scheduled', 'consume_1_or_both_2_and_3_with_dataset_expressions', 'conditional_dataset_and_time_based_timetable', 'dataset_produces_2' retrieved from /home/airflow/.local/lib/python3.12/site-packages/airflow/example_dags/example_datasets.py
[2025-04-26T22:33:10.630+0000] {logging_mixin.py:190} INFO - [2025-04-26T22:33:10.630+0000] {dag.py:3239} INFO - Sync 10 DAGs
[2025-04-26T22:33:10.655+0000] {logging_mixin.py:190} INFO - [2025-04-26T22:33:10.655+0000] {dag.py:4180} INFO - Setting next_dagrun for conditional_dataset_and_time_based_timetable to 2025-04-23 01:00:00+00:00, run_after=2025-04-23 01:00:00+00:00
[2025-04-26T22:33:10.659+0000] {logging_mixin.py:190} INFO - [2025-04-26T22:33:10.658+0000] {dag.py:4180} INFO - Setting next_dagrun for consume_1_and_2_with_dataset_expressions to None, run_after=None
[2025-04-26T22:33:10.660+0000] {logging_mixin.py:190} INFO - [2025-04-26T22:33:10.660+0000] {dag.py:4180} INFO - Setting next_dagrun for consume_1_or_2_with_dataset_expressions to None, run_after=None
[2025-04-26T22:33:10.661+0000] {logging_mixin.py:190} INFO - [2025-04-26T22:33:10.661+0000] {dag.py:4180} INFO - Setting next_dagrun for consume_1_or_both_2_and_3_with_dataset_expressions to None, run_after=None
[2025-04-26T22:33:10.662+0000] {logging_mixin.py:190} INFO - [2025-04-26T22:33:10.662+0000] {dag.py:4180} INFO - Setting next_dagrun for dataset_consumes_1 to None, run_after=None
[2025-04-26T22:33:10.663+0000] {logging_mixin.py:190} INFO - [2025-04-26T22:33:10.663+0000] {dag.py:4180} INFO - Setting next_dagrun for dataset_consumes_1_and_2 to None, run_after=None
[2025-04-26T22:33:10.664+0000] {logging_mixin.py:190} INFO - [2025-04-26T22:33:10.664+0000] {dag.py:4180} INFO - Setting next_dagrun for dataset_consumes_1_never_scheduled to None, run_after=None
[2025-04-26T22:33:10.665+0000] {logging_mixin.py:190} INFO - [2025-04-26T22:33:10.665+0000] {dag.py:4180} INFO - Setting next_dagrun for dataset_consumes_unknown_never_scheduled to None, run_after=None
[2025-04-26T22:33:10.667+0000] {logging_mixin.py:190} INFO - [2025-04-26T22:33:10.667+0000] {dag.py:4180} INFO - Setting next_dagrun for dataset_produces_1 to 2025-04-25 00:00:00+00:00, run_after=2025-04-26 00:00:00+00:00
[2025-04-26T22:33:10.668+0000] {logging_mixin.py:190} INFO - [2025-04-26T22:33:10.668+0000] {dag.py:4180} INFO - Setting next_dagrun for dataset_produces_2 to None, run_after=None
[2025-04-26T22:33:10.697+0000] {processor.py:208} INFO - Processing /home/airflow/.local/lib/python3.12/site-packages/airflow/example_dags/example_datasets.py took 0.736 seconds
[2025-04-26T22:33:41.308+0000] {processor.py:186} INFO - Started process (PID=558) to work on /home/airflow/.local/lib/python3.12/site-packages/airflow/example_dags/example_datasets.py
[2025-04-26T22:33:41.310+0000] {processor.py:914} INFO - Processing file /home/airflow/.local/lib/python3.12/site-packages/airflow/example_dags/example_datasets.py for tasks to queue
[2025-04-26T22:33:41.312+0000] {logging_mixin.py:190} INFO - [2025-04-26T22:33:41.312+0000] {dagbag.py:588} INFO - Filling up the DagBag from /home/airflow/.local/lib/python3.12/site-packages/airflow/example_dags/example_datasets.py
[2025-04-26T22:33:41.931+0000] {processor.py:925} INFO - DAG(s) 'consume_1_and_2_with_dataset_expressions', 'dataset_produces_2', 'dataset_consumes_1_never_scheduled', 'dataset_consumes_1', 'dataset_consumes_unknown_never_scheduled', 'dataset_consumes_1_and_2', 'conditional_dataset_and_time_based_timetable', 'consume_1_or_both_2_and_3_with_dataset_expressions', 'dataset_produces_1', 'consume_1_or_2_with_dataset_expressions' retrieved from /home/airflow/.local/lib/python3.12/site-packages/airflow/example_dags/example_datasets.py
[2025-04-26T22:33:41.970+0000] {logging_mixin.py:190} INFO - [2025-04-26T22:33:41.969+0000] {dag.py:3239} INFO - Sync 10 DAGs
[2025-04-26T22:33:41.995+0000] {logging_mixin.py:190} INFO - [2025-04-26T22:33:41.995+0000] {dag.py:4180} INFO - Setting next_dagrun for conditional_dataset_and_time_based_timetable to 2025-04-23 01:00:00+00:00, run_after=2025-04-23 01:00:00+00:00
[2025-04-26T22:33:41.999+0000] {logging_mixin.py:190} INFO - [2025-04-26T22:33:41.999+0000] {dag.py:4180} INFO - Setting next_dagrun for consume_1_and_2_with_dataset_expressions to None, run_after=None
[2025-04-26T22:33:42.000+0000] {logging_mixin.py:190} INFO - [2025-04-26T22:33:42.000+0000] {dag.py:4180} INFO - Setting next_dagrun for consume_1_or_2_with_dataset_expressions to None, run_after=None
[2025-04-26T22:33:42.001+0000] {logging_mixin.py:190} INFO - [2025-04-26T22:33:42.001+0000] {dag.py:4180} INFO - Setting next_dagrun for consume_1_or_both_2_and_3_with_dataset_expressions to None, run_after=None
[2025-04-26T22:33:42.002+0000] {logging_mixin.py:190} INFO - [2025-04-26T22:33:42.002+0000] {dag.py:4180} INFO - Setting next_dagrun for dataset_consumes_1 to None, run_after=None
[2025-04-26T22:33:42.003+0000] {logging_mixin.py:190} INFO - [2025-04-26T22:33:42.003+0000] {dag.py:4180} INFO - Setting next_dagrun for dataset_consumes_1_and_2 to None, run_after=None
[2025-04-26T22:33:42.004+0000] {logging_mixin.py:190} INFO - [2025-04-26T22:33:42.004+0000] {dag.py:4180} INFO - Setting next_dagrun for dataset_consumes_1_never_scheduled to None, run_after=None
[2025-04-26T22:33:42.005+0000] {logging_mixin.py:190} INFO - [2025-04-26T22:33:42.005+0000] {dag.py:4180} INFO - Setting next_dagrun for dataset_consumes_unknown_never_scheduled to None, run_after=None
[2025-04-26T22:33:42.007+0000] {logging_mixin.py:190} INFO - [2025-04-26T22:33:42.007+0000] {dag.py:4180} INFO - Setting next_dagrun for dataset_produces_1 to 2025-04-25 00:00:00+00:00, run_after=2025-04-26 00:00:00+00:00
[2025-04-26T22:33:42.008+0000] {logging_mixin.py:190} INFO - [2025-04-26T22:33:42.008+0000] {dag.py:4180} INFO - Setting next_dagrun for dataset_produces_2 to None, run_after=None
[2025-04-26T22:33:42.037+0000] {processor.py:208} INFO - Processing /home/airflow/.local/lib/python3.12/site-packages/airflow/example_dags/example_datasets.py took 0.735 seconds
[2025-04-26T22:34:12.414+0000] {processor.py:186} INFO - Started process (PID=621) to work on /home/airflow/.local/lib/python3.12/site-packages/airflow/example_dags/example_datasets.py
[2025-04-26T22:34:12.415+0000] {processor.py:914} INFO - Processing file /home/airflow/.local/lib/python3.12/site-packages/airflow/example_dags/example_datasets.py for tasks to queue
[2025-04-26T22:34:12.417+0000] {logging_mixin.py:190} INFO - [2025-04-26T22:34:12.417+0000] {dagbag.py:588} INFO - Filling up the DagBag from /home/airflow/.local/lib/python3.12/site-packages/airflow/example_dags/example_datasets.py
[2025-04-26T22:34:13.045+0000] {processor.py:925} INFO - DAG(s) 'dataset_produces_2', 'dataset_consumes_1_and_2', 'dataset_produces_1', 'dataset_consumes_1_never_scheduled', 'dataset_consumes_unknown_never_scheduled', 'dataset_consumes_1', 'consume_1_or_2_with_dataset_expressions', 'consume_1_or_both_2_and_3_with_dataset_expressions', 'consume_1_and_2_with_dataset_expressions', 'conditional_dataset_and_time_based_timetable' retrieved from /home/airflow/.local/lib/python3.12/site-packages/airflow/example_dags/example_datasets.py
[2025-04-26T22:34:13.084+0000] {logging_mixin.py:190} INFO - [2025-04-26T22:34:13.084+0000] {dag.py:3239} INFO - Sync 10 DAGs
[2025-04-26T22:34:13.111+0000] {logging_mixin.py:190} INFO - [2025-04-26T22:34:13.110+0000] {dag.py:4180} INFO - Setting next_dagrun for conditional_dataset_and_time_based_timetable to 2025-04-23 01:00:00+00:00, run_after=2025-04-23 01:00:00+00:00
[2025-04-26T22:34:13.114+0000] {logging_mixin.py:190} INFO - [2025-04-26T22:34:13.114+0000] {dag.py:4180} INFO - Setting next_dagrun for consume_1_and_2_with_dataset_expressions to None, run_after=None
[2025-04-26T22:34:13.116+0000] {logging_mixin.py:190} INFO - [2025-04-26T22:34:13.116+0000] {dag.py:4180} INFO - Setting next_dagrun for consume_1_or_2_with_dataset_expressions to None, run_after=None
[2025-04-26T22:34:13.117+0000] {logging_mixin.py:190} INFO - [2025-04-26T22:34:13.117+0000] {dag.py:4180} INFO - Setting next_dagrun for consume_1_or_both_2_and_3_with_dataset_expressions to None, run_after=None
[2025-04-26T22:34:13.118+0000] {logging_mixin.py:190} INFO - [2025-04-26T22:34:13.118+0000] {dag.py:4180} INFO - Setting next_dagrun for dataset_consumes_1 to None, run_after=None
[2025-04-26T22:34:13.119+0000] {logging_mixin.py:190} INFO - [2025-04-26T22:34:13.119+0000] {dag.py:4180} INFO - Setting next_dagrun for dataset_consumes_1_and_2 to None, run_after=None
[2025-04-26T22:34:13.120+0000] {logging_mixin.py:190} INFO - [2025-04-26T22:34:13.120+0000] {dag.py:4180} INFO - Setting next_dagrun for dataset_consumes_1_never_scheduled to None, run_after=None
[2025-04-26T22:34:13.121+0000] {logging_mixin.py:190} INFO - [2025-04-26T22:34:13.121+0000] {dag.py:4180} INFO - Setting next_dagrun for dataset_consumes_unknown_never_scheduled to None, run_after=None
[2025-04-26T22:34:13.123+0000] {logging_mixin.py:190} INFO - [2025-04-26T22:34:13.123+0000] {dag.py:4180} INFO - Setting next_dagrun for dataset_produces_1 to 2025-04-25 00:00:00+00:00, run_after=2025-04-26 00:00:00+00:00
[2025-04-26T22:34:13.124+0000] {logging_mixin.py:190} INFO - [2025-04-26T22:34:13.124+0000] {dag.py:4180} INFO - Setting next_dagrun for dataset_produces_2 to None, run_after=None
[2025-04-26T22:34:13.153+0000] {processor.py:208} INFO - Processing /home/airflow/.local/lib/python3.12/site-packages/airflow/example_dags/example_datasets.py took 0.745 seconds
[2025-04-26T22:34:43.827+0000] {processor.py:186} INFO - Started process (PID=684) to work on /home/airflow/.local/lib/python3.12/site-packages/airflow/example_dags/example_datasets.py
[2025-04-26T22:34:43.829+0000] {processor.py:914} INFO - Processing file /home/airflow/.local/lib/python3.12/site-packages/airflow/example_dags/example_datasets.py for tasks to queue
[2025-04-26T22:34:43.831+0000] {logging_mixin.py:190} INFO - [2025-04-26T22:34:43.831+0000] {dagbag.py:588} INFO - Filling up the DagBag from /home/airflow/.local/lib/python3.12/site-packages/airflow/example_dags/example_datasets.py
[2025-04-26T22:34:44.467+0000] {processor.py:925} INFO - DAG(s) 'conditional_dataset_and_time_based_timetable', 'dataset_consumes_unknown_never_scheduled', 'dataset_produces_1', 'consume_1_and_2_with_dataset_expressions', 'consume_1_or_both_2_and_3_with_dataset_expressions', 'dataset_consumes_1', 'dataset_consumes_1_never_scheduled', 'dataset_produces_2', 'consume_1_or_2_with_dataset_expressions', 'dataset_consumes_1_and_2' retrieved from /home/airflow/.local/lib/python3.12/site-packages/airflow/example_dags/example_datasets.py
[2025-04-26T22:34:44.508+0000] {logging_mixin.py:190} INFO - [2025-04-26T22:34:44.508+0000] {dag.py:3239} INFO - Sync 10 DAGs
[2025-04-26T22:34:44.534+0000] {logging_mixin.py:190} INFO - [2025-04-26T22:34:44.534+0000] {dag.py:4180} INFO - Setting next_dagrun for conditional_dataset_and_time_based_timetable to 2025-04-23 01:00:00+00:00, run_after=2025-04-23 01:00:00+00:00
[2025-04-26T22:34:44.538+0000] {logging_mixin.py:190} INFO - [2025-04-26T22:34:44.538+0000] {dag.py:4180} INFO - Setting next_dagrun for consume_1_and_2_with_dataset_expressions to None, run_after=None
[2025-04-26T22:34:44.539+0000] {logging_mixin.py:190} INFO - [2025-04-26T22:34:44.539+0000] {dag.py:4180} INFO - Setting next_dagrun for consume_1_or_2_with_dataset_expressions to None, run_after=None
[2025-04-26T22:34:44.540+0000] {logging_mixin.py:190} INFO - [2025-04-26T22:34:44.540+0000] {dag.py:4180} INFO - Setting next_dagrun for consume_1_or_both_2_and_3_with_dataset_expressions to None, run_after=None
[2025-04-26T22:34:44.541+0000] {logging_mixin.py:190} INFO - [2025-04-26T22:34:44.541+0000] {dag.py:4180} INFO - Setting next_dagrun for dataset_consumes_1 to None, run_after=None
[2025-04-26T22:34:44.543+0000] {logging_mixin.py:190} INFO - [2025-04-26T22:34:44.542+0000] {dag.py:4180} INFO - Setting next_dagrun for dataset_consumes_1_and_2 to None, run_after=None
[2025-04-26T22:34:44.544+0000] {logging_mixin.py:190} INFO - [2025-04-26T22:34:44.543+0000] {dag.py:4180} INFO - Setting next_dagrun for dataset_consumes_1_never_scheduled to None, run_after=None
[2025-04-26T22:34:44.545+0000] {logging_mixin.py:190} INFO - [2025-04-26T22:34:44.545+0000] {dag.py:4180} INFO - Setting next_dagrun for dataset_consumes_unknown_never_scheduled to None, run_after=None
[2025-04-26T22:34:44.547+0000] {logging_mixin.py:190} INFO - [2025-04-26T22:34:44.547+0000] {dag.py:4180} INFO - Setting next_dagrun for dataset_produces_1 to 2025-04-25 00:00:00+00:00, run_after=2025-04-26 00:00:00+00:00
[2025-04-26T22:34:44.548+0000] {logging_mixin.py:190} INFO - [2025-04-26T22:34:44.548+0000] {dag.py:4180} INFO - Setting next_dagrun for dataset_produces_2 to None, run_after=None
[2025-04-26T22:34:44.580+0000] {processor.py:208} INFO - Processing /home/airflow/.local/lib/python3.12/site-packages/airflow/example_dags/example_datasets.py took 0.759 seconds
[2025-04-26T22:35:14.893+0000] {processor.py:186} INFO - Started process (PID=748) to work on /home/airflow/.local/lib/python3.12/site-packages/airflow/example_dags/example_datasets.py
[2025-04-26T22:35:14.894+0000] {processor.py:914} INFO - Processing file /home/airflow/.local/lib/python3.12/site-packages/airflow/example_dags/example_datasets.py for tasks to queue
[2025-04-26T22:35:14.897+0000] {logging_mixin.py:190} INFO - [2025-04-26T22:35:14.896+0000] {dagbag.py:588} INFO - Filling up the DagBag from /home/airflow/.local/lib/python3.12/site-packages/airflow/example_dags/example_datasets.py
[2025-04-26T22:35:15.423+0000] {processor.py:925} INFO - DAG(s) 'dataset_produces_1', 'consume_1_and_2_with_dataset_expressions', 'dataset_produces_2', 'consume_1_or_2_with_dataset_expressions', 'dataset_consumes_1_and_2', 'conditional_dataset_and_time_based_timetable', 'dataset_consumes_unknown_never_scheduled', 'consume_1_or_both_2_and_3_with_dataset_expressions', 'dataset_consumes_1', 'dataset_consumes_1_never_scheduled' retrieved from /home/airflow/.local/lib/python3.12/site-packages/airflow/example_dags/example_datasets.py
[2025-04-26T22:35:15.461+0000] {logging_mixin.py:190} INFO - [2025-04-26T22:35:15.461+0000] {dag.py:3239} INFO - Sync 10 DAGs
[2025-04-26T22:35:15.486+0000] {logging_mixin.py:190} INFO - [2025-04-26T22:35:15.486+0000] {dag.py:4180} INFO - Setting next_dagrun for conditional_dataset_and_time_based_timetable to 2025-04-23 01:00:00+00:00, run_after=2025-04-23 01:00:00+00:00
[2025-04-26T22:35:15.490+0000] {logging_mixin.py:190} INFO - [2025-04-26T22:35:15.489+0000] {dag.py:4180} INFO - Setting next_dagrun for consume_1_and_2_with_dataset_expressions to None, run_after=None
[2025-04-26T22:35:15.491+0000] {logging_mixin.py:190} INFO - [2025-04-26T22:35:15.491+0000] {dag.py:4180} INFO - Setting next_dagrun for consume_1_or_2_with_dataset_expressions to None, run_after=None
[2025-04-26T22:35:15.492+0000] {logging_mixin.py:190} INFO - [2025-04-26T22:35:15.492+0000] {dag.py:4180} INFO - Setting next_dagrun for consume_1_or_both_2_and_3_with_dataset_expressions to None, run_after=None
[2025-04-26T22:35:15.493+0000] {logging_mixin.py:190} INFO - [2025-04-26T22:35:15.493+0000] {dag.py:4180} INFO - Setting next_dagrun for dataset_consumes_1 to None, run_after=None
[2025-04-26T22:35:15.494+0000] {logging_mixin.py:190} INFO - [2025-04-26T22:35:15.494+0000] {dag.py:4180} INFO - Setting next_dagrun for dataset_consumes_1_and_2 to None, run_after=None
[2025-04-26T22:35:15.495+0000] {logging_mixin.py:190} INFO - [2025-04-26T22:35:15.495+0000] {dag.py:4180} INFO - Setting next_dagrun for dataset_consumes_1_never_scheduled to None, run_after=None
[2025-04-26T22:35:15.496+0000] {logging_mixin.py:190} INFO - [2025-04-26T22:35:15.496+0000] {dag.py:4180} INFO - Setting next_dagrun for dataset_consumes_unknown_never_scheduled to None, run_after=None
[2025-04-26T22:35:15.499+0000] {logging_mixin.py:190} INFO - [2025-04-26T22:35:15.498+0000] {dag.py:4180} INFO - Setting next_dagrun for dataset_produces_1 to 2025-04-25 00:00:00+00:00, run_after=2025-04-26 00:00:00+00:00
[2025-04-26T22:35:15.500+0000] {logging_mixin.py:190} INFO - [2025-04-26T22:35:15.499+0000] {dag.py:4180} INFO - Setting next_dagrun for dataset_produces_2 to None, run_after=None
[2025-04-26T22:35:15.530+0000] {processor.py:208} INFO - Processing /home/airflow/.local/lib/python3.12/site-packages/airflow/example_dags/example_datasets.py took 0.643 seconds
[2025-04-26T22:35:45.859+0000] {processor.py:186} INFO - Started process (PID=812) to work on /home/airflow/.local/lib/python3.12/site-packages/airflow/example_dags/example_datasets.py
[2025-04-26T22:35:45.861+0000] {processor.py:914} INFO - Processing file /home/airflow/.local/lib/python3.12/site-packages/airflow/example_dags/example_datasets.py for tasks to queue
[2025-04-26T22:35:45.863+0000] {logging_mixin.py:190} INFO - [2025-04-26T22:35:45.863+0000] {dagbag.py:588} INFO - Filling up the DagBag from /home/airflow/.local/lib/python3.12/site-packages/airflow/example_dags/example_datasets.py
[2025-04-26T22:35:46.385+0000] {processor.py:925} INFO - DAG(s) 'dataset_produces_1', 'dataset_consumes_1_never_scheduled', 'dataset_consumes_unknown_never_scheduled', 'dataset_consumes_1', 'consume_1_and_2_with_dataset_expressions', 'dataset_produces_2', 'dataset_consumes_1_and_2', 'conditional_dataset_and_time_based_timetable', 'consume_1_or_both_2_and_3_with_dataset_expressions', 'consume_1_or_2_with_dataset_expressions' retrieved from /home/airflow/.local/lib/python3.12/site-packages/airflow/example_dags/example_datasets.py
[2025-04-26T22:35:46.425+0000] {logging_mixin.py:190} INFO - [2025-04-26T22:35:46.425+0000] {dag.py:3239} INFO - Sync 10 DAGs
[2025-04-26T22:35:46.450+0000] {logging_mixin.py:190} INFO - [2025-04-26T22:35:46.450+0000] {dag.py:4180} INFO - Setting next_dagrun for conditional_dataset_and_time_based_timetable to 2025-04-23 01:00:00+00:00, run_after=2025-04-23 01:00:00+00:00
[2025-04-26T22:35:46.455+0000] {logging_mixin.py:190} INFO - [2025-04-26T22:35:46.455+0000] {dag.py:4180} INFO - Setting next_dagrun for consume_1_and_2_with_dataset_expressions to None, run_after=None
[2025-04-26T22:35:46.456+0000] {logging_mixin.py:190} INFO - [2025-04-26T22:35:46.456+0000] {dag.py:4180} INFO - Setting next_dagrun for consume_1_or_2_with_dataset_expressions to None, run_after=None
[2025-04-26T22:35:46.457+0000] {logging_mixin.py:190} INFO - [2025-04-26T22:35:46.457+0000] {dag.py:4180} INFO - Setting next_dagrun for consume_1_or_both_2_and_3_with_dataset_expressions to None, run_after=None
[2025-04-26T22:35:46.458+0000] {logging_mixin.py:190} INFO - [2025-04-26T22:35:46.458+0000] {dag.py:4180} INFO - Setting next_dagrun for dataset_consumes_1 to None, run_after=None
[2025-04-26T22:35:46.459+0000] {logging_mixin.py:190} INFO - [2025-04-26T22:35:46.459+0000] {dag.py:4180} INFO - Setting next_dagrun for dataset_consumes_1_and_2 to None, run_after=None
[2025-04-26T22:35:46.460+0000] {logging_mixin.py:190} INFO - [2025-04-26T22:35:46.460+0000] {dag.py:4180} INFO - Setting next_dagrun for dataset_consumes_1_never_scheduled to None, run_after=None
[2025-04-26T22:35:46.462+0000] {logging_mixin.py:190} INFO - [2025-04-26T22:35:46.461+0000] {dag.py:4180} INFO - Setting next_dagrun for dataset_consumes_unknown_never_scheduled to None, run_after=None
[2025-04-26T22:35:46.464+0000] {logging_mixin.py:190} INFO - [2025-04-26T22:35:46.464+0000] {dag.py:4180} INFO - Setting next_dagrun for dataset_produces_1 to 2025-04-25 00:00:00+00:00, run_after=2025-04-26 00:00:00+00:00
[2025-04-26T22:35:46.465+0000] {logging_mixin.py:190} INFO - [2025-04-26T22:35:46.465+0000] {dag.py:4180} INFO - Setting next_dagrun for dataset_produces_2 to None, run_after=None
[2025-04-26T22:35:46.495+0000] {processor.py:208} INFO - Processing /home/airflow/.local/lib/python3.12/site-packages/airflow/example_dags/example_datasets.py took 0.643 seconds
[2025-04-26T22:36:16.558+0000] {processor.py:186} INFO - Started process (PID=876) to work on /home/airflow/.local/lib/python3.12/site-packages/airflow/example_dags/example_datasets.py
[2025-04-26T22:36:16.559+0000] {processor.py:914} INFO - Processing file /home/airflow/.local/lib/python3.12/site-packages/airflow/example_dags/example_datasets.py for tasks to queue
[2025-04-26T22:36:16.562+0000] {logging_mixin.py:190} INFO - [2025-04-26T22:36:16.562+0000] {dagbag.py:588} INFO - Filling up the DagBag from /home/airflow/.local/lib/python3.12/site-packages/airflow/example_dags/example_datasets.py
[2025-04-26T22:36:17.087+0000] {processor.py:925} INFO - DAG(s) 'dataset_produces_1', 'dataset_produces_2', 'dataset_consumes_unknown_never_scheduled', 'consume_1_or_2_with_dataset_expressions', 'dataset_consumes_1_and_2', 'dataset_consumes_1_never_scheduled', 'conditional_dataset_and_time_based_timetable', 'consume_1_or_both_2_and_3_with_dataset_expressions', 'consume_1_and_2_with_dataset_expressions', 'dataset_consumes_1' retrieved from /home/airflow/.local/lib/python3.12/site-packages/airflow/example_dags/example_datasets.py
[2025-04-26T22:36:17.131+0000] {logging_mixin.py:190} INFO - [2025-04-26T22:36:17.131+0000] {dag.py:3239} INFO - Sync 10 DAGs
[2025-04-26T22:36:17.158+0000] {logging_mixin.py:190} INFO - [2025-04-26T22:36:17.158+0000] {dag.py:4180} INFO - Setting next_dagrun for conditional_dataset_and_time_based_timetable to 2025-04-23 01:00:00+00:00, run_after=2025-04-23 01:00:00+00:00
[2025-04-26T22:36:17.162+0000] {logging_mixin.py:190} INFO - [2025-04-26T22:36:17.161+0000] {dag.py:4180} INFO - Setting next_dagrun for consume_1_and_2_with_dataset_expressions to None, run_after=None
[2025-04-26T22:36:17.163+0000] {logging_mixin.py:190} INFO - [2025-04-26T22:36:17.163+0000] {dag.py:4180} INFO - Setting next_dagrun for consume_1_or_2_with_dataset_expressions to None, run_after=None
[2025-04-26T22:36:17.164+0000] {logging_mixin.py:190} INFO - [2025-04-26T22:36:17.164+0000] {dag.py:4180} INFO - Setting next_dagrun for consume_1_or_both_2_and_3_with_dataset_expressions to None, run_after=None
[2025-04-26T22:36:17.165+0000] {logging_mixin.py:190} INFO - [2025-04-26T22:36:17.165+0000] {dag.py:4180} INFO - Setting next_dagrun for dataset_consumes_1 to None, run_after=None
[2025-04-26T22:36:17.166+0000] {logging_mixin.py:190} INFO - [2025-04-26T22:36:17.166+0000] {dag.py:4180} INFO - Setting next_dagrun for dataset_consumes_1_and_2 to None, run_after=None
[2025-04-26T22:36:17.167+0000] {logging_mixin.py:190} INFO - [2025-04-26T22:36:17.167+0000] {dag.py:4180} INFO - Setting next_dagrun for dataset_consumes_1_never_scheduled to None, run_after=None
[2025-04-26T22:36:17.169+0000] {logging_mixin.py:190} INFO - [2025-04-26T22:36:17.168+0000] {dag.py:4180} INFO - Setting next_dagrun for dataset_consumes_unknown_never_scheduled to None, run_after=None
[2025-04-26T22:36:17.171+0000] {logging_mixin.py:190} INFO - [2025-04-26T22:36:17.171+0000] {dag.py:4180} INFO - Setting next_dagrun for dataset_produces_1 to 2025-04-25 00:00:00+00:00, run_after=2025-04-26 00:00:00+00:00
[2025-04-26T22:36:17.172+0000] {logging_mixin.py:190} INFO - [2025-04-26T22:36:17.172+0000] {dag.py:4180} INFO - Setting next_dagrun for dataset_produces_2 to None, run_after=None
[2025-04-26T22:36:17.204+0000] {processor.py:208} INFO - Processing /home/airflow/.local/lib/python3.12/site-packages/airflow/example_dags/example_datasets.py took 0.653 seconds
[2025-04-26T22:36:47.576+0000] {processor.py:186} INFO - Started process (PID=940) to work on /home/airflow/.local/lib/python3.12/site-packages/airflow/example_dags/example_datasets.py
[2025-04-26T22:36:47.578+0000] {processor.py:914} INFO - Processing file /home/airflow/.local/lib/python3.12/site-packages/airflow/example_dags/example_datasets.py for tasks to queue
[2025-04-26T22:36:47.580+0000] {logging_mixin.py:190} INFO - [2025-04-26T22:36:47.580+0000] {dagbag.py:588} INFO - Filling up the DagBag from /home/airflow/.local/lib/python3.12/site-packages/airflow/example_dags/example_datasets.py
[2025-04-26T22:36:48.124+0000] {processor.py:925} INFO - DAG(s) 'dataset_produces_1', 'dataset_consumes_1', 'consume_1_or_both_2_and_3_with_dataset_expressions', 'dataset_consumes_1_never_scheduled', 'dataset_consumes_unknown_never_scheduled', 'dataset_consumes_1_and_2', 'dataset_produces_2', 'consume_1_or_2_with_dataset_expressions', 'consume_1_and_2_with_dataset_expressions', 'conditional_dataset_and_time_based_timetable' retrieved from /home/airflow/.local/lib/python3.12/site-packages/airflow/example_dags/example_datasets.py
[2025-04-26T22:36:48.164+0000] {logging_mixin.py:190} INFO - [2025-04-26T22:36:48.164+0000] {dag.py:3239} INFO - Sync 10 DAGs
[2025-04-26T22:36:48.192+0000] {logging_mixin.py:190} INFO - [2025-04-26T22:36:48.191+0000] {dag.py:4180} INFO - Setting next_dagrun for conditional_dataset_and_time_based_timetable to 2025-04-23 01:00:00+00:00, run_after=2025-04-23 01:00:00+00:00
[2025-04-26T22:36:48.195+0000] {logging_mixin.py:190} INFO - [2025-04-26T22:36:48.195+0000] {dag.py:4180} INFO - Setting next_dagrun for consume_1_and_2_with_dataset_expressions to None, run_after=None
[2025-04-26T22:36:48.196+0000] {logging_mixin.py:190} INFO - [2025-04-26T22:36:48.196+0000] {dag.py:4180} INFO - Setting next_dagrun for consume_1_or_2_with_dataset_expressions to None, run_after=None
[2025-04-26T22:36:48.197+0000] {logging_mixin.py:190} INFO - [2025-04-26T22:36:48.197+0000] {dag.py:4180} INFO - Setting next_dagrun for consume_1_or_both_2_and_3_with_dataset_expressions to None, run_after=None
[2025-04-26T22:36:48.199+0000] {logging_mixin.py:190} INFO - [2025-04-26T22:36:48.198+0000] {dag.py:4180} INFO - Setting next_dagrun for dataset_consumes_1 to None, run_after=None
[2025-04-26T22:36:48.200+0000] {logging_mixin.py:190} INFO - [2025-04-26T22:36:48.199+0000] {dag.py:4180} INFO - Setting next_dagrun for dataset_consumes_1_and_2 to None, run_after=None
[2025-04-26T22:36:48.201+0000] {logging_mixin.py:190} INFO - [2025-04-26T22:36:48.200+0000] {dag.py:4180} INFO - Setting next_dagrun for dataset_consumes_1_never_scheduled to None, run_after=None
[2025-04-26T22:36:48.202+0000] {logging_mixin.py:190} INFO - [2025-04-26T22:36:48.202+0000] {dag.py:4180} INFO - Setting next_dagrun for dataset_consumes_unknown_never_scheduled to None, run_after=None
[2025-04-26T22:36:48.204+0000] {logging_mixin.py:190} INFO - [2025-04-26T22:36:48.204+0000] {dag.py:4180} INFO - Setting next_dagrun for dataset_produces_1 to 2025-04-25 00:00:00+00:00, run_after=2025-04-26 00:00:00+00:00
[2025-04-26T22:36:48.205+0000] {logging_mixin.py:190} INFO - [2025-04-26T22:36:48.205+0000] {dag.py:4180} INFO - Setting next_dagrun for dataset_produces_2 to None, run_after=None
[2025-04-26T22:36:48.236+0000] {processor.py:208} INFO - Processing /home/airflow/.local/lib/python3.12/site-packages/airflow/example_dags/example_datasets.py took 0.667 seconds
[2025-04-26T22:37:18.834+0000] {processor.py:186} INFO - Started process (PID=1004) to work on /home/airflow/.local/lib/python3.12/site-packages/airflow/example_dags/example_datasets.py
[2025-04-26T22:37:18.836+0000] {processor.py:914} INFO - Processing file /home/airflow/.local/lib/python3.12/site-packages/airflow/example_dags/example_datasets.py for tasks to queue
[2025-04-26T22:37:18.838+0000] {logging_mixin.py:190} INFO - [2025-04-26T22:37:18.838+0000] {dagbag.py:588} INFO - Filling up the DagBag from /home/airflow/.local/lib/python3.12/site-packages/airflow/example_dags/example_datasets.py
[2025-04-26T22:37:19.360+0000] {processor.py:925} INFO - DAG(s) 'dataset_consumes_unknown_never_scheduled', 'dataset_consumes_1_and_2', 'consume_1_or_2_with_dataset_expressions', 'dataset_produces_1', 'conditional_dataset_and_time_based_timetable', 'dataset_consumes_1_never_scheduled', 'dataset_produces_2', 'dataset_consumes_1', 'consume_1_and_2_with_dataset_expressions', 'consume_1_or_both_2_and_3_with_dataset_expressions' retrieved from /home/airflow/.local/lib/python3.12/site-packages/airflow/example_dags/example_datasets.py
[2025-04-26T22:37:19.398+0000] {logging_mixin.py:190} INFO - [2025-04-26T22:37:19.398+0000] {dag.py:3239} INFO - Sync 10 DAGs
[2025-04-26T22:37:19.425+0000] {logging_mixin.py:190} INFO - [2025-04-26T22:37:19.425+0000] {dag.py:4180} INFO - Setting next_dagrun for conditional_dataset_and_time_based_timetable to 2025-04-23 01:00:00+00:00, run_after=2025-04-23 01:00:00+00:00
[2025-04-26T22:37:19.428+0000] {logging_mixin.py:190} INFO - [2025-04-26T22:37:19.428+0000] {dag.py:4180} INFO - Setting next_dagrun for consume_1_and_2_with_dataset_expressions to None, run_after=None
[2025-04-26T22:37:19.430+0000] {logging_mixin.py:190} INFO - [2025-04-26T22:37:19.429+0000] {dag.py:4180} INFO - Setting next_dagrun for consume_1_or_2_with_dataset_expressions to None, run_after=None
[2025-04-26T22:37:19.431+0000] {logging_mixin.py:190} INFO - [2025-04-26T22:37:19.430+0000] {dag.py:4180} INFO - Setting next_dagrun for consume_1_or_both_2_and_3_with_dataset_expressions to None, run_after=None
[2025-04-26T22:37:19.432+0000] {logging_mixin.py:190} INFO - [2025-04-26T22:37:19.431+0000] {dag.py:4180} INFO - Setting next_dagrun for dataset_consumes_1 to None, run_after=None
[2025-04-26T22:37:19.433+0000] {logging_mixin.py:190} INFO - [2025-04-26T22:37:19.432+0000] {dag.py:4180} INFO - Setting next_dagrun for dataset_consumes_1_and_2 to None, run_after=None
[2025-04-26T22:37:19.434+0000] {logging_mixin.py:190} INFO - [2025-04-26T22:37:19.433+0000] {dag.py:4180} INFO - Setting next_dagrun for dataset_consumes_1_never_scheduled to None, run_after=None
[2025-04-26T22:37:19.435+0000] {logging_mixin.py:190} INFO - [2025-04-26T22:37:19.434+0000] {dag.py:4180} INFO - Setting next_dagrun for dataset_consumes_unknown_never_scheduled to None, run_after=None
[2025-04-26T22:37:19.437+0000] {logging_mixin.py:190} INFO - [2025-04-26T22:37:19.437+0000] {dag.py:4180} INFO - Setting next_dagrun for dataset_produces_1 to 2025-04-25 00:00:00+00:00, run_after=2025-04-26 00:00:00+00:00
[2025-04-26T22:37:19.438+0000] {logging_mixin.py:190} INFO - [2025-04-26T22:37:19.438+0000] {dag.py:4180} INFO - Setting next_dagrun for dataset_produces_2 to None, run_after=None
[2025-04-26T22:37:19.467+0000] {processor.py:208} INFO - Processing /home/airflow/.local/lib/python3.12/site-packages/airflow/example_dags/example_datasets.py took 0.639 seconds
[2025-04-26T22:37:50.039+0000] {processor.py:186} INFO - Started process (PID=1068) to work on /home/airflow/.local/lib/python3.12/site-packages/airflow/example_dags/example_datasets.py
[2025-04-26T22:37:50.040+0000] {processor.py:914} INFO - Processing file /home/airflow/.local/lib/python3.12/site-packages/airflow/example_dags/example_datasets.py for tasks to queue
[2025-04-26T22:37:50.043+0000] {logging_mixin.py:190} INFO - [2025-04-26T22:37:50.042+0000] {dagbag.py:588} INFO - Filling up the DagBag from /home/airflow/.local/lib/python3.12/site-packages/airflow/example_dags/example_datasets.py
[2025-04-26T22:37:50.569+0000] {processor.py:925} INFO - DAG(s) 'dataset_consumes_1', 'dataset_consumes_1_and_2', 'conditional_dataset_and_time_based_timetable', 'dataset_consumes_1_never_scheduled', 'dataset_produces_2', 'dataset_produces_1', 'dataset_consumes_unknown_never_scheduled', 'consume_1_or_2_with_dataset_expressions', 'consume_1_and_2_with_dataset_expressions', 'consume_1_or_both_2_and_3_with_dataset_expressions' retrieved from /home/airflow/.local/lib/python3.12/site-packages/airflow/example_dags/example_datasets.py
[2025-04-26T22:37:50.607+0000] {logging_mixin.py:190} INFO - [2025-04-26T22:37:50.607+0000] {dag.py:3239} INFO - Sync 10 DAGs
[2025-04-26T22:37:50.632+0000] {logging_mixin.py:190} INFO - [2025-04-26T22:37:50.632+0000] {dag.py:4180} INFO - Setting next_dagrun for conditional_dataset_and_time_based_timetable to 2025-04-23 01:00:00+00:00, run_after=2025-04-23 01:00:00+00:00
[2025-04-26T22:37:50.636+0000] {logging_mixin.py:190} INFO - [2025-04-26T22:37:50.636+0000] {dag.py:4180} INFO - Setting next_dagrun for consume_1_and_2_with_dataset_expressions to None, run_after=None
[2025-04-26T22:37:50.639+0000] {logging_mixin.py:190} INFO - [2025-04-26T22:37:50.639+0000] {dag.py:4180} INFO - Setting next_dagrun for consume_1_or_2_with_dataset_expressions to None, run_after=None
[2025-04-26T22:37:50.640+0000] {logging_mixin.py:190} INFO - [2025-04-26T22:37:50.640+0000] {dag.py:4180} INFO - Setting next_dagrun for consume_1_or_both_2_and_3_with_dataset_expressions to None, run_after=None
[2025-04-26T22:37:50.641+0000] {logging_mixin.py:190} INFO - [2025-04-26T22:37:50.641+0000] {dag.py:4180} INFO - Setting next_dagrun for dataset_consumes_1 to None, run_after=None
[2025-04-26T22:37:50.642+0000] {logging_mixin.py:190} INFO - [2025-04-26T22:37:50.642+0000] {dag.py:4180} INFO - Setting next_dagrun for dataset_consumes_1_and_2 to None, run_after=None
[2025-04-26T22:37:50.643+0000] {logging_mixin.py:190} INFO - [2025-04-26T22:37:50.643+0000] {dag.py:4180} INFO - Setting next_dagrun for dataset_consumes_1_never_scheduled to None, run_after=None
[2025-04-26T22:37:50.644+0000] {logging_mixin.py:190} INFO - [2025-04-26T22:37:50.644+0000] {dag.py:4180} INFO - Setting next_dagrun for dataset_consumes_unknown_never_scheduled to None, run_after=None
[2025-04-26T22:37:50.646+0000] {logging_mixin.py:190} INFO - [2025-04-26T22:37:50.646+0000] {dag.py:4180} INFO - Setting next_dagrun for dataset_produces_1 to 2025-04-25 00:00:00+00:00, run_after=2025-04-26 00:00:00+00:00
[2025-04-26T22:37:50.647+0000] {logging_mixin.py:190} INFO - [2025-04-26T22:37:50.647+0000] {dag.py:4180} INFO - Setting next_dagrun for dataset_produces_2 to None, run_after=None
[2025-04-26T22:37:50.677+0000] {processor.py:208} INFO - Processing /home/airflow/.local/lib/python3.12/site-packages/airflow/example_dags/example_datasets.py took 0.644 seconds
[2025-04-26T22:38:20.831+0000] {processor.py:186} INFO - Started process (PID=1133) to work on /home/airflow/.local/lib/python3.12/site-packages/airflow/example_dags/example_datasets.py
[2025-04-26T22:38:20.833+0000] {processor.py:914} INFO - Processing file /home/airflow/.local/lib/python3.12/site-packages/airflow/example_dags/example_datasets.py for tasks to queue
[2025-04-26T22:38:20.835+0000] {logging_mixin.py:190} INFO - [2025-04-26T22:38:20.835+0000] {dagbag.py:588} INFO - Filling up the DagBag from /home/airflow/.local/lib/python3.12/site-packages/airflow/example_dags/example_datasets.py
[2025-04-26T22:38:21.352+0000] {processor.py:925} INFO - DAG(s) 'dataset_consumes_1_and_2', 'consume_1_and_2_with_dataset_expressions', 'dataset_produces_1', 'dataset_consumes_1', 'dataset_produces_2', 'consume_1_or_2_with_dataset_expressions', 'consume_1_or_both_2_and_3_with_dataset_expressions', 'conditional_dataset_and_time_based_timetable', 'dataset_consumes_unknown_never_scheduled', 'dataset_consumes_1_never_scheduled' retrieved from /home/airflow/.local/lib/python3.12/site-packages/airflow/example_dags/example_datasets.py
[2025-04-26T22:38:21.391+0000] {logging_mixin.py:190} INFO - [2025-04-26T22:38:21.391+0000] {dag.py:3239} INFO - Sync 10 DAGs
[2025-04-26T22:38:21.416+0000] {logging_mixin.py:190} INFO - [2025-04-26T22:38:21.416+0000] {dag.py:4180} INFO - Setting next_dagrun for conditional_dataset_and_time_based_timetable to 2025-04-23 01:00:00+00:00, run_after=2025-04-23 01:00:00+00:00
[2025-04-26T22:38:21.419+0000] {logging_mixin.py:190} INFO - [2025-04-26T22:38:21.419+0000] {dag.py:4180} INFO - Setting next_dagrun for consume_1_and_2_with_dataset_expressions to None, run_after=None
[2025-04-26T22:38:21.421+0000] {logging_mixin.py:190} INFO - [2025-04-26T22:38:21.421+0000] {dag.py:4180} INFO - Setting next_dagrun for consume_1_or_2_with_dataset_expressions to None, run_after=None
[2025-04-26T22:38:21.422+0000] {logging_mixin.py:190} INFO - [2025-04-26T22:38:21.422+0000] {dag.py:4180} INFO - Setting next_dagrun for consume_1_or_both_2_and_3_with_dataset_expressions to None, run_after=None
[2025-04-26T22:38:21.423+0000] {logging_mixin.py:190} INFO - [2025-04-26T22:38:21.423+0000] {dag.py:4180} INFO - Setting next_dagrun for dataset_consumes_1 to None, run_after=None
[2025-04-26T22:38:21.424+0000] {logging_mixin.py:190} INFO - [2025-04-26T22:38:21.424+0000] {dag.py:4180} INFO - Setting next_dagrun for dataset_consumes_1_and_2 to None, run_after=None
[2025-04-26T22:38:21.425+0000] {logging_mixin.py:190} INFO - [2025-04-26T22:38:21.425+0000] {dag.py:4180} INFO - Setting next_dagrun for dataset_consumes_1_never_scheduled to None, run_after=None
[2025-04-26T22:38:21.426+0000] {logging_mixin.py:190} INFO - [2025-04-26T22:38:21.426+0000] {dag.py:4180} INFO - Setting next_dagrun for dataset_consumes_unknown_never_scheduled to None, run_after=None
[2025-04-26T22:38:21.428+0000] {logging_mixin.py:190} INFO - [2025-04-26T22:38:21.428+0000] {dag.py:4180} INFO - Setting next_dagrun for dataset_produces_1 to 2025-04-25 00:00:00+00:00, run_after=2025-04-26 00:00:00+00:00
[2025-04-26T22:38:21.429+0000] {logging_mixin.py:190} INFO - [2025-04-26T22:38:21.429+0000] {dag.py:4180} INFO - Setting next_dagrun for dataset_produces_2 to None, run_after=None
[2025-04-26T22:38:21.459+0000] {processor.py:208} INFO - Processing /home/airflow/.local/lib/python3.12/site-packages/airflow/example_dags/example_datasets.py took 0.635 seconds
[2025-04-26T22:38:51.577+0000] {processor.py:186} INFO - Started process (PID=1197) to work on /home/airflow/.local/lib/python3.12/site-packages/airflow/example_dags/example_datasets.py
[2025-04-26T22:38:51.578+0000] {processor.py:914} INFO - Processing file /home/airflow/.local/lib/python3.12/site-packages/airflow/example_dags/example_datasets.py for tasks to queue
[2025-04-26T22:38:51.581+0000] {logging_mixin.py:190} INFO - [2025-04-26T22:38:51.580+0000] {dagbag.py:588} INFO - Filling up the DagBag from /home/airflow/.local/lib/python3.12/site-packages/airflow/example_dags/example_datasets.py
[2025-04-26T22:38:52.106+0000] {processor.py:925} INFO - DAG(s) 'consume_1_or_both_2_and_3_with_dataset_expressions', 'dataset_consumes_1_and_2', 'consume_1_or_2_with_dataset_expressions', 'dataset_consumes_1_never_scheduled', 'dataset_consumes_unknown_never_scheduled', 'dataset_produces_1', 'conditional_dataset_and_time_based_timetable', 'dataset_produces_2', 'consume_1_and_2_with_dataset_expressions', 'dataset_consumes_1' retrieved from /home/airflow/.local/lib/python3.12/site-packages/airflow/example_dags/example_datasets.py
[2025-04-26T22:38:52.145+0000] {logging_mixin.py:190} INFO - [2025-04-26T22:38:52.145+0000] {dag.py:3239} INFO - Sync 10 DAGs
[2025-04-26T22:38:52.169+0000] {logging_mixin.py:190} INFO - [2025-04-26T22:38:52.169+0000] {dag.py:4180} INFO - Setting next_dagrun for conditional_dataset_and_time_based_timetable to 2025-04-23 01:00:00+00:00, run_after=2025-04-23 01:00:00+00:00
[2025-04-26T22:38:52.173+0000] {logging_mixin.py:190} INFO - [2025-04-26T22:38:52.173+0000] {dag.py:4180} INFO - Setting next_dagrun for consume_1_and_2_with_dataset_expressions to None, run_after=None
[2025-04-26T22:38:52.174+0000] {logging_mixin.py:190} INFO - [2025-04-26T22:38:52.174+0000] {dag.py:4180} INFO - Setting next_dagrun for consume_1_or_2_with_dataset_expressions to None, run_after=None
[2025-04-26T22:38:52.175+0000] {logging_mixin.py:190} INFO - [2025-04-26T22:38:52.175+0000] {dag.py:4180} INFO - Setting next_dagrun for consume_1_or_both_2_and_3_with_dataset_expressions to None, run_after=None
[2025-04-26T22:38:52.176+0000] {logging_mixin.py:190} INFO - [2025-04-26T22:38:52.176+0000] {dag.py:4180} INFO - Setting next_dagrun for dataset_consumes_1 to None, run_after=None
[2025-04-26T22:38:52.177+0000] {logging_mixin.py:190} INFO - [2025-04-26T22:38:52.177+0000] {dag.py:4180} INFO - Setting next_dagrun for dataset_consumes_1_and_2 to None, run_after=None
[2025-04-26T22:38:52.178+0000] {logging_mixin.py:190} INFO - [2025-04-26T22:38:52.178+0000] {dag.py:4180} INFO - Setting next_dagrun for dataset_consumes_1_never_scheduled to None, run_after=None
[2025-04-26T22:38:52.179+0000] {logging_mixin.py:190} INFO - [2025-04-26T22:38:52.179+0000] {dag.py:4180} INFO - Setting next_dagrun for dataset_consumes_unknown_never_scheduled to None, run_after=None
[2025-04-26T22:38:52.182+0000] {logging_mixin.py:190} INFO - [2025-04-26T22:38:52.181+0000] {dag.py:4180} INFO - Setting next_dagrun for dataset_produces_1 to 2025-04-25 00:00:00+00:00, run_after=2025-04-26 00:00:00+00:00
[2025-04-26T22:38:52.183+0000] {logging_mixin.py:190} INFO - [2025-04-26T22:38:52.183+0000] {dag.py:4180} INFO - Setting next_dagrun for dataset_produces_2 to None, run_after=None
[2025-04-26T22:38:52.211+0000] {processor.py:208} INFO - Processing /home/airflow/.local/lib/python3.12/site-packages/airflow/example_dags/example_datasets.py took 0.641 seconds
[2025-04-26T22:39:22.345+0000] {processor.py:186} INFO - Started process (PID=1261) to work on /home/airflow/.local/lib/python3.12/site-packages/airflow/example_dags/example_datasets.py
[2025-04-26T22:39:22.346+0000] {processor.py:914} INFO - Processing file /home/airflow/.local/lib/python3.12/site-packages/airflow/example_dags/example_datasets.py for tasks to queue
[2025-04-26T22:39:22.349+0000] {logging_mixin.py:190} INFO - [2025-04-26T22:39:22.348+0000] {dagbag.py:588} INFO - Filling up the DagBag from /home/airflow/.local/lib/python3.12/site-packages/airflow/example_dags/example_datasets.py
[2025-04-26T22:39:22.871+0000] {processor.py:925} INFO - DAG(s) 'dataset_produces_2', 'consume_1_and_2_with_dataset_expressions', 'dataset_consumes_1', 'dataset_consumes_unknown_never_scheduled', 'consume_1_or_2_with_dataset_expressions', 'dataset_consumes_1_and_2', 'consume_1_or_both_2_and_3_with_dataset_expressions', 'conditional_dataset_and_time_based_timetable', 'dataset_produces_1', 'dataset_consumes_1_never_scheduled' retrieved from /home/airflow/.local/lib/python3.12/site-packages/airflow/example_dags/example_datasets.py
[2025-04-26T22:39:22.913+0000] {logging_mixin.py:190} INFO - [2025-04-26T22:39:22.913+0000] {dag.py:3239} INFO - Sync 10 DAGs
[2025-04-26T22:39:22.938+0000] {logging_mixin.py:190} INFO - [2025-04-26T22:39:22.938+0000] {dag.py:4180} INFO - Setting next_dagrun for conditional_dataset_and_time_based_timetable to 2025-04-23 01:00:00+00:00, run_after=2025-04-23 01:00:00+00:00
[2025-04-26T22:39:22.942+0000] {logging_mixin.py:190} INFO - [2025-04-26T22:39:22.942+0000] {dag.py:4180} INFO - Setting next_dagrun for consume_1_and_2_with_dataset_expressions to None, run_after=None
[2025-04-26T22:39:22.943+0000] {logging_mixin.py:190} INFO - [2025-04-26T22:39:22.943+0000] {dag.py:4180} INFO - Setting next_dagrun for consume_1_or_2_with_dataset_expressions to None, run_after=None
[2025-04-26T22:39:22.944+0000] {logging_mixin.py:190} INFO - [2025-04-26T22:39:22.944+0000] {dag.py:4180} INFO - Setting next_dagrun for consume_1_or_both_2_and_3_with_dataset_expressions to None, run_after=None
[2025-04-26T22:39:22.946+0000] {logging_mixin.py:190} INFO - [2025-04-26T22:39:22.945+0000] {dag.py:4180} INFO - Setting next_dagrun for dataset_consumes_1 to None, run_after=None
[2025-04-26T22:39:22.947+0000] {logging_mixin.py:190} INFO - [2025-04-26T22:39:22.946+0000] {dag.py:4180} INFO - Setting next_dagrun for dataset_consumes_1_and_2 to None, run_after=None
[2025-04-26T22:39:22.948+0000] {logging_mixin.py:190} INFO - [2025-04-26T22:39:22.947+0000] {dag.py:4180} INFO - Setting next_dagrun for dataset_consumes_1_never_scheduled to None, run_after=None
[2025-04-26T22:39:22.949+0000] {logging_mixin.py:190} INFO - [2025-04-26T22:39:22.948+0000] {dag.py:4180} INFO - Setting next_dagrun for dataset_consumes_unknown_never_scheduled to None, run_after=None
[2025-04-26T22:39:22.951+0000] {logging_mixin.py:190} INFO - [2025-04-26T22:39:22.951+0000] {dag.py:4180} INFO - Setting next_dagrun for dataset_produces_1 to 2025-04-25 00:00:00+00:00, run_after=2025-04-26 00:00:00+00:00
[2025-04-26T22:39:22.952+0000] {logging_mixin.py:190} INFO - [2025-04-26T22:39:22.952+0000] {dag.py:4180} INFO - Setting next_dagrun for dataset_produces_2 to None, run_after=None
[2025-04-26T22:39:22.983+0000] {processor.py:208} INFO - Processing /home/airflow/.local/lib/python3.12/site-packages/airflow/example_dags/example_datasets.py took 0.645 seconds
[2025-04-26T22:39:53.661+0000] {processor.py:186} INFO - Started process (PID=1331) to work on /home/airflow/.local/lib/python3.12/site-packages/airflow/example_dags/example_datasets.py
[2025-04-26T22:39:53.663+0000] {processor.py:914} INFO - Processing file /home/airflow/.local/lib/python3.12/site-packages/airflow/example_dags/example_datasets.py for tasks to queue
[2025-04-26T22:39:53.666+0000] {logging_mixin.py:190} INFO - [2025-04-26T22:39:53.665+0000] {dagbag.py:588} INFO - Filling up the DagBag from /home/airflow/.local/lib/python3.12/site-packages/airflow/example_dags/example_datasets.py
[2025-04-26T22:39:54.455+0000] {processor.py:925} INFO - DAG(s) 'consume_1_and_2_with_dataset_expressions', 'conditional_dataset_and_time_based_timetable', 'consume_1_or_both_2_and_3_with_dataset_expressions', 'dataset_produces_2', 'dataset_consumes_1_and_2', 'consume_1_or_2_with_dataset_expressions', 'dataset_produces_1', 'dataset_consumes_unknown_never_scheduled', 'dataset_consumes_1_never_scheduled', 'dataset_consumes_1' retrieved from /home/airflow/.local/lib/python3.12/site-packages/airflow/example_dags/example_datasets.py
[2025-04-26T22:39:54.517+0000] {logging_mixin.py:190} INFO - [2025-04-26T22:39:54.516+0000] {dag.py:3239} INFO - Sync 10 DAGs
[2025-04-26T22:39:54.560+0000] {logging_mixin.py:190} INFO - [2025-04-26T22:39:54.560+0000] {dag.py:4180} INFO - Setting next_dagrun for conditional_dataset_and_time_based_timetable to 2025-04-23 01:00:00+00:00, run_after=2025-04-23 01:00:00+00:00
[2025-04-26T22:39:54.566+0000] {logging_mixin.py:190} INFO - [2025-04-26T22:39:54.565+0000] {dag.py:4180} INFO - Setting next_dagrun for consume_1_and_2_with_dataset_expressions to None, run_after=None
[2025-04-26T22:39:54.568+0000] {logging_mixin.py:190} INFO - [2025-04-26T22:39:54.567+0000] {dag.py:4180} INFO - Setting next_dagrun for consume_1_or_2_with_dataset_expressions to None, run_after=None
[2025-04-26T22:39:54.569+0000] {logging_mixin.py:190} INFO - [2025-04-26T22:39:54.569+0000] {dag.py:4180} INFO - Setting next_dagrun for consume_1_or_both_2_and_3_with_dataset_expressions to None, run_after=None
[2025-04-26T22:39:54.571+0000] {logging_mixin.py:190} INFO - [2025-04-26T22:39:54.570+0000] {dag.py:4180} INFO - Setting next_dagrun for dataset_consumes_1 to None, run_after=None
[2025-04-26T22:39:54.572+0000] {logging_mixin.py:190} INFO - [2025-04-26T22:39:54.572+0000] {dag.py:4180} INFO - Setting next_dagrun for dataset_consumes_1_and_2 to None, run_after=None
[2025-04-26T22:39:54.574+0000] {logging_mixin.py:190} INFO - [2025-04-26T22:39:54.574+0000] {dag.py:4180} INFO - Setting next_dagrun for dataset_consumes_1_never_scheduled to None, run_after=None
[2025-04-26T22:39:54.576+0000] {logging_mixin.py:190} INFO - [2025-04-26T22:39:54.575+0000] {dag.py:4180} INFO - Setting next_dagrun for dataset_consumes_unknown_never_scheduled to None, run_after=None
[2025-04-26T22:39:54.580+0000] {logging_mixin.py:190} INFO - [2025-04-26T22:39:54.579+0000] {dag.py:4180} INFO - Setting next_dagrun for dataset_produces_1 to 2025-04-25 00:00:00+00:00, run_after=2025-04-26 00:00:00+00:00
[2025-04-26T22:39:54.581+0000] {logging_mixin.py:190} INFO - [2025-04-26T22:39:54.581+0000] {dag.py:4180} INFO - Setting next_dagrun for dataset_produces_2 to None, run_after=None
[2025-04-26T22:39:54.627+0000] {processor.py:208} INFO - Processing /home/airflow/.local/lib/python3.12/site-packages/airflow/example_dags/example_datasets.py took 0.976 seconds
