[2025-04-26T22:29:59.804+0000] {processor.py:186} INFO - Started process (PID=97) to work on /home/airflow/.local/lib/python3.12/site-packages/airflow/example_dags/example_setup_teardown.py
[2025-04-26T22:29:59.805+0000] {processor.py:914} INFO - Processing file /home/airflow/.local/lib/python3.12/site-packages/airflow/example_dags/example_setup_teardown.py for tasks to queue
[2025-04-26T22:29:59.808+0000] {logging_mixin.py:190} INFO - [2025-04-26T22:29:59.807+0000] {dagbag.py:588} INFO - Filling up the DagBag from /home/airflow/.local/lib/python3.12/site-packages/airflow/example_dags/example_setup_teardown.py
[2025-04-26T22:29:59.818+0000] {processor.py:925} INFO - DAG(s) 'example_setup_teardown' retrieved from /home/airflow/.local/lib/python3.12/site-packages/airflow/example_dags/example_setup_teardown.py
[2025-04-26T22:29:59.951+0000] {logging_mixin.py:190} INFO - [2025-04-26T22:29:59.950+0000] {override.py:1912} INFO - Created Permission View: can read on DAG:example_setup_teardown
[2025-04-26T22:29:59.962+0000] {logging_mixin.py:190} INFO - [2025-04-26T22:29:59.962+0000] {override.py:1912} INFO - Created Permission View: can delete on DAG:example_setup_teardown
[2025-04-26T22:29:59.970+0000] {logging_mixin.py:190} INFO - [2025-04-26T22:29:59.969+0000] {override.py:1912} INFO - Created Permission View: can edit on DAG:example_setup_teardown
[2025-04-26T22:29:59.978+0000] {logging_mixin.py:190} INFO - [2025-04-26T22:29:59.978+0000] {override.py:1912} INFO - Created Permission View: can read on DAG Run:example_setup_teardown
[2025-04-26T22:29:59.985+0000] {logging_mixin.py:190} INFO - [2025-04-26T22:29:59.985+0000] {override.py:1912} INFO - Created Permission View: can create on DAG Run:example_setup_teardown
[2025-04-26T22:29:59.993+0000] {logging_mixin.py:190} INFO - [2025-04-26T22:29:59.993+0000] {override.py:1912} INFO - Created Permission View: can delete on DAG Run:example_setup_teardown
[2025-04-26T22:30:00.000+0000] {logging_mixin.py:190} INFO - [2025-04-26T22:30:00.000+0000] {override.py:1912} INFO - Created Permission View: menu access on DAG Run:example_setup_teardown
[2025-04-26T22:30:00.001+0000] {logging_mixin.py:190} INFO - [2025-04-26T22:30:00.000+0000] {dag.py:3239} INFO - Sync 1 DAGs
[2025-04-26T22:30:00.019+0000] {logging_mixin.py:190} INFO - [2025-04-26T22:30:00.019+0000] {dag.py:3262} INFO - Creating ORM DAG for example_setup_teardown
[2025-04-26T22:30:00.020+0000] {logging_mixin.py:190} INFO - [2025-04-26T22:30:00.020+0000] {dag.py:4180} INFO - Setting next_dagrun for example_setup_teardown to None, run_after=None
[2025-04-26T22:30:00.040+0000] {processor.py:208} INFO - Processing /home/airflow/.local/lib/python3.12/site-packages/airflow/example_dags/example_setup_teardown.py took 0.243 seconds
[2025-04-26T22:30:30.756+0000] {processor.py:186} INFO - Started process (PID=160) to work on /home/airflow/.local/lib/python3.12/site-packages/airflow/example_dags/example_setup_teardown.py
[2025-04-26T22:30:30.757+0000] {processor.py:914} INFO - Processing file /home/airflow/.local/lib/python3.12/site-packages/airflow/example_dags/example_setup_teardown.py for tasks to queue
[2025-04-26T22:30:30.759+0000] {logging_mixin.py:190} INFO - [2025-04-26T22:30:30.759+0000] {dagbag.py:588} INFO - Filling up the DagBag from /home/airflow/.local/lib/python3.12/site-packages/airflow/example_dags/example_setup_teardown.py
[2025-04-26T22:30:30.768+0000] {processor.py:925} INFO - DAG(s) 'example_setup_teardown' retrieved from /home/airflow/.local/lib/python3.12/site-packages/airflow/example_dags/example_setup_teardown.py
[2025-04-26T22:30:30.790+0000] {logging_mixin.py:190} INFO - [2025-04-26T22:30:30.789+0000] {dag.py:3239} INFO - Sync 1 DAGs
[2025-04-26T22:30:30.804+0000] {logging_mixin.py:190} INFO - [2025-04-26T22:30:30.804+0000] {dag.py:4180} INFO - Setting next_dagrun for example_setup_teardown to None, run_after=None
[2025-04-26T22:30:30.821+0000] {processor.py:208} INFO - Processing /home/airflow/.local/lib/python3.12/site-packages/airflow/example_dags/example_setup_teardown.py took 0.071 seconds
[2025-04-26T22:31:01.276+0000] {processor.py:186} INFO - Started process (PID=223) to work on /home/airflow/.local/lib/python3.12/site-packages/airflow/example_dags/example_setup_teardown.py
[2025-04-26T22:31:01.278+0000] {processor.py:914} INFO - Processing file /home/airflow/.local/lib/python3.12/site-packages/airflow/example_dags/example_setup_teardown.py for tasks to queue
[2025-04-26T22:31:01.281+0000] {logging_mixin.py:190} INFO - [2025-04-26T22:31:01.281+0000] {dagbag.py:588} INFO - Filling up the DagBag from /home/airflow/.local/lib/python3.12/site-packages/airflow/example_dags/example_setup_teardown.py
[2025-04-26T22:31:01.293+0000] {processor.py:925} INFO - DAG(s) 'example_setup_teardown' retrieved from /home/airflow/.local/lib/python3.12/site-packages/airflow/example_dags/example_setup_teardown.py
[2025-04-26T22:31:01.314+0000] {logging_mixin.py:190} INFO - [2025-04-26T22:31:01.314+0000] {dag.py:3239} INFO - Sync 1 DAGs
[2025-04-26T22:31:01.328+0000] {logging_mixin.py:190} INFO - [2025-04-26T22:31:01.328+0000] {dag.py:4180} INFO - Setting next_dagrun for example_setup_teardown to None, run_after=None
[2025-04-26T22:31:01.344+0000] {processor.py:208} INFO - Processing /home/airflow/.local/lib/python3.12/site-packages/airflow/example_dags/example_setup_teardown.py took 0.076 seconds
[2025-04-26T22:31:31.579+0000] {processor.py:186} INFO - Started process (PID=286) to work on /home/airflow/.local/lib/python3.12/site-packages/airflow/example_dags/example_setup_teardown.py
[2025-04-26T22:31:31.580+0000] {processor.py:914} INFO - Processing file /home/airflow/.local/lib/python3.12/site-packages/airflow/example_dags/example_setup_teardown.py for tasks to queue
[2025-04-26T22:31:31.582+0000] {logging_mixin.py:190} INFO - [2025-04-26T22:31:31.582+0000] {dagbag.py:588} INFO - Filling up the DagBag from /home/airflow/.local/lib/python3.12/site-packages/airflow/example_dags/example_setup_teardown.py
[2025-04-26T22:31:31.592+0000] {processor.py:925} INFO - DAG(s) 'example_setup_teardown' retrieved from /home/airflow/.local/lib/python3.12/site-packages/airflow/example_dags/example_setup_teardown.py
[2025-04-26T22:31:31.612+0000] {logging_mixin.py:190} INFO - [2025-04-26T22:31:31.612+0000] {dag.py:3239} INFO - Sync 1 DAGs
[2025-04-26T22:31:31.626+0000] {logging_mixin.py:190} INFO - [2025-04-26T22:31:31.626+0000] {dag.py:4180} INFO - Setting next_dagrun for example_setup_teardown to None, run_after=None
[2025-04-26T22:31:31.643+0000] {processor.py:208} INFO - Processing /home/airflow/.local/lib/python3.12/site-packages/airflow/example_dags/example_setup_teardown.py took 0.070 seconds
[2025-04-26T22:32:01.752+0000] {processor.py:186} INFO - Started process (PID=349) to work on /home/airflow/.local/lib/python3.12/site-packages/airflow/example_dags/example_setup_teardown.py
[2025-04-26T22:32:01.753+0000] {processor.py:914} INFO - Processing file /home/airflow/.local/lib/python3.12/site-packages/airflow/example_dags/example_setup_teardown.py for tasks to queue
[2025-04-26T22:32:01.755+0000] {logging_mixin.py:190} INFO - [2025-04-26T22:32:01.755+0000] {dagbag.py:588} INFO - Filling up the DagBag from /home/airflow/.local/lib/python3.12/site-packages/airflow/example_dags/example_setup_teardown.py
[2025-04-26T22:32:01.764+0000] {processor.py:925} INFO - DAG(s) 'example_setup_teardown' retrieved from /home/airflow/.local/lib/python3.12/site-packages/airflow/example_dags/example_setup_teardown.py
[2025-04-26T22:32:01.783+0000] {logging_mixin.py:190} INFO - [2025-04-26T22:32:01.783+0000] {dag.py:3239} INFO - Sync 1 DAGs
[2025-04-26T22:32:01.797+0000] {logging_mixin.py:190} INFO - [2025-04-26T22:32:01.796+0000] {dag.py:4180} INFO - Setting next_dagrun for example_setup_teardown to None, run_after=None
[2025-04-26T22:32:01.813+0000] {processor.py:208} INFO - Processing /home/airflow/.local/lib/python3.12/site-packages/airflow/example_dags/example_setup_teardown.py took 0.067 seconds
[2025-04-26T22:32:33.038+0000] {processor.py:186} INFO - Started process (PID=412) to work on /home/airflow/.local/lib/python3.12/site-packages/airflow/example_dags/example_setup_teardown.py
[2025-04-26T22:32:33.040+0000] {processor.py:914} INFO - Processing file /home/airflow/.local/lib/python3.12/site-packages/airflow/example_dags/example_setup_teardown.py for tasks to queue
[2025-04-26T22:32:33.042+0000] {logging_mixin.py:190} INFO - [2025-04-26T22:32:33.042+0000] {dagbag.py:588} INFO - Filling up the DagBag from /home/airflow/.local/lib/python3.12/site-packages/airflow/example_dags/example_setup_teardown.py
[2025-04-26T22:32:33.051+0000] {processor.py:925} INFO - DAG(s) 'example_setup_teardown' retrieved from /home/airflow/.local/lib/python3.12/site-packages/airflow/example_dags/example_setup_teardown.py
[2025-04-26T22:32:33.071+0000] {logging_mixin.py:190} INFO - [2025-04-26T22:32:33.071+0000] {dag.py:3239} INFO - Sync 1 DAGs
[2025-04-26T22:32:33.085+0000] {logging_mixin.py:190} INFO - [2025-04-26T22:32:33.085+0000] {dag.py:4180} INFO - Setting next_dagrun for example_setup_teardown to None, run_after=None
[2025-04-26T22:32:33.102+0000] {processor.py:208} INFO - Processing /home/airflow/.local/lib/python3.12/site-packages/airflow/example_dags/example_setup_teardown.py took 0.071 seconds
[2025-04-26T22:33:04.136+0000] {processor.py:186} INFO - Started process (PID=475) to work on /home/airflow/.local/lib/python3.12/site-packages/airflow/example_dags/example_setup_teardown.py
[2025-04-26T22:33:04.136+0000] {processor.py:914} INFO - Processing file /home/airflow/.local/lib/python3.12/site-packages/airflow/example_dags/example_setup_teardown.py for tasks to queue
[2025-04-26T22:33:04.139+0000] {logging_mixin.py:190} INFO - [2025-04-26T22:33:04.139+0000] {dagbag.py:588} INFO - Filling up the DagBag from /home/airflow/.local/lib/python3.12/site-packages/airflow/example_dags/example_setup_teardown.py
[2025-04-26T22:33:04.148+0000] {processor.py:925} INFO - DAG(s) 'example_setup_teardown' retrieved from /home/airflow/.local/lib/python3.12/site-packages/airflow/example_dags/example_setup_teardown.py
[2025-04-26T22:33:04.171+0000] {logging_mixin.py:190} INFO - [2025-04-26T22:33:04.171+0000] {dag.py:3239} INFO - Sync 1 DAGs
[2025-04-26T22:33:04.185+0000] {logging_mixin.py:190} INFO - [2025-04-26T22:33:04.185+0000] {dag.py:4180} INFO - Setting next_dagrun for example_setup_teardown to None, run_after=None
[2025-04-26T22:33:04.202+0000] {processor.py:208} INFO - Processing /home/airflow/.local/lib/python3.12/site-packages/airflow/example_dags/example_setup_teardown.py took 0.073 seconds
[2025-04-26T22:33:35.651+0000] {processor.py:186} INFO - Started process (PID=538) to work on /home/airflow/.local/lib/python3.12/site-packages/airflow/example_dags/example_setup_teardown.py
[2025-04-26T22:33:35.653+0000] {processor.py:914} INFO - Processing file /home/airflow/.local/lib/python3.12/site-packages/airflow/example_dags/example_setup_teardown.py for tasks to queue
[2025-04-26T22:33:35.655+0000] {logging_mixin.py:190} INFO - [2025-04-26T22:33:35.654+0000] {dagbag.py:588} INFO - Filling up the DagBag from /home/airflow/.local/lib/python3.12/site-packages/airflow/example_dags/example_setup_teardown.py
[2025-04-26T22:33:35.664+0000] {processor.py:925} INFO - DAG(s) 'example_setup_teardown' retrieved from /home/airflow/.local/lib/python3.12/site-packages/airflow/example_dags/example_setup_teardown.py
[2025-04-26T22:33:35.683+0000] {logging_mixin.py:190} INFO - [2025-04-26T22:33:35.682+0000] {dag.py:3239} INFO - Sync 1 DAGs
[2025-04-26T22:33:35.697+0000] {logging_mixin.py:190} INFO - [2025-04-26T22:33:35.697+0000] {dag.py:4180} INFO - Setting next_dagrun for example_setup_teardown to None, run_after=None
[2025-04-26T22:33:35.713+0000] {processor.py:208} INFO - Processing /home/airflow/.local/lib/python3.12/site-packages/airflow/example_dags/example_setup_teardown.py took 0.068 seconds
[2025-04-26T22:34:06.593+0000] {processor.py:186} INFO - Started process (PID=601) to work on /home/airflow/.local/lib/python3.12/site-packages/airflow/example_dags/example_setup_teardown.py
[2025-04-26T22:34:06.594+0000] {processor.py:914} INFO - Processing file /home/airflow/.local/lib/python3.12/site-packages/airflow/example_dags/example_setup_teardown.py for tasks to queue
[2025-04-26T22:34:06.597+0000] {logging_mixin.py:190} INFO - [2025-04-26T22:34:06.596+0000] {dagbag.py:588} INFO - Filling up the DagBag from /home/airflow/.local/lib/python3.12/site-packages/airflow/example_dags/example_setup_teardown.py
[2025-04-26T22:34:06.606+0000] {processor.py:925} INFO - DAG(s) 'example_setup_teardown' retrieved from /home/airflow/.local/lib/python3.12/site-packages/airflow/example_dags/example_setup_teardown.py
[2025-04-26T22:34:06.630+0000] {logging_mixin.py:190} INFO - [2025-04-26T22:34:06.630+0000] {dag.py:3239} INFO - Sync 1 DAGs
[2025-04-26T22:34:06.644+0000] {logging_mixin.py:190} INFO - [2025-04-26T22:34:06.644+0000] {dag.py:4180} INFO - Setting next_dagrun for example_setup_teardown to None, run_after=None
[2025-04-26T22:34:06.661+0000] {processor.py:208} INFO - Processing /home/airflow/.local/lib/python3.12/site-packages/airflow/example_dags/example_setup_teardown.py took 0.074 seconds
[2025-04-26T22:34:38.124+0000] {processor.py:186} INFO - Started process (PID=664) to work on /home/airflow/.local/lib/python3.12/site-packages/airflow/example_dags/example_setup_teardown.py
[2025-04-26T22:34:38.125+0000] {processor.py:914} INFO - Processing file /home/airflow/.local/lib/python3.12/site-packages/airflow/example_dags/example_setup_teardown.py for tasks to queue
[2025-04-26T22:34:38.127+0000] {logging_mixin.py:190} INFO - [2025-04-26T22:34:38.127+0000] {dagbag.py:588} INFO - Filling up the DagBag from /home/airflow/.local/lib/python3.12/site-packages/airflow/example_dags/example_setup_teardown.py
[2025-04-26T22:34:38.136+0000] {processor.py:925} INFO - DAG(s) 'example_setup_teardown' retrieved from /home/airflow/.local/lib/python3.12/site-packages/airflow/example_dags/example_setup_teardown.py
[2025-04-26T22:34:38.156+0000] {logging_mixin.py:190} INFO - [2025-04-26T22:34:38.156+0000] {dag.py:3239} INFO - Sync 1 DAGs
[2025-04-26T22:34:38.170+0000] {logging_mixin.py:190} INFO - [2025-04-26T22:34:38.170+0000] {dag.py:4180} INFO - Setting next_dagrun for example_setup_teardown to None, run_after=None
[2025-04-26T22:34:38.186+0000] {processor.py:208} INFO - Processing /home/airflow/.local/lib/python3.12/site-packages/airflow/example_dags/example_setup_teardown.py took 0.069 seconds
[2025-04-26T22:35:09.364+0000] {processor.py:186} INFO - Started process (PID=728) to work on /home/airflow/.local/lib/python3.12/site-packages/airflow/example_dags/example_setup_teardown.py
[2025-04-26T22:35:09.365+0000] {processor.py:914} INFO - Processing file /home/airflow/.local/lib/python3.12/site-packages/airflow/example_dags/example_setup_teardown.py for tasks to queue
[2025-04-26T22:35:09.367+0000] {logging_mixin.py:190} INFO - [2025-04-26T22:35:09.367+0000] {dagbag.py:588} INFO - Filling up the DagBag from /home/airflow/.local/lib/python3.12/site-packages/airflow/example_dags/example_setup_teardown.py
[2025-04-26T22:35:09.377+0000] {processor.py:925} INFO - DAG(s) 'example_setup_teardown' retrieved from /home/airflow/.local/lib/python3.12/site-packages/airflow/example_dags/example_setup_teardown.py
[2025-04-26T22:35:09.396+0000] {logging_mixin.py:190} INFO - [2025-04-26T22:35:09.396+0000] {dag.py:3239} INFO - Sync 1 DAGs
[2025-04-26T22:35:09.410+0000] {logging_mixin.py:190} INFO - [2025-04-26T22:35:09.410+0000] {dag.py:4180} INFO - Setting next_dagrun for example_setup_teardown to None, run_after=None
[2025-04-26T22:35:09.427+0000] {processor.py:208} INFO - Processing /home/airflow/.local/lib/python3.12/site-packages/airflow/example_dags/example_setup_teardown.py took 0.070 seconds
[2025-04-26T22:35:40.702+0000] {processor.py:186} INFO - Started process (PID=792) to work on /home/airflow/.local/lib/python3.12/site-packages/airflow/example_dags/example_setup_teardown.py
[2025-04-26T22:35:40.703+0000] {processor.py:914} INFO - Processing file /home/airflow/.local/lib/python3.12/site-packages/airflow/example_dags/example_setup_teardown.py for tasks to queue
[2025-04-26T22:35:40.705+0000] {logging_mixin.py:190} INFO - [2025-04-26T22:35:40.705+0000] {dagbag.py:588} INFO - Filling up the DagBag from /home/airflow/.local/lib/python3.12/site-packages/airflow/example_dags/example_setup_teardown.py
[2025-04-26T22:35:40.715+0000] {processor.py:925} INFO - DAG(s) 'example_setup_teardown' retrieved from /home/airflow/.local/lib/python3.12/site-packages/airflow/example_dags/example_setup_teardown.py
[2025-04-26T22:35:40.735+0000] {logging_mixin.py:190} INFO - [2025-04-26T22:35:40.735+0000] {dag.py:3239} INFO - Sync 1 DAGs
[2025-04-26T22:35:40.749+0000] {logging_mixin.py:190} INFO - [2025-04-26T22:35:40.749+0000] {dag.py:4180} INFO - Setting next_dagrun for example_setup_teardown to None, run_after=None
[2025-04-26T22:35:40.766+0000] {processor.py:208} INFO - Processing /home/airflow/.local/lib/python3.12/site-packages/airflow/example_dags/example_setup_teardown.py took 0.071 seconds
[2025-04-26T22:36:11.591+0000] {processor.py:186} INFO - Started process (PID=856) to work on /home/airflow/.local/lib/python3.12/site-packages/airflow/example_dags/example_setup_teardown.py
[2025-04-26T22:36:11.592+0000] {processor.py:914} INFO - Processing file /home/airflow/.local/lib/python3.12/site-packages/airflow/example_dags/example_setup_teardown.py for tasks to queue
[2025-04-26T22:36:11.595+0000] {logging_mixin.py:190} INFO - [2025-04-26T22:36:11.594+0000] {dagbag.py:588} INFO - Filling up the DagBag from /home/airflow/.local/lib/python3.12/site-packages/airflow/example_dags/example_setup_teardown.py
[2025-04-26T22:36:11.604+0000] {processor.py:925} INFO - DAG(s) 'example_setup_teardown' retrieved from /home/airflow/.local/lib/python3.12/site-packages/airflow/example_dags/example_setup_teardown.py
[2025-04-26T22:36:11.624+0000] {logging_mixin.py:190} INFO - [2025-04-26T22:36:11.624+0000] {dag.py:3239} INFO - Sync 1 DAGs
[2025-04-26T22:36:11.638+0000] {logging_mixin.py:190} INFO - [2025-04-26T22:36:11.638+0000] {dag.py:4180} INFO - Setting next_dagrun for example_setup_teardown to None, run_after=None
[2025-04-26T22:36:11.655+0000] {processor.py:208} INFO - Processing /home/airflow/.local/lib/python3.12/site-packages/airflow/example_dags/example_setup_teardown.py took 0.070 seconds
[2025-04-26T22:36:42.599+0000] {processor.py:186} INFO - Started process (PID=920) to work on /home/airflow/.local/lib/python3.12/site-packages/airflow/example_dags/example_setup_teardown.py
[2025-04-26T22:36:42.601+0000] {processor.py:914} INFO - Processing file /home/airflow/.local/lib/python3.12/site-packages/airflow/example_dags/example_setup_teardown.py for tasks to queue
[2025-04-26T22:36:42.604+0000] {logging_mixin.py:190} INFO - [2025-04-26T22:36:42.603+0000] {dagbag.py:588} INFO - Filling up the DagBag from /home/airflow/.local/lib/python3.12/site-packages/airflow/example_dags/example_setup_teardown.py
[2025-04-26T22:36:42.614+0000] {processor.py:925} INFO - DAG(s) 'example_setup_teardown' retrieved from /home/airflow/.local/lib/python3.12/site-packages/airflow/example_dags/example_setup_teardown.py
[2025-04-26T22:36:42.634+0000] {logging_mixin.py:190} INFO - [2025-04-26T22:36:42.634+0000] {dag.py:3239} INFO - Sync 1 DAGs
[2025-04-26T22:36:42.649+0000] {logging_mixin.py:190} INFO - [2025-04-26T22:36:42.648+0000] {dag.py:4180} INFO - Setting next_dagrun for example_setup_teardown to None, run_after=None
[2025-04-26T22:36:42.670+0000] {processor.py:208} INFO - Processing /home/airflow/.local/lib/python3.12/site-packages/airflow/example_dags/example_setup_teardown.py took 0.078 seconds
[2025-04-26T22:37:13.316+0000] {processor.py:186} INFO - Started process (PID=984) to work on /home/airflow/.local/lib/python3.12/site-packages/airflow/example_dags/example_setup_teardown.py
[2025-04-26T22:37:13.318+0000] {processor.py:914} INFO - Processing file /home/airflow/.local/lib/python3.12/site-packages/airflow/example_dags/example_setup_teardown.py for tasks to queue
[2025-04-26T22:37:13.320+0000] {logging_mixin.py:190} INFO - [2025-04-26T22:37:13.320+0000] {dagbag.py:588} INFO - Filling up the DagBag from /home/airflow/.local/lib/python3.12/site-packages/airflow/example_dags/example_setup_teardown.py
[2025-04-26T22:37:13.330+0000] {processor.py:925} INFO - DAG(s) 'example_setup_teardown' retrieved from /home/airflow/.local/lib/python3.12/site-packages/airflow/example_dags/example_setup_teardown.py
[2025-04-26T22:37:13.351+0000] {logging_mixin.py:190} INFO - [2025-04-26T22:37:13.350+0000] {dag.py:3239} INFO - Sync 1 DAGs
[2025-04-26T22:37:13.365+0000] {logging_mixin.py:190} INFO - [2025-04-26T22:37:13.365+0000] {dag.py:4180} INFO - Setting next_dagrun for example_setup_teardown to None, run_after=None
[2025-04-26T22:37:13.384+0000] {processor.py:208} INFO - Processing /home/airflow/.local/lib/python3.12/site-packages/airflow/example_dags/example_setup_teardown.py took 0.074 seconds
[2025-04-26T22:37:44.454+0000] {processor.py:186} INFO - Started process (PID=1048) to work on /home/airflow/.local/lib/python3.12/site-packages/airflow/example_dags/example_setup_teardown.py
[2025-04-26T22:37:44.455+0000] {processor.py:914} INFO - Processing file /home/airflow/.local/lib/python3.12/site-packages/airflow/example_dags/example_setup_teardown.py for tasks to queue
[2025-04-26T22:37:44.457+0000] {logging_mixin.py:190} INFO - [2025-04-26T22:37:44.457+0000] {dagbag.py:588} INFO - Filling up the DagBag from /home/airflow/.local/lib/python3.12/site-packages/airflow/example_dags/example_setup_teardown.py
[2025-04-26T22:37:44.466+0000] {processor.py:925} INFO - DAG(s) 'example_setup_teardown' retrieved from /home/airflow/.local/lib/python3.12/site-packages/airflow/example_dags/example_setup_teardown.py
[2025-04-26T22:37:44.485+0000] {logging_mixin.py:190} INFO - [2025-04-26T22:37:44.485+0000] {dag.py:3239} INFO - Sync 1 DAGs
[2025-04-26T22:37:44.500+0000] {logging_mixin.py:190} INFO - [2025-04-26T22:37:44.499+0000] {dag.py:4180} INFO - Setting next_dagrun for example_setup_teardown to None, run_after=None
[2025-04-26T22:37:44.516+0000] {processor.py:208} INFO - Processing /home/airflow/.local/lib/python3.12/site-packages/airflow/example_dags/example_setup_teardown.py took 0.069 seconds
[2025-04-26T22:38:15.905+0000] {processor.py:186} INFO - Started process (PID=1112) to work on /home/airflow/.local/lib/python3.12/site-packages/airflow/example_dags/example_setup_teardown.py
[2025-04-26T22:38:15.907+0000] {processor.py:914} INFO - Processing file /home/airflow/.local/lib/python3.12/site-packages/airflow/example_dags/example_setup_teardown.py for tasks to queue
[2025-04-26T22:38:15.909+0000] {logging_mixin.py:190} INFO - [2025-04-26T22:38:15.909+0000] {dagbag.py:588} INFO - Filling up the DagBag from /home/airflow/.local/lib/python3.12/site-packages/airflow/example_dags/example_setup_teardown.py
[2025-04-26T22:38:15.918+0000] {processor.py:925} INFO - DAG(s) 'example_setup_teardown' retrieved from /home/airflow/.local/lib/python3.12/site-packages/airflow/example_dags/example_setup_teardown.py
[2025-04-26T22:38:15.937+0000] {logging_mixin.py:190} INFO - [2025-04-26T22:38:15.937+0000] {dag.py:3239} INFO - Sync 1 DAGs
[2025-04-26T22:38:15.952+0000] {logging_mixin.py:190} INFO - [2025-04-26T22:38:15.952+0000] {dag.py:4180} INFO - Setting next_dagrun for example_setup_teardown to None, run_after=None
[2025-04-26T22:38:15.969+0000] {processor.py:208} INFO - Processing /home/airflow/.local/lib/python3.12/site-packages/airflow/example_dags/example_setup_teardown.py took 0.071 seconds
[2025-04-26T22:38:47.869+0000] {processor.py:186} INFO - Started process (PID=1176) to work on /home/airflow/.local/lib/python3.12/site-packages/airflow/example_dags/example_setup_teardown.py
[2025-04-26T22:38:47.870+0000] {processor.py:914} INFO - Processing file /home/airflow/.local/lib/python3.12/site-packages/airflow/example_dags/example_setup_teardown.py for tasks to queue
[2025-04-26T22:38:47.872+0000] {logging_mixin.py:190} INFO - [2025-04-26T22:38:47.872+0000] {dagbag.py:588} INFO - Filling up the DagBag from /home/airflow/.local/lib/python3.12/site-packages/airflow/example_dags/example_setup_teardown.py
[2025-04-26T22:38:47.882+0000] {processor.py:925} INFO - DAG(s) 'example_setup_teardown' retrieved from /home/airflow/.local/lib/python3.12/site-packages/airflow/example_dags/example_setup_teardown.py
[2025-04-26T22:38:47.904+0000] {logging_mixin.py:190} INFO - [2025-04-26T22:38:47.904+0000] {dag.py:3239} INFO - Sync 1 DAGs
[2025-04-26T22:38:47.921+0000] {logging_mixin.py:190} INFO - [2025-04-26T22:38:47.921+0000] {dag.py:4180} INFO - Setting next_dagrun for example_setup_teardown to None, run_after=None
[2025-04-26T22:38:47.945+0000] {processor.py:208} INFO - Processing /home/airflow/.local/lib/python3.12/site-packages/airflow/example_dags/example_setup_teardown.py took 0.083 seconds
[2025-04-26T22:39:18.381+0000] {processor.py:186} INFO - Started process (PID=1240) to work on /home/airflow/.local/lib/python3.12/site-packages/airflow/example_dags/example_setup_teardown.py
[2025-04-26T22:39:18.382+0000] {processor.py:914} INFO - Processing file /home/airflow/.local/lib/python3.12/site-packages/airflow/example_dags/example_setup_teardown.py for tasks to queue
[2025-04-26T22:39:18.385+0000] {logging_mixin.py:190} INFO - [2025-04-26T22:39:18.385+0000] {dagbag.py:588} INFO - Filling up the DagBag from /home/airflow/.local/lib/python3.12/site-packages/airflow/example_dags/example_setup_teardown.py
[2025-04-26T22:39:18.398+0000] {processor.py:925} INFO - DAG(s) 'example_setup_teardown' retrieved from /home/airflow/.local/lib/python3.12/site-packages/airflow/example_dags/example_setup_teardown.py
[2025-04-26T22:39:18.424+0000] {logging_mixin.py:190} INFO - [2025-04-26T22:39:18.424+0000] {dag.py:3239} INFO - Sync 1 DAGs
[2025-04-26T22:39:18.445+0000] {logging_mixin.py:190} INFO - [2025-04-26T22:39:18.445+0000] {dag.py:4180} INFO - Setting next_dagrun for example_setup_teardown to None, run_after=None
[2025-04-26T22:39:18.468+0000] {processor.py:208} INFO - Processing /home/airflow/.local/lib/python3.12/site-packages/airflow/example_dags/example_setup_teardown.py took 0.096 seconds
[2025-04-26T22:39:49.653+0000] {processor.py:186} INFO - Started process (PID=1304) to work on /home/airflow/.local/lib/python3.12/site-packages/airflow/example_dags/example_setup_teardown.py
[2025-04-26T22:39:49.654+0000] {processor.py:914} INFO - Processing file /home/airflow/.local/lib/python3.12/site-packages/airflow/example_dags/example_setup_teardown.py for tasks to queue
[2025-04-26T22:39:49.657+0000] {logging_mixin.py:190} INFO - [2025-04-26T22:39:49.656+0000] {dagbag.py:588} INFO - Filling up the DagBag from /home/airflow/.local/lib/python3.12/site-packages/airflow/example_dags/example_setup_teardown.py
[2025-04-26T22:39:49.667+0000] {processor.py:925} INFO - DAG(s) 'example_setup_teardown' retrieved from /home/airflow/.local/lib/python3.12/site-packages/airflow/example_dags/example_setup_teardown.py
[2025-04-26T22:39:49.687+0000] {logging_mixin.py:190} INFO - [2025-04-26T22:39:49.687+0000] {dag.py:3239} INFO - Sync 1 DAGs
[2025-04-26T22:39:49.704+0000] {logging_mixin.py:190} INFO - [2025-04-26T22:39:49.704+0000] {dag.py:4180} INFO - Setting next_dagrun for example_setup_teardown to None, run_after=None
[2025-04-26T22:39:49.724+0000] {processor.py:208} INFO - Processing /home/airflow/.local/lib/python3.12/site-packages/airflow/example_dags/example_setup_teardown.py took 0.078 seconds
