[2025-04-26T22:29:48.351+0000] {processor.py:186} INFO - Started process (PID=55) to work on /home/airflow/.local/lib/python3.12/site-packages/airflow/example_dags/example_branch_python_dop_operator_3.py
[2025-04-26T22:29:48.353+0000] {processor.py:914} INFO - Processing file /home/airflow/.local/lib/python3.12/site-packages/airflow/example_dags/example_branch_python_dop_operator_3.py for tasks to queue
[2025-04-26T22:29:48.365+0000] {logging_mixin.py:190} INFO - [2025-04-26T22:29:48.361+0000] {dagbag.py:588} INFO - Filling up the DagBag from /home/airflow/.local/lib/python3.12/site-packages/airflow/example_dags/example_branch_python_dop_operator_3.py
[2025-04-26T22:29:48.444+0000] {processor.py:925} INFO - DAG(s) 'example_branch_dop_operator_v3' retrieved from /home/airflow/.local/lib/python3.12/site-packages/airflow/example_dags/example_branch_python_dop_operator_3.py
[2025-04-26T22:29:49.287+0000] {logging_mixin.py:190} INFO - [2025-04-26T22:29:49.286+0000] {override.py:1912} INFO - Created Permission View: can read on DAG:example_branch_dop_operator_v3
[2025-04-26T22:29:49.307+0000] {logging_mixin.py:190} INFO - [2025-04-26T22:29:49.307+0000] {override.py:1912} INFO - Created Permission View: can delete on DAG:example_branch_dop_operator_v3
[2025-04-26T22:29:49.322+0000] {logging_mixin.py:190} INFO - [2025-04-26T22:29:49.321+0000] {override.py:1912} INFO - Created Permission View: can edit on DAG:example_branch_dop_operator_v3
[2025-04-26T22:29:49.332+0000] {logging_mixin.py:190} INFO - [2025-04-26T22:29:49.331+0000] {override.py:1912} INFO - Created Permission View: can read on DAG Run:example_branch_dop_operator_v3
[2025-04-26T22:29:49.345+0000] {logging_mixin.py:190} INFO - [2025-04-26T22:29:49.344+0000] {override.py:1912} INFO - Created Permission View: can create on DAG Run:example_branch_dop_operator_v3
[2025-04-26T22:29:49.356+0000] {logging_mixin.py:190} INFO - [2025-04-26T22:29:49.356+0000] {override.py:1912} INFO - Created Permission View: can delete on DAG Run:example_branch_dop_operator_v3
[2025-04-26T22:29:49.368+0000] {logging_mixin.py:190} INFO - [2025-04-26T22:29:49.368+0000] {override.py:1912} INFO - Created Permission View: menu access on DAG Run:example_branch_dop_operator_v3
[2025-04-26T22:29:49.368+0000] {logging_mixin.py:190} INFO - [2025-04-26T22:29:49.368+0000] {dag.py:3239} INFO - Sync 1 DAGs
[2025-04-26T22:29:49.404+0000] {logging_mixin.py:190} INFO - [2025-04-26T22:29:49.403+0000] {dag.py:3262} INFO - Creating ORM DAG for example_branch_dop_operator_v3
[2025-04-26T22:29:49.446+0000] {logging_mixin.py:190} INFO - [2025-04-26T22:29:49.446+0000] {dag.py:4180} INFO - Setting next_dagrun for example_branch_dop_operator_v3 to 2025-04-26 22:28:00+00:00, run_after=2025-04-26 22:29:00+00:00
[2025-04-26T22:29:49.481+0000] {processor.py:208} INFO - Processing /home/airflow/.local/lib/python3.12/site-packages/airflow/example_dags/example_branch_python_dop_operator_3.py took 1.152 seconds
[2025-04-26T22:30:20.236+0000] {processor.py:186} INFO - Started process (PID=118) to work on /home/airflow/.local/lib/python3.12/site-packages/airflow/example_dags/example_branch_python_dop_operator_3.py
[2025-04-26T22:30:20.237+0000] {processor.py:914} INFO - Processing file /home/airflow/.local/lib/python3.12/site-packages/airflow/example_dags/example_branch_python_dop_operator_3.py for tasks to queue
[2025-04-26T22:30:20.240+0000] {logging_mixin.py:190} INFO - [2025-04-26T22:30:20.240+0000] {dagbag.py:588} INFO - Filling up the DagBag from /home/airflow/.local/lib/python3.12/site-packages/airflow/example_dags/example_branch_python_dop_operator_3.py
[2025-04-26T22:30:20.251+0000] {processor.py:925} INFO - DAG(s) 'example_branch_dop_operator_v3' retrieved from /home/airflow/.local/lib/python3.12/site-packages/airflow/example_dags/example_branch_python_dop_operator_3.py
[2025-04-26T22:30:20.271+0000] {logging_mixin.py:190} INFO - [2025-04-26T22:30:20.271+0000] {dag.py:3239} INFO - Sync 1 DAGs
[2025-04-26T22:30:20.298+0000] {logging_mixin.py:190} INFO - [2025-04-26T22:30:20.297+0000] {dag.py:4180} INFO - Setting next_dagrun for example_branch_dop_operator_v3 to 2025-04-26 22:29:00+00:00, run_after=2025-04-26 22:30:00+00:00
[2025-04-26T22:30:20.315+0000] {processor.py:208} INFO - Processing /home/airflow/.local/lib/python3.12/site-packages/airflow/example_dags/example_branch_python_dop_operator_3.py took 0.085 seconds
[2025-04-26T22:30:50.806+0000] {processor.py:186} INFO - Started process (PID=181) to work on /home/airflow/.local/lib/python3.12/site-packages/airflow/example_dags/example_branch_python_dop_operator_3.py
[2025-04-26T22:30:50.807+0000] {processor.py:914} INFO - Processing file /home/airflow/.local/lib/python3.12/site-packages/airflow/example_dags/example_branch_python_dop_operator_3.py for tasks to queue
[2025-04-26T22:30:50.809+0000] {logging_mixin.py:190} INFO - [2025-04-26T22:30:50.809+0000] {dagbag.py:588} INFO - Filling up the DagBag from /home/airflow/.local/lib/python3.12/site-packages/airflow/example_dags/example_branch_python_dop_operator_3.py
[2025-04-26T22:30:50.820+0000] {processor.py:925} INFO - DAG(s) 'example_branch_dop_operator_v3' retrieved from /home/airflow/.local/lib/python3.12/site-packages/airflow/example_dags/example_branch_python_dop_operator_3.py
[2025-04-26T22:30:50.840+0000] {logging_mixin.py:190} INFO - [2025-04-26T22:30:50.839+0000] {dag.py:3239} INFO - Sync 1 DAGs
[2025-04-26T22:30:50.864+0000] {logging_mixin.py:190} INFO - [2025-04-26T22:30:50.864+0000] {dag.py:4180} INFO - Setting next_dagrun for example_branch_dop_operator_v3 to 2025-04-26 22:29:00+00:00, run_after=2025-04-26 22:30:00+00:00
[2025-04-26T22:30:50.880+0000] {processor.py:208} INFO - Processing /home/airflow/.local/lib/python3.12/site-packages/airflow/example_dags/example_branch_python_dop_operator_3.py took 0.081 seconds
[2025-04-26T22:31:21.395+0000] {processor.py:186} INFO - Started process (PID=244) to work on /home/airflow/.local/lib/python3.12/site-packages/airflow/example_dags/example_branch_python_dop_operator_3.py
[2025-04-26T22:31:21.396+0000] {processor.py:914} INFO - Processing file /home/airflow/.local/lib/python3.12/site-packages/airflow/example_dags/example_branch_python_dop_operator_3.py for tasks to queue
[2025-04-26T22:31:21.398+0000] {logging_mixin.py:190} INFO - [2025-04-26T22:31:21.398+0000] {dagbag.py:588} INFO - Filling up the DagBag from /home/airflow/.local/lib/python3.12/site-packages/airflow/example_dags/example_branch_python_dop_operator_3.py
[2025-04-26T22:31:21.410+0000] {processor.py:925} INFO - DAG(s) 'example_branch_dop_operator_v3' retrieved from /home/airflow/.local/lib/python3.12/site-packages/airflow/example_dags/example_branch_python_dop_operator_3.py
[2025-04-26T22:31:21.429+0000] {logging_mixin.py:190} INFO - [2025-04-26T22:31:21.429+0000] {dag.py:3239} INFO - Sync 1 DAGs
[2025-04-26T22:31:21.454+0000] {logging_mixin.py:190} INFO - [2025-04-26T22:31:21.454+0000] {dag.py:4180} INFO - Setting next_dagrun for example_branch_dop_operator_v3 to 2025-04-26 22:30:00+00:00, run_after=2025-04-26 22:31:00+00:00
[2025-04-26T22:31:21.470+0000] {processor.py:208} INFO - Processing /home/airflow/.local/lib/python3.12/site-packages/airflow/example_dags/example_branch_python_dop_operator_3.py took 0.081 seconds
[2025-04-26T22:31:51.736+0000] {processor.py:186} INFO - Started process (PID=307) to work on /home/airflow/.local/lib/python3.12/site-packages/airflow/example_dags/example_branch_python_dop_operator_3.py
[2025-04-26T22:31:51.737+0000] {processor.py:914} INFO - Processing file /home/airflow/.local/lib/python3.12/site-packages/airflow/example_dags/example_branch_python_dop_operator_3.py for tasks to queue
[2025-04-26T22:31:51.739+0000] {logging_mixin.py:190} INFO - [2025-04-26T22:31:51.739+0000] {dagbag.py:588} INFO - Filling up the DagBag from /home/airflow/.local/lib/python3.12/site-packages/airflow/example_dags/example_branch_python_dop_operator_3.py
[2025-04-26T22:31:51.750+0000] {processor.py:925} INFO - DAG(s) 'example_branch_dop_operator_v3' retrieved from /home/airflow/.local/lib/python3.12/site-packages/airflow/example_dags/example_branch_python_dop_operator_3.py
[2025-04-26T22:31:51.770+0000] {logging_mixin.py:190} INFO - [2025-04-26T22:31:51.770+0000] {dag.py:3239} INFO - Sync 1 DAGs
[2025-04-26T22:31:51.795+0000] {logging_mixin.py:190} INFO - [2025-04-26T22:31:51.795+0000] {dag.py:4180} INFO - Setting next_dagrun for example_branch_dop_operator_v3 to 2025-04-26 22:30:00+00:00, run_after=2025-04-26 22:31:00+00:00
[2025-04-26T22:31:51.811+0000] {processor.py:208} INFO - Processing /home/airflow/.local/lib/python3.12/site-packages/airflow/example_dags/example_branch_python_dop_operator_3.py took 0.081 seconds
[2025-04-26T22:32:22.089+0000] {processor.py:186} INFO - Started process (PID=370) to work on /home/airflow/.local/lib/python3.12/site-packages/airflow/example_dags/example_branch_python_dop_operator_3.py
[2025-04-26T22:32:22.091+0000] {processor.py:914} INFO - Processing file /home/airflow/.local/lib/python3.12/site-packages/airflow/example_dags/example_branch_python_dop_operator_3.py for tasks to queue
[2025-04-26T22:32:22.093+0000] {logging_mixin.py:190} INFO - [2025-04-26T22:32:22.093+0000] {dagbag.py:588} INFO - Filling up the DagBag from /home/airflow/.local/lib/python3.12/site-packages/airflow/example_dags/example_branch_python_dop_operator_3.py
[2025-04-26T22:32:22.105+0000] {processor.py:925} INFO - DAG(s) 'example_branch_dop_operator_v3' retrieved from /home/airflow/.local/lib/python3.12/site-packages/airflow/example_dags/example_branch_python_dop_operator_3.py
[2025-04-26T22:32:22.124+0000] {logging_mixin.py:190} INFO - [2025-04-26T22:32:22.124+0000] {dag.py:3239} INFO - Sync 1 DAGs
[2025-04-26T22:32:22.150+0000] {logging_mixin.py:190} INFO - [2025-04-26T22:32:22.150+0000] {dag.py:4180} INFO - Setting next_dagrun for example_branch_dop_operator_v3 to 2025-04-26 22:31:00+00:00, run_after=2025-04-26 22:32:00+00:00
[2025-04-26T22:32:22.167+0000] {processor.py:208} INFO - Processing /home/airflow/.local/lib/python3.12/site-packages/airflow/example_dags/example_branch_python_dop_operator_3.py took 0.084 seconds
[2025-04-26T22:32:52.226+0000] {processor.py:186} INFO - Started process (PID=433) to work on /home/airflow/.local/lib/python3.12/site-packages/airflow/example_dags/example_branch_python_dop_operator_3.py
[2025-04-26T22:32:52.227+0000] {processor.py:914} INFO - Processing file /home/airflow/.local/lib/python3.12/site-packages/airflow/example_dags/example_branch_python_dop_operator_3.py for tasks to queue
[2025-04-26T22:32:52.229+0000] {logging_mixin.py:190} INFO - [2025-04-26T22:32:52.229+0000] {dagbag.py:588} INFO - Filling up the DagBag from /home/airflow/.local/lib/python3.12/site-packages/airflow/example_dags/example_branch_python_dop_operator_3.py
[2025-04-26T22:32:52.241+0000] {processor.py:925} INFO - DAG(s) 'example_branch_dop_operator_v3' retrieved from /home/airflow/.local/lib/python3.12/site-packages/airflow/example_dags/example_branch_python_dop_operator_3.py
[2025-04-26T22:32:52.259+0000] {logging_mixin.py:190} INFO - [2025-04-26T22:32:52.259+0000] {dag.py:3239} INFO - Sync 1 DAGs
[2025-04-26T22:32:52.285+0000] {logging_mixin.py:190} INFO - [2025-04-26T22:32:52.284+0000] {dag.py:4180} INFO - Setting next_dagrun for example_branch_dop_operator_v3 to 2025-04-26 22:31:00+00:00, run_after=2025-04-26 22:32:00+00:00
[2025-04-26T22:32:52.301+0000] {processor.py:208} INFO - Processing /home/airflow/.local/lib/python3.12/site-packages/airflow/example_dags/example_branch_python_dop_operator_3.py took 0.081 seconds
[2025-04-26T22:33:22.335+0000] {processor.py:186} INFO - Started process (PID=496) to work on /home/airflow/.local/lib/python3.12/site-packages/airflow/example_dags/example_branch_python_dop_operator_3.py
[2025-04-26T22:33:22.337+0000] {processor.py:914} INFO - Processing file /home/airflow/.local/lib/python3.12/site-packages/airflow/example_dags/example_branch_python_dop_operator_3.py for tasks to queue
[2025-04-26T22:33:22.339+0000] {logging_mixin.py:190} INFO - [2025-04-26T22:33:22.339+0000] {dagbag.py:588} INFO - Filling up the DagBag from /home/airflow/.local/lib/python3.12/site-packages/airflow/example_dags/example_branch_python_dop_operator_3.py
[2025-04-26T22:33:22.351+0000] {processor.py:925} INFO - DAG(s) 'example_branch_dop_operator_v3' retrieved from /home/airflow/.local/lib/python3.12/site-packages/airflow/example_dags/example_branch_python_dop_operator_3.py
[2025-04-26T22:33:22.370+0000] {logging_mixin.py:190} INFO - [2025-04-26T22:33:22.369+0000] {dag.py:3239} INFO - Sync 1 DAGs
[2025-04-26T22:33:22.395+0000] {logging_mixin.py:190} INFO - [2025-04-26T22:33:22.395+0000] {dag.py:4180} INFO - Setting next_dagrun for example_branch_dop_operator_v3 to 2025-04-26 22:32:00+00:00, run_after=2025-04-26 22:33:00+00:00
[2025-04-26T22:33:22.411+0000] {processor.py:208} INFO - Processing /home/airflow/.local/lib/python3.12/site-packages/airflow/example_dags/example_branch_python_dop_operator_3.py took 0.083 seconds
[2025-04-26T22:33:52.660+0000] {processor.py:186} INFO - Started process (PID=565) to work on /home/airflow/.local/lib/python3.12/site-packages/airflow/example_dags/example_branch_python_dop_operator_3.py
[2025-04-26T22:33:52.662+0000] {processor.py:914} INFO - Processing file /home/airflow/.local/lib/python3.12/site-packages/airflow/example_dags/example_branch_python_dop_operator_3.py for tasks to queue
[2025-04-26T22:33:52.664+0000] {logging_mixin.py:190} INFO - [2025-04-26T22:33:52.664+0000] {dagbag.py:588} INFO - Filling up the DagBag from /home/airflow/.local/lib/python3.12/site-packages/airflow/example_dags/example_branch_python_dop_operator_3.py
[2025-04-26T22:33:52.676+0000] {processor.py:925} INFO - DAG(s) 'example_branch_dop_operator_v3' retrieved from /home/airflow/.local/lib/python3.12/site-packages/airflow/example_dags/example_branch_python_dop_operator_3.py
[2025-04-26T22:33:52.695+0000] {logging_mixin.py:190} INFO - [2025-04-26T22:33:52.695+0000] {dag.py:3239} INFO - Sync 1 DAGs
[2025-04-26T22:33:52.721+0000] {logging_mixin.py:190} INFO - [2025-04-26T22:33:52.721+0000] {dag.py:4180} INFO - Setting next_dagrun for example_branch_dop_operator_v3 to 2025-04-26 22:32:00+00:00, run_after=2025-04-26 22:33:00+00:00
[2025-04-26T22:33:52.737+0000] {processor.py:208} INFO - Processing /home/airflow/.local/lib/python3.12/site-packages/airflow/example_dags/example_branch_python_dop_operator_3.py took 0.084 seconds
[2025-04-26T22:34:23.236+0000] {processor.py:186} INFO - Started process (PID=628) to work on /home/airflow/.local/lib/python3.12/site-packages/airflow/example_dags/example_branch_python_dop_operator_3.py
[2025-04-26T22:34:23.236+0000] {processor.py:914} INFO - Processing file /home/airflow/.local/lib/python3.12/site-packages/airflow/example_dags/example_branch_python_dop_operator_3.py for tasks to queue
[2025-04-26T22:34:23.239+0000] {logging_mixin.py:190} INFO - [2025-04-26T22:34:23.238+0000] {dagbag.py:588} INFO - Filling up the DagBag from /home/airflow/.local/lib/python3.12/site-packages/airflow/example_dags/example_branch_python_dop_operator_3.py
[2025-04-26T22:34:23.250+0000] {processor.py:925} INFO - DAG(s) 'example_branch_dop_operator_v3' retrieved from /home/airflow/.local/lib/python3.12/site-packages/airflow/example_dags/example_branch_python_dop_operator_3.py
[2025-04-26T22:34:23.269+0000] {logging_mixin.py:190} INFO - [2025-04-26T22:34:23.269+0000] {dag.py:3239} INFO - Sync 1 DAGs
[2025-04-26T22:34:23.294+0000] {logging_mixin.py:190} INFO - [2025-04-26T22:34:23.294+0000] {dag.py:4180} INFO - Setting next_dagrun for example_branch_dop_operator_v3 to 2025-04-26 22:33:00+00:00, run_after=2025-04-26 22:34:00+00:00
[2025-04-26T22:34:23.311+0000] {processor.py:208} INFO - Processing /home/airflow/.local/lib/python3.12/site-packages/airflow/example_dags/example_branch_python_dop_operator_3.py took 0.082 seconds
[2025-04-26T22:34:53.404+0000] {processor.py:186} INFO - Started process (PID=692) to work on /home/airflow/.local/lib/python3.12/site-packages/airflow/example_dags/example_branch_python_dop_operator_3.py
[2025-04-26T22:34:53.405+0000] {processor.py:914} INFO - Processing file /home/airflow/.local/lib/python3.12/site-packages/airflow/example_dags/example_branch_python_dop_operator_3.py for tasks to queue
[2025-04-26T22:34:53.408+0000] {logging_mixin.py:190} INFO - [2025-04-26T22:34:53.408+0000] {dagbag.py:588} INFO - Filling up the DagBag from /home/airflow/.local/lib/python3.12/site-packages/airflow/example_dags/example_branch_python_dop_operator_3.py
[2025-04-26T22:34:53.422+0000] {processor.py:925} INFO - DAG(s) 'example_branch_dop_operator_v3' retrieved from /home/airflow/.local/lib/python3.12/site-packages/airflow/example_dags/example_branch_python_dop_operator_3.py
[2025-04-26T22:34:53.443+0000] {logging_mixin.py:190} INFO - [2025-04-26T22:34:53.443+0000] {dag.py:3239} INFO - Sync 1 DAGs
[2025-04-26T22:34:53.471+0000] {logging_mixin.py:190} INFO - [2025-04-26T22:34:53.471+0000] {dag.py:4180} INFO - Setting next_dagrun for example_branch_dop_operator_v3 to 2025-04-26 22:33:00+00:00, run_after=2025-04-26 22:34:00+00:00
[2025-04-26T22:34:53.489+0000] {processor.py:208} INFO - Processing /home/airflow/.local/lib/python3.12/site-packages/airflow/example_dags/example_branch_python_dop_operator_3.py took 0.094 seconds
[2025-04-26T22:35:23.619+0000] {processor.py:186} INFO - Started process (PID=756) to work on /home/airflow/.local/lib/python3.12/site-packages/airflow/example_dags/example_branch_python_dop_operator_3.py
[2025-04-26T22:35:23.620+0000] {processor.py:914} INFO - Processing file /home/airflow/.local/lib/python3.12/site-packages/airflow/example_dags/example_branch_python_dop_operator_3.py for tasks to queue
[2025-04-26T22:35:23.622+0000] {logging_mixin.py:190} INFO - [2025-04-26T22:35:23.622+0000] {dagbag.py:588} INFO - Filling up the DagBag from /home/airflow/.local/lib/python3.12/site-packages/airflow/example_dags/example_branch_python_dop_operator_3.py
[2025-04-26T22:35:23.635+0000] {processor.py:925} INFO - DAG(s) 'example_branch_dop_operator_v3' retrieved from /home/airflow/.local/lib/python3.12/site-packages/airflow/example_dags/example_branch_python_dop_operator_3.py
[2025-04-26T22:35:23.662+0000] {logging_mixin.py:190} INFO - [2025-04-26T22:35:23.661+0000] {dag.py:3239} INFO - Sync 1 DAGs
[2025-04-26T22:35:23.695+0000] {logging_mixin.py:190} INFO - [2025-04-26T22:35:23.695+0000] {dag.py:4180} INFO - Setting next_dagrun for example_branch_dop_operator_v3 to 2025-04-26 22:34:00+00:00, run_after=2025-04-26 22:35:00+00:00
[2025-04-26T22:35:23.718+0000] {processor.py:208} INFO - Processing /home/airflow/.local/lib/python3.12/site-packages/airflow/example_dags/example_branch_python_dop_operator_3.py took 0.105 seconds
[2025-04-26T22:35:54.529+0000] {processor.py:186} INFO - Started process (PID=820) to work on /home/airflow/.local/lib/python3.12/site-packages/airflow/example_dags/example_branch_python_dop_operator_3.py
[2025-04-26T22:35:54.530+0000] {processor.py:914} INFO - Processing file /home/airflow/.local/lib/python3.12/site-packages/airflow/example_dags/example_branch_python_dop_operator_3.py for tasks to queue
[2025-04-26T22:35:54.533+0000] {logging_mixin.py:190} INFO - [2025-04-26T22:35:54.532+0000] {dagbag.py:588} INFO - Filling up the DagBag from /home/airflow/.local/lib/python3.12/site-packages/airflow/example_dags/example_branch_python_dop_operator_3.py
[2025-04-26T22:35:54.544+0000] {processor.py:925} INFO - DAG(s) 'example_branch_dop_operator_v3' retrieved from /home/airflow/.local/lib/python3.12/site-packages/airflow/example_dags/example_branch_python_dop_operator_3.py
[2025-04-26T22:35:54.563+0000] {logging_mixin.py:190} INFO - [2025-04-26T22:35:54.563+0000] {dag.py:3239} INFO - Sync 1 DAGs
[2025-04-26T22:35:54.588+0000] {logging_mixin.py:190} INFO - [2025-04-26T22:35:54.588+0000] {dag.py:4180} INFO - Setting next_dagrun for example_branch_dop_operator_v3 to 2025-04-26 22:34:00+00:00, run_after=2025-04-26 22:35:00+00:00
[2025-04-26T22:35:54.604+0000] {processor.py:208} INFO - Processing /home/airflow/.local/lib/python3.12/site-packages/airflow/example_dags/example_branch_python_dop_operator_3.py took 0.081 seconds
[2025-04-26T22:36:24.654+0000] {processor.py:186} INFO - Started process (PID=884) to work on /home/airflow/.local/lib/python3.12/site-packages/airflow/example_dags/example_branch_python_dop_operator_3.py
[2025-04-26T22:36:24.656+0000] {processor.py:914} INFO - Processing file /home/airflow/.local/lib/python3.12/site-packages/airflow/example_dags/example_branch_python_dop_operator_3.py for tasks to queue
[2025-04-26T22:36:24.658+0000] {logging_mixin.py:190} INFO - [2025-04-26T22:36:24.658+0000] {dagbag.py:588} INFO - Filling up the DagBag from /home/airflow/.local/lib/python3.12/site-packages/airflow/example_dags/example_branch_python_dop_operator_3.py
[2025-04-26T22:36:24.670+0000] {processor.py:925} INFO - DAG(s) 'example_branch_dop_operator_v3' retrieved from /home/airflow/.local/lib/python3.12/site-packages/airflow/example_dags/example_branch_python_dop_operator_3.py
[2025-04-26T22:36:24.689+0000] {logging_mixin.py:190} INFO - [2025-04-26T22:36:24.689+0000] {dag.py:3239} INFO - Sync 1 DAGs
[2025-04-26T22:36:24.716+0000] {logging_mixin.py:190} INFO - [2025-04-26T22:36:24.715+0000] {dag.py:4180} INFO - Setting next_dagrun for example_branch_dop_operator_v3 to 2025-04-26 22:35:00+00:00, run_after=2025-04-26 22:36:00+00:00
[2025-04-26T22:36:24.732+0000] {processor.py:208} INFO - Processing /home/airflow/.local/lib/python3.12/site-packages/airflow/example_dags/example_branch_python_dop_operator_3.py took 0.084 seconds
[2025-04-26T22:36:55.317+0000] {processor.py:186} INFO - Started process (PID=948) to work on /home/airflow/.local/lib/python3.12/site-packages/airflow/example_dags/example_branch_python_dop_operator_3.py
[2025-04-26T22:36:55.319+0000] {processor.py:914} INFO - Processing file /home/airflow/.local/lib/python3.12/site-packages/airflow/example_dags/example_branch_python_dop_operator_3.py for tasks to queue
[2025-04-26T22:36:55.322+0000] {logging_mixin.py:190} INFO - [2025-04-26T22:36:55.321+0000] {dagbag.py:588} INFO - Filling up the DagBag from /home/airflow/.local/lib/python3.12/site-packages/airflow/example_dags/example_branch_python_dop_operator_3.py
[2025-04-26T22:36:55.333+0000] {processor.py:925} INFO - DAG(s) 'example_branch_dop_operator_v3' retrieved from /home/airflow/.local/lib/python3.12/site-packages/airflow/example_dags/example_branch_python_dop_operator_3.py
[2025-04-26T22:36:55.352+0000] {logging_mixin.py:190} INFO - [2025-04-26T22:36:55.351+0000] {dag.py:3239} INFO - Sync 1 DAGs
[2025-04-26T22:36:55.377+0000] {logging_mixin.py:190} INFO - [2025-04-26T22:36:55.376+0000] {dag.py:4180} INFO - Setting next_dagrun for example_branch_dop_operator_v3 to 2025-04-26 22:35:00+00:00, run_after=2025-04-26 22:36:00+00:00
[2025-04-26T22:36:55.393+0000] {processor.py:208} INFO - Processing /home/airflow/.local/lib/python3.12/site-packages/airflow/example_dags/example_branch_python_dop_operator_3.py took 0.082 seconds
[2025-04-26T22:37:25.548+0000] {processor.py:186} INFO - Started process (PID=1012) to work on /home/airflow/.local/lib/python3.12/site-packages/airflow/example_dags/example_branch_python_dop_operator_3.py
[2025-04-26T22:37:25.550+0000] {processor.py:914} INFO - Processing file /home/airflow/.local/lib/python3.12/site-packages/airflow/example_dags/example_branch_python_dop_operator_3.py for tasks to queue
[2025-04-26T22:37:25.552+0000] {logging_mixin.py:190} INFO - [2025-04-26T22:37:25.552+0000] {dagbag.py:588} INFO - Filling up the DagBag from /home/airflow/.local/lib/python3.12/site-packages/airflow/example_dags/example_branch_python_dop_operator_3.py
[2025-04-26T22:37:25.564+0000] {processor.py:925} INFO - DAG(s) 'example_branch_dop_operator_v3' retrieved from /home/airflow/.local/lib/python3.12/site-packages/airflow/example_dags/example_branch_python_dop_operator_3.py
[2025-04-26T22:37:25.585+0000] {logging_mixin.py:190} INFO - [2025-04-26T22:37:25.584+0000] {dag.py:3239} INFO - Sync 1 DAGs
[2025-04-26T22:37:25.610+0000] {logging_mixin.py:190} INFO - [2025-04-26T22:37:25.610+0000] {dag.py:4180} INFO - Setting next_dagrun for example_branch_dop_operator_v3 to 2025-04-26 22:36:00+00:00, run_after=2025-04-26 22:37:00+00:00
[2025-04-26T22:37:25.627+0000] {processor.py:208} INFO - Processing /home/airflow/.local/lib/python3.12/site-packages/airflow/example_dags/example_branch_python_dop_operator_3.py took 0.086 seconds
[2025-04-26T22:37:55.753+0000] {processor.py:186} INFO - Started process (PID=1076) to work on /home/airflow/.local/lib/python3.12/site-packages/airflow/example_dags/example_branch_python_dop_operator_3.py
[2025-04-26T22:37:55.754+0000] {processor.py:914} INFO - Processing file /home/airflow/.local/lib/python3.12/site-packages/airflow/example_dags/example_branch_python_dop_operator_3.py for tasks to queue
[2025-04-26T22:37:55.756+0000] {logging_mixin.py:190} INFO - [2025-04-26T22:37:55.756+0000] {dagbag.py:588} INFO - Filling up the DagBag from /home/airflow/.local/lib/python3.12/site-packages/airflow/example_dags/example_branch_python_dop_operator_3.py
[2025-04-26T22:37:55.768+0000] {processor.py:925} INFO - DAG(s) 'example_branch_dop_operator_v3' retrieved from /home/airflow/.local/lib/python3.12/site-packages/airflow/example_dags/example_branch_python_dop_operator_3.py
[2025-04-26T22:37:55.787+0000] {logging_mixin.py:190} INFO - [2025-04-26T22:37:55.787+0000] {dag.py:3239} INFO - Sync 1 DAGs
[2025-04-26T22:37:55.812+0000] {logging_mixin.py:190} INFO - [2025-04-26T22:37:55.812+0000] {dag.py:4180} INFO - Setting next_dagrun for example_branch_dop_operator_v3 to 2025-04-26 22:36:00+00:00, run_after=2025-04-26 22:37:00+00:00
[2025-04-26T22:37:55.828+0000] {processor.py:208} INFO - Processing /home/airflow/.local/lib/python3.12/site-packages/airflow/example_dags/example_branch_python_dop_operator_3.py took 0.082 seconds
[2025-04-26T22:38:25.910+0000] {processor.py:186} INFO - Started process (PID=1140) to work on /home/airflow/.local/lib/python3.12/site-packages/airflow/example_dags/example_branch_python_dop_operator_3.py
[2025-04-26T22:38:25.912+0000] {processor.py:914} INFO - Processing file /home/airflow/.local/lib/python3.12/site-packages/airflow/example_dags/example_branch_python_dop_operator_3.py for tasks to queue
[2025-04-26T22:38:25.914+0000] {logging_mixin.py:190} INFO - [2025-04-26T22:38:25.914+0000] {dagbag.py:588} INFO - Filling up the DagBag from /home/airflow/.local/lib/python3.12/site-packages/airflow/example_dags/example_branch_python_dop_operator_3.py
[2025-04-26T22:38:25.926+0000] {processor.py:925} INFO - DAG(s) 'example_branch_dop_operator_v3' retrieved from /home/airflow/.local/lib/python3.12/site-packages/airflow/example_dags/example_branch_python_dop_operator_3.py
[2025-04-26T22:38:25.949+0000] {logging_mixin.py:190} INFO - [2025-04-26T22:38:25.948+0000] {dag.py:3239} INFO - Sync 1 DAGs
[2025-04-26T22:38:25.976+0000] {logging_mixin.py:190} INFO - [2025-04-26T22:38:25.976+0000] {dag.py:4180} INFO - Setting next_dagrun for example_branch_dop_operator_v3 to 2025-04-26 22:37:00+00:00, run_after=2025-04-26 22:38:00+00:00
[2025-04-26T22:38:25.994+0000] {processor.py:208} INFO - Processing /home/airflow/.local/lib/python3.12/site-packages/airflow/example_dags/example_branch_python_dop_operator_3.py took 0.090 seconds
[2025-04-26T22:38:56.264+0000] {processor.py:186} INFO - Started process (PID=1204) to work on /home/airflow/.local/lib/python3.12/site-packages/airflow/example_dags/example_branch_python_dop_operator_3.py
[2025-04-26T22:38:56.265+0000] {processor.py:914} INFO - Processing file /home/airflow/.local/lib/python3.12/site-packages/airflow/example_dags/example_branch_python_dop_operator_3.py for tasks to queue
[2025-04-26T22:38:56.268+0000] {logging_mixin.py:190} INFO - [2025-04-26T22:38:56.267+0000] {dagbag.py:588} INFO - Filling up the DagBag from /home/airflow/.local/lib/python3.12/site-packages/airflow/example_dags/example_branch_python_dop_operator_3.py
[2025-04-26T22:38:56.279+0000] {processor.py:925} INFO - DAG(s) 'example_branch_dop_operator_v3' retrieved from /home/airflow/.local/lib/python3.12/site-packages/airflow/example_dags/example_branch_python_dop_operator_3.py
[2025-04-26T22:38:56.299+0000] {logging_mixin.py:190} INFO - [2025-04-26T22:38:56.299+0000] {dag.py:3239} INFO - Sync 1 DAGs
[2025-04-26T22:38:56.325+0000] {logging_mixin.py:190} INFO - [2025-04-26T22:38:56.324+0000] {dag.py:4180} INFO - Setting next_dagrun for example_branch_dop_operator_v3 to 2025-04-26 22:37:00+00:00, run_after=2025-04-26 22:38:00+00:00
[2025-04-26T22:38:56.341+0000] {processor.py:208} INFO - Processing /home/airflow/.local/lib/python3.12/site-packages/airflow/example_dags/example_branch_python_dop_operator_3.py took 0.083 seconds
[2025-04-26T22:39:26.757+0000] {processor.py:186} INFO - Started process (PID=1268) to work on /home/airflow/.local/lib/python3.12/site-packages/airflow/example_dags/example_branch_python_dop_operator_3.py
[2025-04-26T22:39:26.758+0000] {processor.py:914} INFO - Processing file /home/airflow/.local/lib/python3.12/site-packages/airflow/example_dags/example_branch_python_dop_operator_3.py for tasks to queue
[2025-04-26T22:39:26.761+0000] {logging_mixin.py:190} INFO - [2025-04-26T22:39:26.760+0000] {dagbag.py:588} INFO - Filling up the DagBag from /home/airflow/.local/lib/python3.12/site-packages/airflow/example_dags/example_branch_python_dop_operator_3.py
[2025-04-26T22:39:26.773+0000] {processor.py:925} INFO - DAG(s) 'example_branch_dop_operator_v3' retrieved from /home/airflow/.local/lib/python3.12/site-packages/airflow/example_dags/example_branch_python_dop_operator_3.py
[2025-04-26T22:39:26.794+0000] {logging_mixin.py:190} INFO - [2025-04-26T22:39:26.793+0000] {dag.py:3239} INFO - Sync 1 DAGs
[2025-04-26T22:39:26.819+0000] {logging_mixin.py:190} INFO - [2025-04-26T22:39:26.819+0000] {dag.py:4180} INFO - Setting next_dagrun for example_branch_dop_operator_v3 to 2025-04-26 22:38:00+00:00, run_after=2025-04-26 22:39:00+00:00
[2025-04-26T22:39:26.837+0000] {processor.py:208} INFO - Processing /home/airflow/.local/lib/python3.12/site-packages/airflow/example_dags/example_branch_python_dop_operator_3.py took 0.088 seconds
[2025-04-26T22:39:57.702+0000] {processor.py:186} INFO - Started process (PID=1332) to work on /home/airflow/.local/lib/python3.12/site-packages/airflow/example_dags/example_branch_python_dop_operator_3.py
[2025-04-26T22:39:57.703+0000] {processor.py:914} INFO - Processing file /home/airflow/.local/lib/python3.12/site-packages/airflow/example_dags/example_branch_python_dop_operator_3.py for tasks to queue
[2025-04-26T22:39:57.706+0000] {logging_mixin.py:190} INFO - [2025-04-26T22:39:57.705+0000] {dagbag.py:588} INFO - Filling up the DagBag from /home/airflow/.local/lib/python3.12/site-packages/airflow/example_dags/example_branch_python_dop_operator_3.py
[2025-04-26T22:39:57.718+0000] {processor.py:925} INFO - DAG(s) 'example_branch_dop_operator_v3' retrieved from /home/airflow/.local/lib/python3.12/site-packages/airflow/example_dags/example_branch_python_dop_operator_3.py
[2025-04-26T22:39:57.737+0000] {logging_mixin.py:190} INFO - [2025-04-26T22:39:57.737+0000] {dag.py:3239} INFO - Sync 1 DAGs
[2025-04-26T22:39:57.762+0000] {logging_mixin.py:190} INFO - [2025-04-26T22:39:57.762+0000] {dag.py:4180} INFO - Setting next_dagrun for example_branch_dop_operator_v3 to 2025-04-26 22:38:00+00:00, run_after=2025-04-26 22:39:00+00:00
[2025-04-26T22:39:57.781+0000] {processor.py:208} INFO - Processing /home/airflow/.local/lib/python3.12/site-packages/airflow/example_dags/example_branch_python_dop_operator_3.py took 0.085 seconds
