[2025-04-26T22:29:56.620+0000] {processor.py:186} INFO - Started process (PID=82) to work on /home/airflow/.local/lib/python3.12/site-packages/airflow/example_dags/example_nested_branch_dag.py
[2025-04-26T22:29:56.621+0000] {processor.py:914} INFO - Processing file /home/airflow/.local/lib/python3.12/site-packages/airflow/example_dags/example_nested_branch_dag.py for tasks to queue
[2025-04-26T22:29:56.624+0000] {logging_mixin.py:190} INFO - [2025-04-26T22:29:56.623+0000] {dagbag.py:588} INFO - Filling up the DagBag from /home/airflow/.local/lib/python3.12/site-packages/airflow/example_dags/example_nested_branch_dag.py
[2025-04-26T22:29:56.641+0000] {processor.py:925} INFO - DAG(s) 'example_nested_branch_dag' retrieved from /home/airflow/.local/lib/python3.12/site-packages/airflow/example_dags/example_nested_branch_dag.py
[2025-04-26T22:29:56.802+0000] {logging_mixin.py:190} INFO - [2025-04-26T22:29:56.802+0000] {override.py:1912} INFO - Created Permission View: can read on DAG:example_nested_branch_dag
[2025-04-26T22:29:56.817+0000] {logging_mixin.py:190} INFO - [2025-04-26T22:29:56.816+0000] {override.py:1912} INFO - Created Permission View: can delete on DAG:example_nested_branch_dag
[2025-04-26T22:29:56.828+0000] {logging_mixin.py:190} INFO - [2025-04-26T22:29:56.828+0000] {override.py:1912} INFO - Created Permission View: can edit on DAG:example_nested_branch_dag
[2025-04-26T22:29:56.841+0000] {logging_mixin.py:190} INFO - [2025-04-26T22:29:56.841+0000] {override.py:1912} INFO - Created Permission View: can read on DAG Run:example_nested_branch_dag
[2025-04-26T22:29:56.854+0000] {logging_mixin.py:190} INFO - [2025-04-26T22:29:56.854+0000] {override.py:1912} INFO - Created Permission View: can create on DAG Run:example_nested_branch_dag
[2025-04-26T22:29:56.865+0000] {logging_mixin.py:190} INFO - [2025-04-26T22:29:56.865+0000] {override.py:1912} INFO - Created Permission View: can delete on DAG Run:example_nested_branch_dag
[2025-04-26T22:29:56.875+0000] {logging_mixin.py:190} INFO - [2025-04-26T22:29:56.874+0000] {override.py:1912} INFO - Created Permission View: menu access on DAG Run:example_nested_branch_dag
[2025-04-26T22:29:56.875+0000] {logging_mixin.py:190} INFO - [2025-04-26T22:29:56.875+0000] {dag.py:3239} INFO - Sync 1 DAGs
[2025-04-26T22:29:56.902+0000] {logging_mixin.py:190} INFO - [2025-04-26T22:29:56.901+0000] {dag.py:3262} INFO - Creating ORM DAG for example_nested_branch_dag
[2025-04-26T22:29:56.920+0000] {logging_mixin.py:190} INFO - [2025-04-26T22:29:56.919+0000] {dag.py:4180} INFO - Setting next_dagrun for example_nested_branch_dag to 2025-04-25 00:00:00+00:00, run_after=2025-04-26 00:00:00+00:00
[2025-04-26T22:29:56.947+0000] {processor.py:208} INFO - Processing /home/airflow/.local/lib/python3.12/site-packages/airflow/example_dags/example_nested_branch_dag.py took 0.336 seconds
[2025-04-26T22:30:27.586+0000] {processor.py:186} INFO - Started process (PID=145) to work on /home/airflow/.local/lib/python3.12/site-packages/airflow/example_dags/example_nested_branch_dag.py
[2025-04-26T22:30:27.587+0000] {processor.py:914} INFO - Processing file /home/airflow/.local/lib/python3.12/site-packages/airflow/example_dags/example_nested_branch_dag.py for tasks to queue
[2025-04-26T22:30:27.589+0000] {logging_mixin.py:190} INFO - [2025-04-26T22:30:27.589+0000] {dagbag.py:588} INFO - Filling up the DagBag from /home/airflow/.local/lib/python3.12/site-packages/airflow/example_dags/example_nested_branch_dag.py
[2025-04-26T22:30:27.602+0000] {processor.py:925} INFO - DAG(s) 'example_nested_branch_dag' retrieved from /home/airflow/.local/lib/python3.12/site-packages/airflow/example_dags/example_nested_branch_dag.py
[2025-04-26T22:30:27.631+0000] {logging_mixin.py:190} INFO - [2025-04-26T22:30:27.630+0000] {dag.py:3239} INFO - Sync 1 DAGs
[2025-04-26T22:30:27.668+0000] {logging_mixin.py:190} INFO - [2025-04-26T22:30:27.667+0000] {dag.py:4180} INFO - Setting next_dagrun for example_nested_branch_dag to 2025-04-25 00:00:00+00:00, run_after=2025-04-26 00:00:00+00:00
[2025-04-26T22:30:27.690+0000] {processor.py:208} INFO - Processing /home/airflow/.local/lib/python3.12/site-packages/airflow/example_dags/example_nested_branch_dag.py took 0.111 seconds
[2025-04-26T22:30:58.337+0000] {processor.py:186} INFO - Started process (PID=208) to work on /home/airflow/.local/lib/python3.12/site-packages/airflow/example_dags/example_nested_branch_dag.py
[2025-04-26T22:30:58.339+0000] {processor.py:914} INFO - Processing file /home/airflow/.local/lib/python3.12/site-packages/airflow/example_dags/example_nested_branch_dag.py for tasks to queue
[2025-04-26T22:30:58.342+0000] {logging_mixin.py:190} INFO - [2025-04-26T22:30:58.341+0000] {dagbag.py:588} INFO - Filling up the DagBag from /home/airflow/.local/lib/python3.12/site-packages/airflow/example_dags/example_nested_branch_dag.py
[2025-04-26T22:30:58.359+0000] {processor.py:925} INFO - DAG(s) 'example_nested_branch_dag' retrieved from /home/airflow/.local/lib/python3.12/site-packages/airflow/example_dags/example_nested_branch_dag.py
[2025-04-26T22:30:58.390+0000] {logging_mixin.py:190} INFO - [2025-04-26T22:30:58.390+0000] {dag.py:3239} INFO - Sync 1 DAGs
[2025-04-26T22:30:58.427+0000] {logging_mixin.py:190} INFO - [2025-04-26T22:30:58.427+0000] {dag.py:4180} INFO - Setting next_dagrun for example_nested_branch_dag to 2025-04-25 00:00:00+00:00, run_after=2025-04-26 00:00:00+00:00
[2025-04-26T22:30:58.449+0000] {processor.py:208} INFO - Processing /home/airflow/.local/lib/python3.12/site-packages/airflow/example_dags/example_nested_branch_dag.py took 0.121 seconds
[2025-04-26T22:31:29.300+0000] {processor.py:186} INFO - Started process (PID=271) to work on /home/airflow/.local/lib/python3.12/site-packages/airflow/example_dags/example_nested_branch_dag.py
[2025-04-26T22:31:29.301+0000] {processor.py:914} INFO - Processing file /home/airflow/.local/lib/python3.12/site-packages/airflow/example_dags/example_nested_branch_dag.py for tasks to queue
[2025-04-26T22:31:29.304+0000] {logging_mixin.py:190} INFO - [2025-04-26T22:31:29.304+0000] {dagbag.py:588} INFO - Filling up the DagBag from /home/airflow/.local/lib/python3.12/site-packages/airflow/example_dags/example_nested_branch_dag.py
[2025-04-26T22:31:29.322+0000] {processor.py:925} INFO - DAG(s) 'example_nested_branch_dag' retrieved from /home/airflow/.local/lib/python3.12/site-packages/airflow/example_dags/example_nested_branch_dag.py
[2025-04-26T22:31:29.345+0000] {logging_mixin.py:190} INFO - [2025-04-26T22:31:29.345+0000] {dag.py:3239} INFO - Sync 1 DAGs
[2025-04-26T22:31:29.370+0000] {logging_mixin.py:190} INFO - [2025-04-26T22:31:29.370+0000] {dag.py:4180} INFO - Setting next_dagrun for example_nested_branch_dag to 2025-04-25 00:00:00+00:00, run_after=2025-04-26 00:00:00+00:00
[2025-04-26T22:31:29.388+0000] {processor.py:208} INFO - Processing /home/airflow/.local/lib/python3.12/site-packages/airflow/example_dags/example_nested_branch_dag.py took 0.097 seconds
[2025-04-26T22:32:00.765+0000] {processor.py:186} INFO - Started process (PID=334) to work on /home/airflow/.local/lib/python3.12/site-packages/airflow/example_dags/example_nested_branch_dag.py
[2025-04-26T22:32:00.767+0000] {processor.py:914} INFO - Processing file /home/airflow/.local/lib/python3.12/site-packages/airflow/example_dags/example_nested_branch_dag.py for tasks to queue
[2025-04-26T22:32:00.769+0000] {logging_mixin.py:190} INFO - [2025-04-26T22:32:00.769+0000] {dagbag.py:588} INFO - Filling up the DagBag from /home/airflow/.local/lib/python3.12/site-packages/airflow/example_dags/example_nested_branch_dag.py
[2025-04-26T22:32:00.781+0000] {processor.py:925} INFO - DAG(s) 'example_nested_branch_dag' retrieved from /home/airflow/.local/lib/python3.12/site-packages/airflow/example_dags/example_nested_branch_dag.py
[2025-04-26T22:32:00.803+0000] {logging_mixin.py:190} INFO - [2025-04-26T22:32:00.803+0000] {dag.py:3239} INFO - Sync 1 DAGs
[2025-04-26T22:32:00.827+0000] {logging_mixin.py:190} INFO - [2025-04-26T22:32:00.827+0000] {dag.py:4180} INFO - Setting next_dagrun for example_nested_branch_dag to 2025-04-25 00:00:00+00:00, run_after=2025-04-26 00:00:00+00:00
[2025-04-26T22:32:00.843+0000] {processor.py:208} INFO - Processing /home/airflow/.local/lib/python3.12/site-packages/airflow/example_dags/example_nested_branch_dag.py took 0.085 seconds
[2025-04-26T22:32:32.140+0000] {processor.py:186} INFO - Started process (PID=397) to work on /home/airflow/.local/lib/python3.12/site-packages/airflow/example_dags/example_nested_branch_dag.py
[2025-04-26T22:32:32.141+0000] {processor.py:914} INFO - Processing file /home/airflow/.local/lib/python3.12/site-packages/airflow/example_dags/example_nested_branch_dag.py for tasks to queue
[2025-04-26T22:32:32.143+0000] {logging_mixin.py:190} INFO - [2025-04-26T22:32:32.143+0000] {dagbag.py:588} INFO - Filling up the DagBag from /home/airflow/.local/lib/python3.12/site-packages/airflow/example_dags/example_nested_branch_dag.py
[2025-04-26T22:32:32.156+0000] {processor.py:925} INFO - DAG(s) 'example_nested_branch_dag' retrieved from /home/airflow/.local/lib/python3.12/site-packages/airflow/example_dags/example_nested_branch_dag.py
[2025-04-26T22:32:32.178+0000] {logging_mixin.py:190} INFO - [2025-04-26T22:32:32.178+0000] {dag.py:3239} INFO - Sync 1 DAGs
[2025-04-26T22:32:32.203+0000] {logging_mixin.py:190} INFO - [2025-04-26T22:32:32.203+0000] {dag.py:4180} INFO - Setting next_dagrun for example_nested_branch_dag to 2025-04-25 00:00:00+00:00, run_after=2025-04-26 00:00:00+00:00
[2025-04-26T22:32:32.219+0000] {processor.py:208} INFO - Processing /home/airflow/.local/lib/python3.12/site-packages/airflow/example_dags/example_nested_branch_dag.py took 0.085 seconds
[2025-04-26T22:33:03.251+0000] {processor.py:186} INFO - Started process (PID=460) to work on /home/airflow/.local/lib/python3.12/site-packages/airflow/example_dags/example_nested_branch_dag.py
[2025-04-26T22:33:03.252+0000] {processor.py:914} INFO - Processing file /home/airflow/.local/lib/python3.12/site-packages/airflow/example_dags/example_nested_branch_dag.py for tasks to queue
[2025-04-26T22:33:03.255+0000] {logging_mixin.py:190} INFO - [2025-04-26T22:33:03.254+0000] {dagbag.py:588} INFO - Filling up the DagBag from /home/airflow/.local/lib/python3.12/site-packages/airflow/example_dags/example_nested_branch_dag.py
[2025-04-26T22:33:03.268+0000] {processor.py:925} INFO - DAG(s) 'example_nested_branch_dag' retrieved from /home/airflow/.local/lib/python3.12/site-packages/airflow/example_dags/example_nested_branch_dag.py
[2025-04-26T22:33:03.290+0000] {logging_mixin.py:190} INFO - [2025-04-26T22:33:03.290+0000] {dag.py:3239} INFO - Sync 1 DAGs
[2025-04-26T22:33:03.317+0000] {logging_mixin.py:190} INFO - [2025-04-26T22:33:03.317+0000] {dag.py:4180} INFO - Setting next_dagrun for example_nested_branch_dag to 2025-04-25 00:00:00+00:00, run_after=2025-04-26 00:00:00+00:00
[2025-04-26T22:33:03.334+0000] {processor.py:208} INFO - Processing /home/airflow/.local/lib/python3.12/site-packages/airflow/example_dags/example_nested_branch_dag.py took 0.090 seconds
[2025-04-26T22:33:34.515+0000] {processor.py:186} INFO - Started process (PID=523) to work on /home/airflow/.local/lib/python3.12/site-packages/airflow/example_dags/example_nested_branch_dag.py
[2025-04-26T22:33:34.516+0000] {processor.py:914} INFO - Processing file /home/airflow/.local/lib/python3.12/site-packages/airflow/example_dags/example_nested_branch_dag.py for tasks to queue
[2025-04-26T22:33:34.519+0000] {logging_mixin.py:190} INFO - [2025-04-26T22:33:34.518+0000] {dagbag.py:588} INFO - Filling up the DagBag from /home/airflow/.local/lib/python3.12/site-packages/airflow/example_dags/example_nested_branch_dag.py
[2025-04-26T22:33:34.531+0000] {processor.py:925} INFO - DAG(s) 'example_nested_branch_dag' retrieved from /home/airflow/.local/lib/python3.12/site-packages/airflow/example_dags/example_nested_branch_dag.py
[2025-04-26T22:33:34.556+0000] {logging_mixin.py:190} INFO - [2025-04-26T22:33:34.556+0000] {dag.py:3239} INFO - Sync 1 DAGs
[2025-04-26T22:33:34.580+0000] {logging_mixin.py:190} INFO - [2025-04-26T22:33:34.580+0000] {dag.py:4180} INFO - Setting next_dagrun for example_nested_branch_dag to 2025-04-25 00:00:00+00:00, run_after=2025-04-26 00:00:00+00:00
[2025-04-26T22:33:34.598+0000] {processor.py:208} INFO - Processing /home/airflow/.local/lib/python3.12/site-packages/airflow/example_dags/example_nested_branch_dag.py took 0.089 seconds
[2025-04-26T22:34:05.714+0000] {processor.py:186} INFO - Started process (PID=586) to work on /home/airflow/.local/lib/python3.12/site-packages/airflow/example_dags/example_nested_branch_dag.py
[2025-04-26T22:34:05.715+0000] {processor.py:914} INFO - Processing file /home/airflow/.local/lib/python3.12/site-packages/airflow/example_dags/example_nested_branch_dag.py for tasks to queue
[2025-04-26T22:34:05.717+0000] {logging_mixin.py:190} INFO - [2025-04-26T22:34:05.717+0000] {dagbag.py:588} INFO - Filling up the DagBag from /home/airflow/.local/lib/python3.12/site-packages/airflow/example_dags/example_nested_branch_dag.py
[2025-04-26T22:34:05.730+0000] {processor.py:925} INFO - DAG(s) 'example_nested_branch_dag' retrieved from /home/airflow/.local/lib/python3.12/site-packages/airflow/example_dags/example_nested_branch_dag.py
[2025-04-26T22:34:05.751+0000] {logging_mixin.py:190} INFO - [2025-04-26T22:34:05.751+0000] {dag.py:3239} INFO - Sync 1 DAGs
[2025-04-26T22:34:05.776+0000] {logging_mixin.py:190} INFO - [2025-04-26T22:34:05.776+0000] {dag.py:4180} INFO - Setting next_dagrun for example_nested_branch_dag to 2025-04-25 00:00:00+00:00, run_after=2025-04-26 00:00:00+00:00
[2025-04-26T22:34:05.797+0000] {processor.py:208} INFO - Processing /home/airflow/.local/lib/python3.12/site-packages/airflow/example_dags/example_nested_branch_dag.py took 0.089 seconds
[2025-04-26T22:34:37.207+0000] {processor.py:186} INFO - Started process (PID=649) to work on /home/airflow/.local/lib/python3.12/site-packages/airflow/example_dags/example_nested_branch_dag.py
[2025-04-26T22:34:37.208+0000] {processor.py:914} INFO - Processing file /home/airflow/.local/lib/python3.12/site-packages/airflow/example_dags/example_nested_branch_dag.py for tasks to queue
[2025-04-26T22:34:37.211+0000] {logging_mixin.py:190} INFO - [2025-04-26T22:34:37.210+0000] {dagbag.py:588} INFO - Filling up the DagBag from /home/airflow/.local/lib/python3.12/site-packages/airflow/example_dags/example_nested_branch_dag.py
[2025-04-26T22:34:37.223+0000] {processor.py:925} INFO - DAG(s) 'example_nested_branch_dag' retrieved from /home/airflow/.local/lib/python3.12/site-packages/airflow/example_dags/example_nested_branch_dag.py
[2025-04-26T22:34:37.244+0000] {logging_mixin.py:190} INFO - [2025-04-26T22:34:37.244+0000] {dag.py:3239} INFO - Sync 1 DAGs
[2025-04-26T22:34:37.268+0000] {logging_mixin.py:190} INFO - [2025-04-26T22:34:37.267+0000] {dag.py:4180} INFO - Setting next_dagrun for example_nested_branch_dag to 2025-04-25 00:00:00+00:00, run_after=2025-04-26 00:00:00+00:00
[2025-04-26T22:34:37.284+0000] {processor.py:208} INFO - Processing /home/airflow/.local/lib/python3.12/site-packages/airflow/example_dags/example_nested_branch_dag.py took 0.083 seconds
[2025-04-26T22:35:08.460+0000] {processor.py:186} INFO - Started process (PID=713) to work on /home/airflow/.local/lib/python3.12/site-packages/airflow/example_dags/example_nested_branch_dag.py
[2025-04-26T22:35:08.461+0000] {processor.py:914} INFO - Processing file /home/airflow/.local/lib/python3.12/site-packages/airflow/example_dags/example_nested_branch_dag.py for tasks to queue
[2025-04-26T22:35:08.464+0000] {logging_mixin.py:190} INFO - [2025-04-26T22:35:08.463+0000] {dagbag.py:588} INFO - Filling up the DagBag from /home/airflow/.local/lib/python3.12/site-packages/airflow/example_dags/example_nested_branch_dag.py
[2025-04-26T22:35:08.477+0000] {processor.py:925} INFO - DAG(s) 'example_nested_branch_dag' retrieved from /home/airflow/.local/lib/python3.12/site-packages/airflow/example_dags/example_nested_branch_dag.py
[2025-04-26T22:35:08.500+0000] {logging_mixin.py:190} INFO - [2025-04-26T22:35:08.500+0000] {dag.py:3239} INFO - Sync 1 DAGs
[2025-04-26T22:35:08.525+0000] {logging_mixin.py:190} INFO - [2025-04-26T22:35:08.525+0000] {dag.py:4180} INFO - Setting next_dagrun for example_nested_branch_dag to 2025-04-25 00:00:00+00:00, run_after=2025-04-26 00:00:00+00:00
[2025-04-26T22:35:08.543+0000] {processor.py:208} INFO - Processing /home/airflow/.local/lib/python3.12/site-packages/airflow/example_dags/example_nested_branch_dag.py took 0.090 seconds
[2025-04-26T22:35:39.619+0000] {processor.py:186} INFO - Started process (PID=777) to work on /home/airflow/.local/lib/python3.12/site-packages/airflow/example_dags/example_nested_branch_dag.py
[2025-04-26T22:35:39.621+0000] {processor.py:914} INFO - Processing file /home/airflow/.local/lib/python3.12/site-packages/airflow/example_dags/example_nested_branch_dag.py for tasks to queue
[2025-04-26T22:35:39.623+0000] {logging_mixin.py:190} INFO - [2025-04-26T22:35:39.623+0000] {dagbag.py:588} INFO - Filling up the DagBag from /home/airflow/.local/lib/python3.12/site-packages/airflow/example_dags/example_nested_branch_dag.py
[2025-04-26T22:35:39.636+0000] {processor.py:925} INFO - DAG(s) 'example_nested_branch_dag' retrieved from /home/airflow/.local/lib/python3.12/site-packages/airflow/example_dags/example_nested_branch_dag.py
[2025-04-26T22:35:39.657+0000] {logging_mixin.py:190} INFO - [2025-04-26T22:35:39.657+0000] {dag.py:3239} INFO - Sync 1 DAGs
[2025-04-26T22:35:39.681+0000] {logging_mixin.py:190} INFO - [2025-04-26T22:35:39.680+0000] {dag.py:4180} INFO - Setting next_dagrun for example_nested_branch_dag to 2025-04-25 00:00:00+00:00, run_after=2025-04-26 00:00:00+00:00
[2025-04-26T22:35:39.697+0000] {processor.py:208} INFO - Processing /home/airflow/.local/lib/python3.12/site-packages/airflow/example_dags/example_nested_branch_dag.py took 0.084 seconds
[2025-04-26T22:36:10.452+0000] {processor.py:186} INFO - Started process (PID=841) to work on /home/airflow/.local/lib/python3.12/site-packages/airflow/example_dags/example_nested_branch_dag.py
[2025-04-26T22:36:10.453+0000] {processor.py:914} INFO - Processing file /home/airflow/.local/lib/python3.12/site-packages/airflow/example_dags/example_nested_branch_dag.py for tasks to queue
[2025-04-26T22:36:10.456+0000] {logging_mixin.py:190} INFO - [2025-04-26T22:36:10.456+0000] {dagbag.py:588} INFO - Filling up the DagBag from /home/airflow/.local/lib/python3.12/site-packages/airflow/example_dags/example_nested_branch_dag.py
[2025-04-26T22:36:10.469+0000] {processor.py:925} INFO - DAG(s) 'example_nested_branch_dag' retrieved from /home/airflow/.local/lib/python3.12/site-packages/airflow/example_dags/example_nested_branch_dag.py
[2025-04-26T22:36:10.491+0000] {logging_mixin.py:190} INFO - [2025-04-26T22:36:10.491+0000] {dag.py:3239} INFO - Sync 1 DAGs
[2025-04-26T22:36:10.515+0000] {logging_mixin.py:190} INFO - [2025-04-26T22:36:10.515+0000] {dag.py:4180} INFO - Setting next_dagrun for example_nested_branch_dag to 2025-04-25 00:00:00+00:00, run_after=2025-04-26 00:00:00+00:00
[2025-04-26T22:36:10.532+0000] {processor.py:208} INFO - Processing /home/airflow/.local/lib/python3.12/site-packages/airflow/example_dags/example_nested_branch_dag.py took 0.087 seconds
[2025-04-26T22:36:41.696+0000] {processor.py:186} INFO - Started process (PID=905) to work on /home/airflow/.local/lib/python3.12/site-packages/airflow/example_dags/example_nested_branch_dag.py
[2025-04-26T22:36:41.697+0000] {processor.py:914} INFO - Processing file /home/airflow/.local/lib/python3.12/site-packages/airflow/example_dags/example_nested_branch_dag.py for tasks to queue
[2025-04-26T22:36:41.700+0000] {logging_mixin.py:190} INFO - [2025-04-26T22:36:41.699+0000] {dagbag.py:588} INFO - Filling up the DagBag from /home/airflow/.local/lib/python3.12/site-packages/airflow/example_dags/example_nested_branch_dag.py
[2025-04-26T22:36:41.713+0000] {processor.py:925} INFO - DAG(s) 'example_nested_branch_dag' retrieved from /home/airflow/.local/lib/python3.12/site-packages/airflow/example_dags/example_nested_branch_dag.py
[2025-04-26T22:36:41.735+0000] {logging_mixin.py:190} INFO - [2025-04-26T22:36:41.735+0000] {dag.py:3239} INFO - Sync 1 DAGs
[2025-04-26T22:36:41.760+0000] {logging_mixin.py:190} INFO - [2025-04-26T22:36:41.760+0000] {dag.py:4180} INFO - Setting next_dagrun for example_nested_branch_dag to 2025-04-25 00:00:00+00:00, run_after=2025-04-26 00:00:00+00:00
[2025-04-26T22:36:41.777+0000] {processor.py:208} INFO - Processing /home/airflow/.local/lib/python3.12/site-packages/airflow/example_dags/example_nested_branch_dag.py took 0.088 seconds
[2025-04-26T22:37:12.368+0000] {processor.py:186} INFO - Started process (PID=969) to work on /home/airflow/.local/lib/python3.12/site-packages/airflow/example_dags/example_nested_branch_dag.py
[2025-04-26T22:37:12.369+0000] {processor.py:914} INFO - Processing file /home/airflow/.local/lib/python3.12/site-packages/airflow/example_dags/example_nested_branch_dag.py for tasks to queue
[2025-04-26T22:37:12.372+0000] {logging_mixin.py:190} INFO - [2025-04-26T22:37:12.371+0000] {dagbag.py:588} INFO - Filling up the DagBag from /home/airflow/.local/lib/python3.12/site-packages/airflow/example_dags/example_nested_branch_dag.py
[2025-04-26T22:37:12.385+0000] {processor.py:925} INFO - DAG(s) 'example_nested_branch_dag' retrieved from /home/airflow/.local/lib/python3.12/site-packages/airflow/example_dags/example_nested_branch_dag.py
[2025-04-26T22:37:12.410+0000] {logging_mixin.py:190} INFO - [2025-04-26T22:37:12.409+0000] {dag.py:3239} INFO - Sync 1 DAGs
[2025-04-26T22:37:12.434+0000] {logging_mixin.py:190} INFO - [2025-04-26T22:37:12.434+0000] {dag.py:4180} INFO - Setting next_dagrun for example_nested_branch_dag to 2025-04-25 00:00:00+00:00, run_after=2025-04-26 00:00:00+00:00
[2025-04-26T22:37:12.451+0000] {processor.py:208} INFO - Processing /home/airflow/.local/lib/python3.12/site-packages/airflow/example_dags/example_nested_branch_dag.py took 0.089 seconds
[2025-04-26T22:37:43.570+0000] {processor.py:186} INFO - Started process (PID=1033) to work on /home/airflow/.local/lib/python3.12/site-packages/airflow/example_dags/example_nested_branch_dag.py
[2025-04-26T22:37:43.572+0000] {processor.py:914} INFO - Processing file /home/airflow/.local/lib/python3.12/site-packages/airflow/example_dags/example_nested_branch_dag.py for tasks to queue
[2025-04-26T22:37:43.574+0000] {logging_mixin.py:190} INFO - [2025-04-26T22:37:43.574+0000] {dagbag.py:588} INFO - Filling up the DagBag from /home/airflow/.local/lib/python3.12/site-packages/airflow/example_dags/example_nested_branch_dag.py
[2025-04-26T22:37:43.587+0000] {processor.py:925} INFO - DAG(s) 'example_nested_branch_dag' retrieved from /home/airflow/.local/lib/python3.12/site-packages/airflow/example_dags/example_nested_branch_dag.py
[2025-04-26T22:37:43.608+0000] {logging_mixin.py:190} INFO - [2025-04-26T22:37:43.607+0000] {dag.py:3239} INFO - Sync 1 DAGs
[2025-04-26T22:37:43.631+0000] {logging_mixin.py:190} INFO - [2025-04-26T22:37:43.631+0000] {dag.py:4180} INFO - Setting next_dagrun for example_nested_branch_dag to 2025-04-25 00:00:00+00:00, run_after=2025-04-26 00:00:00+00:00
[2025-04-26T22:37:43.647+0000] {processor.py:208} INFO - Processing /home/airflow/.local/lib/python3.12/site-packages/airflow/example_dags/example_nested_branch_dag.py took 0.084 seconds
[2025-04-26T22:38:14.962+0000] {processor.py:186} INFO - Started process (PID=1097) to work on /home/airflow/.local/lib/python3.12/site-packages/airflow/example_dags/example_nested_branch_dag.py
[2025-04-26T22:38:14.963+0000] {processor.py:914} INFO - Processing file /home/airflow/.local/lib/python3.12/site-packages/airflow/example_dags/example_nested_branch_dag.py for tasks to queue
[2025-04-26T22:38:14.966+0000] {logging_mixin.py:190} INFO - [2025-04-26T22:38:14.965+0000] {dagbag.py:588} INFO - Filling up the DagBag from /home/airflow/.local/lib/python3.12/site-packages/airflow/example_dags/example_nested_branch_dag.py
[2025-04-26T22:38:14.979+0000] {processor.py:925} INFO - DAG(s) 'example_nested_branch_dag' retrieved from /home/airflow/.local/lib/python3.12/site-packages/airflow/example_dags/example_nested_branch_dag.py
[2025-04-26T22:38:15.002+0000] {logging_mixin.py:190} INFO - [2025-04-26T22:38:15.002+0000] {dag.py:3239} INFO - Sync 1 DAGs
[2025-04-26T22:38:15.028+0000] {logging_mixin.py:190} INFO - [2025-04-26T22:38:15.028+0000] {dag.py:4180} INFO - Setting next_dagrun for example_nested_branch_dag to 2025-04-25 00:00:00+00:00, run_after=2025-04-26 00:00:00+00:00
[2025-04-26T22:38:15.047+0000] {processor.py:208} INFO - Processing /home/airflow/.local/lib/python3.12/site-packages/airflow/example_dags/example_nested_branch_dag.py took 0.092 seconds
[2025-04-26T22:38:46.730+0000] {processor.py:186} INFO - Started process (PID=1161) to work on /home/airflow/.local/lib/python3.12/site-packages/airflow/example_dags/example_nested_branch_dag.py
[2025-04-26T22:38:46.732+0000] {processor.py:914} INFO - Processing file /home/airflow/.local/lib/python3.12/site-packages/airflow/example_dags/example_nested_branch_dag.py for tasks to queue
[2025-04-26T22:38:46.735+0000] {logging_mixin.py:190} INFO - [2025-04-26T22:38:46.734+0000] {dagbag.py:588} INFO - Filling up the DagBag from /home/airflow/.local/lib/python3.12/site-packages/airflow/example_dags/example_nested_branch_dag.py
[2025-04-26T22:38:46.753+0000] {processor.py:925} INFO - DAG(s) 'example_nested_branch_dag' retrieved from /home/airflow/.local/lib/python3.12/site-packages/airflow/example_dags/example_nested_branch_dag.py
[2025-04-26T22:38:46.784+0000] {logging_mixin.py:190} INFO - [2025-04-26T22:38:46.784+0000] {dag.py:3239} INFO - Sync 1 DAGs
[2025-04-26T22:38:46.820+0000] {logging_mixin.py:190} INFO - [2025-04-26T22:38:46.819+0000] {dag.py:4180} INFO - Setting next_dagrun for example_nested_branch_dag to 2025-04-25 00:00:00+00:00, run_after=2025-04-26 00:00:00+00:00
[2025-04-26T22:38:46.842+0000] {processor.py:208} INFO - Processing /home/airflow/.local/lib/python3.12/site-packages/airflow/example_dags/example_nested_branch_dag.py took 0.121 seconds
[2025-04-26T22:39:16.921+0000] {processor.py:186} INFO - Started process (PID=1224) to work on /home/airflow/.local/lib/python3.12/site-packages/airflow/example_dags/example_nested_branch_dag.py
[2025-04-26T22:39:16.922+0000] {processor.py:914} INFO - Processing file /home/airflow/.local/lib/python3.12/site-packages/airflow/example_dags/example_nested_branch_dag.py for tasks to queue
[2025-04-26T22:39:16.924+0000] {logging_mixin.py:190} INFO - [2025-04-26T22:39:16.924+0000] {dagbag.py:588} INFO - Filling up the DagBag from /home/airflow/.local/lib/python3.12/site-packages/airflow/example_dags/example_nested_branch_dag.py
[2025-04-26T22:39:16.937+0000] {processor.py:925} INFO - DAG(s) 'example_nested_branch_dag' retrieved from /home/airflow/.local/lib/python3.12/site-packages/airflow/example_dags/example_nested_branch_dag.py
[2025-04-26T22:39:16.958+0000] {logging_mixin.py:190} INFO - [2025-04-26T22:39:16.958+0000] {dag.py:3239} INFO - Sync 1 DAGs
[2025-04-26T22:39:16.983+0000] {logging_mixin.py:190} INFO - [2025-04-26T22:39:16.982+0000] {dag.py:4180} INFO - Setting next_dagrun for example_nested_branch_dag to 2025-04-25 00:00:00+00:00, run_after=2025-04-26 00:00:00+00:00
[2025-04-26T22:39:16.999+0000] {processor.py:208} INFO - Processing /home/airflow/.local/lib/python3.12/site-packages/airflow/example_dags/example_nested_branch_dag.py took 0.084 seconds
[2025-04-26T22:39:48.477+0000] {processor.py:186} INFO - Started process (PID=1287) to work on /home/airflow/.local/lib/python3.12/site-packages/airflow/example_dags/example_nested_branch_dag.py
[2025-04-26T22:39:48.478+0000] {processor.py:914} INFO - Processing file /home/airflow/.local/lib/python3.12/site-packages/airflow/example_dags/example_nested_branch_dag.py for tasks to queue
[2025-04-26T22:39:48.481+0000] {logging_mixin.py:190} INFO - [2025-04-26T22:39:48.480+0000] {dagbag.py:588} INFO - Filling up the DagBag from /home/airflow/.local/lib/python3.12/site-packages/airflow/example_dags/example_nested_branch_dag.py
[2025-04-26T22:39:48.493+0000] {processor.py:925} INFO - DAG(s) 'example_nested_branch_dag' retrieved from /home/airflow/.local/lib/python3.12/site-packages/airflow/example_dags/example_nested_branch_dag.py
[2025-04-26T22:39:48.514+0000] {logging_mixin.py:190} INFO - [2025-04-26T22:39:48.514+0000] {dag.py:3239} INFO - Sync 1 DAGs
[2025-04-26T22:39:48.537+0000] {logging_mixin.py:190} INFO - [2025-04-26T22:39:48.537+0000] {dag.py:4180} INFO - Setting next_dagrun for example_nested_branch_dag to 2025-04-25 00:00:00+00:00, run_after=2025-04-26 00:00:00+00:00
[2025-04-26T22:39:48.553+0000] {processor.py:208} INFO - Processing /home/airflow/.local/lib/python3.12/site-packages/airflow/example_dags/example_nested_branch_dag.py took 0.083 seconds
