[2025-04-26T22:29:57.653+0000] {processor.py:186} INFO - Started process (PID=85) to work on /home/airflow/.local/lib/python3.12/site-packages/airflow/example_dags/example_trigger_target_dag.py
[2025-04-26T22:29:57.655+0000] {processor.py:914} INFO - Processing file /home/airflow/.local/lib/python3.12/site-packages/airflow/example_dags/example_trigger_target_dag.py for tasks to queue
[2025-04-26T22:29:57.661+0000] {logging_mixin.py:190} INFO - [2025-04-26T22:29:57.661+0000] {dagbag.py:588} INFO - Filling up the DagBag from /home/airflow/.local/lib/python3.12/site-packages/airflow/example_dags/example_trigger_target_dag.py
[2025-04-26T22:29:57.679+0000] {processor.py:925} INFO - DAG(s) 'example_trigger_target_dag' retrieved from /home/airflow/.local/lib/python3.12/site-packages/airflow/example_dags/example_trigger_target_dag.py
[2025-04-26T22:29:57.843+0000] {logging_mixin.py:190} INFO - [2025-04-26T22:29:57.842+0000] {override.py:1912} INFO - Created Permission View: can read on DAG:example_trigger_target_dag
[2025-04-26T22:29:57.871+0000] {logging_mixin.py:190} INFO - [2025-04-26T22:29:57.871+0000] {override.py:1912} INFO - Created Permission View: can delete on DAG:example_trigger_target_dag
[2025-04-26T22:29:57.885+0000] {logging_mixin.py:190} INFO - [2025-04-26T22:29:57.885+0000] {override.py:1912} INFO - Created Permission View: can edit on DAG:example_trigger_target_dag
[2025-04-26T22:29:57.902+0000] {logging_mixin.py:190} INFO - [2025-04-26T22:29:57.902+0000] {override.py:1912} INFO - Created Permission View: can read on DAG Run:example_trigger_target_dag
[2025-04-26T22:29:57.911+0000] {logging_mixin.py:190} INFO - [2025-04-26T22:29:57.911+0000] {override.py:1912} INFO - Created Permission View: can create on DAG Run:example_trigger_target_dag
[2025-04-26T22:29:57.919+0000] {logging_mixin.py:190} INFO - [2025-04-26T22:29:57.919+0000] {override.py:1912} INFO - Created Permission View: can delete on DAG Run:example_trigger_target_dag
[2025-04-26T22:29:57.926+0000] {logging_mixin.py:190} INFO - [2025-04-26T22:29:57.926+0000] {override.py:1912} INFO - Created Permission View: menu access on DAG Run:example_trigger_target_dag
[2025-04-26T22:29:57.927+0000] {logging_mixin.py:190} INFO - [2025-04-26T22:29:57.927+0000] {dag.py:3239} INFO - Sync 1 DAGs
[2025-04-26T22:29:57.943+0000] {logging_mixin.py:190} INFO - [2025-04-26T22:29:57.943+0000] {dag.py:3262} INFO - Creating ORM DAG for example_trigger_target_dag
[2025-04-26T22:29:57.944+0000] {logging_mixin.py:190} INFO - [2025-04-26T22:29:57.944+0000] {dag.py:4180} INFO - Setting next_dagrun for example_trigger_target_dag to None, run_after=None
[2025-04-26T22:29:57.963+0000] {processor.py:208} INFO - Processing /home/airflow/.local/lib/python3.12/site-packages/airflow/example_dags/example_trigger_target_dag.py took 0.327 seconds
[2025-04-26T22:30:28.930+0000] {processor.py:186} INFO - Started process (PID=148) to work on /home/airflow/.local/lib/python3.12/site-packages/airflow/example_dags/example_trigger_target_dag.py
[2025-04-26T22:30:28.931+0000] {processor.py:914} INFO - Processing file /home/airflow/.local/lib/python3.12/site-packages/airflow/example_dags/example_trigger_target_dag.py for tasks to queue
[2025-04-26T22:30:28.934+0000] {logging_mixin.py:190} INFO - [2025-04-26T22:30:28.934+0000] {dagbag.py:588} INFO - Filling up the DagBag from /home/airflow/.local/lib/python3.12/site-packages/airflow/example_dags/example_trigger_target_dag.py
[2025-04-26T22:30:28.942+0000] {processor.py:925} INFO - DAG(s) 'example_trigger_target_dag' retrieved from /home/airflow/.local/lib/python3.12/site-packages/airflow/example_dags/example_trigger_target_dag.py
[2025-04-26T22:30:28.961+0000] {logging_mixin.py:190} INFO - [2025-04-26T22:30:28.961+0000] {dag.py:3239} INFO - Sync 1 DAGs
[2025-04-26T22:30:28.976+0000] {logging_mixin.py:190} INFO - [2025-04-26T22:30:28.975+0000] {dag.py:4180} INFO - Setting next_dagrun for example_trigger_target_dag to None, run_after=None
[2025-04-26T22:30:28.992+0000] {processor.py:208} INFO - Processing /home/airflow/.local/lib/python3.12/site-packages/airflow/example_dags/example_trigger_target_dag.py took 0.068 seconds
[2025-04-26T22:30:59.651+0000] {processor.py:186} INFO - Started process (PID=211) to work on /home/airflow/.local/lib/python3.12/site-packages/airflow/example_dags/example_trigger_target_dag.py
[2025-04-26T22:30:59.652+0000] {processor.py:914} INFO - Processing file /home/airflow/.local/lib/python3.12/site-packages/airflow/example_dags/example_trigger_target_dag.py for tasks to queue
[2025-04-26T22:30:59.655+0000] {logging_mixin.py:190} INFO - [2025-04-26T22:30:59.655+0000] {dagbag.py:588} INFO - Filling up the DagBag from /home/airflow/.local/lib/python3.12/site-packages/airflow/example_dags/example_trigger_target_dag.py
[2025-04-26T22:30:59.663+0000] {processor.py:925} INFO - DAG(s) 'example_trigger_target_dag' retrieved from /home/airflow/.local/lib/python3.12/site-packages/airflow/example_dags/example_trigger_target_dag.py
[2025-04-26T22:30:59.684+0000] {logging_mixin.py:190} INFO - [2025-04-26T22:30:59.684+0000] {dag.py:3239} INFO - Sync 1 DAGs
[2025-04-26T22:30:59.699+0000] {logging_mixin.py:190} INFO - [2025-04-26T22:30:59.699+0000] {dag.py:4180} INFO - Setting next_dagrun for example_trigger_target_dag to None, run_after=None
[2025-04-26T22:30:59.717+0000] {processor.py:208} INFO - Processing /home/airflow/.local/lib/python3.12/site-packages/airflow/example_dags/example_trigger_target_dag.py took 0.072 seconds
[2025-04-26T22:31:29.789+0000] {processor.py:186} INFO - Started process (PID=274) to work on /home/airflow/.local/lib/python3.12/site-packages/airflow/example_dags/example_trigger_target_dag.py
[2025-04-26T22:31:29.790+0000] {processor.py:914} INFO - Processing file /home/airflow/.local/lib/python3.12/site-packages/airflow/example_dags/example_trigger_target_dag.py for tasks to queue
[2025-04-26T22:31:29.793+0000] {logging_mixin.py:190} INFO - [2025-04-26T22:31:29.793+0000] {dagbag.py:588} INFO - Filling up the DagBag from /home/airflow/.local/lib/python3.12/site-packages/airflow/example_dags/example_trigger_target_dag.py
[2025-04-26T22:31:29.802+0000] {processor.py:925} INFO - DAG(s) 'example_trigger_target_dag' retrieved from /home/airflow/.local/lib/python3.12/site-packages/airflow/example_dags/example_trigger_target_dag.py
[2025-04-26T22:31:29.822+0000] {logging_mixin.py:190} INFO - [2025-04-26T22:31:29.822+0000] {dag.py:3239} INFO - Sync 1 DAGs
[2025-04-26T22:31:29.841+0000] {logging_mixin.py:190} INFO - [2025-04-26T22:31:29.841+0000] {dag.py:4180} INFO - Setting next_dagrun for example_trigger_target_dag to None, run_after=None
[2025-04-26T22:31:29.864+0000] {processor.py:208} INFO - Processing /home/airflow/.local/lib/python3.12/site-packages/airflow/example_dags/example_trigger_target_dag.py took 0.083 seconds
[2025-04-26T22:32:01.068+0000] {processor.py:186} INFO - Started process (PID=337) to work on /home/airflow/.local/lib/python3.12/site-packages/airflow/example_dags/example_trigger_target_dag.py
[2025-04-26T22:32:01.069+0000] {processor.py:914} INFO - Processing file /home/airflow/.local/lib/python3.12/site-packages/airflow/example_dags/example_trigger_target_dag.py for tasks to queue
[2025-04-26T22:32:01.072+0000] {logging_mixin.py:190} INFO - [2025-04-26T22:32:01.072+0000] {dagbag.py:588} INFO - Filling up the DagBag from /home/airflow/.local/lib/python3.12/site-packages/airflow/example_dags/example_trigger_target_dag.py
[2025-04-26T22:32:01.081+0000] {processor.py:925} INFO - DAG(s) 'example_trigger_target_dag' retrieved from /home/airflow/.local/lib/python3.12/site-packages/airflow/example_dags/example_trigger_target_dag.py
[2025-04-26T22:32:01.099+0000] {logging_mixin.py:190} INFO - [2025-04-26T22:32:01.099+0000] {dag.py:3239} INFO - Sync 1 DAGs
[2025-04-26T22:32:01.113+0000] {logging_mixin.py:190} INFO - [2025-04-26T22:32:01.113+0000] {dag.py:4180} INFO - Setting next_dagrun for example_trigger_target_dag to None, run_after=None
[2025-04-26T22:32:01.129+0000] {processor.py:208} INFO - Processing /home/airflow/.local/lib/python3.12/site-packages/airflow/example_dags/example_trigger_target_dag.py took 0.068 seconds
[2025-04-26T22:32:32.432+0000] {processor.py:186} INFO - Started process (PID=400) to work on /home/airflow/.local/lib/python3.12/site-packages/airflow/example_dags/example_trigger_target_dag.py
[2025-04-26T22:32:32.433+0000] {processor.py:914} INFO - Processing file /home/airflow/.local/lib/python3.12/site-packages/airflow/example_dags/example_trigger_target_dag.py for tasks to queue
[2025-04-26T22:32:32.436+0000] {logging_mixin.py:190} INFO - [2025-04-26T22:32:32.436+0000] {dagbag.py:588} INFO - Filling up the DagBag from /home/airflow/.local/lib/python3.12/site-packages/airflow/example_dags/example_trigger_target_dag.py
[2025-04-26T22:32:32.447+0000] {processor.py:925} INFO - DAG(s) 'example_trigger_target_dag' retrieved from /home/airflow/.local/lib/python3.12/site-packages/airflow/example_dags/example_trigger_target_dag.py
[2025-04-26T22:32:32.466+0000] {logging_mixin.py:190} INFO - [2025-04-26T22:32:32.465+0000] {dag.py:3239} INFO - Sync 1 DAGs
[2025-04-26T22:32:32.480+0000] {logging_mixin.py:190} INFO - [2025-04-26T22:32:32.480+0000] {dag.py:4180} INFO - Setting next_dagrun for example_trigger_target_dag to None, run_after=None
[2025-04-26T22:32:32.496+0000] {processor.py:208} INFO - Processing /home/airflow/.local/lib/python3.12/site-packages/airflow/example_dags/example_trigger_target_dag.py took 0.072 seconds
[2025-04-26T22:33:03.535+0000] {processor.py:186} INFO - Started process (PID=463) to work on /home/airflow/.local/lib/python3.12/site-packages/airflow/example_dags/example_trigger_target_dag.py
[2025-04-26T22:33:03.537+0000] {processor.py:914} INFO - Processing file /home/airflow/.local/lib/python3.12/site-packages/airflow/example_dags/example_trigger_target_dag.py for tasks to queue
[2025-04-26T22:33:03.540+0000] {logging_mixin.py:190} INFO - [2025-04-26T22:33:03.540+0000] {dagbag.py:588} INFO - Filling up the DagBag from /home/airflow/.local/lib/python3.12/site-packages/airflow/example_dags/example_trigger_target_dag.py
[2025-04-26T22:33:03.549+0000] {processor.py:925} INFO - DAG(s) 'example_trigger_target_dag' retrieved from /home/airflow/.local/lib/python3.12/site-packages/airflow/example_dags/example_trigger_target_dag.py
[2025-04-26T22:33:03.567+0000] {logging_mixin.py:190} INFO - [2025-04-26T22:33:03.567+0000] {dag.py:3239} INFO - Sync 1 DAGs
[2025-04-26T22:33:03.581+0000] {logging_mixin.py:190} INFO - [2025-04-26T22:33:03.581+0000] {dag.py:4180} INFO - Setting next_dagrun for example_trigger_target_dag to None, run_after=None
[2025-04-26T22:33:03.597+0000] {processor.py:208} INFO - Processing /home/airflow/.local/lib/python3.12/site-packages/airflow/example_dags/example_trigger_target_dag.py took 0.070 seconds
[2025-04-26T22:33:34.832+0000] {processor.py:186} INFO - Started process (PID=526) to work on /home/airflow/.local/lib/python3.12/site-packages/airflow/example_dags/example_trigger_target_dag.py
[2025-04-26T22:33:34.834+0000] {processor.py:914} INFO - Processing file /home/airflow/.local/lib/python3.12/site-packages/airflow/example_dags/example_trigger_target_dag.py for tasks to queue
[2025-04-26T22:33:34.836+0000] {logging_mixin.py:190} INFO - [2025-04-26T22:33:34.836+0000] {dagbag.py:588} INFO - Filling up the DagBag from /home/airflow/.local/lib/python3.12/site-packages/airflow/example_dags/example_trigger_target_dag.py
[2025-04-26T22:33:34.845+0000] {processor.py:925} INFO - DAG(s) 'example_trigger_target_dag' retrieved from /home/airflow/.local/lib/python3.12/site-packages/airflow/example_dags/example_trigger_target_dag.py
[2025-04-26T22:33:34.863+0000] {logging_mixin.py:190} INFO - [2025-04-26T22:33:34.863+0000] {dag.py:3239} INFO - Sync 1 DAGs
[2025-04-26T22:33:34.877+0000] {logging_mixin.py:190} INFO - [2025-04-26T22:33:34.876+0000] {dag.py:4180} INFO - Setting next_dagrun for example_trigger_target_dag to None, run_after=None
[2025-04-26T22:33:34.893+0000] {processor.py:208} INFO - Processing /home/airflow/.local/lib/python3.12/site-packages/airflow/example_dags/example_trigger_target_dag.py took 0.067 seconds
[2025-04-26T22:34:06.016+0000] {processor.py:186} INFO - Started process (PID=589) to work on /home/airflow/.local/lib/python3.12/site-packages/airflow/example_dags/example_trigger_target_dag.py
[2025-04-26T22:34:06.017+0000] {processor.py:914} INFO - Processing file /home/airflow/.local/lib/python3.12/site-packages/airflow/example_dags/example_trigger_target_dag.py for tasks to queue
[2025-04-26T22:34:06.020+0000] {logging_mixin.py:190} INFO - [2025-04-26T22:34:06.020+0000] {dagbag.py:588} INFO - Filling up the DagBag from /home/airflow/.local/lib/python3.12/site-packages/airflow/example_dags/example_trigger_target_dag.py
[2025-04-26T22:34:06.028+0000] {processor.py:925} INFO - DAG(s) 'example_trigger_target_dag' retrieved from /home/airflow/.local/lib/python3.12/site-packages/airflow/example_dags/example_trigger_target_dag.py
[2025-04-26T22:34:06.046+0000] {logging_mixin.py:190} INFO - [2025-04-26T22:34:06.046+0000] {dag.py:3239} INFO - Sync 1 DAGs
[2025-04-26T22:34:06.061+0000] {logging_mixin.py:190} INFO - [2025-04-26T22:34:06.061+0000] {dag.py:4180} INFO - Setting next_dagrun for example_trigger_target_dag to None, run_after=None
[2025-04-26T22:34:06.078+0000] {processor.py:208} INFO - Processing /home/airflow/.local/lib/python3.12/site-packages/airflow/example_dags/example_trigger_target_dag.py took 0.068 seconds
[2025-04-26T22:34:37.496+0000] {processor.py:186} INFO - Started process (PID=652) to work on /home/airflow/.local/lib/python3.12/site-packages/airflow/example_dags/example_trigger_target_dag.py
[2025-04-26T22:34:37.498+0000] {processor.py:914} INFO - Processing file /home/airflow/.local/lib/python3.12/site-packages/airflow/example_dags/example_trigger_target_dag.py for tasks to queue
[2025-04-26T22:34:37.500+0000] {logging_mixin.py:190} INFO - [2025-04-26T22:34:37.500+0000] {dagbag.py:588} INFO - Filling up the DagBag from /home/airflow/.local/lib/python3.12/site-packages/airflow/example_dags/example_trigger_target_dag.py
[2025-04-26T22:34:37.508+0000] {processor.py:925} INFO - DAG(s) 'example_trigger_target_dag' retrieved from /home/airflow/.local/lib/python3.12/site-packages/airflow/example_dags/example_trigger_target_dag.py
[2025-04-26T22:34:37.527+0000] {logging_mixin.py:190} INFO - [2025-04-26T22:34:37.527+0000] {dag.py:3239} INFO - Sync 1 DAGs
[2025-04-26T22:34:37.541+0000] {logging_mixin.py:190} INFO - [2025-04-26T22:34:37.541+0000] {dag.py:4180} INFO - Setting next_dagrun for example_trigger_target_dag to None, run_after=None
[2025-04-26T22:34:37.557+0000] {processor.py:208} INFO - Processing /home/airflow/.local/lib/python3.12/site-packages/airflow/example_dags/example_trigger_target_dag.py took 0.067 seconds
[2025-04-26T22:35:08.669+0000] {processor.py:186} INFO - Started process (PID=716) to work on /home/airflow/.local/lib/python3.12/site-packages/airflow/example_dags/example_trigger_target_dag.py
[2025-04-26T22:35:08.670+0000] {processor.py:914} INFO - Processing file /home/airflow/.local/lib/python3.12/site-packages/airflow/example_dags/example_trigger_target_dag.py for tasks to queue
[2025-04-26T22:35:08.672+0000] {logging_mixin.py:190} INFO - [2025-04-26T22:35:08.672+0000] {dagbag.py:588} INFO - Filling up the DagBag from /home/airflow/.local/lib/python3.12/site-packages/airflow/example_dags/example_trigger_target_dag.py
[2025-04-26T22:35:08.681+0000] {processor.py:925} INFO - DAG(s) 'example_trigger_target_dag' retrieved from /home/airflow/.local/lib/python3.12/site-packages/airflow/example_dags/example_trigger_target_dag.py
[2025-04-26T22:35:08.701+0000] {logging_mixin.py:190} INFO - [2025-04-26T22:35:08.701+0000] {dag.py:3239} INFO - Sync 1 DAGs
[2025-04-26T22:35:08.715+0000] {logging_mixin.py:190} INFO - [2025-04-26T22:35:08.714+0000] {dag.py:4180} INFO - Setting next_dagrun for example_trigger_target_dag to None, run_after=None
[2025-04-26T22:35:08.731+0000] {processor.py:208} INFO - Processing /home/airflow/.local/lib/python3.12/site-packages/airflow/example_dags/example_trigger_target_dag.py took 0.069 seconds
[2025-04-26T22:35:39.902+0000] {processor.py:186} INFO - Started process (PID=780) to work on /home/airflow/.local/lib/python3.12/site-packages/airflow/example_dags/example_trigger_target_dag.py
[2025-04-26T22:35:39.904+0000] {processor.py:914} INFO - Processing file /home/airflow/.local/lib/python3.12/site-packages/airflow/example_dags/example_trigger_target_dag.py for tasks to queue
[2025-04-26T22:35:39.906+0000] {logging_mixin.py:190} INFO - [2025-04-26T22:35:39.906+0000] {dagbag.py:588} INFO - Filling up the DagBag from /home/airflow/.local/lib/python3.12/site-packages/airflow/example_dags/example_trigger_target_dag.py
[2025-04-26T22:35:39.915+0000] {processor.py:925} INFO - DAG(s) 'example_trigger_target_dag' retrieved from /home/airflow/.local/lib/python3.12/site-packages/airflow/example_dags/example_trigger_target_dag.py
[2025-04-26T22:35:39.937+0000] {logging_mixin.py:190} INFO - [2025-04-26T22:35:39.937+0000] {dag.py:3239} INFO - Sync 1 DAGs
[2025-04-26T22:35:39.954+0000] {logging_mixin.py:190} INFO - [2025-04-26T22:35:39.953+0000] {dag.py:4180} INFO - Setting next_dagrun for example_trigger_target_dag to None, run_after=None
[2025-04-26T22:35:39.970+0000] {processor.py:208} INFO - Processing /home/airflow/.local/lib/python3.12/site-packages/airflow/example_dags/example_trigger_target_dag.py took 0.075 seconds
[2025-04-26T22:36:10.766+0000] {processor.py:186} INFO - Started process (PID=844) to work on /home/airflow/.local/lib/python3.12/site-packages/airflow/example_dags/example_trigger_target_dag.py
[2025-04-26T22:36:10.768+0000] {processor.py:914} INFO - Processing file /home/airflow/.local/lib/python3.12/site-packages/airflow/example_dags/example_trigger_target_dag.py for tasks to queue
[2025-04-26T22:36:10.770+0000] {logging_mixin.py:190} INFO - [2025-04-26T22:36:10.770+0000] {dagbag.py:588} INFO - Filling up the DagBag from /home/airflow/.local/lib/python3.12/site-packages/airflow/example_dags/example_trigger_target_dag.py
[2025-04-26T22:36:10.780+0000] {processor.py:925} INFO - DAG(s) 'example_trigger_target_dag' retrieved from /home/airflow/.local/lib/python3.12/site-packages/airflow/example_dags/example_trigger_target_dag.py
[2025-04-26T22:36:10.799+0000] {logging_mixin.py:190} INFO - [2025-04-26T22:36:10.799+0000] {dag.py:3239} INFO - Sync 1 DAGs
[2025-04-26T22:36:10.815+0000] {logging_mixin.py:190} INFO - [2025-04-26T22:36:10.815+0000] {dag.py:4180} INFO - Setting next_dagrun for example_trigger_target_dag to None, run_after=None
[2025-04-26T22:36:10.833+0000] {processor.py:208} INFO - Processing /home/airflow/.local/lib/python3.12/site-packages/airflow/example_dags/example_trigger_target_dag.py took 0.073 seconds
[2025-04-26T22:36:41.900+0000] {processor.py:186} INFO - Started process (PID=908) to work on /home/airflow/.local/lib/python3.12/site-packages/airflow/example_dags/example_trigger_target_dag.py
[2025-04-26T22:36:41.902+0000] {processor.py:914} INFO - Processing file /home/airflow/.local/lib/python3.12/site-packages/airflow/example_dags/example_trigger_target_dag.py for tasks to queue
[2025-04-26T22:36:41.904+0000] {logging_mixin.py:190} INFO - [2025-04-26T22:36:41.904+0000] {dagbag.py:588} INFO - Filling up the DagBag from /home/airflow/.local/lib/python3.12/site-packages/airflow/example_dags/example_trigger_target_dag.py
[2025-04-26T22:36:41.913+0000] {processor.py:925} INFO - DAG(s) 'example_trigger_target_dag' retrieved from /home/airflow/.local/lib/python3.12/site-packages/airflow/example_dags/example_trigger_target_dag.py
[2025-04-26T22:36:41.932+0000] {logging_mixin.py:190} INFO - [2025-04-26T22:36:41.931+0000] {dag.py:3239} INFO - Sync 1 DAGs
[2025-04-26T22:36:41.945+0000] {logging_mixin.py:190} INFO - [2025-04-26T22:36:41.945+0000] {dag.py:4180} INFO - Setting next_dagrun for example_trigger_target_dag to None, run_after=None
[2025-04-26T22:36:41.962+0000] {processor.py:208} INFO - Processing /home/airflow/.local/lib/python3.12/site-packages/airflow/example_dags/example_trigger_target_dag.py took 0.068 seconds
[2025-04-26T22:37:12.674+0000] {processor.py:186} INFO - Started process (PID=972) to work on /home/airflow/.local/lib/python3.12/site-packages/airflow/example_dags/example_trigger_target_dag.py
[2025-04-26T22:37:12.675+0000] {processor.py:914} INFO - Processing file /home/airflow/.local/lib/python3.12/site-packages/airflow/example_dags/example_trigger_target_dag.py for tasks to queue
[2025-04-26T22:37:12.677+0000] {logging_mixin.py:190} INFO - [2025-04-26T22:37:12.677+0000] {dagbag.py:588} INFO - Filling up the DagBag from /home/airflow/.local/lib/python3.12/site-packages/airflow/example_dags/example_trigger_target_dag.py
[2025-04-26T22:37:12.686+0000] {processor.py:925} INFO - DAG(s) 'example_trigger_target_dag' retrieved from /home/airflow/.local/lib/python3.12/site-packages/airflow/example_dags/example_trigger_target_dag.py
[2025-04-26T22:37:12.708+0000] {logging_mixin.py:190} INFO - [2025-04-26T22:37:12.708+0000] {dag.py:3239} INFO - Sync 1 DAGs
[2025-04-26T22:37:12.728+0000] {logging_mixin.py:190} INFO - [2025-04-26T22:37:12.728+0000] {dag.py:4180} INFO - Setting next_dagrun for example_trigger_target_dag to None, run_after=None
[2025-04-26T22:37:12.745+0000] {processor.py:208} INFO - Processing /home/airflow/.local/lib/python3.12/site-packages/airflow/example_dags/example_trigger_target_dag.py took 0.078 seconds
[2025-04-26T22:37:43.766+0000] {processor.py:186} INFO - Started process (PID=1036) to work on /home/airflow/.local/lib/python3.12/site-packages/airflow/example_dags/example_trigger_target_dag.py
[2025-04-26T22:37:43.767+0000] {processor.py:914} INFO - Processing file /home/airflow/.local/lib/python3.12/site-packages/airflow/example_dags/example_trigger_target_dag.py for tasks to queue
[2025-04-26T22:37:43.769+0000] {logging_mixin.py:190} INFO - [2025-04-26T22:37:43.769+0000] {dagbag.py:588} INFO - Filling up the DagBag from /home/airflow/.local/lib/python3.12/site-packages/airflow/example_dags/example_trigger_target_dag.py
[2025-04-26T22:37:43.778+0000] {processor.py:925} INFO - DAG(s) 'example_trigger_target_dag' retrieved from /home/airflow/.local/lib/python3.12/site-packages/airflow/example_dags/example_trigger_target_dag.py
[2025-04-26T22:37:43.799+0000] {logging_mixin.py:190} INFO - [2025-04-26T22:37:43.798+0000] {dag.py:3239} INFO - Sync 1 DAGs
[2025-04-26T22:37:43.813+0000] {logging_mixin.py:190} INFO - [2025-04-26T22:37:43.813+0000] {dag.py:4180} INFO - Setting next_dagrun for example_trigger_target_dag to None, run_after=None
[2025-04-26T22:37:43.831+0000] {processor.py:208} INFO - Processing /home/airflow/.local/lib/python3.12/site-packages/airflow/example_dags/example_trigger_target_dag.py took 0.071 seconds
[2025-04-26T22:38:15.213+0000] {processor.py:186} INFO - Started process (PID=1100) to work on /home/airflow/.local/lib/python3.12/site-packages/airflow/example_dags/example_trigger_target_dag.py
[2025-04-26T22:38:15.215+0000] {processor.py:914} INFO - Processing file /home/airflow/.local/lib/python3.12/site-packages/airflow/example_dags/example_trigger_target_dag.py for tasks to queue
[2025-04-26T22:38:15.217+0000] {logging_mixin.py:190} INFO - [2025-04-26T22:38:15.217+0000] {dagbag.py:588} INFO - Filling up the DagBag from /home/airflow/.local/lib/python3.12/site-packages/airflow/example_dags/example_trigger_target_dag.py
[2025-04-26T22:38:15.228+0000] {processor.py:925} INFO - DAG(s) 'example_trigger_target_dag' retrieved from /home/airflow/.local/lib/python3.12/site-packages/airflow/example_dags/example_trigger_target_dag.py
[2025-04-26T22:38:15.248+0000] {logging_mixin.py:190} INFO - [2025-04-26T22:38:15.247+0000] {dag.py:3239} INFO - Sync 1 DAGs
[2025-04-26T22:38:15.262+0000] {logging_mixin.py:190} INFO - [2025-04-26T22:38:15.261+0000] {dag.py:4180} INFO - Setting next_dagrun for example_trigger_target_dag to None, run_after=None
[2025-04-26T22:38:15.280+0000] {processor.py:208} INFO - Processing /home/airflow/.local/lib/python3.12/site-packages/airflow/example_dags/example_trigger_target_dag.py took 0.074 seconds
[2025-04-26T22:38:47.030+0000] {processor.py:186} INFO - Started process (PID=1164) to work on /home/airflow/.local/lib/python3.12/site-packages/airflow/example_dags/example_trigger_target_dag.py
[2025-04-26T22:38:47.031+0000] {processor.py:914} INFO - Processing file /home/airflow/.local/lib/python3.12/site-packages/airflow/example_dags/example_trigger_target_dag.py for tasks to queue
[2025-04-26T22:38:47.035+0000] {logging_mixin.py:190} INFO - [2025-04-26T22:38:47.034+0000] {dagbag.py:588} INFO - Filling up the DagBag from /home/airflow/.local/lib/python3.12/site-packages/airflow/example_dags/example_trigger_target_dag.py
[2025-04-26T22:38:47.047+0000] {processor.py:925} INFO - DAG(s) 'example_trigger_target_dag' retrieved from /home/airflow/.local/lib/python3.12/site-packages/airflow/example_dags/example_trigger_target_dag.py
[2025-04-26T22:38:47.074+0000] {logging_mixin.py:190} INFO - [2025-04-26T22:38:47.074+0000] {dag.py:3239} INFO - Sync 1 DAGs
[2025-04-26T22:38:47.095+0000] {logging_mixin.py:190} INFO - [2025-04-26T22:38:47.095+0000] {dag.py:4180} INFO - Setting next_dagrun for example_trigger_target_dag to None, run_after=None
[2025-04-26T22:38:47.118+0000] {processor.py:208} INFO - Processing /home/airflow/.local/lib/python3.12/site-packages/airflow/example_dags/example_trigger_target_dag.py took 0.097 seconds
[2025-04-26T22:39:17.409+0000] {processor.py:186} INFO - Started process (PID=1228) to work on /home/airflow/.local/lib/python3.12/site-packages/airflow/example_dags/example_trigger_target_dag.py
[2025-04-26T22:39:17.410+0000] {processor.py:914} INFO - Processing file /home/airflow/.local/lib/python3.12/site-packages/airflow/example_dags/example_trigger_target_dag.py for tasks to queue
[2025-04-26T22:39:17.413+0000] {logging_mixin.py:190} INFO - [2025-04-26T22:39:17.413+0000] {dagbag.py:588} INFO - Filling up the DagBag from /home/airflow/.local/lib/python3.12/site-packages/airflow/example_dags/example_trigger_target_dag.py
[2025-04-26T22:39:17.425+0000] {processor.py:925} INFO - DAG(s) 'example_trigger_target_dag' retrieved from /home/airflow/.local/lib/python3.12/site-packages/airflow/example_dags/example_trigger_target_dag.py
[2025-04-26T22:39:17.451+0000] {logging_mixin.py:190} INFO - [2025-04-26T22:39:17.451+0000] {dag.py:3239} INFO - Sync 1 DAGs
[2025-04-26T22:39:17.472+0000] {logging_mixin.py:190} INFO - [2025-04-26T22:39:17.471+0000] {dag.py:4180} INFO - Setting next_dagrun for example_trigger_target_dag to None, run_after=None
[2025-04-26T22:39:17.496+0000] {processor.py:208} INFO - Processing /home/airflow/.local/lib/python3.12/site-packages/airflow/example_dags/example_trigger_target_dag.py took 0.094 seconds
[2025-04-26T22:39:49.046+0000] {processor.py:186} INFO - Started process (PID=1292) to work on /home/airflow/.local/lib/python3.12/site-packages/airflow/example_dags/example_trigger_target_dag.py
[2025-04-26T22:39:49.047+0000] {processor.py:914} INFO - Processing file /home/airflow/.local/lib/python3.12/site-packages/airflow/example_dags/example_trigger_target_dag.py for tasks to queue
[2025-04-26T22:39:49.049+0000] {logging_mixin.py:190} INFO - [2025-04-26T22:39:49.049+0000] {dagbag.py:588} INFO - Filling up the DagBag from /home/airflow/.local/lib/python3.12/site-packages/airflow/example_dags/example_trigger_target_dag.py
[2025-04-26T22:39:49.059+0000] {processor.py:925} INFO - DAG(s) 'example_trigger_target_dag' retrieved from /home/airflow/.local/lib/python3.12/site-packages/airflow/example_dags/example_trigger_target_dag.py
[2025-04-26T22:39:49.079+0000] {logging_mixin.py:190} INFO - [2025-04-26T22:39:49.079+0000] {dag.py:3239} INFO - Sync 1 DAGs
[2025-04-26T22:39:49.093+0000] {logging_mixin.py:190} INFO - [2025-04-26T22:39:49.093+0000] {dag.py:4180} INFO - Setting next_dagrun for example_trigger_target_dag to None, run_after=None
[2025-04-26T22:39:49.109+0000] {processor.py:208} INFO - Processing /home/airflow/.local/lib/python3.12/site-packages/airflow/example_dags/example_trigger_target_dag.py took 0.070 seconds
