[2025-04-26T22:29:59.224+0000] {processor.py:186} INFO - Started process (PID=93) to work on /home/airflow/.local/lib/python3.12/site-packages/airflow/example_dags/example_python_operator.py
[2025-04-26T22:29:59.225+0000] {processor.py:914} INFO - Processing file /home/airflow/.local/lib/python3.12/site-packages/airflow/example_dags/example_python_operator.py for tasks to queue
[2025-04-26T22:29:59.228+0000] {logging_mixin.py:190} INFO - [2025-04-26T22:29:59.227+0000] {dagbag.py:588} INFO - Filling up the DagBag from /home/airflow/.local/lib/python3.12/site-packages/airflow/example_dags/example_python_operator.py
[2025-04-26T22:29:59.245+0000] {processor.py:925} INFO - DAG(s) 'example_python_operator' retrieved from /home/airflow/.local/lib/python3.12/site-packages/airflow/example_dags/example_python_operator.py
[2025-04-26T22:29:59.400+0000] {logging_mixin.py:190} INFO - [2025-04-26T22:29:59.399+0000] {override.py:1912} INFO - Created Permission View: can read on DAG:example_python_operator
[2025-04-26T22:29:59.411+0000] {logging_mixin.py:190} INFO - [2025-04-26T22:29:59.411+0000] {override.py:1912} INFO - Created Permission View: can delete on DAG:example_python_operator
[2025-04-26T22:29:59.418+0000] {logging_mixin.py:190} INFO - [2025-04-26T22:29:59.418+0000] {override.py:1912} INFO - Created Permission View: can edit on DAG:example_python_operator
[2025-04-26T22:29:59.426+0000] {logging_mixin.py:190} INFO - [2025-04-26T22:29:59.425+0000] {override.py:1912} INFO - Created Permission View: can read on DAG Run:example_python_operator
[2025-04-26T22:29:59.432+0000] {logging_mixin.py:190} INFO - [2025-04-26T22:29:59.432+0000] {override.py:1912} INFO - Created Permission View: can create on DAG Run:example_python_operator
[2025-04-26T22:29:59.439+0000] {logging_mixin.py:190} INFO - [2025-04-26T22:29:59.439+0000] {override.py:1912} INFO - Created Permission View: can delete on DAG Run:example_python_operator
[2025-04-26T22:29:59.446+0000] {logging_mixin.py:190} INFO - [2025-04-26T22:29:59.446+0000] {override.py:1912} INFO - Created Permission View: menu access on DAG Run:example_python_operator
[2025-04-26T22:29:59.447+0000] {logging_mixin.py:190} INFO - [2025-04-26T22:29:59.447+0000] {dag.py:3239} INFO - Sync 1 DAGs
[2025-04-26T22:29:59.465+0000] {logging_mixin.py:190} INFO - [2025-04-26T22:29:59.465+0000] {dag.py:3262} INFO - Creating ORM DAG for example_python_operator
[2025-04-26T22:29:59.466+0000] {logging_mixin.py:190} INFO - [2025-04-26T22:29:59.466+0000] {dag.py:4180} INFO - Setting next_dagrun for example_python_operator to None, run_after=None
[2025-04-26T22:29:59.485+0000] {processor.py:208} INFO - Processing /home/airflow/.local/lib/python3.12/site-packages/airflow/example_dags/example_python_operator.py took 0.268 seconds
[2025-04-26T22:30:29.554+0000] {processor.py:186} INFO - Started process (PID=156) to work on /home/airflow/.local/lib/python3.12/site-packages/airflow/example_dags/example_python_operator.py
[2025-04-26T22:30:29.555+0000] {processor.py:914} INFO - Processing file /home/airflow/.local/lib/python3.12/site-packages/airflow/example_dags/example_python_operator.py for tasks to queue
[2025-04-26T22:30:29.558+0000] {logging_mixin.py:190} INFO - [2025-04-26T22:30:29.557+0000] {dagbag.py:588} INFO - Filling up the DagBag from /home/airflow/.local/lib/python3.12/site-packages/airflow/example_dags/example_python_operator.py
[2025-04-26T22:30:29.571+0000] {processor.py:925} INFO - DAG(s) 'example_python_operator' retrieved from /home/airflow/.local/lib/python3.12/site-packages/airflow/example_dags/example_python_operator.py
[2025-04-26T22:30:29.593+0000] {logging_mixin.py:190} INFO - [2025-04-26T22:30:29.593+0000] {dag.py:3239} INFO - Sync 1 DAGs
[2025-04-26T22:30:29.607+0000] {logging_mixin.py:190} INFO - [2025-04-26T22:30:29.607+0000] {dag.py:4180} INFO - Setting next_dagrun for example_python_operator to None, run_after=None
[2025-04-26T22:30:29.624+0000] {processor.py:208} INFO - Processing /home/airflow/.local/lib/python3.12/site-packages/airflow/example_dags/example_python_operator.py took 0.076 seconds
[2025-04-26T22:31:00.068+0000] {processor.py:186} INFO - Started process (PID=219) to work on /home/airflow/.local/lib/python3.12/site-packages/airflow/example_dags/example_python_operator.py
[2025-04-26T22:31:00.070+0000] {processor.py:914} INFO - Processing file /home/airflow/.local/lib/python3.12/site-packages/airflow/example_dags/example_python_operator.py for tasks to queue
[2025-04-26T22:31:00.072+0000] {logging_mixin.py:190} INFO - [2025-04-26T22:31:00.072+0000] {dagbag.py:588} INFO - Filling up the DagBag from /home/airflow/.local/lib/python3.12/site-packages/airflow/example_dags/example_python_operator.py
[2025-04-26T22:31:00.086+0000] {processor.py:925} INFO - DAG(s) 'example_python_operator' retrieved from /home/airflow/.local/lib/python3.12/site-packages/airflow/example_dags/example_python_operator.py
[2025-04-26T22:31:00.112+0000] {logging_mixin.py:190} INFO - [2025-04-26T22:31:00.112+0000] {dag.py:3239} INFO - Sync 1 DAGs
[2025-04-26T22:31:00.128+0000] {logging_mixin.py:190} INFO - [2025-04-26T22:31:00.128+0000] {dag.py:4180} INFO - Setting next_dagrun for example_python_operator to None, run_after=None
[2025-04-26T22:31:00.148+0000] {processor.py:208} INFO - Processing /home/airflow/.local/lib/python3.12/site-packages/airflow/example_dags/example_python_operator.py took 0.086 seconds
[2025-04-26T22:31:30.371+0000] {processor.py:186} INFO - Started process (PID=282) to work on /home/airflow/.local/lib/python3.12/site-packages/airflow/example_dags/example_python_operator.py
[2025-04-26T22:31:30.372+0000] {processor.py:914} INFO - Processing file /home/airflow/.local/lib/python3.12/site-packages/airflow/example_dags/example_python_operator.py for tasks to queue
[2025-04-26T22:31:30.374+0000] {logging_mixin.py:190} INFO - [2025-04-26T22:31:30.374+0000] {dagbag.py:588} INFO - Filling up the DagBag from /home/airflow/.local/lib/python3.12/site-packages/airflow/example_dags/example_python_operator.py
[2025-04-26T22:31:30.387+0000] {processor.py:925} INFO - DAG(s) 'example_python_operator' retrieved from /home/airflow/.local/lib/python3.12/site-packages/airflow/example_dags/example_python_operator.py
[2025-04-26T22:31:30.410+0000] {logging_mixin.py:190} INFO - [2025-04-26T22:31:30.410+0000] {dag.py:3239} INFO - Sync 1 DAGs
[2025-04-26T22:31:30.426+0000] {logging_mixin.py:190} INFO - [2025-04-26T22:31:30.426+0000] {dag.py:4180} INFO - Setting next_dagrun for example_python_operator to None, run_after=None
[2025-04-26T22:31:30.444+0000] {processor.py:208} INFO - Processing /home/airflow/.local/lib/python3.12/site-packages/airflow/example_dags/example_python_operator.py took 0.079 seconds
[2025-04-26T22:32:01.562+0000] {processor.py:186} INFO - Started process (PID=345) to work on /home/airflow/.local/lib/python3.12/site-packages/airflow/example_dags/example_python_operator.py
[2025-04-26T22:32:01.563+0000] {processor.py:914} INFO - Processing file /home/airflow/.local/lib/python3.12/site-packages/airflow/example_dags/example_python_operator.py for tasks to queue
[2025-04-26T22:32:01.566+0000] {logging_mixin.py:190} INFO - [2025-04-26T22:32:01.565+0000] {dagbag.py:588} INFO - Filling up the DagBag from /home/airflow/.local/lib/python3.12/site-packages/airflow/example_dags/example_python_operator.py
[2025-04-26T22:32:01.578+0000] {processor.py:925} INFO - DAG(s) 'example_python_operator' retrieved from /home/airflow/.local/lib/python3.12/site-packages/airflow/example_dags/example_python_operator.py
[2025-04-26T22:32:01.599+0000] {logging_mixin.py:190} INFO - [2025-04-26T22:32:01.598+0000] {dag.py:3239} INFO - Sync 1 DAGs
[2025-04-26T22:32:01.612+0000] {logging_mixin.py:190} INFO - [2025-04-26T22:32:01.612+0000] {dag.py:4180} INFO - Setting next_dagrun for example_python_operator to None, run_after=None
[2025-04-26T22:32:01.628+0000] {processor.py:208} INFO - Processing /home/airflow/.local/lib/python3.12/site-packages/airflow/example_dags/example_python_operator.py took 0.073 seconds
[2025-04-26T22:32:32.836+0000] {processor.py:186} INFO - Started process (PID=408) to work on /home/airflow/.local/lib/python3.12/site-packages/airflow/example_dags/example_python_operator.py
[2025-04-26T22:32:32.837+0000] {processor.py:914} INFO - Processing file /home/airflow/.local/lib/python3.12/site-packages/airflow/example_dags/example_python_operator.py for tasks to queue
[2025-04-26T22:32:32.840+0000] {logging_mixin.py:190} INFO - [2025-04-26T22:32:32.839+0000] {dagbag.py:588} INFO - Filling up the DagBag from /home/airflow/.local/lib/python3.12/site-packages/airflow/example_dags/example_python_operator.py
[2025-04-26T22:32:32.853+0000] {processor.py:925} INFO - DAG(s) 'example_python_operator' retrieved from /home/airflow/.local/lib/python3.12/site-packages/airflow/example_dags/example_python_operator.py
[2025-04-26T22:32:32.873+0000] {logging_mixin.py:190} INFO - [2025-04-26T22:32:32.873+0000] {dag.py:3239} INFO - Sync 1 DAGs
[2025-04-26T22:32:32.888+0000] {logging_mixin.py:190} INFO - [2025-04-26T22:32:32.887+0000] {dag.py:4180} INFO - Setting next_dagrun for example_python_operator to None, run_after=None
[2025-04-26T22:32:32.904+0000] {processor.py:208} INFO - Processing /home/airflow/.local/lib/python3.12/site-packages/airflow/example_dags/example_python_operator.py took 0.075 seconds
[2025-04-26T22:33:03.943+0000] {processor.py:186} INFO - Started process (PID=471) to work on /home/airflow/.local/lib/python3.12/site-packages/airflow/example_dags/example_python_operator.py
[2025-04-26T22:33:03.944+0000] {processor.py:914} INFO - Processing file /home/airflow/.local/lib/python3.12/site-packages/airflow/example_dags/example_python_operator.py for tasks to queue
[2025-04-26T22:33:03.947+0000] {logging_mixin.py:190} INFO - [2025-04-26T22:33:03.946+0000] {dagbag.py:588} INFO - Filling up the DagBag from /home/airflow/.local/lib/python3.12/site-packages/airflow/example_dags/example_python_operator.py
[2025-04-26T22:33:03.960+0000] {processor.py:925} INFO - DAG(s) 'example_python_operator' retrieved from /home/airflow/.local/lib/python3.12/site-packages/airflow/example_dags/example_python_operator.py
[2025-04-26T22:33:03.982+0000] {logging_mixin.py:190} INFO - [2025-04-26T22:33:03.982+0000] {dag.py:3239} INFO - Sync 1 DAGs
[2025-04-26T22:33:03.997+0000] {logging_mixin.py:190} INFO - [2025-04-26T22:33:03.997+0000] {dag.py:4180} INFO - Setting next_dagrun for example_python_operator to None, run_after=None
[2025-04-26T22:33:04.013+0000] {processor.py:208} INFO - Processing /home/airflow/.local/lib/python3.12/site-packages/airflow/example_dags/example_python_operator.py took 0.077 seconds
[2025-04-26T22:33:35.453+0000] {processor.py:186} INFO - Started process (PID=534) to work on /home/airflow/.local/lib/python3.12/site-packages/airflow/example_dags/example_python_operator.py
[2025-04-26T22:33:35.454+0000] {processor.py:914} INFO - Processing file /home/airflow/.local/lib/python3.12/site-packages/airflow/example_dags/example_python_operator.py for tasks to queue
[2025-04-26T22:33:35.457+0000] {logging_mixin.py:190} INFO - [2025-04-26T22:33:35.456+0000] {dagbag.py:588} INFO - Filling up the DagBag from /home/airflow/.local/lib/python3.12/site-packages/airflow/example_dags/example_python_operator.py
[2025-04-26T22:33:35.474+0000] {processor.py:925} INFO - DAG(s) 'example_python_operator' retrieved from /home/airflow/.local/lib/python3.12/site-packages/airflow/example_dags/example_python_operator.py
[2025-04-26T22:33:35.496+0000] {logging_mixin.py:190} INFO - [2025-04-26T22:33:35.496+0000] {dag.py:3239} INFO - Sync 1 DAGs
[2025-04-26T22:33:35.511+0000] {logging_mixin.py:190} INFO - [2025-04-26T22:33:35.511+0000] {dag.py:4180} INFO - Setting next_dagrun for example_python_operator to None, run_after=None
[2025-04-26T22:33:35.528+0000] {processor.py:208} INFO - Processing /home/airflow/.local/lib/python3.12/site-packages/airflow/example_dags/example_python_operator.py took 0.082 seconds
[2025-04-26T22:34:06.405+0000] {processor.py:186} INFO - Started process (PID=597) to work on /home/airflow/.local/lib/python3.12/site-packages/airflow/example_dags/example_python_operator.py
[2025-04-26T22:34:06.406+0000] {processor.py:914} INFO - Processing file /home/airflow/.local/lib/python3.12/site-packages/airflow/example_dags/example_python_operator.py for tasks to queue
[2025-04-26T22:34:06.408+0000] {logging_mixin.py:190} INFO - [2025-04-26T22:34:06.408+0000] {dagbag.py:588} INFO - Filling up the DagBag from /home/airflow/.local/lib/python3.12/site-packages/airflow/example_dags/example_python_operator.py
[2025-04-26T22:34:06.421+0000] {processor.py:925} INFO - DAG(s) 'example_python_operator' retrieved from /home/airflow/.local/lib/python3.12/site-packages/airflow/example_dags/example_python_operator.py
[2025-04-26T22:34:06.443+0000] {logging_mixin.py:190} INFO - [2025-04-26T22:34:06.442+0000] {dag.py:3239} INFO - Sync 1 DAGs
[2025-04-26T22:34:06.457+0000] {logging_mixin.py:190} INFO - [2025-04-26T22:34:06.456+0000] {dag.py:4180} INFO - Setting next_dagrun for example_python_operator to None, run_after=None
[2025-04-26T22:34:06.473+0000] {processor.py:208} INFO - Processing /home/airflow/.local/lib/python3.12/site-packages/airflow/example_dags/example_python_operator.py took 0.074 seconds
[2025-04-26T22:34:37.935+0000] {processor.py:186} INFO - Started process (PID=660) to work on /home/airflow/.local/lib/python3.12/site-packages/airflow/example_dags/example_python_operator.py
[2025-04-26T22:34:37.936+0000] {processor.py:914} INFO - Processing file /home/airflow/.local/lib/python3.12/site-packages/airflow/example_dags/example_python_operator.py for tasks to queue
[2025-04-26T22:34:37.938+0000] {logging_mixin.py:190} INFO - [2025-04-26T22:34:37.938+0000] {dagbag.py:588} INFO - Filling up the DagBag from /home/airflow/.local/lib/python3.12/site-packages/airflow/example_dags/example_python_operator.py
[2025-04-26T22:34:37.952+0000] {processor.py:925} INFO - DAG(s) 'example_python_operator' retrieved from /home/airflow/.local/lib/python3.12/site-packages/airflow/example_dags/example_python_operator.py
[2025-04-26T22:34:37.974+0000] {logging_mixin.py:190} INFO - [2025-04-26T22:34:37.974+0000] {dag.py:3239} INFO - Sync 1 DAGs
[2025-04-26T22:34:37.988+0000] {logging_mixin.py:190} INFO - [2025-04-26T22:34:37.988+0000] {dag.py:4180} INFO - Setting next_dagrun for example_python_operator to None, run_after=None
[2025-04-26T22:34:38.004+0000] {processor.py:208} INFO - Processing /home/airflow/.local/lib/python3.12/site-packages/airflow/example_dags/example_python_operator.py took 0.076 seconds
[2025-04-26T22:35:09.172+0000] {processor.py:186} INFO - Started process (PID=724) to work on /home/airflow/.local/lib/python3.12/site-packages/airflow/example_dags/example_python_operator.py
[2025-04-26T22:35:09.173+0000] {processor.py:914} INFO - Processing file /home/airflow/.local/lib/python3.12/site-packages/airflow/example_dags/example_python_operator.py for tasks to queue
[2025-04-26T22:35:09.175+0000] {logging_mixin.py:190} INFO - [2025-04-26T22:35:09.175+0000] {dagbag.py:588} INFO - Filling up the DagBag from /home/airflow/.local/lib/python3.12/site-packages/airflow/example_dags/example_python_operator.py
[2025-04-26T22:35:09.188+0000] {processor.py:925} INFO - DAG(s) 'example_python_operator' retrieved from /home/airflow/.local/lib/python3.12/site-packages/airflow/example_dags/example_python_operator.py
[2025-04-26T22:35:09.209+0000] {logging_mixin.py:190} INFO - [2025-04-26T22:35:09.209+0000] {dag.py:3239} INFO - Sync 1 DAGs
[2025-04-26T22:35:09.224+0000] {logging_mixin.py:190} INFO - [2025-04-26T22:35:09.224+0000] {dag.py:4180} INFO - Setting next_dagrun for example_python_operator to None, run_after=None
[2025-04-26T22:35:09.240+0000] {processor.py:208} INFO - Processing /home/airflow/.local/lib/python3.12/site-packages/airflow/example_dags/example_python_operator.py took 0.075 seconds
[2025-04-26T22:35:40.424+0000] {processor.py:186} INFO - Started process (PID=788) to work on /home/airflow/.local/lib/python3.12/site-packages/airflow/example_dags/example_python_operator.py
[2025-04-26T22:35:40.426+0000] {processor.py:914} INFO - Processing file /home/airflow/.local/lib/python3.12/site-packages/airflow/example_dags/example_python_operator.py for tasks to queue
[2025-04-26T22:35:40.428+0000] {logging_mixin.py:190} INFO - [2025-04-26T22:35:40.428+0000] {dagbag.py:588} INFO - Filling up the DagBag from /home/airflow/.local/lib/python3.12/site-packages/airflow/example_dags/example_python_operator.py
[2025-04-26T22:35:40.441+0000] {processor.py:925} INFO - DAG(s) 'example_python_operator' retrieved from /home/airflow/.local/lib/python3.12/site-packages/airflow/example_dags/example_python_operator.py
[2025-04-26T22:35:40.463+0000] {logging_mixin.py:190} INFO - [2025-04-26T22:35:40.462+0000] {dag.py:3239} INFO - Sync 1 DAGs
[2025-04-26T22:35:40.477+0000] {logging_mixin.py:190} INFO - [2025-04-26T22:35:40.477+0000] {dag.py:4180} INFO - Setting next_dagrun for example_python_operator to None, run_after=None
[2025-04-26T22:35:40.494+0000] {processor.py:208} INFO - Processing /home/airflow/.local/lib/python3.12/site-packages/airflow/example_dags/example_python_operator.py took 0.076 seconds
[2025-04-26T22:36:11.292+0000] {processor.py:186} INFO - Started process (PID=852) to work on /home/airflow/.local/lib/python3.12/site-packages/airflow/example_dags/example_python_operator.py
[2025-04-26T22:36:11.293+0000] {processor.py:914} INFO - Processing file /home/airflow/.local/lib/python3.12/site-packages/airflow/example_dags/example_python_operator.py for tasks to queue
[2025-04-26T22:36:11.296+0000] {logging_mixin.py:190} INFO - [2025-04-26T22:36:11.295+0000] {dagbag.py:588} INFO - Filling up the DagBag from /home/airflow/.local/lib/python3.12/site-packages/airflow/example_dags/example_python_operator.py
[2025-04-26T22:36:11.309+0000] {processor.py:925} INFO - DAG(s) 'example_python_operator' retrieved from /home/airflow/.local/lib/python3.12/site-packages/airflow/example_dags/example_python_operator.py
[2025-04-26T22:36:11.331+0000] {logging_mixin.py:190} INFO - [2025-04-26T22:36:11.331+0000] {dag.py:3239} INFO - Sync 1 DAGs
[2025-04-26T22:36:11.345+0000] {logging_mixin.py:190} INFO - [2025-04-26T22:36:11.345+0000] {dag.py:4180} INFO - Setting next_dagrun for example_python_operator to None, run_after=None
[2025-04-26T22:36:11.361+0000] {processor.py:208} INFO - Processing /home/airflow/.local/lib/python3.12/site-packages/airflow/example_dags/example_python_operator.py took 0.075 seconds
[2025-04-26T22:36:42.401+0000] {processor.py:186} INFO - Started process (PID=916) to work on /home/airflow/.local/lib/python3.12/site-packages/airflow/example_dags/example_python_operator.py
[2025-04-26T22:36:42.402+0000] {processor.py:914} INFO - Processing file /home/airflow/.local/lib/python3.12/site-packages/airflow/example_dags/example_python_operator.py for tasks to queue
[2025-04-26T22:36:42.405+0000] {logging_mixin.py:190} INFO - [2025-04-26T22:36:42.405+0000] {dagbag.py:588} INFO - Filling up the DagBag from /home/airflow/.local/lib/python3.12/site-packages/airflow/example_dags/example_python_operator.py
[2025-04-26T22:36:42.419+0000] {processor.py:925} INFO - DAG(s) 'example_python_operator' retrieved from /home/airflow/.local/lib/python3.12/site-packages/airflow/example_dags/example_python_operator.py
[2025-04-26T22:36:42.445+0000] {logging_mixin.py:190} INFO - [2025-04-26T22:36:42.444+0000] {dag.py:3239} INFO - Sync 1 DAGs
[2025-04-26T22:36:42.459+0000] {logging_mixin.py:190} INFO - [2025-04-26T22:36:42.458+0000] {dag.py:4180} INFO - Setting next_dagrun for example_python_operator to None, run_after=None
[2025-04-26T22:36:42.474+0000] {processor.py:208} INFO - Processing /home/airflow/.local/lib/python3.12/site-packages/airflow/example_dags/example_python_operator.py took 0.080 seconds
[2025-04-26T22:37:13.116+0000] {processor.py:186} INFO - Started process (PID=980) to work on /home/airflow/.local/lib/python3.12/site-packages/airflow/example_dags/example_python_operator.py
[2025-04-26T22:37:13.117+0000] {processor.py:914} INFO - Processing file /home/airflow/.local/lib/python3.12/site-packages/airflow/example_dags/example_python_operator.py for tasks to queue
[2025-04-26T22:37:13.120+0000] {logging_mixin.py:190} INFO - [2025-04-26T22:37:13.119+0000] {dagbag.py:588} INFO - Filling up the DagBag from /home/airflow/.local/lib/python3.12/site-packages/airflow/example_dags/example_python_operator.py
[2025-04-26T22:37:13.137+0000] {processor.py:925} INFO - DAG(s) 'example_python_operator' retrieved from /home/airflow/.local/lib/python3.12/site-packages/airflow/example_dags/example_python_operator.py
[2025-04-26T22:37:13.158+0000] {logging_mixin.py:190} INFO - [2025-04-26T22:37:13.157+0000] {dag.py:3239} INFO - Sync 1 DAGs
[2025-04-26T22:37:13.172+0000] {logging_mixin.py:190} INFO - [2025-04-26T22:37:13.171+0000] {dag.py:4180} INFO - Setting next_dagrun for example_python_operator to None, run_after=None
[2025-04-26T22:37:13.188+0000] {processor.py:208} INFO - Processing /home/airflow/.local/lib/python3.12/site-packages/airflow/example_dags/example_python_operator.py took 0.079 seconds
[2025-04-26T22:37:44.265+0000] {processor.py:186} INFO - Started process (PID=1044) to work on /home/airflow/.local/lib/python3.12/site-packages/airflow/example_dags/example_python_operator.py
[2025-04-26T22:37:44.266+0000] {processor.py:914} INFO - Processing file /home/airflow/.local/lib/python3.12/site-packages/airflow/example_dags/example_python_operator.py for tasks to queue
[2025-04-26T22:37:44.268+0000] {logging_mixin.py:190} INFO - [2025-04-26T22:37:44.268+0000] {dagbag.py:588} INFO - Filling up the DagBag from /home/airflow/.local/lib/python3.12/site-packages/airflow/example_dags/example_python_operator.py
[2025-04-26T22:37:44.282+0000] {processor.py:925} INFO - DAG(s) 'example_python_operator' retrieved from /home/airflow/.local/lib/python3.12/site-packages/airflow/example_dags/example_python_operator.py
[2025-04-26T22:37:44.302+0000] {logging_mixin.py:190} INFO - [2025-04-26T22:37:44.302+0000] {dag.py:3239} INFO - Sync 1 DAGs
[2025-04-26T22:37:44.317+0000] {logging_mixin.py:190} INFO - [2025-04-26T22:37:44.317+0000] {dag.py:4180} INFO - Setting next_dagrun for example_python_operator to None, run_after=None
[2025-04-26T22:37:44.334+0000] {processor.py:208} INFO - Processing /home/airflow/.local/lib/python3.12/site-packages/airflow/example_dags/example_python_operator.py took 0.075 seconds
[2025-04-26T22:38:15.715+0000] {processor.py:186} INFO - Started process (PID=1108) to work on /home/airflow/.local/lib/python3.12/site-packages/airflow/example_dags/example_python_operator.py
[2025-04-26T22:38:15.717+0000] {processor.py:914} INFO - Processing file /home/airflow/.local/lib/python3.12/site-packages/airflow/example_dags/example_python_operator.py for tasks to queue
[2025-04-26T22:38:15.719+0000] {logging_mixin.py:190} INFO - [2025-04-26T22:38:15.719+0000] {dagbag.py:588} INFO - Filling up the DagBag from /home/airflow/.local/lib/python3.12/site-packages/airflow/example_dags/example_python_operator.py
[2025-04-26T22:38:15.733+0000] {processor.py:925} INFO - DAG(s) 'example_python_operator' retrieved from /home/airflow/.local/lib/python3.12/site-packages/airflow/example_dags/example_python_operator.py
[2025-04-26T22:38:15.753+0000] {logging_mixin.py:190} INFO - [2025-04-26T22:38:15.753+0000] {dag.py:3239} INFO - Sync 1 DAGs
[2025-04-26T22:38:15.768+0000] {logging_mixin.py:190} INFO - [2025-04-26T22:38:15.768+0000] {dag.py:4180} INFO - Setting next_dagrun for example_python_operator to None, run_after=None
[2025-04-26T22:38:15.784+0000] {processor.py:208} INFO - Processing /home/airflow/.local/lib/python3.12/site-packages/airflow/example_dags/example_python_operator.py took 0.076 seconds
[2025-04-26T22:38:47.621+0000] {processor.py:186} INFO - Started process (PID=1172) to work on /home/airflow/.local/lib/python3.12/site-packages/airflow/example_dags/example_python_operator.py
[2025-04-26T22:38:47.623+0000] {processor.py:914} INFO - Processing file /home/airflow/.local/lib/python3.12/site-packages/airflow/example_dags/example_python_operator.py for tasks to queue
[2025-04-26T22:38:47.626+0000] {logging_mixin.py:190} INFO - [2025-04-26T22:38:47.626+0000] {dagbag.py:588} INFO - Filling up the DagBag from /home/airflow/.local/lib/python3.12/site-packages/airflow/example_dags/example_python_operator.py
[2025-04-26T22:38:47.645+0000] {processor.py:925} INFO - DAG(s) 'example_python_operator' retrieved from /home/airflow/.local/lib/python3.12/site-packages/airflow/example_dags/example_python_operator.py
[2025-04-26T22:38:47.673+0000] {logging_mixin.py:190} INFO - [2025-04-26T22:38:47.673+0000] {dag.py:3239} INFO - Sync 1 DAGs
[2025-04-26T22:38:47.689+0000] {logging_mixin.py:190} INFO - [2025-04-26T22:38:47.689+0000] {dag.py:4180} INFO - Setting next_dagrun for example_python_operator to None, run_after=None
[2025-04-26T22:38:47.711+0000] {processor.py:208} INFO - Processing /home/airflow/.local/lib/python3.12/site-packages/airflow/example_dags/example_python_operator.py took 0.099 seconds
[2025-04-26T22:39:18.107+0000] {processor.py:186} INFO - Started process (PID=1236) to work on /home/airflow/.local/lib/python3.12/site-packages/airflow/example_dags/example_python_operator.py
[2025-04-26T22:39:18.108+0000] {processor.py:914} INFO - Processing file /home/airflow/.local/lib/python3.12/site-packages/airflow/example_dags/example_python_operator.py for tasks to queue
[2025-04-26T22:39:18.111+0000] {logging_mixin.py:190} INFO - [2025-04-26T22:39:18.110+0000] {dagbag.py:588} INFO - Filling up the DagBag from /home/airflow/.local/lib/python3.12/site-packages/airflow/example_dags/example_python_operator.py
[2025-04-26T22:39:18.125+0000] {processor.py:925} INFO - DAG(s) 'example_python_operator' retrieved from /home/airflow/.local/lib/python3.12/site-packages/airflow/example_dags/example_python_operator.py
[2025-04-26T22:39:18.150+0000] {logging_mixin.py:190} INFO - [2025-04-26T22:39:18.150+0000] {dag.py:3239} INFO - Sync 1 DAGs
[2025-04-26T22:39:18.172+0000] {logging_mixin.py:190} INFO - [2025-04-26T22:39:18.172+0000] {dag.py:4180} INFO - Setting next_dagrun for example_python_operator to None, run_after=None
[2025-04-26T22:39:18.195+0000] {processor.py:208} INFO - Processing /home/airflow/.local/lib/python3.12/site-packages/airflow/example_dags/example_python_operator.py took 0.095 seconds
[2025-04-26T22:39:49.461+0000] {processor.py:186} INFO - Started process (PID=1300) to work on /home/airflow/.local/lib/python3.12/site-packages/airflow/example_dags/example_python_operator.py
[2025-04-26T22:39:49.462+0000] {processor.py:914} INFO - Processing file /home/airflow/.local/lib/python3.12/site-packages/airflow/example_dags/example_python_operator.py for tasks to queue
[2025-04-26T22:39:49.465+0000] {logging_mixin.py:190} INFO - [2025-04-26T22:39:49.464+0000] {dagbag.py:588} INFO - Filling up the DagBag from /home/airflow/.local/lib/python3.12/site-packages/airflow/example_dags/example_python_operator.py
[2025-04-26T22:39:49.478+0000] {processor.py:925} INFO - DAG(s) 'example_python_operator' retrieved from /home/airflow/.local/lib/python3.12/site-packages/airflow/example_dags/example_python_operator.py
[2025-04-26T22:39:49.499+0000] {logging_mixin.py:190} INFO - [2025-04-26T22:39:49.499+0000] {dag.py:3239} INFO - Sync 1 DAGs
[2025-04-26T22:39:49.512+0000] {logging_mixin.py:190} INFO - [2025-04-26T22:39:49.512+0000] {dag.py:4180} INFO - Setting next_dagrun for example_python_operator to None, run_after=None
[2025-04-26T22:39:49.528+0000] {processor.py:208} INFO - Processing /home/airflow/.local/lib/python3.12/site-packages/airflow/example_dags/example_python_operator.py took 0.074 seconds
