[2025-04-26T22:29:50.065+0000] {processor.py:186} INFO - Started process (PID=59) to work on /home/airflow/.local/lib/python3.12/site-packages/airflow/example_dags/example_xcom.py
[2025-04-26T22:29:50.072+0000] {processor.py:914} INFO - Processing file /home/airflow/.local/lib/python3.12/site-packages/airflow/example_dags/example_xcom.py for tasks to queue
[2025-04-26T22:29:50.077+0000] {logging_mixin.py:190} INFO - [2025-04-26T22:29:50.077+0000] {dagbag.py:588} INFO - Filling up the DagBag from /home/airflow/.local/lib/python3.12/site-packages/airflow/example_dags/example_xcom.py
[2025-04-26T22:29:50.107+0000] {processor.py:925} INFO - DAG(s) 'example_xcom' retrieved from /home/airflow/.local/lib/python3.12/site-packages/airflow/example_dags/example_xcom.py
[2025-04-26T22:29:50.415+0000] {logging_mixin.py:190} INFO - [2025-04-26T22:29:50.414+0000] {override.py:1912} INFO - Created Permission View: can read on DAG:example_xcom
[2025-04-26T22:29:50.442+0000] {logging_mixin.py:190} INFO - [2025-04-26T22:29:50.441+0000] {override.py:1912} INFO - Created Permission View: can delete on DAG:example_xcom
[2025-04-26T22:29:50.453+0000] {logging_mixin.py:190} INFO - [2025-04-26T22:29:50.453+0000] {override.py:1912} INFO - Created Permission View: can edit on DAG:example_xcom
[2025-04-26T22:29:50.469+0000] {logging_mixin.py:190} INFO - [2025-04-26T22:29:50.469+0000] {override.py:1912} INFO - Created Permission View: can read on DAG Run:example_xcom
[2025-04-26T22:29:50.484+0000] {logging_mixin.py:190} INFO - [2025-04-26T22:29:50.483+0000] {override.py:1912} INFO - Created Permission View: can create on DAG Run:example_xcom
[2025-04-26T22:29:50.495+0000] {logging_mixin.py:190} INFO - [2025-04-26T22:29:50.495+0000] {override.py:1912} INFO - Created Permission View: can delete on DAG Run:example_xcom
[2025-04-26T22:29:50.509+0000] {logging_mixin.py:190} INFO - [2025-04-26T22:29:50.508+0000] {override.py:1912} INFO - Created Permission View: menu access on DAG Run:example_xcom
[2025-04-26T22:29:50.509+0000] {logging_mixin.py:190} INFO - [2025-04-26T22:29:50.509+0000] {dag.py:3239} INFO - Sync 1 DAGs
[2025-04-26T22:29:50.547+0000] {logging_mixin.py:190} INFO - [2025-04-26T22:29:50.547+0000] {dag.py:3262} INFO - Creating ORM DAG for example_xcom
[2025-04-26T22:29:50.567+0000] {logging_mixin.py:190} INFO - [2025-04-26T22:29:50.567+0000] {dag.py:4180} INFO - Setting next_dagrun for example_xcom to 2021-01-01 00:00:00+00:00, run_after=2021-01-01 00:00:00+00:00
[2025-04-26T22:29:50.593+0000] {processor.py:208} INFO - Processing /home/airflow/.local/lib/python3.12/site-packages/airflow/example_dags/example_xcom.py took 0.548 seconds
[2025-04-26T22:30:21.356+0000] {processor.py:186} INFO - Started process (PID=121) to work on /home/airflow/.local/lib/python3.12/site-packages/airflow/example_dags/example_xcom.py
[2025-04-26T22:30:21.357+0000] {processor.py:914} INFO - Processing file /home/airflow/.local/lib/python3.12/site-packages/airflow/example_dags/example_xcom.py for tasks to queue
[2025-04-26T22:30:21.359+0000] {logging_mixin.py:190} INFO - [2025-04-26T22:30:21.359+0000] {dagbag.py:588} INFO - Filling up the DagBag from /home/airflow/.local/lib/python3.12/site-packages/airflow/example_dags/example_xcom.py
[2025-04-26T22:30:21.369+0000] {processor.py:925} INFO - DAG(s) 'example_xcom' retrieved from /home/airflow/.local/lib/python3.12/site-packages/airflow/example_dags/example_xcom.py
[2025-04-26T22:30:21.390+0000] {logging_mixin.py:190} INFO - [2025-04-26T22:30:21.390+0000] {dag.py:3239} INFO - Sync 1 DAGs
[2025-04-26T22:30:21.411+0000] {logging_mixin.py:190} INFO - [2025-04-26T22:30:21.411+0000] {dag.py:4180} INFO - Setting next_dagrun for example_xcom to 2021-01-01 00:00:00+00:00, run_after=2021-01-01 00:00:00+00:00
[2025-04-26T22:30:21.428+0000] {processor.py:208} INFO - Processing /home/airflow/.local/lib/python3.12/site-packages/airflow/example_dags/example_xcom.py took 0.078 seconds
[2025-04-26T22:30:51.919+0000] {processor.py:186} INFO - Started process (PID=184) to work on /home/airflow/.local/lib/python3.12/site-packages/airflow/example_dags/example_xcom.py
[2025-04-26T22:30:51.921+0000] {processor.py:914} INFO - Processing file /home/airflow/.local/lib/python3.12/site-packages/airflow/example_dags/example_xcom.py for tasks to queue
[2025-04-26T22:30:51.924+0000] {logging_mixin.py:190} INFO - [2025-04-26T22:30:51.923+0000] {dagbag.py:588} INFO - Filling up the DagBag from /home/airflow/.local/lib/python3.12/site-packages/airflow/example_dags/example_xcom.py
[2025-04-26T22:30:51.933+0000] {processor.py:925} INFO - DAG(s) 'example_xcom' retrieved from /home/airflow/.local/lib/python3.12/site-packages/airflow/example_dags/example_xcom.py
[2025-04-26T22:30:51.954+0000] {logging_mixin.py:190} INFO - [2025-04-26T22:30:51.954+0000] {dag.py:3239} INFO - Sync 1 DAGs
[2025-04-26T22:30:51.975+0000] {logging_mixin.py:190} INFO - [2025-04-26T22:30:51.975+0000] {dag.py:4180} INFO - Setting next_dagrun for example_xcom to 2021-01-01 00:00:00+00:00, run_after=2021-01-01 00:00:00+00:00
[2025-04-26T22:30:51.990+0000] {processor.py:208} INFO - Processing /home/airflow/.local/lib/python3.12/site-packages/airflow/example_dags/example_xcom.py took 0.077 seconds
[2025-04-26T22:31:22.511+0000] {processor.py:186} INFO - Started process (PID=253) to work on /home/airflow/.local/lib/python3.12/site-packages/airflow/example_dags/example_xcom.py
[2025-04-26T22:31:22.512+0000] {processor.py:914} INFO - Processing file /home/airflow/.local/lib/python3.12/site-packages/airflow/example_dags/example_xcom.py for tasks to queue
[2025-04-26T22:31:22.514+0000] {logging_mixin.py:190} INFO - [2025-04-26T22:31:22.514+0000] {dagbag.py:588} INFO - Filling up the DagBag from /home/airflow/.local/lib/python3.12/site-packages/airflow/example_dags/example_xcom.py
[2025-04-26T22:31:22.525+0000] {processor.py:925} INFO - DAG(s) 'example_xcom' retrieved from /home/airflow/.local/lib/python3.12/site-packages/airflow/example_dags/example_xcom.py
[2025-04-26T22:31:22.545+0000] {logging_mixin.py:190} INFO - [2025-04-26T22:31:22.545+0000] {dag.py:3239} INFO - Sync 1 DAGs
[2025-04-26T22:31:22.568+0000] {logging_mixin.py:190} INFO - [2025-04-26T22:31:22.567+0000] {dag.py:4180} INFO - Setting next_dagrun for example_xcom to 2021-01-01 00:00:00+00:00, run_after=2021-01-01 00:00:00+00:00
[2025-04-26T22:31:22.584+0000] {processor.py:208} INFO - Processing /home/airflow/.local/lib/python3.12/site-packages/airflow/example_dags/example_xcom.py took 0.079 seconds
[2025-04-26T22:31:52.851+0000] {processor.py:186} INFO - Started process (PID=316) to work on /home/airflow/.local/lib/python3.12/site-packages/airflow/example_dags/example_xcom.py
[2025-04-26T22:31:52.854+0000] {processor.py:914} INFO - Processing file /home/airflow/.local/lib/python3.12/site-packages/airflow/example_dags/example_xcom.py for tasks to queue
[2025-04-26T22:31:52.856+0000] {logging_mixin.py:190} INFO - [2025-04-26T22:31:52.856+0000] {dagbag.py:588} INFO - Filling up the DagBag from /home/airflow/.local/lib/python3.12/site-packages/airflow/example_dags/example_xcom.py
[2025-04-26T22:31:52.869+0000] {processor.py:925} INFO - DAG(s) 'example_xcom' retrieved from /home/airflow/.local/lib/python3.12/site-packages/airflow/example_dags/example_xcom.py
[2025-04-26T22:31:52.890+0000] {logging_mixin.py:190} INFO - [2025-04-26T22:31:52.890+0000] {dag.py:3239} INFO - Sync 1 DAGs
[2025-04-26T22:31:52.913+0000] {logging_mixin.py:190} INFO - [2025-04-26T22:31:52.912+0000] {dag.py:4180} INFO - Setting next_dagrun for example_xcom to 2021-01-01 00:00:00+00:00, run_after=2021-01-01 00:00:00+00:00
[2025-04-26T22:31:52.929+0000] {processor.py:208} INFO - Processing /home/airflow/.local/lib/python3.12/site-packages/airflow/example_dags/example_xcom.py took 0.084 seconds
[2025-04-26T22:32:23.208+0000] {processor.py:186} INFO - Started process (PID=379) to work on /home/airflow/.local/lib/python3.12/site-packages/airflow/example_dags/example_xcom.py
[2025-04-26T22:32:23.209+0000] {processor.py:914} INFO - Processing file /home/airflow/.local/lib/python3.12/site-packages/airflow/example_dags/example_xcom.py for tasks to queue
[2025-04-26T22:32:23.211+0000] {logging_mixin.py:190} INFO - [2025-04-26T22:32:23.211+0000] {dagbag.py:588} INFO - Filling up the DagBag from /home/airflow/.local/lib/python3.12/site-packages/airflow/example_dags/example_xcom.py
[2025-04-26T22:32:23.222+0000] {processor.py:925} INFO - DAG(s) 'example_xcom' retrieved from /home/airflow/.local/lib/python3.12/site-packages/airflow/example_dags/example_xcom.py
[2025-04-26T22:32:23.243+0000] {logging_mixin.py:190} INFO - [2025-04-26T22:32:23.243+0000] {dag.py:3239} INFO - Sync 1 DAGs
[2025-04-26T22:32:23.266+0000] {logging_mixin.py:190} INFO - [2025-04-26T22:32:23.265+0000] {dag.py:4180} INFO - Setting next_dagrun for example_xcom to 2021-01-01 00:00:00+00:00, run_after=2021-01-01 00:00:00+00:00
[2025-04-26T22:32:23.282+0000] {processor.py:208} INFO - Processing /home/airflow/.local/lib/python3.12/site-packages/airflow/example_dags/example_xcom.py took 0.080 seconds
[2025-04-26T22:32:53.343+0000] {processor.py:186} INFO - Started process (PID=442) to work on /home/airflow/.local/lib/python3.12/site-packages/airflow/example_dags/example_xcom.py
[2025-04-26T22:32:53.345+0000] {processor.py:914} INFO - Processing file /home/airflow/.local/lib/python3.12/site-packages/airflow/example_dags/example_xcom.py for tasks to queue
[2025-04-26T22:32:53.347+0000] {logging_mixin.py:190} INFO - [2025-04-26T22:32:53.347+0000] {dagbag.py:588} INFO - Filling up the DagBag from /home/airflow/.local/lib/python3.12/site-packages/airflow/example_dags/example_xcom.py
[2025-04-26T22:32:53.358+0000] {processor.py:925} INFO - DAG(s) 'example_xcom' retrieved from /home/airflow/.local/lib/python3.12/site-packages/airflow/example_dags/example_xcom.py
[2025-04-26T22:32:53.378+0000] {logging_mixin.py:190} INFO - [2025-04-26T22:32:53.378+0000] {dag.py:3239} INFO - Sync 1 DAGs
[2025-04-26T22:32:53.400+0000] {logging_mixin.py:190} INFO - [2025-04-26T22:32:53.400+0000] {dag.py:4180} INFO - Setting next_dagrun for example_xcom to 2021-01-01 00:00:00+00:00, run_after=2021-01-01 00:00:00+00:00
[2025-04-26T22:32:53.416+0000] {processor.py:208} INFO - Processing /home/airflow/.local/lib/python3.12/site-packages/airflow/example_dags/example_xcom.py took 0.079 seconds
[2025-04-26T22:33:23.541+0000] {processor.py:186} INFO - Started process (PID=505) to work on /home/airflow/.local/lib/python3.12/site-packages/airflow/example_dags/example_xcom.py
[2025-04-26T22:33:23.543+0000] {processor.py:914} INFO - Processing file /home/airflow/.local/lib/python3.12/site-packages/airflow/example_dags/example_xcom.py for tasks to queue
[2025-04-26T22:33:23.545+0000] {logging_mixin.py:190} INFO - [2025-04-26T22:33:23.545+0000] {dagbag.py:588} INFO - Filling up the DagBag from /home/airflow/.local/lib/python3.12/site-packages/airflow/example_dags/example_xcom.py
[2025-04-26T22:33:23.555+0000] {processor.py:925} INFO - DAG(s) 'example_xcom' retrieved from /home/airflow/.local/lib/python3.12/site-packages/airflow/example_dags/example_xcom.py
[2025-04-26T22:33:23.577+0000] {logging_mixin.py:190} INFO - [2025-04-26T22:33:23.576+0000] {dag.py:3239} INFO - Sync 1 DAGs
[2025-04-26T22:33:23.599+0000] {logging_mixin.py:190} INFO - [2025-04-26T22:33:23.599+0000] {dag.py:4180} INFO - Setting next_dagrun for example_xcom to 2021-01-01 00:00:00+00:00, run_after=2021-01-01 00:00:00+00:00
[2025-04-26T22:33:23.617+0000] {processor.py:208} INFO - Processing /home/airflow/.local/lib/python3.12/site-packages/airflow/example_dags/example_xcom.py took 0.082 seconds
[2025-04-26T22:33:53.777+0000] {processor.py:186} INFO - Started process (PID=568) to work on /home/airflow/.local/lib/python3.12/site-packages/airflow/example_dags/example_xcom.py
[2025-04-26T22:33:53.778+0000] {processor.py:914} INFO - Processing file /home/airflow/.local/lib/python3.12/site-packages/airflow/example_dags/example_xcom.py for tasks to queue
[2025-04-26T22:33:53.781+0000] {logging_mixin.py:190} INFO - [2025-04-26T22:33:53.780+0000] {dagbag.py:588} INFO - Filling up the DagBag from /home/airflow/.local/lib/python3.12/site-packages/airflow/example_dags/example_xcom.py
[2025-04-26T22:33:53.791+0000] {processor.py:925} INFO - DAG(s) 'example_xcom' retrieved from /home/airflow/.local/lib/python3.12/site-packages/airflow/example_dags/example_xcom.py
[2025-04-26T22:33:53.811+0000] {logging_mixin.py:190} INFO - [2025-04-26T22:33:53.811+0000] {dag.py:3239} INFO - Sync 1 DAGs
[2025-04-26T22:33:53.834+0000] {logging_mixin.py:190} INFO - [2025-04-26T22:33:53.833+0000] {dag.py:4180} INFO - Setting next_dagrun for example_xcom to 2021-01-01 00:00:00+00:00, run_after=2021-01-01 00:00:00+00:00
[2025-04-26T22:33:53.849+0000] {processor.py:208} INFO - Processing /home/airflow/.local/lib/python3.12/site-packages/airflow/example_dags/example_xcom.py took 0.079 seconds
[2025-04-26T22:34:24.351+0000] {processor.py:186} INFO - Started process (PID=631) to work on /home/airflow/.local/lib/python3.12/site-packages/airflow/example_dags/example_xcom.py
[2025-04-26T22:34:24.352+0000] {processor.py:914} INFO - Processing file /home/airflow/.local/lib/python3.12/site-packages/airflow/example_dags/example_xcom.py for tasks to queue
[2025-04-26T22:34:24.354+0000] {logging_mixin.py:190} INFO - [2025-04-26T22:34:24.354+0000] {dagbag.py:588} INFO - Filling up the DagBag from /home/airflow/.local/lib/python3.12/site-packages/airflow/example_dags/example_xcom.py
[2025-04-26T22:34:24.364+0000] {processor.py:925} INFO - DAG(s) 'example_xcom' retrieved from /home/airflow/.local/lib/python3.12/site-packages/airflow/example_dags/example_xcom.py
[2025-04-26T22:34:24.385+0000] {logging_mixin.py:190} INFO - [2025-04-26T22:34:24.385+0000] {dag.py:3239} INFO - Sync 1 DAGs
[2025-04-26T22:34:24.406+0000] {logging_mixin.py:190} INFO - [2025-04-26T22:34:24.406+0000] {dag.py:4180} INFO - Setting next_dagrun for example_xcom to 2021-01-01 00:00:00+00:00, run_after=2021-01-01 00:00:00+00:00
[2025-04-26T22:34:24.422+0000] {processor.py:208} INFO - Processing /home/airflow/.local/lib/python3.12/site-packages/airflow/example_dags/example_xcom.py took 0.077 seconds
[2025-04-26T22:34:54.536+0000] {processor.py:186} INFO - Started process (PID=695) to work on /home/airflow/.local/lib/python3.12/site-packages/airflow/example_dags/example_xcom.py
[2025-04-26T22:34:54.537+0000] {processor.py:914} INFO - Processing file /home/airflow/.local/lib/python3.12/site-packages/airflow/example_dags/example_xcom.py for tasks to queue
[2025-04-26T22:34:54.540+0000] {logging_mixin.py:190} INFO - [2025-04-26T22:34:54.539+0000] {dagbag.py:588} INFO - Filling up the DagBag from /home/airflow/.local/lib/python3.12/site-packages/airflow/example_dags/example_xcom.py
[2025-04-26T22:34:54.550+0000] {processor.py:925} INFO - DAG(s) 'example_xcom' retrieved from /home/airflow/.local/lib/python3.12/site-packages/airflow/example_dags/example_xcom.py
[2025-04-26T22:34:54.576+0000] {logging_mixin.py:190} INFO - [2025-04-26T22:34:54.575+0000] {dag.py:3239} INFO - Sync 1 DAGs
[2025-04-26T22:34:54.608+0000] {logging_mixin.py:190} INFO - [2025-04-26T22:34:54.608+0000] {dag.py:4180} INFO - Setting next_dagrun for example_xcom to 2021-01-01 00:00:00+00:00, run_after=2021-01-01 00:00:00+00:00
[2025-04-26T22:34:54.629+0000] {processor.py:208} INFO - Processing /home/airflow/.local/lib/python3.12/site-packages/airflow/example_dags/example_xcom.py took 0.102 seconds
[2025-04-26T22:35:24.762+0000] {processor.py:186} INFO - Started process (PID=759) to work on /home/airflow/.local/lib/python3.12/site-packages/airflow/example_dags/example_xcom.py
[2025-04-26T22:35:24.763+0000] {processor.py:914} INFO - Processing file /home/airflow/.local/lib/python3.12/site-packages/airflow/example_dags/example_xcom.py for tasks to queue
[2025-04-26T22:35:24.765+0000] {logging_mixin.py:190} INFO - [2025-04-26T22:35:24.765+0000] {dagbag.py:588} INFO - Filling up the DagBag from /home/airflow/.local/lib/python3.12/site-packages/airflow/example_dags/example_xcom.py
[2025-04-26T22:35:24.776+0000] {processor.py:925} INFO - DAG(s) 'example_xcom' retrieved from /home/airflow/.local/lib/python3.12/site-packages/airflow/example_dags/example_xcom.py
[2025-04-26T22:35:24.796+0000] {logging_mixin.py:190} INFO - [2025-04-26T22:35:24.796+0000] {dag.py:3239} INFO - Sync 1 DAGs
[2025-04-26T22:35:24.818+0000] {logging_mixin.py:190} INFO - [2025-04-26T22:35:24.818+0000] {dag.py:4180} INFO - Setting next_dagrun for example_xcom to 2021-01-01 00:00:00+00:00, run_after=2021-01-01 00:00:00+00:00
[2025-04-26T22:35:24.838+0000] {processor.py:208} INFO - Processing /home/airflow/.local/lib/python3.12/site-packages/airflow/example_dags/example_xcom.py took 0.083 seconds
[2025-04-26T22:35:55.645+0000] {processor.py:186} INFO - Started process (PID=823) to work on /home/airflow/.local/lib/python3.12/site-packages/airflow/example_dags/example_xcom.py
[2025-04-26T22:35:55.647+0000] {processor.py:914} INFO - Processing file /home/airflow/.local/lib/python3.12/site-packages/airflow/example_dags/example_xcom.py for tasks to queue
[2025-04-26T22:35:55.650+0000] {logging_mixin.py:190} INFO - [2025-04-26T22:35:55.649+0000] {dagbag.py:588} INFO - Filling up the DagBag from /home/airflow/.local/lib/python3.12/site-packages/airflow/example_dags/example_xcom.py
[2025-04-26T22:35:55.660+0000] {processor.py:925} INFO - DAG(s) 'example_xcom' retrieved from /home/airflow/.local/lib/python3.12/site-packages/airflow/example_dags/example_xcom.py
[2025-04-26T22:35:55.680+0000] {logging_mixin.py:190} INFO - [2025-04-26T22:35:55.680+0000] {dag.py:3239} INFO - Sync 1 DAGs
[2025-04-26T22:35:55.702+0000] {logging_mixin.py:190} INFO - [2025-04-26T22:35:55.701+0000] {dag.py:4180} INFO - Setting next_dagrun for example_xcom to 2021-01-01 00:00:00+00:00, run_after=2021-01-01 00:00:00+00:00
[2025-04-26T22:35:55.717+0000] {processor.py:208} INFO - Processing /home/airflow/.local/lib/python3.12/site-packages/airflow/example_dags/example_xcom.py took 0.078 seconds
[2025-04-26T22:36:25.783+0000] {processor.py:186} INFO - Started process (PID=887) to work on /home/airflow/.local/lib/python3.12/site-packages/airflow/example_dags/example_xcom.py
[2025-04-26T22:36:25.784+0000] {processor.py:914} INFO - Processing file /home/airflow/.local/lib/python3.12/site-packages/airflow/example_dags/example_xcom.py for tasks to queue
[2025-04-26T22:36:25.787+0000] {logging_mixin.py:190} INFO - [2025-04-26T22:36:25.787+0000] {dagbag.py:588} INFO - Filling up the DagBag from /home/airflow/.local/lib/python3.12/site-packages/airflow/example_dags/example_xcom.py
[2025-04-26T22:36:25.798+0000] {processor.py:925} INFO - DAG(s) 'example_xcom' retrieved from /home/airflow/.local/lib/python3.12/site-packages/airflow/example_dags/example_xcom.py
[2025-04-26T22:36:25.823+0000] {logging_mixin.py:190} INFO - [2025-04-26T22:36:25.823+0000] {dag.py:3239} INFO - Sync 1 DAGs
[2025-04-26T22:36:25.855+0000] {logging_mixin.py:190} INFO - [2025-04-26T22:36:25.855+0000] {dag.py:4180} INFO - Setting next_dagrun for example_xcom to 2021-01-01 00:00:00+00:00, run_after=2021-01-01 00:00:00+00:00
[2025-04-26T22:36:25.875+0000] {processor.py:208} INFO - Processing /home/airflow/.local/lib/python3.12/site-packages/airflow/example_dags/example_xcom.py took 0.100 seconds
[2025-04-26T22:36:56.433+0000] {processor.py:186} INFO - Started process (PID=951) to work on /home/airflow/.local/lib/python3.12/site-packages/airflow/example_dags/example_xcom.py
[2025-04-26T22:36:56.435+0000] {processor.py:914} INFO - Processing file /home/airflow/.local/lib/python3.12/site-packages/airflow/example_dags/example_xcom.py for tasks to queue
[2025-04-26T22:36:56.437+0000] {logging_mixin.py:190} INFO - [2025-04-26T22:36:56.437+0000] {dagbag.py:588} INFO - Filling up the DagBag from /home/airflow/.local/lib/python3.12/site-packages/airflow/example_dags/example_xcom.py
[2025-04-26T22:36:56.448+0000] {processor.py:925} INFO - DAG(s) 'example_xcom' retrieved from /home/airflow/.local/lib/python3.12/site-packages/airflow/example_dags/example_xcom.py
[2025-04-26T22:36:56.468+0000] {logging_mixin.py:190} INFO - [2025-04-26T22:36:56.468+0000] {dag.py:3239} INFO - Sync 1 DAGs
[2025-04-26T22:36:56.490+0000] {logging_mixin.py:190} INFO - [2025-04-26T22:36:56.490+0000] {dag.py:4180} INFO - Setting next_dagrun for example_xcom to 2021-01-01 00:00:00+00:00, run_after=2021-01-01 00:00:00+00:00
[2025-04-26T22:36:56.507+0000] {processor.py:208} INFO - Processing /home/airflow/.local/lib/python3.12/site-packages/airflow/example_dags/example_xcom.py took 0.080 seconds
[2025-04-26T22:37:26.668+0000] {processor.py:186} INFO - Started process (PID=1015) to work on /home/airflow/.local/lib/python3.12/site-packages/airflow/example_dags/example_xcom.py
[2025-04-26T22:37:26.669+0000] {processor.py:914} INFO - Processing file /home/airflow/.local/lib/python3.12/site-packages/airflow/example_dags/example_xcom.py for tasks to queue
[2025-04-26T22:37:26.671+0000] {logging_mixin.py:190} INFO - [2025-04-26T22:37:26.671+0000] {dagbag.py:588} INFO - Filling up the DagBag from /home/airflow/.local/lib/python3.12/site-packages/airflow/example_dags/example_xcom.py
[2025-04-26T22:37:26.682+0000] {processor.py:925} INFO - DAG(s) 'example_xcom' retrieved from /home/airflow/.local/lib/python3.12/site-packages/airflow/example_dags/example_xcom.py
[2025-04-26T22:37:26.705+0000] {logging_mixin.py:190} INFO - [2025-04-26T22:37:26.704+0000] {dag.py:3239} INFO - Sync 1 DAGs
[2025-04-26T22:37:26.730+0000] {logging_mixin.py:190} INFO - [2025-04-26T22:37:26.730+0000] {dag.py:4180} INFO - Setting next_dagrun for example_xcom to 2021-01-01 00:00:00+00:00, run_after=2021-01-01 00:00:00+00:00
[2025-04-26T22:37:26.747+0000] {processor.py:208} INFO - Processing /home/airflow/.local/lib/python3.12/site-packages/airflow/example_dags/example_xcom.py took 0.086 seconds
[2025-04-26T22:37:56.868+0000] {processor.py:186} INFO - Started process (PID=1079) to work on /home/airflow/.local/lib/python3.12/site-packages/airflow/example_dags/example_xcom.py
[2025-04-26T22:37:56.870+0000] {processor.py:914} INFO - Processing file /home/airflow/.local/lib/python3.12/site-packages/airflow/example_dags/example_xcom.py for tasks to queue
[2025-04-26T22:37:56.872+0000] {logging_mixin.py:190} INFO - [2025-04-26T22:37:56.872+0000] {dagbag.py:588} INFO - Filling up the DagBag from /home/airflow/.local/lib/python3.12/site-packages/airflow/example_dags/example_xcom.py
[2025-04-26T22:37:56.883+0000] {processor.py:925} INFO - DAG(s) 'example_xcom' retrieved from /home/airflow/.local/lib/python3.12/site-packages/airflow/example_dags/example_xcom.py
[2025-04-26T22:37:56.903+0000] {logging_mixin.py:190} INFO - [2025-04-26T22:37:56.903+0000] {dag.py:3239} INFO - Sync 1 DAGs
[2025-04-26T22:37:56.925+0000] {logging_mixin.py:190} INFO - [2025-04-26T22:37:56.925+0000] {dag.py:4180} INFO - Setting next_dagrun for example_xcom to 2021-01-01 00:00:00+00:00, run_after=2021-01-01 00:00:00+00:00
[2025-04-26T22:37:56.941+0000] {processor.py:208} INFO - Processing /home/airflow/.local/lib/python3.12/site-packages/airflow/example_dags/example_xcom.py took 0.079 seconds
[2025-04-26T22:38:27.040+0000] {processor.py:186} INFO - Started process (PID=1143) to work on /home/airflow/.local/lib/python3.12/site-packages/airflow/example_dags/example_xcom.py
[2025-04-26T22:38:27.041+0000] {processor.py:914} INFO - Processing file /home/airflow/.local/lib/python3.12/site-packages/airflow/example_dags/example_xcom.py for tasks to queue
[2025-04-26T22:38:27.044+0000] {logging_mixin.py:190} INFO - [2025-04-26T22:38:27.043+0000] {dagbag.py:588} INFO - Filling up the DagBag from /home/airflow/.local/lib/python3.12/site-packages/airflow/example_dags/example_xcom.py
[2025-04-26T22:38:27.055+0000] {processor.py:925} INFO - DAG(s) 'example_xcom' retrieved from /home/airflow/.local/lib/python3.12/site-packages/airflow/example_dags/example_xcom.py
[2025-04-26T22:38:27.076+0000] {logging_mixin.py:190} INFO - [2025-04-26T22:38:27.075+0000] {dag.py:3239} INFO - Sync 1 DAGs
[2025-04-26T22:38:27.098+0000] {logging_mixin.py:190} INFO - [2025-04-26T22:38:27.098+0000] {dag.py:4180} INFO - Setting next_dagrun for example_xcom to 2021-01-01 00:00:00+00:00, run_after=2021-01-01 00:00:00+00:00
[2025-04-26T22:38:27.114+0000] {processor.py:208} INFO - Processing /home/airflow/.local/lib/python3.12/site-packages/airflow/example_dags/example_xcom.py took 0.080 seconds
[2025-04-26T22:38:57.383+0000] {processor.py:186} INFO - Started process (PID=1207) to work on /home/airflow/.local/lib/python3.12/site-packages/airflow/example_dags/example_xcom.py
[2025-04-26T22:38:57.384+0000] {processor.py:914} INFO - Processing file /home/airflow/.local/lib/python3.12/site-packages/airflow/example_dags/example_xcom.py for tasks to queue
[2025-04-26T22:38:57.386+0000] {logging_mixin.py:190} INFO - [2025-04-26T22:38:57.386+0000] {dagbag.py:588} INFO - Filling up the DagBag from /home/airflow/.local/lib/python3.12/site-packages/airflow/example_dags/example_xcom.py
[2025-04-26T22:38:57.397+0000] {processor.py:925} INFO - DAG(s) 'example_xcom' retrieved from /home/airflow/.local/lib/python3.12/site-packages/airflow/example_dags/example_xcom.py
[2025-04-26T22:38:57.417+0000] {logging_mixin.py:190} INFO - [2025-04-26T22:38:57.417+0000] {dag.py:3239} INFO - Sync 1 DAGs
[2025-04-26T22:38:57.439+0000] {logging_mixin.py:190} INFO - [2025-04-26T22:38:57.439+0000] {dag.py:4180} INFO - Setting next_dagrun for example_xcom to 2021-01-01 00:00:00+00:00, run_after=2021-01-01 00:00:00+00:00
[2025-04-26T22:38:57.455+0000] {processor.py:208} INFO - Processing /home/airflow/.local/lib/python3.12/site-packages/airflow/example_dags/example_xcom.py took 0.079 seconds
[2025-04-26T22:39:27.893+0000] {processor.py:186} INFO - Started process (PID=1271) to work on /home/airflow/.local/lib/python3.12/site-packages/airflow/example_dags/example_xcom.py
[2025-04-26T22:39:27.895+0000] {processor.py:914} INFO - Processing file /home/airflow/.local/lib/python3.12/site-packages/airflow/example_dags/example_xcom.py for tasks to queue
[2025-04-26T22:39:27.898+0000] {logging_mixin.py:190} INFO - [2025-04-26T22:39:27.898+0000] {dagbag.py:588} INFO - Filling up the DagBag from /home/airflow/.local/lib/python3.12/site-packages/airflow/example_dags/example_xcom.py
[2025-04-26T22:39:27.913+0000] {processor.py:925} INFO - DAG(s) 'example_xcom' retrieved from /home/airflow/.local/lib/python3.12/site-packages/airflow/example_dags/example_xcom.py
[2025-04-26T22:39:27.936+0000] {logging_mixin.py:190} INFO - [2025-04-26T22:39:27.936+0000] {dag.py:3239} INFO - Sync 1 DAGs
[2025-04-26T22:39:27.965+0000] {logging_mixin.py:190} INFO - [2025-04-26T22:39:27.965+0000] {dag.py:4180} INFO - Setting next_dagrun for example_xcom to 2021-01-01 00:00:00+00:00, run_after=2021-01-01 00:00:00+00:00
[2025-04-26T22:39:27.982+0000] {processor.py:208} INFO - Processing /home/airflow/.local/lib/python3.12/site-packages/airflow/example_dags/example_xcom.py took 0.098 seconds
[2025-04-26T22:39:58.831+0000] {processor.py:186} INFO - Started process (PID=1335) to work on /home/airflow/.local/lib/python3.12/site-packages/airflow/example_dags/example_xcom.py
[2025-04-26T22:39:58.833+0000] {processor.py:914} INFO - Processing file /home/airflow/.local/lib/python3.12/site-packages/airflow/example_dags/example_xcom.py for tasks to queue
[2025-04-26T22:39:58.835+0000] {logging_mixin.py:190} INFO - [2025-04-26T22:39:58.835+0000] {dagbag.py:588} INFO - Filling up the DagBag from /home/airflow/.local/lib/python3.12/site-packages/airflow/example_dags/example_xcom.py
[2025-04-26T22:39:58.846+0000] {processor.py:925} INFO - DAG(s) 'example_xcom' retrieved from /home/airflow/.local/lib/python3.12/site-packages/airflow/example_dags/example_xcom.py
[2025-04-26T22:39:58.866+0000] {logging_mixin.py:190} INFO - [2025-04-26T22:39:58.866+0000] {dag.py:3239} INFO - Sync 1 DAGs
[2025-04-26T22:39:58.888+0000] {logging_mixin.py:190} INFO - [2025-04-26T22:39:58.888+0000] {dag.py:4180} INFO - Setting next_dagrun for example_xcom to 2021-01-01 00:00:00+00:00, run_after=2021-01-01 00:00:00+00:00
[2025-04-26T22:39:58.904+0000] {processor.py:208} INFO - Processing /home/airflow/.local/lib/python3.12/site-packages/airflow/example_dags/example_xcom.py took 0.080 seconds
