[2025-04-26T22:30:01.310+0000] {processor.py:186} INFO - Started process (PID=106) to work on /home/airflow/.local/lib/python3.12/site-packages/airflow/example_dags/example_setup_teardown_taskflow.py
[2025-04-26T22:30:01.310+0000] {processor.py:914} INFO - Processing file /home/airflow/.local/lib/python3.12/site-packages/airflow/example_dags/example_setup_teardown_taskflow.py for tasks to queue
[2025-04-26T22:30:01.313+0000] {logging_mixin.py:190} INFO - [2025-04-26T22:30:01.312+0000] {dagbag.py:588} INFO - Filling up the DagBag from /home/airflow/.local/lib/python3.12/site-packages/airflow/example_dags/example_setup_teardown_taskflow.py
[2025-04-26T22:30:01.326+0000] {processor.py:925} INFO - DAG(s) 'example_setup_teardown_taskflow' retrieved from /home/airflow/.local/lib/python3.12/site-packages/airflow/example_dags/example_setup_teardown_taskflow.py
[2025-04-26T22:30:01.431+0000] {logging_mixin.py:190} INFO - [2025-04-26T22:30:01.430+0000] {override.py:1912} INFO - Created Permission View: can read on DAG:example_setup_teardown_taskflow
[2025-04-26T22:30:01.439+0000] {logging_mixin.py:190} INFO - [2025-04-26T22:30:01.439+0000] {override.py:1912} INFO - Created Permission View: can delete on DAG:example_setup_teardown_taskflow
[2025-04-26T22:30:01.445+0000] {logging_mixin.py:190} INFO - [2025-04-26T22:30:01.444+0000] {override.py:1912} INFO - Created Permission View: can edit on DAG:example_setup_teardown_taskflow
[2025-04-26T22:30:01.451+0000] {logging_mixin.py:190} INFO - [2025-04-26T22:30:01.451+0000] {override.py:1912} INFO - Created Permission View: can read on DAG Run:example_setup_teardown_taskflow
[2025-04-26T22:30:01.456+0000] {logging_mixin.py:190} INFO - [2025-04-26T22:30:01.456+0000] {override.py:1912} INFO - Created Permission View: can create on DAG Run:example_setup_teardown_taskflow
[2025-04-26T22:30:01.462+0000] {logging_mixin.py:190} INFO - [2025-04-26T22:30:01.462+0000] {override.py:1912} INFO - Created Permission View: can delete on DAG Run:example_setup_teardown_taskflow
[2025-04-26T22:30:01.467+0000] {logging_mixin.py:190} INFO - [2025-04-26T22:30:01.467+0000] {override.py:1912} INFO - Created Permission View: menu access on DAG Run:example_setup_teardown_taskflow
[2025-04-26T22:30:01.468+0000] {logging_mixin.py:190} INFO - [2025-04-26T22:30:01.468+0000] {dag.py:3239} INFO - Sync 1 DAGs
[2025-04-26T22:30:01.481+0000] {logging_mixin.py:190} INFO - [2025-04-26T22:30:01.480+0000] {dag.py:3262} INFO - Creating ORM DAG for example_setup_teardown_taskflow
[2025-04-26T22:30:01.481+0000] {logging_mixin.py:190} INFO - [2025-04-26T22:30:01.481+0000] {dag.py:4180} INFO - Setting next_dagrun for example_setup_teardown_taskflow to None, run_after=None
[2025-04-26T22:30:01.496+0000] {processor.py:208} INFO - Processing /home/airflow/.local/lib/python3.12/site-packages/airflow/example_dags/example_setup_teardown_taskflow.py took 0.193 seconds
[2025-04-26T22:30:32.326+0000] {processor.py:186} INFO - Started process (PID=169) to work on /home/airflow/.local/lib/python3.12/site-packages/airflow/example_dags/example_setup_teardown_taskflow.py
[2025-04-26T22:30:32.327+0000] {processor.py:914} INFO - Processing file /home/airflow/.local/lib/python3.12/site-packages/airflow/example_dags/example_setup_teardown_taskflow.py for tasks to queue
[2025-04-26T22:30:32.329+0000] {logging_mixin.py:190} INFO - [2025-04-26T22:30:32.329+0000] {dagbag.py:588} INFO - Filling up the DagBag from /home/airflow/.local/lib/python3.12/site-packages/airflow/example_dags/example_setup_teardown_taskflow.py
[2025-04-26T22:30:32.342+0000] {processor.py:925} INFO - DAG(s) 'example_setup_teardown_taskflow' retrieved from /home/airflow/.local/lib/python3.12/site-packages/airflow/example_dags/example_setup_teardown_taskflow.py
[2025-04-26T22:30:32.364+0000] {logging_mixin.py:190} INFO - [2025-04-26T22:30:32.364+0000] {dag.py:3239} INFO - Sync 1 DAGs
[2025-04-26T22:30:32.379+0000] {logging_mixin.py:190} INFO - [2025-04-26T22:30:32.378+0000] {dag.py:4180} INFO - Setting next_dagrun for example_setup_teardown_taskflow to None, run_after=None
[2025-04-26T22:30:32.395+0000] {processor.py:208} INFO - Processing /home/airflow/.local/lib/python3.12/site-packages/airflow/example_dags/example_setup_teardown_taskflow.py took 0.075 seconds
[2025-04-26T22:31:02.699+0000] {processor.py:186} INFO - Started process (PID=231) to work on /home/airflow/.local/lib/python3.12/site-packages/airflow/example_dags/example_setup_teardown_taskflow.py
[2025-04-26T22:31:02.700+0000] {processor.py:914} INFO - Processing file /home/airflow/.local/lib/python3.12/site-packages/airflow/example_dags/example_setup_teardown_taskflow.py for tasks to queue
[2025-04-26T22:31:02.703+0000] {logging_mixin.py:190} INFO - [2025-04-26T22:31:02.703+0000] {dagbag.py:588} INFO - Filling up the DagBag from /home/airflow/.local/lib/python3.12/site-packages/airflow/example_dags/example_setup_teardown_taskflow.py
[2025-04-26T22:31:02.719+0000] {processor.py:925} INFO - DAG(s) 'example_setup_teardown_taskflow' retrieved from /home/airflow/.local/lib/python3.12/site-packages/airflow/example_dags/example_setup_teardown_taskflow.py
[2025-04-26T22:31:02.748+0000] {logging_mixin.py:190} INFO - [2025-04-26T22:31:02.748+0000] {dag.py:3239} INFO - Sync 1 DAGs
[2025-04-26T22:31:02.767+0000] {logging_mixin.py:190} INFO - [2025-04-26T22:31:02.767+0000] {dag.py:4180} INFO - Setting next_dagrun for example_setup_teardown_taskflow to None, run_after=None
[2025-04-26T22:31:02.789+0000] {processor.py:208} INFO - Processing /home/airflow/.local/lib/python3.12/site-packages/airflow/example_dags/example_setup_teardown_taskflow.py took 0.099 seconds
[2025-04-26T22:31:33.046+0000] {processor.py:186} INFO - Started process (PID=294) to work on /home/airflow/.local/lib/python3.12/site-packages/airflow/example_dags/example_setup_teardown_taskflow.py
[2025-04-26T22:31:33.047+0000] {processor.py:914} INFO - Processing file /home/airflow/.local/lib/python3.12/site-packages/airflow/example_dags/example_setup_teardown_taskflow.py for tasks to queue
[2025-04-26T22:31:33.050+0000] {logging_mixin.py:190} INFO - [2025-04-26T22:31:33.050+0000] {dagbag.py:588} INFO - Filling up the DagBag from /home/airflow/.local/lib/python3.12/site-packages/airflow/example_dags/example_setup_teardown_taskflow.py
[2025-04-26T22:31:33.066+0000] {processor.py:925} INFO - DAG(s) 'example_setup_teardown_taskflow' retrieved from /home/airflow/.local/lib/python3.12/site-packages/airflow/example_dags/example_setup_teardown_taskflow.py
[2025-04-26T22:31:33.090+0000] {logging_mixin.py:190} INFO - [2025-04-26T22:31:33.090+0000] {dag.py:3239} INFO - Sync 1 DAGs
[2025-04-26T22:31:33.106+0000] {logging_mixin.py:190} INFO - [2025-04-26T22:31:33.106+0000] {dag.py:4180} INFO - Setting next_dagrun for example_setup_teardown_taskflow to None, run_after=None
[2025-04-26T22:31:33.125+0000] {processor.py:208} INFO - Processing /home/airflow/.local/lib/python3.12/site-packages/airflow/example_dags/example_setup_teardown_taskflow.py took 0.088 seconds
[2025-04-26T22:32:03.332+0000] {processor.py:186} INFO - Started process (PID=357) to work on /home/airflow/.local/lib/python3.12/site-packages/airflow/example_dags/example_setup_teardown_taskflow.py
[2025-04-26T22:32:03.333+0000] {processor.py:914} INFO - Processing file /home/airflow/.local/lib/python3.12/site-packages/airflow/example_dags/example_setup_teardown_taskflow.py for tasks to queue
[2025-04-26T22:32:03.336+0000] {logging_mixin.py:190} INFO - [2025-04-26T22:32:03.335+0000] {dagbag.py:588} INFO - Filling up the DagBag from /home/airflow/.local/lib/python3.12/site-packages/airflow/example_dags/example_setup_teardown_taskflow.py
[2025-04-26T22:32:03.347+0000] {processor.py:925} INFO - DAG(s) 'example_setup_teardown_taskflow' retrieved from /home/airflow/.local/lib/python3.12/site-packages/airflow/example_dags/example_setup_teardown_taskflow.py
[2025-04-26T22:32:03.368+0000] {logging_mixin.py:190} INFO - [2025-04-26T22:32:03.368+0000] {dag.py:3239} INFO - Sync 1 DAGs
[2025-04-26T22:32:03.382+0000] {logging_mixin.py:190} INFO - [2025-04-26T22:32:03.382+0000] {dag.py:4180} INFO - Setting next_dagrun for example_setup_teardown_taskflow to None, run_after=None
[2025-04-26T22:32:03.398+0000] {processor.py:208} INFO - Processing /home/airflow/.local/lib/python3.12/site-packages/airflow/example_dags/example_setup_teardown_taskflow.py took 0.073 seconds
[2025-04-26T22:32:33.474+0000] {processor.py:186} INFO - Started process (PID=420) to work on /home/airflow/.local/lib/python3.12/site-packages/airflow/example_dags/example_setup_teardown_taskflow.py
[2025-04-26T22:32:33.475+0000] {processor.py:914} INFO - Processing file /home/airflow/.local/lib/python3.12/site-packages/airflow/example_dags/example_setup_teardown_taskflow.py for tasks to queue
[2025-04-26T22:32:33.478+0000] {logging_mixin.py:190} INFO - [2025-04-26T22:32:33.478+0000] {dagbag.py:588} INFO - Filling up the DagBag from /home/airflow/.local/lib/python3.12/site-packages/airflow/example_dags/example_setup_teardown_taskflow.py
[2025-04-26T22:32:33.489+0000] {processor.py:925} INFO - DAG(s) 'example_setup_teardown_taskflow' retrieved from /home/airflow/.local/lib/python3.12/site-packages/airflow/example_dags/example_setup_teardown_taskflow.py
[2025-04-26T22:32:33.510+0000] {logging_mixin.py:190} INFO - [2025-04-26T22:32:33.510+0000] {dag.py:3239} INFO - Sync 1 DAGs
[2025-04-26T22:32:33.524+0000] {logging_mixin.py:190} INFO - [2025-04-26T22:32:33.524+0000] {dag.py:4180} INFO - Setting next_dagrun for example_setup_teardown_taskflow to None, run_after=None
[2025-04-26T22:32:33.539+0000] {processor.py:208} INFO - Processing /home/airflow/.local/lib/python3.12/site-packages/airflow/example_dags/example_setup_teardown_taskflow.py took 0.071 seconds
[2025-04-26T22:33:04.637+0000] {processor.py:186} INFO - Started process (PID=483) to work on /home/airflow/.local/lib/python3.12/site-packages/airflow/example_dags/example_setup_teardown_taskflow.py
[2025-04-26T22:33:04.639+0000] {processor.py:914} INFO - Processing file /home/airflow/.local/lib/python3.12/site-packages/airflow/example_dags/example_setup_teardown_taskflow.py for tasks to queue
[2025-04-26T22:33:04.641+0000] {logging_mixin.py:190} INFO - [2025-04-26T22:33:04.641+0000] {dagbag.py:588} INFO - Filling up the DagBag from /home/airflow/.local/lib/python3.12/site-packages/airflow/example_dags/example_setup_teardown_taskflow.py
[2025-04-26T22:33:04.653+0000] {processor.py:925} INFO - DAG(s) 'example_setup_teardown_taskflow' retrieved from /home/airflow/.local/lib/python3.12/site-packages/airflow/example_dags/example_setup_teardown_taskflow.py
[2025-04-26T22:33:04.674+0000] {logging_mixin.py:190} INFO - [2025-04-26T22:33:04.674+0000] {dag.py:3239} INFO - Sync 1 DAGs
[2025-04-26T22:33:04.688+0000] {logging_mixin.py:190} INFO - [2025-04-26T22:33:04.687+0000] {dag.py:4180} INFO - Setting next_dagrun for example_setup_teardown_taskflow to None, run_after=None
[2025-04-26T22:33:04.704+0000] {processor.py:208} INFO - Processing /home/airflow/.local/lib/python3.12/site-packages/airflow/example_dags/example_setup_teardown_taskflow.py took 0.073 seconds
[2025-04-26T22:33:36.133+0000] {processor.py:186} INFO - Started process (PID=546) to work on /home/airflow/.local/lib/python3.12/site-packages/airflow/example_dags/example_setup_teardown_taskflow.py
[2025-04-26T22:33:36.134+0000] {processor.py:914} INFO - Processing file /home/airflow/.local/lib/python3.12/site-packages/airflow/example_dags/example_setup_teardown_taskflow.py for tasks to queue
[2025-04-26T22:33:36.137+0000] {logging_mixin.py:190} INFO - [2025-04-26T22:33:36.136+0000] {dagbag.py:588} INFO - Filling up the DagBag from /home/airflow/.local/lib/python3.12/site-packages/airflow/example_dags/example_setup_teardown_taskflow.py
[2025-04-26T22:33:36.148+0000] {processor.py:925} INFO - DAG(s) 'example_setup_teardown_taskflow' retrieved from /home/airflow/.local/lib/python3.12/site-packages/airflow/example_dags/example_setup_teardown_taskflow.py
[2025-04-26T22:33:36.169+0000] {logging_mixin.py:190} INFO - [2025-04-26T22:33:36.168+0000] {dag.py:3239} INFO - Sync 1 DAGs
[2025-04-26T22:33:36.183+0000] {logging_mixin.py:190} INFO - [2025-04-26T22:33:36.183+0000] {dag.py:4180} INFO - Setting next_dagrun for example_setup_teardown_taskflow to None, run_after=None
[2025-04-26T22:33:36.199+0000] {processor.py:208} INFO - Processing /home/airflow/.local/lib/python3.12/site-packages/airflow/example_dags/example_setup_teardown_taskflow.py took 0.072 seconds
[2025-04-26T22:34:07.094+0000] {processor.py:186} INFO - Started process (PID=609) to work on /home/airflow/.local/lib/python3.12/site-packages/airflow/example_dags/example_setup_teardown_taskflow.py
[2025-04-26T22:34:07.095+0000] {processor.py:914} INFO - Processing file /home/airflow/.local/lib/python3.12/site-packages/airflow/example_dags/example_setup_teardown_taskflow.py for tasks to queue
[2025-04-26T22:34:07.097+0000] {logging_mixin.py:190} INFO - [2025-04-26T22:34:07.097+0000] {dagbag.py:588} INFO - Filling up the DagBag from /home/airflow/.local/lib/python3.12/site-packages/airflow/example_dags/example_setup_teardown_taskflow.py
[2025-04-26T22:34:07.108+0000] {processor.py:925} INFO - DAG(s) 'example_setup_teardown_taskflow' retrieved from /home/airflow/.local/lib/python3.12/site-packages/airflow/example_dags/example_setup_teardown_taskflow.py
[2025-04-26T22:34:07.131+0000] {logging_mixin.py:190} INFO - [2025-04-26T22:34:07.131+0000] {dag.py:3239} INFO - Sync 1 DAGs
[2025-04-26T22:34:07.147+0000] {logging_mixin.py:190} INFO - [2025-04-26T22:34:07.146+0000] {dag.py:4180} INFO - Setting next_dagrun for example_setup_teardown_taskflow to None, run_after=None
[2025-04-26T22:34:07.164+0000] {processor.py:208} INFO - Processing /home/airflow/.local/lib/python3.12/site-packages/airflow/example_dags/example_setup_teardown_taskflow.py took 0.076 seconds
[2025-04-26T22:34:38.614+0000] {processor.py:186} INFO - Started process (PID=672) to work on /home/airflow/.local/lib/python3.12/site-packages/airflow/example_dags/example_setup_teardown_taskflow.py
[2025-04-26T22:34:38.615+0000] {processor.py:914} INFO - Processing file /home/airflow/.local/lib/python3.12/site-packages/airflow/example_dags/example_setup_teardown_taskflow.py for tasks to queue
[2025-04-26T22:34:38.618+0000] {logging_mixin.py:190} INFO - [2025-04-26T22:34:38.617+0000] {dagbag.py:588} INFO - Filling up the DagBag from /home/airflow/.local/lib/python3.12/site-packages/airflow/example_dags/example_setup_teardown_taskflow.py
[2025-04-26T22:34:38.629+0000] {processor.py:925} INFO - DAG(s) 'example_setup_teardown_taskflow' retrieved from /home/airflow/.local/lib/python3.12/site-packages/airflow/example_dags/example_setup_teardown_taskflow.py
[2025-04-26T22:34:38.650+0000] {logging_mixin.py:190} INFO - [2025-04-26T22:34:38.650+0000] {dag.py:3239} INFO - Sync 1 DAGs
[2025-04-26T22:34:38.664+0000] {logging_mixin.py:190} INFO - [2025-04-26T22:34:38.664+0000] {dag.py:4180} INFO - Setting next_dagrun for example_setup_teardown_taskflow to None, run_after=None
[2025-04-26T22:34:38.680+0000] {processor.py:208} INFO - Processing /home/airflow/.local/lib/python3.12/site-packages/airflow/example_dags/example_setup_teardown_taskflow.py took 0.073 seconds
[2025-04-26T22:35:09.776+0000] {processor.py:186} INFO - Started process (PID=736) to work on /home/airflow/.local/lib/python3.12/site-packages/airflow/example_dags/example_setup_teardown_taskflow.py
[2025-04-26T22:35:09.777+0000] {processor.py:914} INFO - Processing file /home/airflow/.local/lib/python3.12/site-packages/airflow/example_dags/example_setup_teardown_taskflow.py for tasks to queue
[2025-04-26T22:35:09.780+0000] {logging_mixin.py:190} INFO - [2025-04-26T22:35:09.780+0000] {dagbag.py:588} INFO - Filling up the DagBag from /home/airflow/.local/lib/python3.12/site-packages/airflow/example_dags/example_setup_teardown_taskflow.py
[2025-04-26T22:35:09.792+0000] {processor.py:925} INFO - DAG(s) 'example_setup_teardown_taskflow' retrieved from /home/airflow/.local/lib/python3.12/site-packages/airflow/example_dags/example_setup_teardown_taskflow.py
[2025-04-26T22:35:09.815+0000] {logging_mixin.py:190} INFO - [2025-04-26T22:35:09.815+0000] {dag.py:3239} INFO - Sync 1 DAGs
[2025-04-26T22:35:09.831+0000] {logging_mixin.py:190} INFO - [2025-04-26T22:35:09.831+0000] {dag.py:4180} INFO - Setting next_dagrun for example_setup_teardown_taskflow to None, run_after=None
[2025-04-26T22:35:09.848+0000] {processor.py:208} INFO - Processing /home/airflow/.local/lib/python3.12/site-packages/airflow/example_dags/example_setup_teardown_taskflow.py took 0.078 seconds
[2025-04-26T22:35:41.232+0000] {processor.py:186} INFO - Started process (PID=800) to work on /home/airflow/.local/lib/python3.12/site-packages/airflow/example_dags/example_setup_teardown_taskflow.py
[2025-04-26T22:35:41.234+0000] {processor.py:914} INFO - Processing file /home/airflow/.local/lib/python3.12/site-packages/airflow/example_dags/example_setup_teardown_taskflow.py for tasks to queue
[2025-04-26T22:35:41.236+0000] {logging_mixin.py:190} INFO - [2025-04-26T22:35:41.236+0000] {dagbag.py:588} INFO - Filling up the DagBag from /home/airflow/.local/lib/python3.12/site-packages/airflow/example_dags/example_setup_teardown_taskflow.py
[2025-04-26T22:35:41.248+0000] {processor.py:925} INFO - DAG(s) 'example_setup_teardown_taskflow' retrieved from /home/airflow/.local/lib/python3.12/site-packages/airflow/example_dags/example_setup_teardown_taskflow.py
[2025-04-26T22:35:41.269+0000] {logging_mixin.py:190} INFO - [2025-04-26T22:35:41.268+0000] {dag.py:3239} INFO - Sync 1 DAGs
[2025-04-26T22:35:41.283+0000] {logging_mixin.py:190} INFO - [2025-04-26T22:35:41.283+0000] {dag.py:4180} INFO - Setting next_dagrun for example_setup_teardown_taskflow to None, run_after=None
[2025-04-26T22:35:41.300+0000] {processor.py:208} INFO - Processing /home/airflow/.local/lib/python3.12/site-packages/airflow/example_dags/example_setup_teardown_taskflow.py took 0.074 seconds
[2025-04-26T22:36:11.991+0000] {processor.py:186} INFO - Started process (PID=864) to work on /home/airflow/.local/lib/python3.12/site-packages/airflow/example_dags/example_setup_teardown_taskflow.py
[2025-04-26T22:36:11.993+0000] {processor.py:914} INFO - Processing file /home/airflow/.local/lib/python3.12/site-packages/airflow/example_dags/example_setup_teardown_taskflow.py for tasks to queue
[2025-04-26T22:36:11.995+0000] {logging_mixin.py:190} INFO - [2025-04-26T22:36:11.995+0000] {dagbag.py:588} INFO - Filling up the DagBag from /home/airflow/.local/lib/python3.12/site-packages/airflow/example_dags/example_setup_teardown_taskflow.py
[2025-04-26T22:36:12.007+0000] {processor.py:925} INFO - DAG(s) 'example_setup_teardown_taskflow' retrieved from /home/airflow/.local/lib/python3.12/site-packages/airflow/example_dags/example_setup_teardown_taskflow.py
[2025-04-26T22:36:12.031+0000] {logging_mixin.py:190} INFO - [2025-04-26T22:36:12.031+0000] {dag.py:3239} INFO - Sync 1 DAGs
[2025-04-26T22:36:12.050+0000] {logging_mixin.py:190} INFO - [2025-04-26T22:36:12.049+0000] {dag.py:4180} INFO - Setting next_dagrun for example_setup_teardown_taskflow to None, run_after=None
[2025-04-26T22:36:12.067+0000] {processor.py:208} INFO - Processing /home/airflow/.local/lib/python3.12/site-packages/airflow/example_dags/example_setup_teardown_taskflow.py took 0.083 seconds
[2025-04-26T22:36:43.067+0000] {processor.py:186} INFO - Started process (PID=928) to work on /home/airflow/.local/lib/python3.12/site-packages/airflow/example_dags/example_setup_teardown_taskflow.py
[2025-04-26T22:36:43.069+0000] {processor.py:914} INFO - Processing file /home/airflow/.local/lib/python3.12/site-packages/airflow/example_dags/example_setup_teardown_taskflow.py for tasks to queue
[2025-04-26T22:36:43.072+0000] {logging_mixin.py:190} INFO - [2025-04-26T22:36:43.071+0000] {dagbag.py:588} INFO - Filling up the DagBag from /home/airflow/.local/lib/python3.12/site-packages/airflow/example_dags/example_setup_teardown_taskflow.py
[2025-04-26T22:36:43.083+0000] {processor.py:925} INFO - DAG(s) 'example_setup_teardown_taskflow' retrieved from /home/airflow/.local/lib/python3.12/site-packages/airflow/example_dags/example_setup_teardown_taskflow.py
[2025-04-26T22:36:43.106+0000] {logging_mixin.py:190} INFO - [2025-04-26T22:36:43.105+0000] {dag.py:3239} INFO - Sync 1 DAGs
[2025-04-26T22:36:43.122+0000] {logging_mixin.py:190} INFO - [2025-04-26T22:36:43.122+0000] {dag.py:4180} INFO - Setting next_dagrun for example_setup_teardown_taskflow to None, run_after=None
[2025-04-26T22:36:43.141+0000] {processor.py:208} INFO - Processing /home/airflow/.local/lib/python3.12/site-packages/airflow/example_dags/example_setup_teardown_taskflow.py took 0.081 seconds
[2025-04-26T22:37:13.742+0000] {processor.py:186} INFO - Started process (PID=992) to work on /home/airflow/.local/lib/python3.12/site-packages/airflow/example_dags/example_setup_teardown_taskflow.py
[2025-04-26T22:37:13.744+0000] {processor.py:914} INFO - Processing file /home/airflow/.local/lib/python3.12/site-packages/airflow/example_dags/example_setup_teardown_taskflow.py for tasks to queue
[2025-04-26T22:37:13.747+0000] {logging_mixin.py:190} INFO - [2025-04-26T22:37:13.746+0000] {dagbag.py:588} INFO - Filling up the DagBag from /home/airflow/.local/lib/python3.12/site-packages/airflow/example_dags/example_setup_teardown_taskflow.py
[2025-04-26T22:37:13.758+0000] {processor.py:925} INFO - DAG(s) 'example_setup_teardown_taskflow' retrieved from /home/airflow/.local/lib/python3.12/site-packages/airflow/example_dags/example_setup_teardown_taskflow.py
[2025-04-26T22:37:13.779+0000] {logging_mixin.py:190} INFO - [2025-04-26T22:37:13.779+0000] {dag.py:3239} INFO - Sync 1 DAGs
[2025-04-26T22:37:13.793+0000] {logging_mixin.py:190} INFO - [2025-04-26T22:37:13.793+0000] {dag.py:4180} INFO - Setting next_dagrun for example_setup_teardown_taskflow to None, run_after=None
[2025-04-26T22:37:13.810+0000] {processor.py:208} INFO - Processing /home/airflow/.local/lib/python3.12/site-packages/airflow/example_dags/example_setup_teardown_taskflow.py took 0.074 seconds
[2025-04-26T22:37:44.875+0000] {processor.py:186} INFO - Started process (PID=1056) to work on /home/airflow/.local/lib/python3.12/site-packages/airflow/example_dags/example_setup_teardown_taskflow.py
[2025-04-26T22:37:44.876+0000] {processor.py:914} INFO - Processing file /home/airflow/.local/lib/python3.12/site-packages/airflow/example_dags/example_setup_teardown_taskflow.py for tasks to queue
[2025-04-26T22:37:44.878+0000] {logging_mixin.py:190} INFO - [2025-04-26T22:37:44.878+0000] {dagbag.py:588} INFO - Filling up the DagBag from /home/airflow/.local/lib/python3.12/site-packages/airflow/example_dags/example_setup_teardown_taskflow.py
[2025-04-26T22:37:44.891+0000] {processor.py:925} INFO - DAG(s) 'example_setup_teardown_taskflow' retrieved from /home/airflow/.local/lib/python3.12/site-packages/airflow/example_dags/example_setup_teardown_taskflow.py
[2025-04-26T22:37:44.913+0000] {logging_mixin.py:190} INFO - [2025-04-26T22:37:44.913+0000] {dag.py:3239} INFO - Sync 1 DAGs
[2025-04-26T22:37:44.928+0000] {logging_mixin.py:190} INFO - [2025-04-26T22:37:44.928+0000] {dag.py:4180} INFO - Setting next_dagrun for example_setup_teardown_taskflow to None, run_after=None
[2025-04-26T22:37:44.944+0000] {processor.py:208} INFO - Processing /home/airflow/.local/lib/python3.12/site-packages/airflow/example_dags/example_setup_teardown_taskflow.py took 0.076 seconds
[2025-04-26T22:38:16.320+0000] {processor.py:186} INFO - Started process (PID=1120) to work on /home/airflow/.local/lib/python3.12/site-packages/airflow/example_dags/example_setup_teardown_taskflow.py
[2025-04-26T22:38:16.321+0000] {processor.py:914} INFO - Processing file /home/airflow/.local/lib/python3.12/site-packages/airflow/example_dags/example_setup_teardown_taskflow.py for tasks to queue
[2025-04-26T22:38:16.324+0000] {logging_mixin.py:190} INFO - [2025-04-26T22:38:16.324+0000] {dagbag.py:588} INFO - Filling up the DagBag from /home/airflow/.local/lib/python3.12/site-packages/airflow/example_dags/example_setup_teardown_taskflow.py
[2025-04-26T22:38:16.335+0000] {processor.py:925} INFO - DAG(s) 'example_setup_teardown_taskflow' retrieved from /home/airflow/.local/lib/python3.12/site-packages/airflow/example_dags/example_setup_teardown_taskflow.py
[2025-04-26T22:38:16.356+0000] {logging_mixin.py:190} INFO - [2025-04-26T22:38:16.356+0000] {dag.py:3239} INFO - Sync 1 DAGs
[2025-04-26T22:38:16.371+0000] {logging_mixin.py:190} INFO - [2025-04-26T22:38:16.371+0000] {dag.py:4180} INFO - Setting next_dagrun for example_setup_teardown_taskflow to None, run_after=None
[2025-04-26T22:38:16.387+0000] {processor.py:208} INFO - Processing /home/airflow/.local/lib/python3.12/site-packages/airflow/example_dags/example_setup_teardown_taskflow.py took 0.074 seconds
[2025-04-26T22:38:48.477+0000] {processor.py:186} INFO - Started process (PID=1184) to work on /home/airflow/.local/lib/python3.12/site-packages/airflow/example_dags/example_setup_teardown_taskflow.py
[2025-04-26T22:38:48.478+0000] {processor.py:914} INFO - Processing file /home/airflow/.local/lib/python3.12/site-packages/airflow/example_dags/example_setup_teardown_taskflow.py for tasks to queue
[2025-04-26T22:38:48.481+0000] {logging_mixin.py:190} INFO - [2025-04-26T22:38:48.481+0000] {dagbag.py:588} INFO - Filling up the DagBag from /home/airflow/.local/lib/python3.12/site-packages/airflow/example_dags/example_setup_teardown_taskflow.py
[2025-04-26T22:38:48.493+0000] {processor.py:925} INFO - DAG(s) 'example_setup_teardown_taskflow' retrieved from /home/airflow/.local/lib/python3.12/site-packages/airflow/example_dags/example_setup_teardown_taskflow.py
[2025-04-26T22:38:48.514+0000] {logging_mixin.py:190} INFO - [2025-04-26T22:38:48.514+0000] {dag.py:3239} INFO - Sync 1 DAGs
[2025-04-26T22:38:48.528+0000] {logging_mixin.py:190} INFO - [2025-04-26T22:38:48.528+0000] {dag.py:4180} INFO - Setting next_dagrun for example_setup_teardown_taskflow to None, run_after=None
[2025-04-26T22:38:48.545+0000] {processor.py:208} INFO - Processing /home/airflow/.local/lib/python3.12/site-packages/airflow/example_dags/example_setup_teardown_taskflow.py took 0.074 seconds
[2025-04-26T22:39:19.062+0000] {processor.py:186} INFO - Started process (PID=1248) to work on /home/airflow/.local/lib/python3.12/site-packages/airflow/example_dags/example_setup_teardown_taskflow.py
[2025-04-26T22:39:19.063+0000] {processor.py:914} INFO - Processing file /home/airflow/.local/lib/python3.12/site-packages/airflow/example_dags/example_setup_teardown_taskflow.py for tasks to queue
[2025-04-26T22:39:19.067+0000] {logging_mixin.py:190} INFO - [2025-04-26T22:39:19.067+0000] {dagbag.py:588} INFO - Filling up the DagBag from /home/airflow/.local/lib/python3.12/site-packages/airflow/example_dags/example_setup_teardown_taskflow.py
[2025-04-26T22:39:19.083+0000] {processor.py:925} INFO - DAG(s) 'example_setup_teardown_taskflow' retrieved from /home/airflow/.local/lib/python3.12/site-packages/airflow/example_dags/example_setup_teardown_taskflow.py
[2025-04-26T22:39:19.114+0000] {logging_mixin.py:190} INFO - [2025-04-26T22:39:19.113+0000] {dag.py:3239} INFO - Sync 1 DAGs
[2025-04-26T22:39:19.135+0000] {logging_mixin.py:190} INFO - [2025-04-26T22:39:19.135+0000] {dag.py:4180} INFO - Setting next_dagrun for example_setup_teardown_taskflow to None, run_after=None
[2025-04-26T22:39:19.157+0000] {processor.py:208} INFO - Processing /home/airflow/.local/lib/python3.12/site-packages/airflow/example_dags/example_setup_teardown_taskflow.py took 0.103 seconds
[2025-04-26T22:39:50.191+0000] {processor.py:186} INFO - Started process (PID=1312) to work on /home/airflow/.local/lib/python3.12/site-packages/airflow/example_dags/example_setup_teardown_taskflow.py
[2025-04-26T22:39:50.192+0000] {processor.py:914} INFO - Processing file /home/airflow/.local/lib/python3.12/site-packages/airflow/example_dags/example_setup_teardown_taskflow.py for tasks to queue
[2025-04-26T22:39:50.196+0000] {logging_mixin.py:190} INFO - [2025-04-26T22:39:50.196+0000] {dagbag.py:588} INFO - Filling up the DagBag from /home/airflow/.local/lib/python3.12/site-packages/airflow/example_dags/example_setup_teardown_taskflow.py
[2025-04-26T22:39:50.210+0000] {processor.py:925} INFO - DAG(s) 'example_setup_teardown_taskflow' retrieved from /home/airflow/.local/lib/python3.12/site-packages/airflow/example_dags/example_setup_teardown_taskflow.py
[2025-04-26T22:39:50.231+0000] {logging_mixin.py:190} INFO - [2025-04-26T22:39:50.230+0000] {dag.py:3239} INFO - Sync 1 DAGs
[2025-04-26T22:39:50.245+0000] {logging_mixin.py:190} INFO - [2025-04-26T22:39:50.245+0000] {dag.py:4180} INFO - Setting next_dagrun for example_setup_teardown_taskflow to None, run_after=None
[2025-04-26T22:39:50.261+0000] {processor.py:208} INFO - Processing /home/airflow/.local/lib/python3.12/site-packages/airflow/example_dags/example_setup_teardown_taskflow.py took 0.078 seconds
