[2025-04-26T22:29:55.119+0000] {processor.py:186} INFO - Started process (PID=75) to work on /home/airflow/.local/lib/python3.12/site-packages/airflow/example_dags/example_python_decorator.py
[2025-04-26T22:29:55.119+0000] {processor.py:914} INFO - Processing file /home/airflow/.local/lib/python3.12/site-packages/airflow/example_dags/example_python_decorator.py for tasks to queue
[2025-04-26T22:29:55.122+0000] {logging_mixin.py:190} INFO - [2025-04-26T22:29:55.121+0000] {dagbag.py:588} INFO - Filling up the DagBag from /home/airflow/.local/lib/python3.12/site-packages/airflow/example_dags/example_python_decorator.py
[2025-04-26T22:29:55.139+0000] {processor.py:925} INFO - DAG(s) 'example_python_decorator' retrieved from /home/airflow/.local/lib/python3.12/site-packages/airflow/example_dags/example_python_decorator.py
[2025-04-26T22:29:55.254+0000] {logging_mixin.py:190} INFO - [2025-04-26T22:29:55.253+0000] {override.py:1912} INFO - Created Permission View: can read on DAG:example_python_decorator
[2025-04-26T22:29:55.267+0000] {logging_mixin.py:190} INFO - [2025-04-26T22:29:55.267+0000] {override.py:1912} INFO - Created Permission View: can delete on DAG:example_python_decorator
[2025-04-26T22:29:55.273+0000] {logging_mixin.py:190} INFO - [2025-04-26T22:29:55.273+0000] {override.py:1912} INFO - Created Permission View: can edit on DAG:example_python_decorator
[2025-04-26T22:29:55.283+0000] {logging_mixin.py:190} INFO - [2025-04-26T22:29:55.283+0000] {override.py:1912} INFO - Created Permission View: can read on DAG Run:example_python_decorator
[2025-04-26T22:29:55.291+0000] {logging_mixin.py:190} INFO - [2025-04-26T22:29:55.290+0000] {override.py:1912} INFO - Created Permission View: can create on DAG Run:example_python_decorator
[2025-04-26T22:29:55.300+0000] {logging_mixin.py:190} INFO - [2025-04-26T22:29:55.300+0000] {override.py:1912} INFO - Created Permission View: can delete on DAG Run:example_python_decorator
[2025-04-26T22:29:55.306+0000] {logging_mixin.py:190} INFO - [2025-04-26T22:29:55.306+0000] {override.py:1912} INFO - Created Permission View: menu access on DAG Run:example_python_decorator
[2025-04-26T22:29:55.306+0000] {logging_mixin.py:190} INFO - [2025-04-26T22:29:55.306+0000] {dag.py:3239} INFO - Sync 1 DAGs
[2025-04-26T22:29:55.319+0000] {logging_mixin.py:190} INFO - [2025-04-26T22:29:55.318+0000] {dag.py:3262} INFO - Creating ORM DAG for example_python_decorator
[2025-04-26T22:29:55.319+0000] {logging_mixin.py:190} INFO - [2025-04-26T22:29:55.319+0000] {dag.py:4180} INFO - Setting next_dagrun for example_python_decorator to None, run_after=None
[2025-04-26T22:29:55.333+0000] {processor.py:208} INFO - Processing /home/airflow/.local/lib/python3.12/site-packages/airflow/example_dags/example_python_decorator.py took 0.221 seconds
[2025-04-26T22:30:25.632+0000] {processor.py:186} INFO - Started process (PID=138) to work on /home/airflow/.local/lib/python3.12/site-packages/airflow/example_dags/example_python_decorator.py
[2025-04-26T22:30:25.633+0000] {processor.py:914} INFO - Processing file /home/airflow/.local/lib/python3.12/site-packages/airflow/example_dags/example_python_decorator.py for tasks to queue
[2025-04-26T22:30:25.635+0000] {logging_mixin.py:190} INFO - [2025-04-26T22:30:25.635+0000] {dagbag.py:588} INFO - Filling up the DagBag from /home/airflow/.local/lib/python3.12/site-packages/airflow/example_dags/example_python_decorator.py
[2025-04-26T22:30:25.650+0000] {processor.py:925} INFO - DAG(s) 'example_python_decorator' retrieved from /home/airflow/.local/lib/python3.12/site-packages/airflow/example_dags/example_python_decorator.py
[2025-04-26T22:30:25.673+0000] {logging_mixin.py:190} INFO - [2025-04-26T22:30:25.673+0000] {dag.py:3239} INFO - Sync 1 DAGs
[2025-04-26T22:30:25.696+0000] {logging_mixin.py:190} INFO - [2025-04-26T22:30:25.695+0000] {dag.py:4180} INFO - Setting next_dagrun for example_python_decorator to None, run_after=None
[2025-04-26T22:30:25.719+0000] {processor.py:208} INFO - Processing /home/airflow/.local/lib/python3.12/site-packages/airflow/example_dags/example_python_decorator.py took 0.093 seconds
[2025-04-26T22:30:57.207+0000] {processor.py:186} INFO - Started process (PID=201) to work on /home/airflow/.local/lib/python3.12/site-packages/airflow/example_dags/example_python_decorator.py
[2025-04-26T22:30:57.210+0000] {processor.py:914} INFO - Processing file /home/airflow/.local/lib/python3.12/site-packages/airflow/example_dags/example_python_decorator.py for tasks to queue
[2025-04-26T22:30:57.213+0000] {logging_mixin.py:190} INFO - [2025-04-26T22:30:57.213+0000] {dagbag.py:588} INFO - Filling up the DagBag from /home/airflow/.local/lib/python3.12/site-packages/airflow/example_dags/example_python_decorator.py
[2025-04-26T22:30:57.230+0000] {processor.py:925} INFO - DAG(s) 'example_python_decorator' retrieved from /home/airflow/.local/lib/python3.12/site-packages/airflow/example_dags/example_python_decorator.py
[2025-04-26T22:30:57.256+0000] {logging_mixin.py:190} INFO - [2025-04-26T22:30:57.255+0000] {dag.py:3239} INFO - Sync 1 DAGs
[2025-04-26T22:30:57.271+0000] {logging_mixin.py:190} INFO - [2025-04-26T22:30:57.271+0000] {dag.py:4180} INFO - Setting next_dagrun for example_python_decorator to None, run_after=None
[2025-04-26T22:30:57.289+0000] {processor.py:208} INFO - Processing /home/airflow/.local/lib/python3.12/site-packages/airflow/example_dags/example_python_decorator.py took 0.088 seconds
[2025-04-26T22:31:28.725+0000] {processor.py:186} INFO - Started process (PID=264) to work on /home/airflow/.local/lib/python3.12/site-packages/airflow/example_dags/example_python_decorator.py
[2025-04-26T22:31:28.726+0000] {processor.py:914} INFO - Processing file /home/airflow/.local/lib/python3.12/site-packages/airflow/example_dags/example_python_decorator.py for tasks to queue
[2025-04-26T22:31:28.728+0000] {logging_mixin.py:190} INFO - [2025-04-26T22:31:28.727+0000] {dagbag.py:588} INFO - Filling up the DagBag from /home/airflow/.local/lib/python3.12/site-packages/airflow/example_dags/example_python_decorator.py
[2025-04-26T22:31:28.743+0000] {processor.py:925} INFO - DAG(s) 'example_python_decorator' retrieved from /home/airflow/.local/lib/python3.12/site-packages/airflow/example_dags/example_python_decorator.py
[2025-04-26T22:31:28.765+0000] {logging_mixin.py:190} INFO - [2025-04-26T22:31:28.764+0000] {dag.py:3239} INFO - Sync 1 DAGs
[2025-04-26T22:31:28.779+0000] {logging_mixin.py:190} INFO - [2025-04-26T22:31:28.778+0000] {dag.py:4180} INFO - Setting next_dagrun for example_python_decorator to None, run_after=None
[2025-04-26T22:31:28.795+0000] {processor.py:208} INFO - Processing /home/airflow/.local/lib/python3.12/site-packages/airflow/example_dags/example_python_decorator.py took 0.076 seconds
[2025-04-26T22:32:00.101+0000] {processor.py:186} INFO - Started process (PID=327) to work on /home/airflow/.local/lib/python3.12/site-packages/airflow/example_dags/example_python_decorator.py
[2025-04-26T22:32:00.102+0000] {processor.py:914} INFO - Processing file /home/airflow/.local/lib/python3.12/site-packages/airflow/example_dags/example_python_decorator.py for tasks to queue
[2025-04-26T22:32:00.105+0000] {logging_mixin.py:190} INFO - [2025-04-26T22:32:00.104+0000] {dagbag.py:588} INFO - Filling up the DagBag from /home/airflow/.local/lib/python3.12/site-packages/airflow/example_dags/example_python_decorator.py
[2025-04-26T22:32:00.121+0000] {processor.py:925} INFO - DAG(s) 'example_python_decorator' retrieved from /home/airflow/.local/lib/python3.12/site-packages/airflow/example_dags/example_python_decorator.py
[2025-04-26T22:32:00.143+0000] {logging_mixin.py:190} INFO - [2025-04-26T22:32:00.142+0000] {dag.py:3239} INFO - Sync 1 DAGs
[2025-04-26T22:32:00.157+0000] {logging_mixin.py:190} INFO - [2025-04-26T22:32:00.157+0000] {dag.py:4180} INFO - Setting next_dagrun for example_python_decorator to None, run_after=None
[2025-04-26T22:32:00.173+0000] {processor.py:208} INFO - Processing /home/airflow/.local/lib/python3.12/site-packages/airflow/example_dags/example_python_decorator.py took 0.079 seconds
[2025-04-26T22:32:31.479+0000] {processor.py:186} INFO - Started process (PID=390) to work on /home/airflow/.local/lib/python3.12/site-packages/airflow/example_dags/example_python_decorator.py
[2025-04-26T22:32:31.480+0000] {processor.py:914} INFO - Processing file /home/airflow/.local/lib/python3.12/site-packages/airflow/example_dags/example_python_decorator.py for tasks to queue
[2025-04-26T22:32:31.483+0000] {logging_mixin.py:190} INFO - [2025-04-26T22:32:31.482+0000] {dagbag.py:588} INFO - Filling up the DagBag from /home/airflow/.local/lib/python3.12/site-packages/airflow/example_dags/example_python_decorator.py
[2025-04-26T22:32:31.498+0000] {processor.py:925} INFO - DAG(s) 'example_python_decorator' retrieved from /home/airflow/.local/lib/python3.12/site-packages/airflow/example_dags/example_python_decorator.py
[2025-04-26T22:32:31.523+0000] {logging_mixin.py:190} INFO - [2025-04-26T22:32:31.522+0000] {dag.py:3239} INFO - Sync 1 DAGs
[2025-04-26T22:32:31.537+0000] {logging_mixin.py:190} INFO - [2025-04-26T22:32:31.537+0000] {dag.py:4180} INFO - Setting next_dagrun for example_python_decorator to None, run_after=None
[2025-04-26T22:32:31.553+0000] {processor.py:208} INFO - Processing /home/airflow/.local/lib/python3.12/site-packages/airflow/example_dags/example_python_decorator.py took 0.080 seconds
[2025-04-26T22:33:02.594+0000] {processor.py:186} INFO - Started process (PID=453) to work on /home/airflow/.local/lib/python3.12/site-packages/airflow/example_dags/example_python_decorator.py
[2025-04-26T22:33:02.595+0000] {processor.py:914} INFO - Processing file /home/airflow/.local/lib/python3.12/site-packages/airflow/example_dags/example_python_decorator.py for tasks to queue
[2025-04-26T22:33:02.598+0000] {logging_mixin.py:190} INFO - [2025-04-26T22:33:02.597+0000] {dagbag.py:588} INFO - Filling up the DagBag from /home/airflow/.local/lib/python3.12/site-packages/airflow/example_dags/example_python_decorator.py
[2025-04-26T22:33:02.613+0000] {processor.py:925} INFO - DAG(s) 'example_python_decorator' retrieved from /home/airflow/.local/lib/python3.12/site-packages/airflow/example_dags/example_python_decorator.py
[2025-04-26T22:33:02.635+0000] {logging_mixin.py:190} INFO - [2025-04-26T22:33:02.635+0000] {dag.py:3239} INFO - Sync 1 DAGs
[2025-04-26T22:33:02.651+0000] {logging_mixin.py:190} INFO - [2025-04-26T22:33:02.651+0000] {dag.py:4180} INFO - Setting next_dagrun for example_python_decorator to None, run_after=None
[2025-04-26T22:33:02.668+0000] {processor.py:208} INFO - Processing /home/airflow/.local/lib/python3.12/site-packages/airflow/example_dags/example_python_decorator.py took 0.080 seconds
[2025-04-26T22:33:33.816+0000] {processor.py:186} INFO - Started process (PID=516) to work on /home/airflow/.local/lib/python3.12/site-packages/airflow/example_dags/example_python_decorator.py
[2025-04-26T22:33:33.818+0000] {processor.py:914} INFO - Processing file /home/airflow/.local/lib/python3.12/site-packages/airflow/example_dags/example_python_decorator.py for tasks to queue
[2025-04-26T22:33:33.820+0000] {logging_mixin.py:190} INFO - [2025-04-26T22:33:33.820+0000] {dagbag.py:588} INFO - Filling up the DagBag from /home/airflow/.local/lib/python3.12/site-packages/airflow/example_dags/example_python_decorator.py
[2025-04-26T22:33:33.836+0000] {processor.py:925} INFO - DAG(s) 'example_python_decorator' retrieved from /home/airflow/.local/lib/python3.12/site-packages/airflow/example_dags/example_python_decorator.py
[2025-04-26T22:33:33.861+0000] {logging_mixin.py:190} INFO - [2025-04-26T22:33:33.861+0000] {dag.py:3239} INFO - Sync 1 DAGs
[2025-04-26T22:33:33.877+0000] {logging_mixin.py:190} INFO - [2025-04-26T22:33:33.877+0000] {dag.py:4180} INFO - Setting next_dagrun for example_python_decorator to None, run_after=None
[2025-04-26T22:33:33.894+0000] {processor.py:208} INFO - Processing /home/airflow/.local/lib/python3.12/site-packages/airflow/example_dags/example_python_decorator.py took 0.084 seconds
[2025-04-26T22:34:05.047+0000] {processor.py:186} INFO - Started process (PID=579) to work on /home/airflow/.local/lib/python3.12/site-packages/airflow/example_dags/example_python_decorator.py
[2025-04-26T22:34:05.048+0000] {processor.py:914} INFO - Processing file /home/airflow/.local/lib/python3.12/site-packages/airflow/example_dags/example_python_decorator.py for tasks to queue
[2025-04-26T22:34:05.051+0000] {logging_mixin.py:190} INFO - [2025-04-26T22:34:05.050+0000] {dagbag.py:588} INFO - Filling up the DagBag from /home/airflow/.local/lib/python3.12/site-packages/airflow/example_dags/example_python_decorator.py
[2025-04-26T22:34:05.067+0000] {processor.py:925} INFO - DAG(s) 'example_python_decorator' retrieved from /home/airflow/.local/lib/python3.12/site-packages/airflow/example_dags/example_python_decorator.py
[2025-04-26T22:34:05.089+0000] {logging_mixin.py:190} INFO - [2025-04-26T22:34:05.089+0000] {dag.py:3239} INFO - Sync 1 DAGs
[2025-04-26T22:34:05.104+0000] {logging_mixin.py:190} INFO - [2025-04-26T22:34:05.104+0000] {dag.py:4180} INFO - Setting next_dagrun for example_python_decorator to None, run_after=None
[2025-04-26T22:34:05.121+0000] {processor.py:208} INFO - Processing /home/airflow/.local/lib/python3.12/site-packages/airflow/example_dags/example_python_decorator.py took 0.081 seconds
[2025-04-26T22:34:36.634+0000] {processor.py:186} INFO - Started process (PID=642) to work on /home/airflow/.local/lib/python3.12/site-packages/airflow/example_dags/example_python_decorator.py
[2025-04-26T22:34:36.635+0000] {processor.py:914} INFO - Processing file /home/airflow/.local/lib/python3.12/site-packages/airflow/example_dags/example_python_decorator.py for tasks to queue
[2025-04-26T22:34:36.637+0000] {logging_mixin.py:190} INFO - [2025-04-26T22:34:36.637+0000] {dagbag.py:588} INFO - Filling up the DagBag from /home/airflow/.local/lib/python3.12/site-packages/airflow/example_dags/example_python_decorator.py
[2025-04-26T22:34:36.654+0000] {processor.py:925} INFO - DAG(s) 'example_python_decorator' retrieved from /home/airflow/.local/lib/python3.12/site-packages/airflow/example_dags/example_python_decorator.py
[2025-04-26T22:34:36.679+0000] {logging_mixin.py:190} INFO - [2025-04-26T22:34:36.679+0000] {dag.py:3239} INFO - Sync 1 DAGs
[2025-04-26T22:34:36.694+0000] {logging_mixin.py:190} INFO - [2025-04-26T22:34:36.694+0000] {dag.py:4180} INFO - Setting next_dagrun for example_python_decorator to None, run_after=None
[2025-04-26T22:34:36.711+0000] {processor.py:208} INFO - Processing /home/airflow/.local/lib/python3.12/site-packages/airflow/example_dags/example_python_decorator.py took 0.084 seconds
[2025-04-26T22:35:07.784+0000] {processor.py:186} INFO - Started process (PID=706) to work on /home/airflow/.local/lib/python3.12/site-packages/airflow/example_dags/example_python_decorator.py
[2025-04-26T22:35:07.786+0000] {processor.py:914} INFO - Processing file /home/airflow/.local/lib/python3.12/site-packages/airflow/example_dags/example_python_decorator.py for tasks to queue
[2025-04-26T22:35:07.788+0000] {logging_mixin.py:190} INFO - [2025-04-26T22:35:07.788+0000] {dagbag.py:588} INFO - Filling up the DagBag from /home/airflow/.local/lib/python3.12/site-packages/airflow/example_dags/example_python_decorator.py
[2025-04-26T22:35:07.803+0000] {processor.py:925} INFO - DAG(s) 'example_python_decorator' retrieved from /home/airflow/.local/lib/python3.12/site-packages/airflow/example_dags/example_python_decorator.py
[2025-04-26T22:35:07.829+0000] {logging_mixin.py:190} INFO - [2025-04-26T22:35:07.829+0000] {dag.py:3239} INFO - Sync 1 DAGs
[2025-04-26T22:35:07.844+0000] {logging_mixin.py:190} INFO - [2025-04-26T22:35:07.843+0000] {dag.py:4180} INFO - Setting next_dagrun for example_python_decorator to None, run_after=None
[2025-04-26T22:35:07.859+0000] {processor.py:208} INFO - Processing /home/airflow/.local/lib/python3.12/site-packages/airflow/example_dags/example_python_decorator.py took 0.082 seconds
[2025-04-26T22:35:38.962+0000] {processor.py:186} INFO - Started process (PID=770) to work on /home/airflow/.local/lib/python3.12/site-packages/airflow/example_dags/example_python_decorator.py
[2025-04-26T22:35:38.963+0000] {processor.py:914} INFO - Processing file /home/airflow/.local/lib/python3.12/site-packages/airflow/example_dags/example_python_decorator.py for tasks to queue
[2025-04-26T22:35:38.966+0000] {logging_mixin.py:190} INFO - [2025-04-26T22:35:38.965+0000] {dagbag.py:588} INFO - Filling up the DagBag from /home/airflow/.local/lib/python3.12/site-packages/airflow/example_dags/example_python_decorator.py
[2025-04-26T22:35:38.983+0000] {processor.py:925} INFO - DAG(s) 'example_python_decorator' retrieved from /home/airflow/.local/lib/python3.12/site-packages/airflow/example_dags/example_python_decorator.py
[2025-04-26T22:35:39.011+0000] {logging_mixin.py:190} INFO - [2025-04-26T22:35:39.010+0000] {dag.py:3239} INFO - Sync 1 DAGs
[2025-04-26T22:35:39.025+0000] {logging_mixin.py:190} INFO - [2025-04-26T22:35:39.025+0000] {dag.py:4180} INFO - Setting next_dagrun for example_python_decorator to None, run_after=None
[2025-04-26T22:35:39.042+0000] {processor.py:208} INFO - Processing /home/airflow/.local/lib/python3.12/site-packages/airflow/example_dags/example_python_decorator.py took 0.087 seconds
[2025-04-26T22:36:09.864+0000] {processor.py:186} INFO - Started process (PID=834) to work on /home/airflow/.local/lib/python3.12/site-packages/airflow/example_dags/example_python_decorator.py
[2025-04-26T22:36:09.865+0000] {processor.py:914} INFO - Processing file /home/airflow/.local/lib/python3.12/site-packages/airflow/example_dags/example_python_decorator.py for tasks to queue
[2025-04-26T22:36:09.868+0000] {logging_mixin.py:190} INFO - [2025-04-26T22:36:09.867+0000] {dagbag.py:588} INFO - Filling up the DagBag from /home/airflow/.local/lib/python3.12/site-packages/airflow/example_dags/example_python_decorator.py
[2025-04-26T22:36:09.884+0000] {processor.py:925} INFO - DAG(s) 'example_python_decorator' retrieved from /home/airflow/.local/lib/python3.12/site-packages/airflow/example_dags/example_python_decorator.py
[2025-04-26T22:36:09.906+0000] {logging_mixin.py:190} INFO - [2025-04-26T22:36:09.906+0000] {dag.py:3239} INFO - Sync 1 DAGs
[2025-04-26T22:36:09.920+0000] {logging_mixin.py:190} INFO - [2025-04-26T22:36:09.920+0000] {dag.py:4180} INFO - Setting next_dagrun for example_python_decorator to None, run_after=None
[2025-04-26T22:36:09.936+0000] {processor.py:208} INFO - Processing /home/airflow/.local/lib/python3.12/site-packages/airflow/example_dags/example_python_decorator.py took 0.079 seconds
[2025-04-26T22:36:41.032+0000] {processor.py:186} INFO - Started process (PID=898) to work on /home/airflow/.local/lib/python3.12/site-packages/airflow/example_dags/example_python_decorator.py
[2025-04-26T22:36:41.033+0000] {processor.py:914} INFO - Processing file /home/airflow/.local/lib/python3.12/site-packages/airflow/example_dags/example_python_decorator.py for tasks to queue
[2025-04-26T22:36:41.036+0000] {logging_mixin.py:190} INFO - [2025-04-26T22:36:41.035+0000] {dagbag.py:588} INFO - Filling up the DagBag from /home/airflow/.local/lib/python3.12/site-packages/airflow/example_dags/example_python_decorator.py
[2025-04-26T22:36:41.052+0000] {processor.py:925} INFO - DAG(s) 'example_python_decorator' retrieved from /home/airflow/.local/lib/python3.12/site-packages/airflow/example_dags/example_python_decorator.py
[2025-04-26T22:36:41.076+0000] {logging_mixin.py:190} INFO - [2025-04-26T22:36:41.075+0000] {dag.py:3239} INFO - Sync 1 DAGs
[2025-04-26T22:36:41.094+0000] {logging_mixin.py:190} INFO - [2025-04-26T22:36:41.093+0000] {dag.py:4180} INFO - Setting next_dagrun for example_python_decorator to None, run_after=None
[2025-04-26T22:36:41.110+0000] {processor.py:208} INFO - Processing /home/airflow/.local/lib/python3.12/site-packages/airflow/example_dags/example_python_decorator.py took 0.085 seconds
[2025-04-26T22:37:11.690+0000] {processor.py:186} INFO - Started process (PID=962) to work on /home/airflow/.local/lib/python3.12/site-packages/airflow/example_dags/example_python_decorator.py
[2025-04-26T22:37:11.691+0000] {processor.py:914} INFO - Processing file /home/airflow/.local/lib/python3.12/site-packages/airflow/example_dags/example_python_decorator.py for tasks to queue
[2025-04-26T22:37:11.693+0000] {logging_mixin.py:190} INFO - [2025-04-26T22:37:11.693+0000] {dagbag.py:588} INFO - Filling up the DagBag from /home/airflow/.local/lib/python3.12/site-packages/airflow/example_dags/example_python_decorator.py
[2025-04-26T22:37:11.709+0000] {processor.py:925} INFO - DAG(s) 'example_python_decorator' retrieved from /home/airflow/.local/lib/python3.12/site-packages/airflow/example_dags/example_python_decorator.py
[2025-04-26T22:37:11.735+0000] {logging_mixin.py:190} INFO - [2025-04-26T22:37:11.735+0000] {dag.py:3239} INFO - Sync 1 DAGs
[2025-04-26T22:37:11.751+0000] {logging_mixin.py:190} INFO - [2025-04-26T22:37:11.751+0000] {dag.py:4180} INFO - Setting next_dagrun for example_python_decorator to None, run_after=None
[2025-04-26T22:37:11.766+0000] {processor.py:208} INFO - Processing /home/airflow/.local/lib/python3.12/site-packages/airflow/example_dags/example_python_decorator.py took 0.083 seconds
[2025-04-26T22:37:42.904+0000] {processor.py:186} INFO - Started process (PID=1026) to work on /home/airflow/.local/lib/python3.12/site-packages/airflow/example_dags/example_python_decorator.py
[2025-04-26T22:37:42.906+0000] {processor.py:914} INFO - Processing file /home/airflow/.local/lib/python3.12/site-packages/airflow/example_dags/example_python_decorator.py for tasks to queue
[2025-04-26T22:37:42.908+0000] {logging_mixin.py:190} INFO - [2025-04-26T22:37:42.908+0000] {dagbag.py:588} INFO - Filling up the DagBag from /home/airflow/.local/lib/python3.12/site-packages/airflow/example_dags/example_python_decorator.py
[2025-04-26T22:37:42.925+0000] {processor.py:925} INFO - DAG(s) 'example_python_decorator' retrieved from /home/airflow/.local/lib/python3.12/site-packages/airflow/example_dags/example_python_decorator.py
[2025-04-26T22:37:42.950+0000] {logging_mixin.py:190} INFO - [2025-04-26T22:37:42.950+0000] {dag.py:3239} INFO - Sync 1 DAGs
[2025-04-26T22:37:42.968+0000] {logging_mixin.py:190} INFO - [2025-04-26T22:37:42.967+0000] {dag.py:4180} INFO - Setting next_dagrun for example_python_decorator to None, run_after=None
[2025-04-26T22:37:42.986+0000] {processor.py:208} INFO - Processing /home/airflow/.local/lib/python3.12/site-packages/airflow/example_dags/example_python_decorator.py took 0.089 seconds
[2025-04-26T22:38:14.228+0000] {processor.py:186} INFO - Started process (PID=1090) to work on /home/airflow/.local/lib/python3.12/site-packages/airflow/example_dags/example_python_decorator.py
[2025-04-26T22:38:14.230+0000] {processor.py:914} INFO - Processing file /home/airflow/.local/lib/python3.12/site-packages/airflow/example_dags/example_python_decorator.py for tasks to queue
[2025-04-26T22:38:14.232+0000] {logging_mixin.py:190} INFO - [2025-04-26T22:38:14.232+0000] {dagbag.py:588} INFO - Filling up the DagBag from /home/airflow/.local/lib/python3.12/site-packages/airflow/example_dags/example_python_decorator.py
[2025-04-26T22:38:14.248+0000] {processor.py:925} INFO - DAG(s) 'example_python_decorator' retrieved from /home/airflow/.local/lib/python3.12/site-packages/airflow/example_dags/example_python_decorator.py
[2025-04-26T22:38:14.271+0000] {logging_mixin.py:190} INFO - [2025-04-26T22:38:14.270+0000] {dag.py:3239} INFO - Sync 1 DAGs
[2025-04-26T22:38:14.285+0000] {logging_mixin.py:190} INFO - [2025-04-26T22:38:14.285+0000] {dag.py:4180} INFO - Setting next_dagrun for example_python_decorator to None, run_after=None
[2025-04-26T22:38:14.302+0000] {processor.py:208} INFO - Processing /home/airflow/.local/lib/python3.12/site-packages/airflow/example_dags/example_python_decorator.py took 0.081 seconds
[2025-04-26T22:38:45.767+0000] {processor.py:186} INFO - Started process (PID=1154) to work on /home/airflow/.local/lib/python3.12/site-packages/airflow/example_dags/example_python_decorator.py
[2025-04-26T22:38:45.769+0000] {processor.py:914} INFO - Processing file /home/airflow/.local/lib/python3.12/site-packages/airflow/example_dags/example_python_decorator.py for tasks to queue
[2025-04-26T22:38:45.773+0000] {logging_mixin.py:190} INFO - [2025-04-26T22:38:45.772+0000] {dagbag.py:588} INFO - Filling up the DagBag from /home/airflow/.local/lib/python3.12/site-packages/airflow/example_dags/example_python_decorator.py
[2025-04-26T22:38:45.795+0000] {processor.py:925} INFO - DAG(s) 'example_python_decorator' retrieved from /home/airflow/.local/lib/python3.12/site-packages/airflow/example_dags/example_python_decorator.py
[2025-04-26T22:38:45.827+0000] {logging_mixin.py:190} INFO - [2025-04-26T22:38:45.827+0000] {dag.py:3239} INFO - Sync 1 DAGs
[2025-04-26T22:38:45.849+0000] {logging_mixin.py:190} INFO - [2025-04-26T22:38:45.848+0000] {dag.py:4180} INFO - Setting next_dagrun for example_python_decorator to None, run_after=None
[2025-04-26T22:38:45.871+0000] {processor.py:208} INFO - Processing /home/airflow/.local/lib/python3.12/site-packages/airflow/example_dags/example_python_decorator.py took 0.112 seconds
[2025-04-26T22:39:16.615+0000] {processor.py:186} INFO - Started process (PID=1218) to work on /home/airflow/.local/lib/python3.12/site-packages/airflow/example_dags/example_python_decorator.py
[2025-04-26T22:39:16.616+0000] {processor.py:914} INFO - Processing file /home/airflow/.local/lib/python3.12/site-packages/airflow/example_dags/example_python_decorator.py for tasks to queue
[2025-04-26T22:39:16.618+0000] {logging_mixin.py:190} INFO - [2025-04-26T22:39:16.618+0000] {dagbag.py:588} INFO - Filling up the DagBag from /home/airflow/.local/lib/python3.12/site-packages/airflow/example_dags/example_python_decorator.py
[2025-04-26T22:39:16.634+0000] {processor.py:925} INFO - DAG(s) 'example_python_decorator' retrieved from /home/airflow/.local/lib/python3.12/site-packages/airflow/example_dags/example_python_decorator.py
[2025-04-26T22:39:16.655+0000] {logging_mixin.py:190} INFO - [2025-04-26T22:39:16.655+0000] {dag.py:3239} INFO - Sync 1 DAGs
[2025-04-26T22:39:16.670+0000] {logging_mixin.py:190} INFO - [2025-04-26T22:39:16.669+0000] {dag.py:4180} INFO - Setting next_dagrun for example_python_decorator to None, run_after=None
[2025-04-26T22:39:16.686+0000] {processor.py:208} INFO - Processing /home/airflow/.local/lib/python3.12/site-packages/airflow/example_dags/example_python_decorator.py took 0.078 seconds
[2025-04-26T22:39:48.192+0000] {processor.py:186} INFO - Started process (PID=1282) to work on /home/airflow/.local/lib/python3.12/site-packages/airflow/example_dags/example_python_decorator.py
[2025-04-26T22:39:48.193+0000] {processor.py:914} INFO - Processing file /home/airflow/.local/lib/python3.12/site-packages/airflow/example_dags/example_python_decorator.py for tasks to queue
[2025-04-26T22:39:48.196+0000] {logging_mixin.py:190} INFO - [2025-04-26T22:39:48.195+0000] {dagbag.py:588} INFO - Filling up the DagBag from /home/airflow/.local/lib/python3.12/site-packages/airflow/example_dags/example_python_decorator.py
[2025-04-26T22:39:48.216+0000] {processor.py:925} INFO - DAG(s) 'example_python_decorator' retrieved from /home/airflow/.local/lib/python3.12/site-packages/airflow/example_dags/example_python_decorator.py
[2025-04-26T22:39:48.238+0000] {logging_mixin.py:190} INFO - [2025-04-26T22:39:48.238+0000] {dag.py:3239} INFO - Sync 1 DAGs
[2025-04-26T22:39:48.256+0000] {logging_mixin.py:190} INFO - [2025-04-26T22:39:48.256+0000] {dag.py:4180} INFO - Setting next_dagrun for example_python_decorator to None, run_after=None
[2025-04-26T22:39:48.274+0000] {processor.py:208} INFO - Processing /home/airflow/.local/lib/python3.12/site-packages/airflow/example_dags/example_python_decorator.py took 0.089 seconds
