[2025-04-26T22:29:58.984+0000] {processor.py:186} INFO - Started process (PID=92) to work on /home/airflow/.local/lib/python3.12/site-packages/airflow/example_dags/example_external_task_marker_dag.py
[2025-04-26T22:29:58.985+0000] {processor.py:914} INFO - Processing file /home/airflow/.local/lib/python3.12/site-packages/airflow/example_dags/example_external_task_marker_dag.py for tasks to queue
[2025-04-26T22:29:58.988+0000] {logging_mixin.py:190} INFO - [2025-04-26T22:29:58.988+0000] {dagbag.py:588} INFO - Filling up the DagBag from /home/airflow/.local/lib/python3.12/site-packages/airflow/example_dags/example_external_task_marker_dag.py
[2025-04-26T22:29:59.002+0000] {processor.py:925} INFO - DAG(s) 'example_external_task_marker_parent', 'example_external_task_marker_child' retrieved from /home/airflow/.local/lib/python3.12/site-packages/airflow/example_dags/example_external_task_marker_dag.py
[2025-04-26T22:29:59.151+0000] {logging_mixin.py:190} INFO - [2025-04-26T22:29:59.150+0000] {override.py:1912} INFO - Created Permission View: can read on DAG:example_external_task_marker_parent
[2025-04-26T22:29:59.162+0000] {logging_mixin.py:190} INFO - [2025-04-26T22:29:59.161+0000] {override.py:1912} INFO - Created Permission View: can delete on DAG:example_external_task_marker_parent
[2025-04-26T22:29:59.169+0000] {logging_mixin.py:190} INFO - [2025-04-26T22:29:59.168+0000] {override.py:1912} INFO - Created Permission View: can edit on DAG:example_external_task_marker_parent
[2025-04-26T22:29:59.176+0000] {logging_mixin.py:190} INFO - [2025-04-26T22:29:59.176+0000] {override.py:1912} INFO - Created Permission View: can read on DAG Run:example_external_task_marker_parent
[2025-04-26T22:29:59.184+0000] {logging_mixin.py:190} INFO - [2025-04-26T22:29:59.184+0000] {override.py:1912} INFO - Created Permission View: can create on DAG Run:example_external_task_marker_parent
[2025-04-26T22:29:59.191+0000] {logging_mixin.py:190} INFO - [2025-04-26T22:29:59.191+0000] {override.py:1912} INFO - Created Permission View: can delete on DAG Run:example_external_task_marker_parent
[2025-04-26T22:29:59.197+0000] {logging_mixin.py:190} INFO - [2025-04-26T22:29:59.197+0000] {override.py:1912} INFO - Created Permission View: menu access on DAG Run:example_external_task_marker_parent
[2025-04-26T22:29:59.213+0000] {logging_mixin.py:190} INFO - [2025-04-26T22:29:59.212+0000] {override.py:1912} INFO - Created Permission View: can read on DAG:example_external_task_marker_child
[2025-04-26T22:29:59.220+0000] {logging_mixin.py:190} INFO - [2025-04-26T22:29:59.220+0000] {override.py:1912} INFO - Created Permission View: can delete on DAG:example_external_task_marker_child
[2025-04-26T22:29:59.228+0000] {logging_mixin.py:190} INFO - [2025-04-26T22:29:59.227+0000] {override.py:1912} INFO - Created Permission View: can edit on DAG:example_external_task_marker_child
[2025-04-26T22:29:59.235+0000] {logging_mixin.py:190} INFO - [2025-04-26T22:29:59.235+0000] {override.py:1912} INFO - Created Permission View: can read on DAG Run:example_external_task_marker_child
[2025-04-26T22:29:59.242+0000] {logging_mixin.py:190} INFO - [2025-04-26T22:29:59.242+0000] {override.py:1912} INFO - Created Permission View: can create on DAG Run:example_external_task_marker_child
[2025-04-26T22:29:59.249+0000] {logging_mixin.py:190} INFO - [2025-04-26T22:29:59.249+0000] {override.py:1912} INFO - Created Permission View: can delete on DAG Run:example_external_task_marker_child
[2025-04-26T22:29:59.256+0000] {logging_mixin.py:190} INFO - [2025-04-26T22:29:59.256+0000] {override.py:1912} INFO - Created Permission View: menu access on DAG Run:example_external_task_marker_child
[2025-04-26T22:29:59.257+0000] {logging_mixin.py:190} INFO - [2025-04-26T22:29:59.257+0000] {dag.py:3239} INFO - Sync 2 DAGs
[2025-04-26T22:29:59.276+0000] {logging_mixin.py:190} INFO - [2025-04-26T22:29:59.276+0000] {dag.py:3262} INFO - Creating ORM DAG for example_external_task_marker_child
[2025-04-26T22:29:59.277+0000] {logging_mixin.py:190} INFO - [2025-04-26T22:29:59.277+0000] {dag.py:3262} INFO - Creating ORM DAG for example_external_task_marker_parent
[2025-04-26T22:29:59.278+0000] {logging_mixin.py:190} INFO - [2025-04-26T22:29:59.278+0000] {dag.py:4180} INFO - Setting next_dagrun for example_external_task_marker_child to None, run_after=None
[2025-04-26T22:29:59.279+0000] {logging_mixin.py:190} INFO - [2025-04-26T22:29:59.278+0000] {dag.py:4180} INFO - Setting next_dagrun for example_external_task_marker_parent to None, run_after=None
[2025-04-26T22:29:59.299+0000] {processor.py:208} INFO - Processing /home/airflow/.local/lib/python3.12/site-packages/airflow/example_dags/example_external_task_marker_dag.py took 0.323 seconds
[2025-04-26T22:30:29.460+0000] {processor.py:186} INFO - Started process (PID=155) to work on /home/airflow/.local/lib/python3.12/site-packages/airflow/example_dags/example_external_task_marker_dag.py
[2025-04-26T22:30:29.462+0000] {processor.py:914} INFO - Processing file /home/airflow/.local/lib/python3.12/site-packages/airflow/example_dags/example_external_task_marker_dag.py for tasks to queue
[2025-04-26T22:30:29.464+0000] {logging_mixin.py:190} INFO - [2025-04-26T22:30:29.464+0000] {dagbag.py:588} INFO - Filling up the DagBag from /home/airflow/.local/lib/python3.12/site-packages/airflow/example_dags/example_external_task_marker_dag.py
[2025-04-26T22:30:29.473+0000] {processor.py:925} INFO - DAG(s) 'example_external_task_marker_child', 'example_external_task_marker_parent' retrieved from /home/airflow/.local/lib/python3.12/site-packages/airflow/example_dags/example_external_task_marker_dag.py
[2025-04-26T22:30:29.495+0000] {logging_mixin.py:190} INFO - [2025-04-26T22:30:29.495+0000] {dag.py:3239} INFO - Sync 2 DAGs
[2025-04-26T22:30:29.510+0000] {logging_mixin.py:190} INFO - [2025-04-26T22:30:29.509+0000] {dag.py:4180} INFO - Setting next_dagrun for example_external_task_marker_child to None, run_after=None
[2025-04-26T22:30:29.513+0000] {logging_mixin.py:190} INFO - [2025-04-26T22:30:29.513+0000] {dag.py:4180} INFO - Setting next_dagrun for example_external_task_marker_parent to None, run_after=None
[2025-04-26T22:30:29.526+0000] {processor.py:208} INFO - Processing /home/airflow/.local/lib/python3.12/site-packages/airflow/example_dags/example_external_task_marker_dag.py took 0.073 seconds
[2025-04-26T22:31:00.036+0000] {processor.py:186} INFO - Started process (PID=218) to work on /home/airflow/.local/lib/python3.12/site-packages/airflow/example_dags/example_external_task_marker_dag.py
[2025-04-26T22:31:00.037+0000] {processor.py:914} INFO - Processing file /home/airflow/.local/lib/python3.12/site-packages/airflow/example_dags/example_external_task_marker_dag.py for tasks to queue
[2025-04-26T22:31:00.041+0000] {logging_mixin.py:190} INFO - [2025-04-26T22:31:00.040+0000] {dagbag.py:588} INFO - Filling up the DagBag from /home/airflow/.local/lib/python3.12/site-packages/airflow/example_dags/example_external_task_marker_dag.py
[2025-04-26T22:31:00.053+0000] {processor.py:925} INFO - DAG(s) 'example_external_task_marker_child', 'example_external_task_marker_parent' retrieved from /home/airflow/.local/lib/python3.12/site-packages/airflow/example_dags/example_external_task_marker_dag.py
[2025-04-26T22:31:00.085+0000] {logging_mixin.py:190} INFO - [2025-04-26T22:31:00.084+0000] {dag.py:3239} INFO - Sync 2 DAGs
[2025-04-26T22:31:00.108+0000] {logging_mixin.py:190} INFO - [2025-04-26T22:31:00.108+0000] {dag.py:4180} INFO - Setting next_dagrun for example_external_task_marker_child to None, run_after=None
[2025-04-26T22:31:00.114+0000] {logging_mixin.py:190} INFO - [2025-04-26T22:31:00.114+0000] {dag.py:4180} INFO - Setting next_dagrun for example_external_task_marker_parent to None, run_after=None
[2025-04-26T22:31:00.135+0000] {processor.py:208} INFO - Processing /home/airflow/.local/lib/python3.12/site-packages/airflow/example_dags/example_external_task_marker_dag.py took 0.106 seconds
[2025-04-26T22:31:30.358+0000] {processor.py:186} INFO - Started process (PID=281) to work on /home/airflow/.local/lib/python3.12/site-packages/airflow/example_dags/example_external_task_marker_dag.py
[2025-04-26T22:31:30.359+0000] {processor.py:914} INFO - Processing file /home/airflow/.local/lib/python3.12/site-packages/airflow/example_dags/example_external_task_marker_dag.py for tasks to queue
[2025-04-26T22:31:30.362+0000] {logging_mixin.py:190} INFO - [2025-04-26T22:31:30.361+0000] {dagbag.py:588} INFO - Filling up the DagBag from /home/airflow/.local/lib/python3.12/site-packages/airflow/example_dags/example_external_task_marker_dag.py
[2025-04-26T22:31:30.370+0000] {processor.py:925} INFO - DAG(s) 'example_external_task_marker_parent', 'example_external_task_marker_child' retrieved from /home/airflow/.local/lib/python3.12/site-packages/airflow/example_dags/example_external_task_marker_dag.py
[2025-04-26T22:31:30.395+0000] {logging_mixin.py:190} INFO - [2025-04-26T22:31:30.395+0000] {dag.py:3239} INFO - Sync 2 DAGs
[2025-04-26T22:31:30.411+0000] {logging_mixin.py:190} INFO - [2025-04-26T22:31:30.410+0000] {dag.py:4180} INFO - Setting next_dagrun for example_external_task_marker_child to None, run_after=None
[2025-04-26T22:31:30.415+0000] {logging_mixin.py:190} INFO - [2025-04-26T22:31:30.415+0000] {dag.py:4180} INFO - Setting next_dagrun for example_external_task_marker_parent to None, run_after=None
[2025-04-26T22:31:30.430+0000] {processor.py:208} INFO - Processing /home/airflow/.local/lib/python3.12/site-packages/airflow/example_dags/example_external_task_marker_dag.py took 0.078 seconds
[2025-04-26T22:32:01.485+0000] {processor.py:186} INFO - Started process (PID=344) to work on /home/airflow/.local/lib/python3.12/site-packages/airflow/example_dags/example_external_task_marker_dag.py
[2025-04-26T22:32:01.486+0000] {processor.py:914} INFO - Processing file /home/airflow/.local/lib/python3.12/site-packages/airflow/example_dags/example_external_task_marker_dag.py for tasks to queue
[2025-04-26T22:32:01.488+0000] {logging_mixin.py:190} INFO - [2025-04-26T22:32:01.488+0000] {dagbag.py:588} INFO - Filling up the DagBag from /home/airflow/.local/lib/python3.12/site-packages/airflow/example_dags/example_external_task_marker_dag.py
[2025-04-26T22:32:01.498+0000] {processor.py:925} INFO - DAG(s) 'example_external_task_marker_parent', 'example_external_task_marker_child' retrieved from /home/airflow/.local/lib/python3.12/site-packages/airflow/example_dags/example_external_task_marker_dag.py
[2025-04-26T22:32:01.520+0000] {logging_mixin.py:190} INFO - [2025-04-26T22:32:01.519+0000] {dag.py:3239} INFO - Sync 2 DAGs
[2025-04-26T22:32:01.534+0000] {logging_mixin.py:190} INFO - [2025-04-26T22:32:01.534+0000] {dag.py:4180} INFO - Setting next_dagrun for example_external_task_marker_child to None, run_after=None
[2025-04-26T22:32:01.538+0000] {logging_mixin.py:190} INFO - [2025-04-26T22:32:01.538+0000] {dag.py:4180} INFO - Setting next_dagrun for example_external_task_marker_parent to None, run_after=None
[2025-04-26T22:32:01.552+0000] {processor.py:208} INFO - Processing /home/airflow/.local/lib/python3.12/site-packages/airflow/example_dags/example_external_task_marker_dag.py took 0.074 seconds
[2025-04-26T22:32:32.773+0000] {processor.py:186} INFO - Started process (PID=407) to work on /home/airflow/.local/lib/python3.12/site-packages/airflow/example_dags/example_external_task_marker_dag.py
[2025-04-26T22:32:32.775+0000] {processor.py:914} INFO - Processing file /home/airflow/.local/lib/python3.12/site-packages/airflow/example_dags/example_external_task_marker_dag.py for tasks to queue
[2025-04-26T22:32:32.778+0000] {logging_mixin.py:190} INFO - [2025-04-26T22:32:32.777+0000] {dagbag.py:588} INFO - Filling up the DagBag from /home/airflow/.local/lib/python3.12/site-packages/airflow/example_dags/example_external_task_marker_dag.py
[2025-04-26T22:32:32.787+0000] {processor.py:925} INFO - DAG(s) 'example_external_task_marker_child', 'example_external_task_marker_parent' retrieved from /home/airflow/.local/lib/python3.12/site-packages/airflow/example_dags/example_external_task_marker_dag.py
[2025-04-26T22:32:32.812+0000] {logging_mixin.py:190} INFO - [2025-04-26T22:32:32.812+0000] {dag.py:3239} INFO - Sync 2 DAGs
[2025-04-26T22:32:32.827+0000] {logging_mixin.py:190} INFO - [2025-04-26T22:32:32.826+0000] {dag.py:4180} INFO - Setting next_dagrun for example_external_task_marker_child to None, run_after=None
[2025-04-26T22:32:32.830+0000] {logging_mixin.py:190} INFO - [2025-04-26T22:32:32.830+0000] {dag.py:4180} INFO - Setting next_dagrun for example_external_task_marker_parent to None, run_after=None
[2025-04-26T22:32:32.843+0000] {processor.py:208} INFO - Processing /home/airflow/.local/lib/python3.12/site-packages/airflow/example_dags/example_external_task_marker_dag.py took 0.077 seconds
[2025-04-26T22:33:03.888+0000] {processor.py:186} INFO - Started process (PID=470) to work on /home/airflow/.local/lib/python3.12/site-packages/airflow/example_dags/example_external_task_marker_dag.py
[2025-04-26T22:33:03.889+0000] {processor.py:914} INFO - Processing file /home/airflow/.local/lib/python3.12/site-packages/airflow/example_dags/example_external_task_marker_dag.py for tasks to queue
[2025-04-26T22:33:03.892+0000] {logging_mixin.py:190} INFO - [2025-04-26T22:33:03.891+0000] {dagbag.py:588} INFO - Filling up the DagBag from /home/airflow/.local/lib/python3.12/site-packages/airflow/example_dags/example_external_task_marker_dag.py
[2025-04-26T22:33:03.900+0000] {processor.py:925} INFO - DAG(s) 'example_external_task_marker_child', 'example_external_task_marker_parent' retrieved from /home/airflow/.local/lib/python3.12/site-packages/airflow/example_dags/example_external_task_marker_dag.py
[2025-04-26T22:33:03.925+0000] {logging_mixin.py:190} INFO - [2025-04-26T22:33:03.925+0000] {dag.py:3239} INFO - Sync 2 DAGs
[2025-04-26T22:33:03.940+0000] {logging_mixin.py:190} INFO - [2025-04-26T22:33:03.940+0000] {dag.py:4180} INFO - Setting next_dagrun for example_external_task_marker_child to None, run_after=None
[2025-04-26T22:33:03.944+0000] {logging_mixin.py:190} INFO - [2025-04-26T22:33:03.944+0000] {dag.py:4180} INFO - Setting next_dagrun for example_external_task_marker_parent to None, run_after=None
[2025-04-26T22:33:03.958+0000] {processor.py:208} INFO - Processing /home/airflow/.local/lib/python3.12/site-packages/airflow/example_dags/example_external_task_marker_dag.py took 0.077 seconds
[2025-04-26T22:33:35.361+0000] {processor.py:186} INFO - Started process (PID=533) to work on /home/airflow/.local/lib/python3.12/site-packages/airflow/example_dags/example_external_task_marker_dag.py
[2025-04-26T22:33:35.363+0000] {processor.py:914} INFO - Processing file /home/airflow/.local/lib/python3.12/site-packages/airflow/example_dags/example_external_task_marker_dag.py for tasks to queue
[2025-04-26T22:33:35.365+0000] {logging_mixin.py:190} INFO - [2025-04-26T22:33:35.365+0000] {dagbag.py:588} INFO - Filling up the DagBag from /home/airflow/.local/lib/python3.12/site-packages/airflow/example_dags/example_external_task_marker_dag.py
[2025-04-26T22:33:35.374+0000] {processor.py:925} INFO - DAG(s) 'example_external_task_marker_parent', 'example_external_task_marker_child' retrieved from /home/airflow/.local/lib/python3.12/site-packages/airflow/example_dags/example_external_task_marker_dag.py
[2025-04-26T22:33:35.395+0000] {logging_mixin.py:190} INFO - [2025-04-26T22:33:35.395+0000] {dag.py:3239} INFO - Sync 2 DAGs
[2025-04-26T22:33:35.410+0000] {logging_mixin.py:190} INFO - [2025-04-26T22:33:35.410+0000] {dag.py:4180} INFO - Setting next_dagrun for example_external_task_marker_child to None, run_after=None
[2025-04-26T22:33:35.413+0000] {logging_mixin.py:190} INFO - [2025-04-26T22:33:35.413+0000] {dag.py:4180} INFO - Setting next_dagrun for example_external_task_marker_parent to None, run_after=None
[2025-04-26T22:33:35.427+0000] {processor.py:208} INFO - Processing /home/airflow/.local/lib/python3.12/site-packages/airflow/example_dags/example_external_task_marker_dag.py took 0.072 seconds
[2025-04-26T22:34:06.363+0000] {processor.py:186} INFO - Started process (PID=596) to work on /home/airflow/.local/lib/python3.12/site-packages/airflow/example_dags/example_external_task_marker_dag.py
[2025-04-26T22:34:06.364+0000] {processor.py:914} INFO - Processing file /home/airflow/.local/lib/python3.12/site-packages/airflow/example_dags/example_external_task_marker_dag.py for tasks to queue
[2025-04-26T22:34:06.366+0000] {logging_mixin.py:190} INFO - [2025-04-26T22:34:06.366+0000] {dagbag.py:588} INFO - Filling up the DagBag from /home/airflow/.local/lib/python3.12/site-packages/airflow/example_dags/example_external_task_marker_dag.py
[2025-04-26T22:34:06.376+0000] {processor.py:925} INFO - DAG(s) 'example_external_task_marker_child', 'example_external_task_marker_parent' retrieved from /home/airflow/.local/lib/python3.12/site-packages/airflow/example_dags/example_external_task_marker_dag.py
[2025-04-26T22:34:06.399+0000] {logging_mixin.py:190} INFO - [2025-04-26T22:34:06.398+0000] {dag.py:3239} INFO - Sync 2 DAGs
[2025-04-26T22:34:06.413+0000] {logging_mixin.py:190} INFO - [2025-04-26T22:34:06.413+0000] {dag.py:4180} INFO - Setting next_dagrun for example_external_task_marker_child to None, run_after=None
[2025-04-26T22:34:06.417+0000] {logging_mixin.py:190} INFO - [2025-04-26T22:34:06.417+0000] {dag.py:4180} INFO - Setting next_dagrun for example_external_task_marker_parent to None, run_after=None
[2025-04-26T22:34:06.431+0000] {processor.py:208} INFO - Processing /home/airflow/.local/lib/python3.12/site-packages/airflow/example_dags/example_external_task_marker_dag.py took 0.075 seconds
[2025-04-26T22:34:37.883+0000] {processor.py:186} INFO - Started process (PID=659) to work on /home/airflow/.local/lib/python3.12/site-packages/airflow/example_dags/example_external_task_marker_dag.py
[2025-04-26T22:34:37.884+0000] {processor.py:914} INFO - Processing file /home/airflow/.local/lib/python3.12/site-packages/airflow/example_dags/example_external_task_marker_dag.py for tasks to queue
[2025-04-26T22:34:37.886+0000] {logging_mixin.py:190} INFO - [2025-04-26T22:34:37.886+0000] {dagbag.py:588} INFO - Filling up the DagBag from /home/airflow/.local/lib/python3.12/site-packages/airflow/example_dags/example_external_task_marker_dag.py
[2025-04-26T22:34:37.895+0000] {processor.py:925} INFO - DAG(s) 'example_external_task_marker_parent', 'example_external_task_marker_child' retrieved from /home/airflow/.local/lib/python3.12/site-packages/airflow/example_dags/example_external_task_marker_dag.py
[2025-04-26T22:34:37.918+0000] {logging_mixin.py:190} INFO - [2025-04-26T22:34:37.917+0000] {dag.py:3239} INFO - Sync 2 DAGs
[2025-04-26T22:34:37.932+0000] {logging_mixin.py:190} INFO - [2025-04-26T22:34:37.932+0000] {dag.py:4180} INFO - Setting next_dagrun for example_external_task_marker_child to None, run_after=None
[2025-04-26T22:34:37.936+0000] {logging_mixin.py:190} INFO - [2025-04-26T22:34:37.936+0000] {dag.py:4180} INFO - Setting next_dagrun for example_external_task_marker_parent to None, run_after=None
[2025-04-26T22:34:37.950+0000] {processor.py:208} INFO - Processing /home/airflow/.local/lib/python3.12/site-packages/airflow/example_dags/example_external_task_marker_dag.py took 0.074 seconds
[2025-04-26T22:35:09.099+0000] {processor.py:186} INFO - Started process (PID=723) to work on /home/airflow/.local/lib/python3.12/site-packages/airflow/example_dags/example_external_task_marker_dag.py
[2025-04-26T22:35:09.099+0000] {processor.py:914} INFO - Processing file /home/airflow/.local/lib/python3.12/site-packages/airflow/example_dags/example_external_task_marker_dag.py for tasks to queue
[2025-04-26T22:35:09.102+0000] {logging_mixin.py:190} INFO - [2025-04-26T22:35:09.102+0000] {dagbag.py:588} INFO - Filling up the DagBag from /home/airflow/.local/lib/python3.12/site-packages/airflow/example_dags/example_external_task_marker_dag.py
[2025-04-26T22:35:09.111+0000] {processor.py:925} INFO - DAG(s) 'example_external_task_marker_parent', 'example_external_task_marker_child' retrieved from /home/airflow/.local/lib/python3.12/site-packages/airflow/example_dags/example_external_task_marker_dag.py
[2025-04-26T22:35:09.133+0000] {logging_mixin.py:190} INFO - [2025-04-26T22:35:09.133+0000] {dag.py:3239} INFO - Sync 2 DAGs
[2025-04-26T22:35:09.148+0000] {logging_mixin.py:190} INFO - [2025-04-26T22:35:09.148+0000] {dag.py:4180} INFO - Setting next_dagrun for example_external_task_marker_child to None, run_after=None
[2025-04-26T22:35:09.153+0000] {logging_mixin.py:190} INFO - [2025-04-26T22:35:09.153+0000] {dag.py:4180} INFO - Setting next_dagrun for example_external_task_marker_parent to None, run_after=None
[2025-04-26T22:35:09.168+0000] {processor.py:208} INFO - Processing /home/airflow/.local/lib/python3.12/site-packages/airflow/example_dags/example_external_task_marker_dag.py took 0.076 seconds
[2025-04-26T22:35:40.416+0000] {processor.py:186} INFO - Started process (PID=787) to work on /home/airflow/.local/lib/python3.12/site-packages/airflow/example_dags/example_external_task_marker_dag.py
[2025-04-26T22:35:40.417+0000] {processor.py:914} INFO - Processing file /home/airflow/.local/lib/python3.12/site-packages/airflow/example_dags/example_external_task_marker_dag.py for tasks to queue
[2025-04-26T22:35:40.420+0000] {logging_mixin.py:190} INFO - [2025-04-26T22:35:40.419+0000] {dagbag.py:588} INFO - Filling up the DagBag from /home/airflow/.local/lib/python3.12/site-packages/airflow/example_dags/example_external_task_marker_dag.py
[2025-04-26T22:35:40.429+0000] {processor.py:925} INFO - DAG(s) 'example_external_task_marker_parent', 'example_external_task_marker_child' retrieved from /home/airflow/.local/lib/python3.12/site-packages/airflow/example_dags/example_external_task_marker_dag.py
[2025-04-26T22:35:40.451+0000] {logging_mixin.py:190} INFO - [2025-04-26T22:35:40.451+0000] {dag.py:3239} INFO - Sync 2 DAGs
[2025-04-26T22:35:40.466+0000] {logging_mixin.py:190} INFO - [2025-04-26T22:35:40.466+0000] {dag.py:4180} INFO - Setting next_dagrun for example_external_task_marker_child to None, run_after=None
[2025-04-26T22:35:40.469+0000] {logging_mixin.py:190} INFO - [2025-04-26T22:35:40.469+0000] {dag.py:4180} INFO - Setting next_dagrun for example_external_task_marker_parent to None, run_after=None
[2025-04-26T22:35:40.484+0000] {processor.py:208} INFO - Processing /home/airflow/.local/lib/python3.12/site-packages/airflow/example_dags/example_external_task_marker_dag.py took 0.074 seconds
[2025-04-26T22:36:11.202+0000] {processor.py:186} INFO - Started process (PID=851) to work on /home/airflow/.local/lib/python3.12/site-packages/airflow/example_dags/example_external_task_marker_dag.py
[2025-04-26T22:36:11.204+0000] {processor.py:914} INFO - Processing file /home/airflow/.local/lib/python3.12/site-packages/airflow/example_dags/example_external_task_marker_dag.py for tasks to queue
[2025-04-26T22:36:11.206+0000] {logging_mixin.py:190} INFO - [2025-04-26T22:36:11.206+0000] {dagbag.py:588} INFO - Filling up the DagBag from /home/airflow/.local/lib/python3.12/site-packages/airflow/example_dags/example_external_task_marker_dag.py
[2025-04-26T22:36:11.215+0000] {processor.py:925} INFO - DAG(s) 'example_external_task_marker_parent', 'example_external_task_marker_child' retrieved from /home/airflow/.local/lib/python3.12/site-packages/airflow/example_dags/example_external_task_marker_dag.py
[2025-04-26T22:36:11.237+0000] {logging_mixin.py:190} INFO - [2025-04-26T22:36:11.237+0000] {dag.py:3239} INFO - Sync 2 DAGs
[2025-04-26T22:36:11.252+0000] {logging_mixin.py:190} INFO - [2025-04-26T22:36:11.252+0000] {dag.py:4180} INFO - Setting next_dagrun for example_external_task_marker_child to None, run_after=None
[2025-04-26T22:36:11.256+0000] {logging_mixin.py:190} INFO - [2025-04-26T22:36:11.256+0000] {dag.py:4180} INFO - Setting next_dagrun for example_external_task_marker_parent to None, run_after=None
[2025-04-26T22:36:11.270+0000] {processor.py:208} INFO - Processing /home/airflow/.local/lib/python3.12/site-packages/airflow/example_dags/example_external_task_marker_dag.py took 0.074 seconds
[2025-04-26T22:36:42.320+0000] {processor.py:186} INFO - Started process (PID=915) to work on /home/airflow/.local/lib/python3.12/site-packages/airflow/example_dags/example_external_task_marker_dag.py
[2025-04-26T22:36:42.321+0000] {processor.py:914} INFO - Processing file /home/airflow/.local/lib/python3.12/site-packages/airflow/example_dags/example_external_task_marker_dag.py for tasks to queue
[2025-04-26T22:36:42.325+0000] {logging_mixin.py:190} INFO - [2025-04-26T22:36:42.324+0000] {dagbag.py:588} INFO - Filling up the DagBag from /home/airflow/.local/lib/python3.12/site-packages/airflow/example_dags/example_external_task_marker_dag.py
[2025-04-26T22:36:42.337+0000] {processor.py:925} INFO - DAG(s) 'example_external_task_marker_child', 'example_external_task_marker_parent' retrieved from /home/airflow/.local/lib/python3.12/site-packages/airflow/example_dags/example_external_task_marker_dag.py
[2025-04-26T22:36:42.361+0000] {logging_mixin.py:190} INFO - [2025-04-26T22:36:42.361+0000] {dag.py:3239} INFO - Sync 2 DAGs
[2025-04-26T22:36:42.378+0000] {logging_mixin.py:190} INFO - [2025-04-26T22:36:42.378+0000] {dag.py:4180} INFO - Setting next_dagrun for example_external_task_marker_child to None, run_after=None
[2025-04-26T22:36:42.382+0000] {logging_mixin.py:190} INFO - [2025-04-26T22:36:42.382+0000] {dag.py:4180} INFO - Setting next_dagrun for example_external_task_marker_parent to None, run_after=None
[2025-04-26T22:36:42.397+0000] {processor.py:208} INFO - Processing /home/airflow/.local/lib/python3.12/site-packages/airflow/example_dags/example_external_task_marker_dag.py took 0.084 seconds
[2025-04-26T22:37:13.040+0000] {processor.py:186} INFO - Started process (PID=979) to work on /home/airflow/.local/lib/python3.12/site-packages/airflow/example_dags/example_external_task_marker_dag.py
[2025-04-26T22:37:13.041+0000] {processor.py:914} INFO - Processing file /home/airflow/.local/lib/python3.12/site-packages/airflow/example_dags/example_external_task_marker_dag.py for tasks to queue
[2025-04-26T22:37:13.044+0000] {logging_mixin.py:190} INFO - [2025-04-26T22:37:13.043+0000] {dagbag.py:588} INFO - Filling up the DagBag from /home/airflow/.local/lib/python3.12/site-packages/airflow/example_dags/example_external_task_marker_dag.py
[2025-04-26T22:37:13.053+0000] {processor.py:925} INFO - DAG(s) 'example_external_task_marker_child', 'example_external_task_marker_parent' retrieved from /home/airflow/.local/lib/python3.12/site-packages/airflow/example_dags/example_external_task_marker_dag.py
[2025-04-26T22:37:13.082+0000] {logging_mixin.py:190} INFO - [2025-04-26T22:37:13.082+0000] {dag.py:3239} INFO - Sync 2 DAGs
[2025-04-26T22:37:13.097+0000] {logging_mixin.py:190} INFO - [2025-04-26T22:37:13.097+0000] {dag.py:4180} INFO - Setting next_dagrun for example_external_task_marker_child to None, run_after=None
[2025-04-26T22:37:13.100+0000] {logging_mixin.py:190} INFO - [2025-04-26T22:37:13.100+0000] {dag.py:4180} INFO - Setting next_dagrun for example_external_task_marker_parent to None, run_after=None
[2025-04-26T22:37:13.115+0000] {processor.py:208} INFO - Processing /home/airflow/.local/lib/python3.12/site-packages/airflow/example_dags/example_external_task_marker_dag.py took 0.083 seconds
[2025-04-26T22:37:44.187+0000] {processor.py:186} INFO - Started process (PID=1043) to work on /home/airflow/.local/lib/python3.12/site-packages/airflow/example_dags/example_external_task_marker_dag.py
[2025-04-26T22:37:44.187+0000] {processor.py:914} INFO - Processing file /home/airflow/.local/lib/python3.12/site-packages/airflow/example_dags/example_external_task_marker_dag.py for tasks to queue
[2025-04-26T22:37:44.190+0000] {logging_mixin.py:190} INFO - [2025-04-26T22:37:44.189+0000] {dagbag.py:588} INFO - Filling up the DagBag from /home/airflow/.local/lib/python3.12/site-packages/airflow/example_dags/example_external_task_marker_dag.py
[2025-04-26T22:37:44.198+0000] {processor.py:925} INFO - DAG(s) 'example_external_task_marker_parent', 'example_external_task_marker_child' retrieved from /home/airflow/.local/lib/python3.12/site-packages/airflow/example_dags/example_external_task_marker_dag.py
[2025-04-26T22:37:44.223+0000] {logging_mixin.py:190} INFO - [2025-04-26T22:37:44.223+0000] {dag.py:3239} INFO - Sync 2 DAGs
[2025-04-26T22:37:44.239+0000] {logging_mixin.py:190} INFO - [2025-04-26T22:37:44.239+0000] {dag.py:4180} INFO - Setting next_dagrun for example_external_task_marker_child to None, run_after=None
[2025-04-26T22:37:44.243+0000] {logging_mixin.py:190} INFO - [2025-04-26T22:37:44.243+0000] {dag.py:4180} INFO - Setting next_dagrun for example_external_task_marker_parent to None, run_after=None
[2025-04-26T22:37:44.257+0000] {processor.py:208} INFO - Processing /home/airflow/.local/lib/python3.12/site-packages/airflow/example_dags/example_external_task_marker_dag.py took 0.077 seconds
[2025-04-26T22:38:15.635+0000] {processor.py:186} INFO - Started process (PID=1107) to work on /home/airflow/.local/lib/python3.12/site-packages/airflow/example_dags/example_external_task_marker_dag.py
[2025-04-26T22:38:15.636+0000] {processor.py:914} INFO - Processing file /home/airflow/.local/lib/python3.12/site-packages/airflow/example_dags/example_external_task_marker_dag.py for tasks to queue
[2025-04-26T22:38:15.639+0000] {logging_mixin.py:190} INFO - [2025-04-26T22:38:15.638+0000] {dagbag.py:588} INFO - Filling up the DagBag from /home/airflow/.local/lib/python3.12/site-packages/airflow/example_dags/example_external_task_marker_dag.py
[2025-04-26T22:38:15.648+0000] {processor.py:925} INFO - DAG(s) 'example_external_task_marker_parent', 'example_external_task_marker_child' retrieved from /home/airflow/.local/lib/python3.12/site-packages/airflow/example_dags/example_external_task_marker_dag.py
[2025-04-26T22:38:15.669+0000] {logging_mixin.py:190} INFO - [2025-04-26T22:38:15.669+0000] {dag.py:3239} INFO - Sync 2 DAGs
[2025-04-26T22:38:15.684+0000] {logging_mixin.py:190} INFO - [2025-04-26T22:38:15.684+0000] {dag.py:4180} INFO - Setting next_dagrun for example_external_task_marker_child to None, run_after=None
[2025-04-26T22:38:15.688+0000] {logging_mixin.py:190} INFO - [2025-04-26T22:38:15.687+0000] {dag.py:4180} INFO - Setting next_dagrun for example_external_task_marker_parent to None, run_after=None
[2025-04-26T22:38:15.703+0000] {processor.py:208} INFO - Processing /home/airflow/.local/lib/python3.12/site-packages/airflow/example_dags/example_external_task_marker_dag.py took 0.074 seconds
[2025-04-26T22:38:47.583+0000] {processor.py:186} INFO - Started process (PID=1171) to work on /home/airflow/.local/lib/python3.12/site-packages/airflow/example_dags/example_external_task_marker_dag.py
[2025-04-26T22:38:47.585+0000] {processor.py:914} INFO - Processing file /home/airflow/.local/lib/python3.12/site-packages/airflow/example_dags/example_external_task_marker_dag.py for tasks to queue
[2025-04-26T22:38:47.589+0000] {logging_mixin.py:190} INFO - [2025-04-26T22:38:47.588+0000] {dagbag.py:588} INFO - Filling up the DagBag from /home/airflow/.local/lib/python3.12/site-packages/airflow/example_dags/example_external_task_marker_dag.py
[2025-04-26T22:38:47.601+0000] {processor.py:925} INFO - DAG(s) 'example_external_task_marker_parent', 'example_external_task_marker_child' retrieved from /home/airflow/.local/lib/python3.12/site-packages/airflow/example_dags/example_external_task_marker_dag.py
[2025-04-26T22:38:47.624+0000] {logging_mixin.py:190} INFO - [2025-04-26T22:38:47.624+0000] {dag.py:3239} INFO - Sync 2 DAGs
[2025-04-26T22:38:47.640+0000] {logging_mixin.py:190} INFO - [2025-04-26T22:38:47.639+0000] {dag.py:4180} INFO - Setting next_dagrun for example_external_task_marker_child to None, run_after=None
[2025-04-26T22:38:47.643+0000] {logging_mixin.py:190} INFO - [2025-04-26T22:38:47.643+0000] {dag.py:4180} INFO - Setting next_dagrun for example_external_task_marker_parent to None, run_after=None
[2025-04-26T22:38:47.659+0000] {processor.py:208} INFO - Processing /home/airflow/.local/lib/python3.12/site-packages/airflow/example_dags/example_external_task_marker_dag.py took 0.086 seconds
[2025-04-26T22:39:18.034+0000] {processor.py:186} INFO - Started process (PID=1235) to work on /home/airflow/.local/lib/python3.12/site-packages/airflow/example_dags/example_external_task_marker_dag.py
[2025-04-26T22:39:18.035+0000] {processor.py:914} INFO - Processing file /home/airflow/.local/lib/python3.12/site-packages/airflow/example_dags/example_external_task_marker_dag.py for tasks to queue
[2025-04-26T22:39:18.038+0000] {logging_mixin.py:190} INFO - [2025-04-26T22:39:18.038+0000] {dagbag.py:588} INFO - Filling up the DagBag from /home/airflow/.local/lib/python3.12/site-packages/airflow/example_dags/example_external_task_marker_dag.py
[2025-04-26T22:39:18.051+0000] {processor.py:925} INFO - DAG(s) 'example_external_task_marker_child', 'example_external_task_marker_parent' retrieved from /home/airflow/.local/lib/python3.12/site-packages/airflow/example_dags/example_external_task_marker_dag.py
[2025-04-26T22:39:18.082+0000] {logging_mixin.py:190} INFO - [2025-04-26T22:39:18.082+0000] {dag.py:3239} INFO - Sync 2 DAGs
[2025-04-26T22:39:18.105+0000] {logging_mixin.py:190} INFO - [2025-04-26T22:39:18.105+0000] {dag.py:4180} INFO - Setting next_dagrun for example_external_task_marker_child to None, run_after=None
[2025-04-26T22:39:18.110+0000] {logging_mixin.py:190} INFO - [2025-04-26T22:39:18.110+0000] {dag.py:4180} INFO - Setting next_dagrun for example_external_task_marker_parent to None, run_after=None
[2025-04-26T22:39:18.130+0000] {processor.py:208} INFO - Processing /home/airflow/.local/lib/python3.12/site-packages/airflow/example_dags/example_external_task_marker_dag.py took 0.106 seconds
[2025-04-26T22:39:49.442+0000] {processor.py:186} INFO - Started process (PID=1299) to work on /home/airflow/.local/lib/python3.12/site-packages/airflow/example_dags/example_external_task_marker_dag.py
[2025-04-26T22:39:49.444+0000] {processor.py:914} INFO - Processing file /home/airflow/.local/lib/python3.12/site-packages/airflow/example_dags/example_external_task_marker_dag.py for tasks to queue
[2025-04-26T22:39:49.446+0000] {logging_mixin.py:190} INFO - [2025-04-26T22:39:49.446+0000] {dagbag.py:588} INFO - Filling up the DagBag from /home/airflow/.local/lib/python3.12/site-packages/airflow/example_dags/example_external_task_marker_dag.py
[2025-04-26T22:39:49.455+0000] {processor.py:925} INFO - DAG(s) 'example_external_task_marker_parent', 'example_external_task_marker_child' retrieved from /home/airflow/.local/lib/python3.12/site-packages/airflow/example_dags/example_external_task_marker_dag.py
[2025-04-26T22:39:49.476+0000] {logging_mixin.py:190} INFO - [2025-04-26T22:39:49.476+0000] {dag.py:3239} INFO - Sync 2 DAGs
[2025-04-26T22:39:49.491+0000] {logging_mixin.py:190} INFO - [2025-04-26T22:39:49.491+0000] {dag.py:4180} INFO - Setting next_dagrun for example_external_task_marker_child to None, run_after=None
[2025-04-26T22:39:49.494+0000] {logging_mixin.py:190} INFO - [2025-04-26T22:39:49.494+0000] {dag.py:4180} INFO - Setting next_dagrun for example_external_task_marker_parent to None, run_after=None
[2025-04-26T22:39:49.508+0000] {processor.py:208} INFO - Processing /home/airflow/.local/lib/python3.12/site-packages/airflow/example_dags/example_external_task_marker_dag.py took 0.072 seconds
