[2025-04-26T22:29:54.923+0000] {processor.py:186} INFO - Started process (PID=74) to work on /home/airflow/.local/lib/python3.12/site-packages/airflow/example_dags/example_complex.py
[2025-04-26T22:29:54.924+0000] {processor.py:914} INFO - Processing file /home/airflow/.local/lib/python3.12/site-packages/airflow/example_dags/example_complex.py for tasks to queue
[2025-04-26T22:29:54.926+0000] {logging_mixin.py:190} INFO - [2025-04-26T22:29:54.926+0000] {dagbag.py:588} INFO - Filling up the DagBag from /home/airflow/.local/lib/python3.12/site-packages/airflow/example_dags/example_complex.py
[2025-04-26T22:29:54.942+0000] {processor.py:925} INFO - DAG(s) 'example_complex' retrieved from /home/airflow/.local/lib/python3.12/site-packages/airflow/example_dags/example_complex.py
[2025-04-26T22:29:55.066+0000] {logging_mixin.py:190} INFO - [2025-04-26T22:29:55.066+0000] {override.py:1912} INFO - Created Permission View: can read on DAG:example_complex
[2025-04-26T22:29:55.078+0000] {logging_mixin.py:190} INFO - [2025-04-26T22:29:55.077+0000] {override.py:1912} INFO - Created Permission View: can delete on DAG:example_complex
[2025-04-26T22:29:55.089+0000] {logging_mixin.py:190} INFO - [2025-04-26T22:29:55.088+0000] {override.py:1912} INFO - Created Permission View: can edit on DAG:example_complex
[2025-04-26T22:29:55.100+0000] {logging_mixin.py:190} INFO - [2025-04-26T22:29:55.100+0000] {override.py:1912} INFO - Created Permission View: can read on DAG Run:example_complex
[2025-04-26T22:29:55.107+0000] {logging_mixin.py:190} INFO - [2025-04-26T22:29:55.106+0000] {override.py:1912} INFO - Created Permission View: can create on DAG Run:example_complex
[2025-04-26T22:29:55.116+0000] {logging_mixin.py:190} INFO - [2025-04-26T22:29:55.115+0000] {override.py:1912} INFO - Created Permission View: can delete on DAG Run:example_complex
[2025-04-26T22:29:55.123+0000] {logging_mixin.py:190} INFO - [2025-04-26T22:29:55.123+0000] {override.py:1912} INFO - Created Permission View: menu access on DAG Run:example_complex
[2025-04-26T22:29:55.124+0000] {logging_mixin.py:190} INFO - [2025-04-26T22:29:55.124+0000] {dag.py:3239} INFO - Sync 1 DAGs
[2025-04-26T22:29:55.141+0000] {logging_mixin.py:190} INFO - [2025-04-26T22:29:55.141+0000] {dag.py:3262} INFO - Creating ORM DAG for example_complex
[2025-04-26T22:29:55.142+0000] {logging_mixin.py:190} INFO - [2025-04-26T22:29:55.142+0000] {dag.py:4180} INFO - Setting next_dagrun for example_complex to None, run_after=None
[2025-04-26T22:29:55.164+0000] {processor.py:208} INFO - Processing /home/airflow/.local/lib/python3.12/site-packages/airflow/example_dags/example_complex.py took 0.247 seconds
[2025-04-26T22:30:25.520+0000] {processor.py:186} INFO - Started process (PID=137) to work on /home/airflow/.local/lib/python3.12/site-packages/airflow/example_dags/example_complex.py
[2025-04-26T22:30:25.520+0000] {processor.py:914} INFO - Processing file /home/airflow/.local/lib/python3.12/site-packages/airflow/example_dags/example_complex.py for tasks to queue
[2025-04-26T22:30:25.523+0000] {logging_mixin.py:190} INFO - [2025-04-26T22:30:25.522+0000] {dagbag.py:588} INFO - Filling up the DagBag from /home/airflow/.local/lib/python3.12/site-packages/airflow/example_dags/example_complex.py
[2025-04-26T22:30:25.536+0000] {processor.py:925} INFO - DAG(s) 'example_complex' retrieved from /home/airflow/.local/lib/python3.12/site-packages/airflow/example_dags/example_complex.py
[2025-04-26T22:30:25.567+0000] {logging_mixin.py:190} INFO - [2025-04-26T22:30:25.567+0000] {dag.py:3239} INFO - Sync 1 DAGs
[2025-04-26T22:30:25.582+0000] {logging_mixin.py:190} INFO - [2025-04-26T22:30:25.582+0000] {dag.py:4180} INFO - Setting next_dagrun for example_complex to None, run_after=None
[2025-04-26T22:30:25.599+0000] {processor.py:208} INFO - Processing /home/airflow/.local/lib/python3.12/site-packages/airflow/example_dags/example_complex.py took 0.086 seconds
[2025-04-26T22:30:57.116+0000] {processor.py:186} INFO - Started process (PID=200) to work on /home/airflow/.local/lib/python3.12/site-packages/airflow/example_dags/example_complex.py
[2025-04-26T22:30:57.118+0000] {processor.py:914} INFO - Processing file /home/airflow/.local/lib/python3.12/site-packages/airflow/example_dags/example_complex.py for tasks to queue
[2025-04-26T22:30:57.121+0000] {logging_mixin.py:190} INFO - [2025-04-26T22:30:57.121+0000] {dagbag.py:588} INFO - Filling up the DagBag from /home/airflow/.local/lib/python3.12/site-packages/airflow/example_dags/example_complex.py
[2025-04-26T22:30:57.140+0000] {processor.py:925} INFO - DAG(s) 'example_complex' retrieved from /home/airflow/.local/lib/python3.12/site-packages/airflow/example_dags/example_complex.py
[2025-04-26T22:30:57.188+0000] {logging_mixin.py:190} INFO - [2025-04-26T22:30:57.188+0000] {dag.py:3239} INFO - Sync 1 DAGs
[2025-04-26T22:30:57.212+0000] {logging_mixin.py:190} INFO - [2025-04-26T22:30:57.211+0000] {dag.py:4180} INFO - Setting next_dagrun for example_complex to None, run_after=None
[2025-04-26T22:30:57.229+0000] {processor.py:208} INFO - Processing /home/airflow/.local/lib/python3.12/site-packages/airflow/example_dags/example_complex.py took 0.121 seconds
[2025-04-26T22:31:28.681+0000] {processor.py:186} INFO - Started process (PID=263) to work on /home/airflow/.local/lib/python3.12/site-packages/airflow/example_dags/example_complex.py
[2025-04-26T22:31:28.682+0000] {processor.py:914} INFO - Processing file /home/airflow/.local/lib/python3.12/site-packages/airflow/example_dags/example_complex.py for tasks to queue
[2025-04-26T22:31:28.684+0000] {logging_mixin.py:190} INFO - [2025-04-26T22:31:28.684+0000] {dagbag.py:588} INFO - Filling up the DagBag from /home/airflow/.local/lib/python3.12/site-packages/airflow/example_dags/example_complex.py
[2025-04-26T22:31:28.697+0000] {processor.py:925} INFO - DAG(s) 'example_complex' retrieved from /home/airflow/.local/lib/python3.12/site-packages/airflow/example_dags/example_complex.py
[2025-04-26T22:31:28.728+0000] {logging_mixin.py:190} INFO - [2025-04-26T22:31:28.728+0000] {dag.py:3239} INFO - Sync 1 DAGs
[2025-04-26T22:31:28.742+0000] {logging_mixin.py:190} INFO - [2025-04-26T22:31:28.742+0000] {dag.py:4180} INFO - Setting next_dagrun for example_complex to None, run_after=None
[2025-04-26T22:31:28.758+0000] {processor.py:208} INFO - Processing /home/airflow/.local/lib/python3.12/site-packages/airflow/example_dags/example_complex.py took 0.083 seconds
[2025-04-26T22:32:00.056+0000] {processor.py:186} INFO - Started process (PID=326) to work on /home/airflow/.local/lib/python3.12/site-packages/airflow/example_dags/example_complex.py
[2025-04-26T22:32:00.058+0000] {processor.py:914} INFO - Processing file /home/airflow/.local/lib/python3.12/site-packages/airflow/example_dags/example_complex.py for tasks to queue
[2025-04-26T22:32:00.060+0000] {logging_mixin.py:190} INFO - [2025-04-26T22:32:00.060+0000] {dagbag.py:588} INFO - Filling up the DagBag from /home/airflow/.local/lib/python3.12/site-packages/airflow/example_dags/example_complex.py
[2025-04-26T22:32:00.075+0000] {processor.py:925} INFO - DAG(s) 'example_complex' retrieved from /home/airflow/.local/lib/python3.12/site-packages/airflow/example_dags/example_complex.py
[2025-04-26T22:32:00.108+0000] {logging_mixin.py:190} INFO - [2025-04-26T22:32:00.107+0000] {dag.py:3239} INFO - Sync 1 DAGs
[2025-04-26T22:32:00.123+0000] {logging_mixin.py:190} INFO - [2025-04-26T22:32:00.122+0000] {dag.py:4180} INFO - Setting next_dagrun for example_complex to None, run_after=None
[2025-04-26T22:32:00.140+0000] {processor.py:208} INFO - Processing /home/airflow/.local/lib/python3.12/site-packages/airflow/example_dags/example_complex.py took 0.091 seconds
[2025-04-26T22:32:31.439+0000] {processor.py:186} INFO - Started process (PID=389) to work on /home/airflow/.local/lib/python3.12/site-packages/airflow/example_dags/example_complex.py
[2025-04-26T22:32:31.440+0000] {processor.py:914} INFO - Processing file /home/airflow/.local/lib/python3.12/site-packages/airflow/example_dags/example_complex.py for tasks to queue
[2025-04-26T22:32:31.442+0000] {logging_mixin.py:190} INFO - [2025-04-26T22:32:31.442+0000] {dagbag.py:588} INFO - Filling up the DagBag from /home/airflow/.local/lib/python3.12/site-packages/airflow/example_dags/example_complex.py
[2025-04-26T22:32:31.458+0000] {processor.py:925} INFO - DAG(s) 'example_complex' retrieved from /home/airflow/.local/lib/python3.12/site-packages/airflow/example_dags/example_complex.py
[2025-04-26T22:32:31.492+0000] {logging_mixin.py:190} INFO - [2025-04-26T22:32:31.492+0000] {dag.py:3239} INFO - Sync 1 DAGs
[2025-04-26T22:32:31.508+0000] {logging_mixin.py:190} INFO - [2025-04-26T22:32:31.508+0000] {dag.py:4180} INFO - Setting next_dagrun for example_complex to None, run_after=None
[2025-04-26T22:32:31.525+0000] {processor.py:208} INFO - Processing /home/airflow/.local/lib/python3.12/site-packages/airflow/example_dags/example_complex.py took 0.093 seconds
[2025-04-26T22:33:02.550+0000] {processor.py:186} INFO - Started process (PID=452) to work on /home/airflow/.local/lib/python3.12/site-packages/airflow/example_dags/example_complex.py
[2025-04-26T22:33:02.552+0000] {processor.py:914} INFO - Processing file /home/airflow/.local/lib/python3.12/site-packages/airflow/example_dags/example_complex.py for tasks to queue
[2025-04-26T22:33:02.554+0000] {logging_mixin.py:190} INFO - [2025-04-26T22:33:02.554+0000] {dagbag.py:588} INFO - Filling up the DagBag from /home/airflow/.local/lib/python3.12/site-packages/airflow/example_dags/example_complex.py
[2025-04-26T22:33:02.567+0000] {processor.py:925} INFO - DAG(s) 'example_complex' retrieved from /home/airflow/.local/lib/python3.12/site-packages/airflow/example_dags/example_complex.py
[2025-04-26T22:33:02.597+0000] {logging_mixin.py:190} INFO - [2025-04-26T22:33:02.597+0000] {dag.py:3239} INFO - Sync 1 DAGs
[2025-04-26T22:33:02.612+0000] {logging_mixin.py:190} INFO - [2025-04-26T22:33:02.612+0000] {dag.py:4180} INFO - Setting next_dagrun for example_complex to None, run_after=None
[2025-04-26T22:33:02.628+0000] {processor.py:208} INFO - Processing /home/airflow/.local/lib/python3.12/site-packages/airflow/example_dags/example_complex.py took 0.085 seconds
[2025-04-26T22:33:33.767+0000] {processor.py:186} INFO - Started process (PID=515) to work on /home/airflow/.local/lib/python3.12/site-packages/airflow/example_dags/example_complex.py
[2025-04-26T22:33:33.769+0000] {processor.py:914} INFO - Processing file /home/airflow/.local/lib/python3.12/site-packages/airflow/example_dags/example_complex.py for tasks to queue
[2025-04-26T22:33:33.771+0000] {logging_mixin.py:190} INFO - [2025-04-26T22:33:33.771+0000] {dagbag.py:588} INFO - Filling up the DagBag from /home/airflow/.local/lib/python3.12/site-packages/airflow/example_dags/example_complex.py
[2025-04-26T22:33:33.784+0000] {processor.py:925} INFO - DAG(s) 'example_complex' retrieved from /home/airflow/.local/lib/python3.12/site-packages/airflow/example_dags/example_complex.py
[2025-04-26T22:33:33.815+0000] {logging_mixin.py:190} INFO - [2025-04-26T22:33:33.814+0000] {dag.py:3239} INFO - Sync 1 DAGs
[2025-04-26T22:33:33.829+0000] {logging_mixin.py:190} INFO - [2025-04-26T22:33:33.829+0000] {dag.py:4180} INFO - Setting next_dagrun for example_complex to None, run_after=None
[2025-04-26T22:33:33.847+0000] {processor.py:208} INFO - Processing /home/airflow/.local/lib/python3.12/site-packages/airflow/example_dags/example_complex.py took 0.086 seconds
[2025-04-26T22:34:05.002+0000] {processor.py:186} INFO - Started process (PID=578) to work on /home/airflow/.local/lib/python3.12/site-packages/airflow/example_dags/example_complex.py
[2025-04-26T22:34:05.004+0000] {processor.py:914} INFO - Processing file /home/airflow/.local/lib/python3.12/site-packages/airflow/example_dags/example_complex.py for tasks to queue
[2025-04-26T22:34:05.006+0000] {logging_mixin.py:190} INFO - [2025-04-26T22:34:05.006+0000] {dagbag.py:588} INFO - Filling up the DagBag from /home/airflow/.local/lib/python3.12/site-packages/airflow/example_dags/example_complex.py
[2025-04-26T22:34:05.019+0000] {processor.py:925} INFO - DAG(s) 'example_complex' retrieved from /home/airflow/.local/lib/python3.12/site-packages/airflow/example_dags/example_complex.py
[2025-04-26T22:34:05.051+0000] {logging_mixin.py:190} INFO - [2025-04-26T22:34:05.051+0000] {dag.py:3239} INFO - Sync 1 DAGs
[2025-04-26T22:34:05.066+0000] {logging_mixin.py:190} INFO - [2025-04-26T22:34:05.066+0000] {dag.py:4180} INFO - Setting next_dagrun for example_complex to None, run_after=None
[2025-04-26T22:34:05.083+0000] {processor.py:208} INFO - Processing /home/airflow/.local/lib/python3.12/site-packages/airflow/example_dags/example_complex.py took 0.088 seconds
[2025-04-26T22:34:36.584+0000] {processor.py:186} INFO - Started process (PID=641) to work on /home/airflow/.local/lib/python3.12/site-packages/airflow/example_dags/example_complex.py
[2025-04-26T22:34:36.585+0000] {processor.py:914} INFO - Processing file /home/airflow/.local/lib/python3.12/site-packages/airflow/example_dags/example_complex.py for tasks to queue
[2025-04-26T22:34:36.587+0000] {logging_mixin.py:190} INFO - [2025-04-26T22:34:36.587+0000] {dagbag.py:588} INFO - Filling up the DagBag from /home/airflow/.local/lib/python3.12/site-packages/airflow/example_dags/example_complex.py
[2025-04-26T22:34:36.599+0000] {processor.py:925} INFO - DAG(s) 'example_complex' retrieved from /home/airflow/.local/lib/python3.12/site-packages/airflow/example_dags/example_complex.py
[2025-04-26T22:34:36.630+0000] {logging_mixin.py:190} INFO - [2025-04-26T22:34:36.630+0000] {dag.py:3239} INFO - Sync 1 DAGs
[2025-04-26T22:34:36.645+0000] {logging_mixin.py:190} INFO - [2025-04-26T22:34:36.645+0000] {dag.py:4180} INFO - Setting next_dagrun for example_complex to None, run_after=None
[2025-04-26T22:34:36.661+0000] {processor.py:208} INFO - Processing /home/airflow/.local/lib/python3.12/site-packages/airflow/example_dags/example_complex.py took 0.084 seconds
[2025-04-26T22:35:07.737+0000] {processor.py:186} INFO - Started process (PID=705) to work on /home/airflow/.local/lib/python3.12/site-packages/airflow/example_dags/example_complex.py
[2025-04-26T22:35:07.739+0000] {processor.py:914} INFO - Processing file /home/airflow/.local/lib/python3.12/site-packages/airflow/example_dags/example_complex.py for tasks to queue
[2025-04-26T22:35:07.741+0000] {logging_mixin.py:190} INFO - [2025-04-26T22:35:07.741+0000] {dagbag.py:588} INFO - Filling up the DagBag from /home/airflow/.local/lib/python3.12/site-packages/airflow/example_dags/example_complex.py
[2025-04-26T22:35:07.754+0000] {processor.py:925} INFO - DAG(s) 'example_complex' retrieved from /home/airflow/.local/lib/python3.12/site-packages/airflow/example_dags/example_complex.py
[2025-04-26T22:35:07.785+0000] {logging_mixin.py:190} INFO - [2025-04-26T22:35:07.785+0000] {dag.py:3239} INFO - Sync 1 DAGs
[2025-04-26T22:35:07.799+0000] {logging_mixin.py:190} INFO - [2025-04-26T22:35:07.798+0000] {dag.py:4180} INFO - Setting next_dagrun for example_complex to None, run_after=None
[2025-04-26T22:35:07.816+0000] {processor.py:208} INFO - Processing /home/airflow/.local/lib/python3.12/site-packages/airflow/example_dags/example_complex.py took 0.085 seconds
[2025-04-26T22:35:38.915+0000] {processor.py:186} INFO - Started process (PID=769) to work on /home/airflow/.local/lib/python3.12/site-packages/airflow/example_dags/example_complex.py
[2025-04-26T22:35:38.917+0000] {processor.py:914} INFO - Processing file /home/airflow/.local/lib/python3.12/site-packages/airflow/example_dags/example_complex.py for tasks to queue
[2025-04-26T22:35:38.919+0000] {logging_mixin.py:190} INFO - [2025-04-26T22:35:38.919+0000] {dagbag.py:588} INFO - Filling up the DagBag from /home/airflow/.local/lib/python3.12/site-packages/airflow/example_dags/example_complex.py
[2025-04-26T22:35:38.934+0000] {processor.py:925} INFO - DAG(s) 'example_complex' retrieved from /home/airflow/.local/lib/python3.12/site-packages/airflow/example_dags/example_complex.py
[2025-04-26T22:35:38.965+0000] {logging_mixin.py:190} INFO - [2025-04-26T22:35:38.965+0000] {dag.py:3239} INFO - Sync 1 DAGs
[2025-04-26T22:35:38.980+0000] {logging_mixin.py:190} INFO - [2025-04-26T22:35:38.980+0000] {dag.py:4180} INFO - Setting next_dagrun for example_complex to None, run_after=None
[2025-04-26T22:35:38.998+0000] {processor.py:208} INFO - Processing /home/airflow/.local/lib/python3.12/site-packages/airflow/example_dags/example_complex.py took 0.090 seconds
[2025-04-26T22:36:09.814+0000] {processor.py:186} INFO - Started process (PID=833) to work on /home/airflow/.local/lib/python3.12/site-packages/airflow/example_dags/example_complex.py
[2025-04-26T22:36:09.815+0000] {processor.py:914} INFO - Processing file /home/airflow/.local/lib/python3.12/site-packages/airflow/example_dags/example_complex.py for tasks to queue
[2025-04-26T22:36:09.817+0000] {logging_mixin.py:190} INFO - [2025-04-26T22:36:09.817+0000] {dagbag.py:588} INFO - Filling up the DagBag from /home/airflow/.local/lib/python3.12/site-packages/airflow/example_dags/example_complex.py
[2025-04-26T22:36:09.831+0000] {processor.py:925} INFO - DAG(s) 'example_complex' retrieved from /home/airflow/.local/lib/python3.12/site-packages/airflow/example_dags/example_complex.py
[2025-04-26T22:36:09.862+0000] {logging_mixin.py:190} INFO - [2025-04-26T22:36:09.862+0000] {dag.py:3239} INFO - Sync 1 DAGs
[2025-04-26T22:36:09.876+0000] {logging_mixin.py:190} INFO - [2025-04-26T22:36:09.876+0000] {dag.py:4180} INFO - Setting next_dagrun for example_complex to None, run_after=None
[2025-04-26T22:36:09.894+0000] {processor.py:208} INFO - Processing /home/airflow/.local/lib/python3.12/site-packages/airflow/example_dags/example_complex.py took 0.087 seconds
[2025-04-26T22:36:40.978+0000] {processor.py:186} INFO - Started process (PID=897) to work on /home/airflow/.local/lib/python3.12/site-packages/airflow/example_dags/example_complex.py
[2025-04-26T22:36:40.979+0000] {processor.py:914} INFO - Processing file /home/airflow/.local/lib/python3.12/site-packages/airflow/example_dags/example_complex.py for tasks to queue
[2025-04-26T22:36:40.982+0000] {logging_mixin.py:190} INFO - [2025-04-26T22:36:40.982+0000] {dagbag.py:588} INFO - Filling up the DagBag from /home/airflow/.local/lib/python3.12/site-packages/airflow/example_dags/example_complex.py
[2025-04-26T22:36:40.995+0000] {processor.py:925} INFO - DAG(s) 'example_complex' retrieved from /home/airflow/.local/lib/python3.12/site-packages/airflow/example_dags/example_complex.py
[2025-04-26T22:36:41.033+0000] {logging_mixin.py:190} INFO - [2025-04-26T22:36:41.033+0000] {dag.py:3239} INFO - Sync 1 DAGs
[2025-04-26T22:36:41.048+0000] {logging_mixin.py:190} INFO - [2025-04-26T22:36:41.047+0000] {dag.py:4180} INFO - Setting next_dagrun for example_complex to None, run_after=None
[2025-04-26T22:36:41.064+0000] {processor.py:208} INFO - Processing /home/airflow/.local/lib/python3.12/site-packages/airflow/example_dags/example_complex.py took 0.093 seconds
[2025-04-26T22:37:11.643+0000] {processor.py:186} INFO - Started process (PID=961) to work on /home/airflow/.local/lib/python3.12/site-packages/airflow/example_dags/example_complex.py
[2025-04-26T22:37:11.644+0000] {processor.py:914} INFO - Processing file /home/airflow/.local/lib/python3.12/site-packages/airflow/example_dags/example_complex.py for tasks to queue
[2025-04-26T22:37:11.646+0000] {logging_mixin.py:190} INFO - [2025-04-26T22:37:11.646+0000] {dagbag.py:588} INFO - Filling up the DagBag from /home/airflow/.local/lib/python3.12/site-packages/airflow/example_dags/example_complex.py
[2025-04-26T22:37:11.659+0000] {processor.py:925} INFO - DAG(s) 'example_complex' retrieved from /home/airflow/.local/lib/python3.12/site-packages/airflow/example_dags/example_complex.py
[2025-04-26T22:37:11.694+0000] {logging_mixin.py:190} INFO - [2025-04-26T22:37:11.694+0000] {dag.py:3239} INFO - Sync 1 DAGs
[2025-04-26T22:37:11.709+0000] {logging_mixin.py:190} INFO - [2025-04-26T22:37:11.708+0000] {dag.py:4180} INFO - Setting next_dagrun for example_complex to None, run_after=None
[2025-04-26T22:37:11.729+0000] {processor.py:208} INFO - Processing /home/airflow/.local/lib/python3.12/site-packages/airflow/example_dags/example_complex.py took 0.092 seconds
[2025-04-26T22:37:42.860+0000] {processor.py:186} INFO - Started process (PID=1025) to work on /home/airflow/.local/lib/python3.12/site-packages/airflow/example_dags/example_complex.py
[2025-04-26T22:37:42.861+0000] {processor.py:914} INFO - Processing file /home/airflow/.local/lib/python3.12/site-packages/airflow/example_dags/example_complex.py for tasks to queue
[2025-04-26T22:37:42.864+0000] {logging_mixin.py:190} INFO - [2025-04-26T22:37:42.863+0000] {dagbag.py:588} INFO - Filling up the DagBag from /home/airflow/.local/lib/python3.12/site-packages/airflow/example_dags/example_complex.py
[2025-04-26T22:37:42.877+0000] {processor.py:925} INFO - DAG(s) 'example_complex' retrieved from /home/airflow/.local/lib/python3.12/site-packages/airflow/example_dags/example_complex.py
[2025-04-26T22:37:42.910+0000] {logging_mixin.py:190} INFO - [2025-04-26T22:37:42.910+0000] {dag.py:3239} INFO - Sync 1 DAGs
[2025-04-26T22:37:42.926+0000] {logging_mixin.py:190} INFO - [2025-04-26T22:37:42.925+0000] {dag.py:4180} INFO - Setting next_dagrun for example_complex to None, run_after=None
[2025-04-26T22:37:42.945+0000] {processor.py:208} INFO - Processing /home/airflow/.local/lib/python3.12/site-packages/airflow/example_dags/example_complex.py took 0.092 seconds
[2025-04-26T22:38:14.114+0000] {processor.py:186} INFO - Started process (PID=1089) to work on /home/airflow/.local/lib/python3.12/site-packages/airflow/example_dags/example_complex.py
[2025-04-26T22:38:14.116+0000] {processor.py:914} INFO - Processing file /home/airflow/.local/lib/python3.12/site-packages/airflow/example_dags/example_complex.py for tasks to queue
[2025-04-26T22:38:14.118+0000] {logging_mixin.py:190} INFO - [2025-04-26T22:38:14.118+0000] {dagbag.py:588} INFO - Filling up the DagBag from /home/airflow/.local/lib/python3.12/site-packages/airflow/example_dags/example_complex.py
[2025-04-26T22:38:14.132+0000] {processor.py:925} INFO - DAG(s) 'example_complex' retrieved from /home/airflow/.local/lib/python3.12/site-packages/airflow/example_dags/example_complex.py
[2025-04-26T22:38:14.164+0000] {logging_mixin.py:190} INFO - [2025-04-26T22:38:14.164+0000] {dag.py:3239} INFO - Sync 1 DAGs
[2025-04-26T22:38:14.181+0000] {logging_mixin.py:190} INFO - [2025-04-26T22:38:14.180+0000] {dag.py:4180} INFO - Setting next_dagrun for example_complex to None, run_after=None
[2025-04-26T22:38:14.199+0000] {processor.py:208} INFO - Processing /home/airflow/.local/lib/python3.12/site-packages/airflow/example_dags/example_complex.py took 0.091 seconds
[2025-04-26T22:38:45.644+0000] {processor.py:186} INFO - Started process (PID=1153) to work on /home/airflow/.local/lib/python3.12/site-packages/airflow/example_dags/example_complex.py
[2025-04-26T22:38:45.646+0000] {processor.py:914} INFO - Processing file /home/airflow/.local/lib/python3.12/site-packages/airflow/example_dags/example_complex.py for tasks to queue
[2025-04-26T22:38:45.648+0000] {logging_mixin.py:190} INFO - [2025-04-26T22:38:45.648+0000] {dagbag.py:588} INFO - Filling up the DagBag from /home/airflow/.local/lib/python3.12/site-packages/airflow/example_dags/example_complex.py
[2025-04-26T22:38:45.661+0000] {processor.py:925} INFO - DAG(s) 'example_complex' retrieved from /home/airflow/.local/lib/python3.12/site-packages/airflow/example_dags/example_complex.py
[2025-04-26T22:38:45.700+0000] {logging_mixin.py:190} INFO - [2025-04-26T22:38:45.700+0000] {dag.py:3239} INFO - Sync 1 DAGs
[2025-04-26T22:38:45.715+0000] {logging_mixin.py:190} INFO - [2025-04-26T22:38:45.715+0000] {dag.py:4180} INFO - Setting next_dagrun for example_complex to None, run_after=None
[2025-04-26T22:38:45.733+0000] {processor.py:208} INFO - Processing /home/airflow/.local/lib/python3.12/site-packages/airflow/example_dags/example_complex.py took 0.095 seconds
[2025-04-26T22:39:16.568+0000] {processor.py:186} INFO - Started process (PID=1217) to work on /home/airflow/.local/lib/python3.12/site-packages/airflow/example_dags/example_complex.py
[2025-04-26T22:39:16.569+0000] {processor.py:914} INFO - Processing file /home/airflow/.local/lib/python3.12/site-packages/airflow/example_dags/example_complex.py for tasks to queue
[2025-04-26T22:39:16.572+0000] {logging_mixin.py:190} INFO - [2025-04-26T22:39:16.571+0000] {dagbag.py:588} INFO - Filling up the DagBag from /home/airflow/.local/lib/python3.12/site-packages/airflow/example_dags/example_complex.py
[2025-04-26T22:39:16.585+0000] {processor.py:925} INFO - DAG(s) 'example_complex' retrieved from /home/airflow/.local/lib/python3.12/site-packages/airflow/example_dags/example_complex.py
[2025-04-26T22:39:16.616+0000] {logging_mixin.py:190} INFO - [2025-04-26T22:39:16.615+0000] {dag.py:3239} INFO - Sync 1 DAGs
[2025-04-26T22:39:16.630+0000] {logging_mixin.py:190} INFO - [2025-04-26T22:39:16.630+0000] {dag.py:4180} INFO - Setting next_dagrun for example_complex to None, run_after=None
[2025-04-26T22:39:16.647+0000] {processor.py:208} INFO - Processing /home/airflow/.local/lib/python3.12/site-packages/airflow/example_dags/example_complex.py took 0.085 seconds
[2025-04-26T22:39:48.112+0000] {processor.py:186} INFO - Started process (PID=1281) to work on /home/airflow/.local/lib/python3.12/site-packages/airflow/example_dags/example_complex.py
[2025-04-26T22:39:48.113+0000] {processor.py:914} INFO - Processing file /home/airflow/.local/lib/python3.12/site-packages/airflow/example_dags/example_complex.py for tasks to queue
[2025-04-26T22:39:48.116+0000] {logging_mixin.py:190} INFO - [2025-04-26T22:39:48.116+0000] {dagbag.py:588} INFO - Filling up the DagBag from /home/airflow/.local/lib/python3.12/site-packages/airflow/example_dags/example_complex.py
[2025-04-26T22:39:48.129+0000] {processor.py:925} INFO - DAG(s) 'example_complex' retrieved from /home/airflow/.local/lib/python3.12/site-packages/airflow/example_dags/example_complex.py
[2025-04-26T22:39:48.160+0000] {logging_mixin.py:190} INFO - [2025-04-26T22:39:48.160+0000] {dag.py:3239} INFO - Sync 1 DAGs
[2025-04-26T22:39:48.174+0000] {logging_mixin.py:190} INFO - [2025-04-26T22:39:48.174+0000] {dag.py:4180} INFO - Setting next_dagrun for example_complex to None, run_after=None
[2025-04-26T22:39:48.190+0000] {processor.py:208} INFO - Processing /home/airflow/.local/lib/python3.12/site-packages/airflow/example_dags/example_complex.py took 0.087 seconds
