[2025-04-26T22:29:57.316+0000] {processor.py:186} INFO - Started process (PID=84) to work on /home/airflow/.local/lib/python3.12/site-packages/airflow/example_dags/tutorial.py
[2025-04-26T22:29:57.317+0000] {processor.py:914} INFO - Processing file /home/airflow/.local/lib/python3.12/site-packages/airflow/example_dags/tutorial.py for tasks to queue
[2025-04-26T22:29:57.320+0000] {logging_mixin.py:190} INFO - [2025-04-26T22:29:57.320+0000] {dagbag.py:588} INFO - Filling up the DagBag from /home/airflow/.local/lib/python3.12/site-packages/airflow/example_dags/tutorial.py
[2025-04-26T22:29:57.333+0000] {processor.py:925} INFO - DAG(s) 'tutorial' retrieved from /home/airflow/.local/lib/python3.12/site-packages/airflow/example_dags/tutorial.py
[2025-04-26T22:29:57.488+0000] {logging_mixin.py:190} INFO - [2025-04-26T22:29:57.487+0000] {override.py:1912} INFO - Created Permission View: can read on DAG:tutorial
[2025-04-26T22:29:57.502+0000] {logging_mixin.py:190} INFO - [2025-04-26T22:29:57.502+0000] {override.py:1912} INFO - Created Permission View: can delete on DAG:tutorial
[2025-04-26T22:29:57.510+0000] {logging_mixin.py:190} INFO - [2025-04-26T22:29:57.509+0000] {override.py:1912} INFO - Created Permission View: can edit on DAG:tutorial
[2025-04-26T22:29:57.517+0000] {logging_mixin.py:190} INFO - [2025-04-26T22:29:57.517+0000] {override.py:1912} INFO - Created Permission View: can read on DAG Run:tutorial
[2025-04-26T22:29:57.524+0000] {logging_mixin.py:190} INFO - [2025-04-26T22:29:57.524+0000] {override.py:1912} INFO - Created Permission View: can create on DAG Run:tutorial
[2025-04-26T22:29:57.531+0000] {logging_mixin.py:190} INFO - [2025-04-26T22:29:57.531+0000] {override.py:1912} INFO - Created Permission View: can delete on DAG Run:tutorial
[2025-04-26T22:29:57.537+0000] {logging_mixin.py:190} INFO - [2025-04-26T22:29:57.537+0000] {override.py:1912} INFO - Created Permission View: menu access on DAG Run:tutorial
[2025-04-26T22:29:57.538+0000] {logging_mixin.py:190} INFO - [2025-04-26T22:29:57.538+0000] {dag.py:3239} INFO - Sync 1 DAGs
[2025-04-26T22:29:57.555+0000] {logging_mixin.py:190} INFO - [2025-04-26T22:29:57.555+0000] {dag.py:3262} INFO - Creating ORM DAG for tutorial
[2025-04-26T22:29:57.568+0000] {logging_mixin.py:190} INFO - [2025-04-26T22:29:57.568+0000] {dag.py:4180} INFO - Setting next_dagrun for tutorial to 2025-04-25 00:00:00+00:00, run_after=2025-04-26 00:00:00+00:00
[2025-04-26T22:29:57.591+0000] {processor.py:208} INFO - Processing /home/airflow/.local/lib/python3.12/site-packages/airflow/example_dags/tutorial.py took 0.284 seconds
[2025-04-26T22:30:27.843+0000] {processor.py:186} INFO - Started process (PID=147) to work on /home/airflow/.local/lib/python3.12/site-packages/airflow/example_dags/tutorial.py
[2025-04-26T22:30:27.844+0000] {processor.py:914} INFO - Processing file /home/airflow/.local/lib/python3.12/site-packages/airflow/example_dags/tutorial.py for tasks to queue
[2025-04-26T22:30:27.848+0000] {logging_mixin.py:190} INFO - [2025-04-26T22:30:27.847+0000] {dagbag.py:588} INFO - Filling up the DagBag from /home/airflow/.local/lib/python3.12/site-packages/airflow/example_dags/tutorial.py
[2025-04-26T22:30:27.859+0000] {processor.py:925} INFO - DAG(s) 'tutorial' retrieved from /home/airflow/.local/lib/python3.12/site-packages/airflow/example_dags/tutorial.py
[2025-04-26T22:30:27.888+0000] {logging_mixin.py:190} INFO - [2025-04-26T22:30:27.887+0000] {dag.py:3239} INFO - Sync 1 DAGs
[2025-04-26T22:30:27.917+0000] {logging_mixin.py:190} INFO - [2025-04-26T22:30:27.917+0000] {dag.py:4180} INFO - Setting next_dagrun for tutorial to 2025-04-25 00:00:00+00:00, run_after=2025-04-26 00:00:00+00:00
[2025-04-26T22:30:27.933+0000] {processor.py:208} INFO - Processing /home/airflow/.local/lib/python3.12/site-packages/airflow/example_dags/tutorial.py took 0.098 seconds
[2025-04-26T22:30:58.614+0000] {processor.py:186} INFO - Started process (PID=210) to work on /home/airflow/.local/lib/python3.12/site-packages/airflow/example_dags/tutorial.py
[2025-04-26T22:30:58.616+0000] {processor.py:914} INFO - Processing file /home/airflow/.local/lib/python3.12/site-packages/airflow/example_dags/tutorial.py for tasks to queue
[2025-04-26T22:30:58.619+0000] {logging_mixin.py:190} INFO - [2025-04-26T22:30:58.618+0000] {dagbag.py:588} INFO - Filling up the DagBag from /home/airflow/.local/lib/python3.12/site-packages/airflow/example_dags/tutorial.py
[2025-04-26T22:30:58.630+0000] {processor.py:925} INFO - DAG(s) 'tutorial' retrieved from /home/airflow/.local/lib/python3.12/site-packages/airflow/example_dags/tutorial.py
[2025-04-26T22:30:58.649+0000] {logging_mixin.py:190} INFO - [2025-04-26T22:30:58.649+0000] {dag.py:3239} INFO - Sync 1 DAGs
[2025-04-26T22:30:58.672+0000] {logging_mixin.py:190} INFO - [2025-04-26T22:30:58.672+0000] {dag.py:4180} INFO - Setting next_dagrun for tutorial to 2025-04-25 00:00:00+00:00, run_after=2025-04-26 00:00:00+00:00
[2025-04-26T22:30:58.690+0000] {processor.py:208} INFO - Processing /home/airflow/.local/lib/python3.12/site-packages/airflow/example_dags/tutorial.py took 0.084 seconds
[2025-04-26T22:31:29.517+0000] {processor.py:186} INFO - Started process (PID=273) to work on /home/airflow/.local/lib/python3.12/site-packages/airflow/example_dags/tutorial.py
[2025-04-26T22:31:29.518+0000] {processor.py:914} INFO - Processing file /home/airflow/.local/lib/python3.12/site-packages/airflow/example_dags/tutorial.py for tasks to queue
[2025-04-26T22:31:29.521+0000] {logging_mixin.py:190} INFO - [2025-04-26T22:31:29.521+0000] {dagbag.py:588} INFO - Filling up the DagBag from /home/airflow/.local/lib/python3.12/site-packages/airflow/example_dags/tutorial.py
[2025-04-26T22:31:29.533+0000] {processor.py:925} INFO - DAG(s) 'tutorial' retrieved from /home/airflow/.local/lib/python3.12/site-packages/airflow/example_dags/tutorial.py
[2025-04-26T22:31:29.559+0000] {logging_mixin.py:190} INFO - [2025-04-26T22:31:29.558+0000] {dag.py:3239} INFO - Sync 1 DAGs
[2025-04-26T22:31:29.590+0000] {logging_mixin.py:190} INFO - [2025-04-26T22:31:29.590+0000] {dag.py:4180} INFO - Setting next_dagrun for tutorial to 2025-04-25 00:00:00+00:00, run_after=2025-04-26 00:00:00+00:00
[2025-04-26T22:31:29.615+0000] {processor.py:208} INFO - Processing /home/airflow/.local/lib/python3.12/site-packages/airflow/example_dags/tutorial.py took 0.106 seconds
[2025-04-26T22:32:00.968+0000] {processor.py:186} INFO - Started process (PID=336) to work on /home/airflow/.local/lib/python3.12/site-packages/airflow/example_dags/tutorial.py
[2025-04-26T22:32:00.970+0000] {processor.py:914} INFO - Processing file /home/airflow/.local/lib/python3.12/site-packages/airflow/example_dags/tutorial.py for tasks to queue
[2025-04-26T22:32:00.972+0000] {logging_mixin.py:190} INFO - [2025-04-26T22:32:00.972+0000] {dagbag.py:588} INFO - Filling up the DagBag from /home/airflow/.local/lib/python3.12/site-packages/airflow/example_dags/tutorial.py
[2025-04-26T22:32:00.981+0000] {processor.py:925} INFO - DAG(s) 'tutorial' retrieved from /home/airflow/.local/lib/python3.12/site-packages/airflow/example_dags/tutorial.py
[2025-04-26T22:32:01.000+0000] {logging_mixin.py:190} INFO - [2025-04-26T22:32:01.000+0000] {dag.py:3239} INFO - Sync 1 DAGs
[2025-04-26T22:32:01.023+0000] {logging_mixin.py:190} INFO - [2025-04-26T22:32:01.023+0000] {dag.py:4180} INFO - Setting next_dagrun for tutorial to 2025-04-25 00:00:00+00:00, run_after=2025-04-26 00:00:00+00:00
[2025-04-26T22:32:01.040+0000] {processor.py:208} INFO - Processing /home/airflow/.local/lib/python3.12/site-packages/airflow/example_dags/tutorial.py took 0.078 seconds
[2025-04-26T22:32:32.346+0000] {processor.py:186} INFO - Started process (PID=399) to work on /home/airflow/.local/lib/python3.12/site-packages/airflow/example_dags/tutorial.py
[2025-04-26T22:32:32.348+0000] {processor.py:914} INFO - Processing file /home/airflow/.local/lib/python3.12/site-packages/airflow/example_dags/tutorial.py for tasks to queue
[2025-04-26T22:32:32.350+0000] {logging_mixin.py:190} INFO - [2025-04-26T22:32:32.350+0000] {dagbag.py:588} INFO - Filling up the DagBag from /home/airflow/.local/lib/python3.12/site-packages/airflow/example_dags/tutorial.py
[2025-04-26T22:32:32.359+0000] {processor.py:925} INFO - DAG(s) 'tutorial' retrieved from /home/airflow/.local/lib/python3.12/site-packages/airflow/example_dags/tutorial.py
[2025-04-26T22:32:32.379+0000] {logging_mixin.py:190} INFO - [2025-04-26T22:32:32.379+0000] {dag.py:3239} INFO - Sync 1 DAGs
[2025-04-26T22:32:32.401+0000] {logging_mixin.py:190} INFO - [2025-04-26T22:32:32.401+0000] {dag.py:4180} INFO - Setting next_dagrun for tutorial to 2025-04-25 00:00:00+00:00, run_after=2025-04-26 00:00:00+00:00
[2025-04-26T22:32:32.420+0000] {processor.py:208} INFO - Processing /home/airflow/.local/lib/python3.12/site-packages/airflow/example_dags/tutorial.py took 0.080 seconds
[2025-04-26T22:33:03.457+0000] {processor.py:186} INFO - Started process (PID=462) to work on /home/airflow/.local/lib/python3.12/site-packages/airflow/example_dags/tutorial.py
[2025-04-26T22:33:03.459+0000] {processor.py:914} INFO - Processing file /home/airflow/.local/lib/python3.12/site-packages/airflow/example_dags/tutorial.py for tasks to queue
[2025-04-26T22:33:03.461+0000] {logging_mixin.py:190} INFO - [2025-04-26T22:33:03.461+0000] {dagbag.py:588} INFO - Filling up the DagBag from /home/airflow/.local/lib/python3.12/site-packages/airflow/example_dags/tutorial.py
[2025-04-26T22:33:03.471+0000] {processor.py:925} INFO - DAG(s) 'tutorial' retrieved from /home/airflow/.local/lib/python3.12/site-packages/airflow/example_dags/tutorial.py
[2025-04-26T22:33:03.491+0000] {logging_mixin.py:190} INFO - [2025-04-26T22:33:03.491+0000] {dag.py:3239} INFO - Sync 1 DAGs
[2025-04-26T22:33:03.513+0000] {logging_mixin.py:190} INFO - [2025-04-26T22:33:03.513+0000] {dag.py:4180} INFO - Setting next_dagrun for tutorial to 2025-04-25 00:00:00+00:00, run_after=2025-04-26 00:00:00+00:00
[2025-04-26T22:33:03.532+0000] {processor.py:208} INFO - Processing /home/airflow/.local/lib/python3.12/site-packages/airflow/example_dags/tutorial.py took 0.081 seconds
[2025-04-26T22:33:34.716+0000] {processor.py:186} INFO - Started process (PID=525) to work on /home/airflow/.local/lib/python3.12/site-packages/airflow/example_dags/tutorial.py
[2025-04-26T22:33:34.718+0000] {processor.py:914} INFO - Processing file /home/airflow/.local/lib/python3.12/site-packages/airflow/example_dags/tutorial.py for tasks to queue
[2025-04-26T22:33:34.720+0000] {logging_mixin.py:190} INFO - [2025-04-26T22:33:34.720+0000] {dagbag.py:588} INFO - Filling up the DagBag from /home/airflow/.local/lib/python3.12/site-packages/airflow/example_dags/tutorial.py
[2025-04-26T22:33:34.729+0000] {processor.py:925} INFO - DAG(s) 'tutorial' retrieved from /home/airflow/.local/lib/python3.12/site-packages/airflow/example_dags/tutorial.py
[2025-04-26T22:33:34.753+0000] {logging_mixin.py:190} INFO - [2025-04-26T22:33:34.753+0000] {dag.py:3239} INFO - Sync 1 DAGs
[2025-04-26T22:33:34.786+0000] {logging_mixin.py:190} INFO - [2025-04-26T22:33:34.785+0000] {dag.py:4180} INFO - Setting next_dagrun for tutorial to 2025-04-25 00:00:00+00:00, run_after=2025-04-26 00:00:00+00:00
[2025-04-26T22:33:34.805+0000] {processor.py:208} INFO - Processing /home/airflow/.local/lib/python3.12/site-packages/airflow/example_dags/tutorial.py took 0.095 seconds
[2025-04-26T22:34:05.922+0000] {processor.py:186} INFO - Started process (PID=588) to work on /home/airflow/.local/lib/python3.12/site-packages/airflow/example_dags/tutorial.py
[2025-04-26T22:34:05.923+0000] {processor.py:914} INFO - Processing file /home/airflow/.local/lib/python3.12/site-packages/airflow/example_dags/tutorial.py for tasks to queue
[2025-04-26T22:34:05.925+0000] {logging_mixin.py:190} INFO - [2025-04-26T22:34:05.925+0000] {dagbag.py:588} INFO - Filling up the DagBag from /home/airflow/.local/lib/python3.12/site-packages/airflow/example_dags/tutorial.py
[2025-04-26T22:34:05.934+0000] {processor.py:925} INFO - DAG(s) 'tutorial' retrieved from /home/airflow/.local/lib/python3.12/site-packages/airflow/example_dags/tutorial.py
[2025-04-26T22:34:05.953+0000] {logging_mixin.py:190} INFO - [2025-04-26T22:34:05.952+0000] {dag.py:3239} INFO - Sync 1 DAGs
[2025-04-26T22:34:05.974+0000] {logging_mixin.py:190} INFO - [2025-04-26T22:34:05.974+0000] {dag.py:4180} INFO - Setting next_dagrun for tutorial to 2025-04-25 00:00:00+00:00, run_after=2025-04-26 00:00:00+00:00
[2025-04-26T22:34:05.989+0000] {processor.py:208} INFO - Processing /home/airflow/.local/lib/python3.12/site-packages/airflow/example_dags/tutorial.py took 0.074 seconds
[2025-04-26T22:34:37.400+0000] {processor.py:186} INFO - Started process (PID=651) to work on /home/airflow/.local/lib/python3.12/site-packages/airflow/example_dags/tutorial.py
[2025-04-26T22:34:37.401+0000] {processor.py:914} INFO - Processing file /home/airflow/.local/lib/python3.12/site-packages/airflow/example_dags/tutorial.py for tasks to queue
[2025-04-26T22:34:37.403+0000] {logging_mixin.py:190} INFO - [2025-04-26T22:34:37.403+0000] {dagbag.py:588} INFO - Filling up the DagBag from /home/airflow/.local/lib/python3.12/site-packages/airflow/example_dags/tutorial.py
[2025-04-26T22:34:37.412+0000] {processor.py:925} INFO - DAG(s) 'tutorial' retrieved from /home/airflow/.local/lib/python3.12/site-packages/airflow/example_dags/tutorial.py
[2025-04-26T22:34:37.431+0000] {logging_mixin.py:190} INFO - [2025-04-26T22:34:37.431+0000] {dag.py:3239} INFO - Sync 1 DAGs
[2025-04-26T22:34:37.453+0000] {logging_mixin.py:190} INFO - [2025-04-26T22:34:37.453+0000] {dag.py:4180} INFO - Setting next_dagrun for tutorial to 2025-04-25 00:00:00+00:00, run_after=2025-04-26 00:00:00+00:00
[2025-04-26T22:34:37.469+0000] {processor.py:208} INFO - Processing /home/airflow/.local/lib/python3.12/site-packages/airflow/example_dags/tutorial.py took 0.076 seconds
[2025-04-26T22:35:08.654+0000] {processor.py:186} INFO - Started process (PID=715) to work on /home/airflow/.local/lib/python3.12/site-packages/airflow/example_dags/tutorial.py
[2025-04-26T22:35:08.655+0000] {processor.py:914} INFO - Processing file /home/airflow/.local/lib/python3.12/site-packages/airflow/example_dags/tutorial.py for tasks to queue
[2025-04-26T22:35:08.657+0000] {logging_mixin.py:190} INFO - [2025-04-26T22:35:08.657+0000] {dagbag.py:588} INFO - Filling up the DagBag from /home/airflow/.local/lib/python3.12/site-packages/airflow/example_dags/tutorial.py
[2025-04-26T22:35:08.666+0000] {processor.py:925} INFO - DAG(s) 'tutorial' retrieved from /home/airflow/.local/lib/python3.12/site-packages/airflow/example_dags/tutorial.py
[2025-04-26T22:35:08.685+0000] {logging_mixin.py:190} INFO - [2025-04-26T22:35:08.685+0000] {dag.py:3239} INFO - Sync 1 DAGs
[2025-04-26T22:35:08.708+0000] {logging_mixin.py:190} INFO - [2025-04-26T22:35:08.708+0000] {dag.py:4180} INFO - Setting next_dagrun for tutorial to 2025-04-25 00:00:00+00:00, run_after=2025-04-26 00:00:00+00:00
[2025-04-26T22:35:08.725+0000] {processor.py:208} INFO - Processing /home/airflow/.local/lib/python3.12/site-packages/airflow/example_dags/tutorial.py took 0.077 seconds
[2025-04-26T22:35:39.806+0000] {processor.py:186} INFO - Started process (PID=779) to work on /home/airflow/.local/lib/python3.12/site-packages/airflow/example_dags/tutorial.py
[2025-04-26T22:35:39.808+0000] {processor.py:914} INFO - Processing file /home/airflow/.local/lib/python3.12/site-packages/airflow/example_dags/tutorial.py for tasks to queue
[2025-04-26T22:35:39.810+0000] {logging_mixin.py:190} INFO - [2025-04-26T22:35:39.810+0000] {dagbag.py:588} INFO - Filling up the DagBag from /home/airflow/.local/lib/python3.12/site-packages/airflow/example_dags/tutorial.py
[2025-04-26T22:35:39.819+0000] {processor.py:925} INFO - DAG(s) 'tutorial' retrieved from /home/airflow/.local/lib/python3.12/site-packages/airflow/example_dags/tutorial.py
[2025-04-26T22:35:39.838+0000] {logging_mixin.py:190} INFO - [2025-04-26T22:35:39.838+0000] {dag.py:3239} INFO - Sync 1 DAGs
[2025-04-26T22:35:39.860+0000] {logging_mixin.py:190} INFO - [2025-04-26T22:35:39.860+0000] {dag.py:4180} INFO - Setting next_dagrun for tutorial to 2025-04-25 00:00:00+00:00, run_after=2025-04-26 00:00:00+00:00
[2025-04-26T22:35:39.875+0000] {processor.py:208} INFO - Processing /home/airflow/.local/lib/python3.12/site-packages/airflow/example_dags/tutorial.py took 0.075 seconds
[2025-04-26T22:36:10.664+0000] {processor.py:186} INFO - Started process (PID=843) to work on /home/airflow/.local/lib/python3.12/site-packages/airflow/example_dags/tutorial.py
[2025-04-26T22:36:10.665+0000] {processor.py:914} INFO - Processing file /home/airflow/.local/lib/python3.12/site-packages/airflow/example_dags/tutorial.py for tasks to queue
[2025-04-26T22:36:10.668+0000] {logging_mixin.py:190} INFO - [2025-04-26T22:36:10.668+0000] {dagbag.py:588} INFO - Filling up the DagBag from /home/airflow/.local/lib/python3.12/site-packages/airflow/example_dags/tutorial.py
[2025-04-26T22:36:10.677+0000] {processor.py:925} INFO - DAG(s) 'tutorial' retrieved from /home/airflow/.local/lib/python3.12/site-packages/airflow/example_dags/tutorial.py
[2025-04-26T22:36:10.696+0000] {logging_mixin.py:190} INFO - [2025-04-26T22:36:10.696+0000] {dag.py:3239} INFO - Sync 1 DAGs
[2025-04-26T22:36:10.718+0000] {logging_mixin.py:190} INFO - [2025-04-26T22:36:10.718+0000] {dag.py:4180} INFO - Setting next_dagrun for tutorial to 2025-04-25 00:00:00+00:00, run_after=2025-04-26 00:00:00+00:00
[2025-04-26T22:36:10.735+0000] {processor.py:208} INFO - Processing /home/airflow/.local/lib/python3.12/site-packages/airflow/example_dags/tutorial.py took 0.077 seconds
[2025-04-26T22:36:41.880+0000] {processor.py:186} INFO - Started process (PID=907) to work on /home/airflow/.local/lib/python3.12/site-packages/airflow/example_dags/tutorial.py
[2025-04-26T22:36:41.881+0000] {processor.py:914} INFO - Processing file /home/airflow/.local/lib/python3.12/site-packages/airflow/example_dags/tutorial.py for tasks to queue
[2025-04-26T22:36:41.884+0000] {logging_mixin.py:190} INFO - [2025-04-26T22:36:41.883+0000] {dagbag.py:588} INFO - Filling up the DagBag from /home/airflow/.local/lib/python3.12/site-packages/airflow/example_dags/tutorial.py
[2025-04-26T22:36:41.893+0000] {processor.py:925} INFO - DAG(s) 'tutorial' retrieved from /home/airflow/.local/lib/python3.12/site-packages/airflow/example_dags/tutorial.py
[2025-04-26T22:36:41.911+0000] {logging_mixin.py:190} INFO - [2025-04-26T22:36:41.911+0000] {dag.py:3239} INFO - Sync 1 DAGs
[2025-04-26T22:36:41.934+0000] {logging_mixin.py:190} INFO - [2025-04-26T22:36:41.934+0000] {dag.py:4180} INFO - Setting next_dagrun for tutorial to 2025-04-25 00:00:00+00:00, run_after=2025-04-26 00:00:00+00:00
[2025-04-26T22:36:41.950+0000] {processor.py:208} INFO - Processing /home/airflow/.local/lib/python3.12/site-packages/airflow/example_dags/tutorial.py took 0.077 seconds
[2025-04-26T22:37:12.574+0000] {processor.py:186} INFO - Started process (PID=971) to work on /home/airflow/.local/lib/python3.12/site-packages/airflow/example_dags/tutorial.py
[2025-04-26T22:37:12.576+0000] {processor.py:914} INFO - Processing file /home/airflow/.local/lib/python3.12/site-packages/airflow/example_dags/tutorial.py for tasks to queue
[2025-04-26T22:37:12.578+0000] {logging_mixin.py:190} INFO - [2025-04-26T22:37:12.578+0000] {dagbag.py:588} INFO - Filling up the DagBag from /home/airflow/.local/lib/python3.12/site-packages/airflow/example_dags/tutorial.py
[2025-04-26T22:37:12.587+0000] {processor.py:925} INFO - DAG(s) 'tutorial' retrieved from /home/airflow/.local/lib/python3.12/site-packages/airflow/example_dags/tutorial.py
[2025-04-26T22:37:12.608+0000] {logging_mixin.py:190} INFO - [2025-04-26T22:37:12.607+0000] {dag.py:3239} INFO - Sync 1 DAGs
[2025-04-26T22:37:12.630+0000] {logging_mixin.py:190} INFO - [2025-04-26T22:37:12.630+0000] {dag.py:4180} INFO - Setting next_dagrun for tutorial to 2025-04-25 00:00:00+00:00, run_after=2025-04-26 00:00:00+00:00
[2025-04-26T22:37:12.646+0000] {processor.py:208} INFO - Processing /home/airflow/.local/lib/python3.12/site-packages/airflow/example_dags/tutorial.py took 0.078 seconds
[2025-04-26T22:37:43.750+0000] {processor.py:186} INFO - Started process (PID=1035) to work on /home/airflow/.local/lib/python3.12/site-packages/airflow/example_dags/tutorial.py
[2025-04-26T22:37:43.751+0000] {processor.py:914} INFO - Processing file /home/airflow/.local/lib/python3.12/site-packages/airflow/example_dags/tutorial.py for tasks to queue
[2025-04-26T22:37:43.754+0000] {logging_mixin.py:190} INFO - [2025-04-26T22:37:43.753+0000] {dagbag.py:588} INFO - Filling up the DagBag from /home/airflow/.local/lib/python3.12/site-packages/airflow/example_dags/tutorial.py
[2025-04-26T22:37:43.763+0000] {processor.py:925} INFO - DAG(s) 'tutorial' retrieved from /home/airflow/.local/lib/python3.12/site-packages/airflow/example_dags/tutorial.py
[2025-04-26T22:37:43.781+0000] {logging_mixin.py:190} INFO - [2025-04-26T22:37:43.781+0000] {dag.py:3239} INFO - Sync 1 DAGs
[2025-04-26T22:37:43.807+0000] {logging_mixin.py:190} INFO - [2025-04-26T22:37:43.806+0000] {dag.py:4180} INFO - Setting next_dagrun for tutorial to 2025-04-25 00:00:00+00:00, run_after=2025-04-26 00:00:00+00:00
[2025-04-26T22:37:43.824+0000] {processor.py:208} INFO - Processing /home/airflow/.local/lib/python3.12/site-packages/airflow/example_dags/tutorial.py took 0.080 seconds
[2025-04-26T22:38:15.175+0000] {processor.py:186} INFO - Started process (PID=1099) to work on /home/airflow/.local/lib/python3.12/site-packages/airflow/example_dags/tutorial.py
[2025-04-26T22:38:15.176+0000] {processor.py:914} INFO - Processing file /home/airflow/.local/lib/python3.12/site-packages/airflow/example_dags/tutorial.py for tasks to queue
[2025-04-26T22:38:15.179+0000] {logging_mixin.py:190} INFO - [2025-04-26T22:38:15.178+0000] {dagbag.py:588} INFO - Filling up the DagBag from /home/airflow/.local/lib/python3.12/site-packages/airflow/example_dags/tutorial.py
[2025-04-26T22:38:15.188+0000] {processor.py:925} INFO - DAG(s) 'tutorial' retrieved from /home/airflow/.local/lib/python3.12/site-packages/airflow/example_dags/tutorial.py
[2025-04-26T22:38:15.207+0000] {logging_mixin.py:190} INFO - [2025-04-26T22:38:15.207+0000] {dag.py:3239} INFO - Sync 1 DAGs
[2025-04-26T22:38:15.233+0000] {logging_mixin.py:190} INFO - [2025-04-26T22:38:15.233+0000] {dag.py:4180} INFO - Setting next_dagrun for tutorial to 2025-04-25 00:00:00+00:00, run_after=2025-04-26 00:00:00+00:00
[2025-04-26T22:38:15.251+0000] {processor.py:208} INFO - Processing /home/airflow/.local/lib/python3.12/site-packages/airflow/example_dags/tutorial.py took 0.083 seconds
[2025-04-26T22:38:46.974+0000] {processor.py:186} INFO - Started process (PID=1163) to work on /home/airflow/.local/lib/python3.12/site-packages/airflow/example_dags/tutorial.py
[2025-04-26T22:38:46.978+0000] {processor.py:914} INFO - Processing file /home/airflow/.local/lib/python3.12/site-packages/airflow/example_dags/tutorial.py for tasks to queue
[2025-04-26T22:38:46.985+0000] {logging_mixin.py:190} INFO - [2025-04-26T22:38:46.984+0000] {dagbag.py:588} INFO - Filling up the DagBag from /home/airflow/.local/lib/python3.12/site-packages/airflow/example_dags/tutorial.py
[2025-04-26T22:38:47.001+0000] {processor.py:925} INFO - DAG(s) 'tutorial' retrieved from /home/airflow/.local/lib/python3.12/site-packages/airflow/example_dags/tutorial.py
[2025-04-26T22:38:47.027+0000] {logging_mixin.py:190} INFO - [2025-04-26T22:38:47.027+0000] {dag.py:3239} INFO - Sync 1 DAGs
[2025-04-26T22:38:47.061+0000] {logging_mixin.py:190} INFO - [2025-04-26T22:38:47.060+0000] {dag.py:4180} INFO - Setting next_dagrun for tutorial to 2025-04-25 00:00:00+00:00, run_after=2025-04-26 00:00:00+00:00
[2025-04-26T22:38:47.081+0000] {processor.py:208} INFO - Processing /home/airflow/.local/lib/python3.12/site-packages/airflow/example_dags/tutorial.py took 0.116 seconds
[2025-04-26T22:39:17.295+0000] {processor.py:186} INFO - Started process (PID=1227) to work on /home/airflow/.local/lib/python3.12/site-packages/airflow/example_dags/tutorial.py
[2025-04-26T22:39:17.296+0000] {processor.py:914} INFO - Processing file /home/airflow/.local/lib/python3.12/site-packages/airflow/example_dags/tutorial.py for tasks to queue
[2025-04-26T22:39:17.299+0000] {logging_mixin.py:190} INFO - [2025-04-26T22:39:17.298+0000] {dagbag.py:588} INFO - Filling up the DagBag from /home/airflow/.local/lib/python3.12/site-packages/airflow/example_dags/tutorial.py
[2025-04-26T22:39:17.308+0000] {processor.py:925} INFO - DAG(s) 'tutorial' retrieved from /home/airflow/.local/lib/python3.12/site-packages/airflow/example_dags/tutorial.py
[2025-04-26T22:39:17.330+0000] {logging_mixin.py:190} INFO - [2025-04-26T22:39:17.329+0000] {dag.py:3239} INFO - Sync 1 DAGs
[2025-04-26T22:39:17.354+0000] {logging_mixin.py:190} INFO - [2025-04-26T22:39:17.354+0000] {dag.py:4180} INFO - Setting next_dagrun for tutorial to 2025-04-25 00:00:00+00:00, run_after=2025-04-26 00:00:00+00:00
[2025-04-26T22:39:17.373+0000] {processor.py:208} INFO - Processing /home/airflow/.local/lib/python3.12/site-packages/airflow/example_dags/tutorial.py took 0.085 seconds
[2025-04-26T22:39:48.948+0000] {processor.py:186} INFO - Started process (PID=1291) to work on /home/airflow/.local/lib/python3.12/site-packages/airflow/example_dags/tutorial.py
[2025-04-26T22:39:48.950+0000] {processor.py:914} INFO - Processing file /home/airflow/.local/lib/python3.12/site-packages/airflow/example_dags/tutorial.py for tasks to queue
[2025-04-26T22:39:48.952+0000] {logging_mixin.py:190} INFO - [2025-04-26T22:39:48.952+0000] {dagbag.py:588} INFO - Filling up the DagBag from /home/airflow/.local/lib/python3.12/site-packages/airflow/example_dags/tutorial.py
[2025-04-26T22:39:48.961+0000] {processor.py:925} INFO - DAG(s) 'tutorial' retrieved from /home/airflow/.local/lib/python3.12/site-packages/airflow/example_dags/tutorial.py
[2025-04-26T22:39:48.981+0000] {logging_mixin.py:190} INFO - [2025-04-26T22:39:48.980+0000] {dag.py:3239} INFO - Sync 1 DAGs
[2025-04-26T22:39:49.002+0000] {logging_mixin.py:190} INFO - [2025-04-26T22:39:49.002+0000] {dag.py:4180} INFO - Setting next_dagrun for tutorial to 2025-04-25 00:00:00+00:00, run_after=2025-04-26 00:00:00+00:00
[2025-04-26T22:39:49.018+0000] {processor.py:208} INFO - Processing /home/airflow/.local/lib/python3.12/site-packages/airflow/example_dags/tutorial.py took 0.077 seconds
