[2025-04-26T22:30:01.744+0000] {processor.py:186} INFO - Started process (PID=110) to work on /home/airflow/.local/lib/python3.12/site-packages/airflow/example_dags/example_short_circuit_operator.py
[2025-04-26T22:30:01.745+0000] {processor.py:914} INFO - Processing file /home/airflow/.local/lib/python3.12/site-packages/airflow/example_dags/example_short_circuit_operator.py for tasks to queue
[2025-04-26T22:30:01.747+0000] {logging_mixin.py:190} INFO - [2025-04-26T22:30:01.747+0000] {dagbag.py:588} INFO - Filling up the DagBag from /home/airflow/.local/lib/python3.12/site-packages/airflow/example_dags/example_short_circuit_operator.py
[2025-04-26T22:30:01.757+0000] {processor.py:925} INFO - DAG(s) 'example_short_circuit_operator' retrieved from /home/airflow/.local/lib/python3.12/site-packages/airflow/example_dags/example_short_circuit_operator.py
[2025-04-26T22:30:01.864+0000] {logging_mixin.py:190} INFO - [2025-04-26T22:30:01.864+0000] {override.py:1912} INFO - Created Permission View: can read on DAG:example_short_circuit_operator
[2025-04-26T22:30:01.873+0000] {logging_mixin.py:190} INFO - [2025-04-26T22:30:01.872+0000] {override.py:1912} INFO - Created Permission View: can delete on DAG:example_short_circuit_operator
[2025-04-26T22:30:01.878+0000] {logging_mixin.py:190} INFO - [2025-04-26T22:30:01.878+0000] {override.py:1912} INFO - Created Permission View: can edit on DAG:example_short_circuit_operator
[2025-04-26T22:30:01.884+0000] {logging_mixin.py:190} INFO - [2025-04-26T22:30:01.884+0000] {override.py:1912} INFO - Created Permission View: can read on DAG Run:example_short_circuit_operator
[2025-04-26T22:30:01.889+0000] {logging_mixin.py:190} INFO - [2025-04-26T22:30:01.889+0000] {override.py:1912} INFO - Created Permission View: can create on DAG Run:example_short_circuit_operator
[2025-04-26T22:30:01.895+0000] {logging_mixin.py:190} INFO - [2025-04-26T22:30:01.894+0000] {override.py:1912} INFO - Created Permission View: can delete on DAG Run:example_short_circuit_operator
[2025-04-26T22:30:01.900+0000] {logging_mixin.py:190} INFO - [2025-04-26T22:30:01.899+0000] {override.py:1912} INFO - Created Permission View: menu access on DAG Run:example_short_circuit_operator
[2025-04-26T22:30:01.900+0000] {logging_mixin.py:190} INFO - [2025-04-26T22:30:01.900+0000] {dag.py:3239} INFO - Sync 1 DAGs
[2025-04-26T22:30:01.912+0000] {logging_mixin.py:190} INFO - [2025-04-26T22:30:01.912+0000] {dag.py:3262} INFO - Creating ORM DAG for example_short_circuit_operator
[2025-04-26T22:30:01.913+0000] {logging_mixin.py:190} INFO - [2025-04-26T22:30:01.913+0000] {dag.py:4180} INFO - Setting next_dagrun for example_short_circuit_operator to None, run_after=None
[2025-04-26T22:30:01.927+0000] {processor.py:208} INFO - Processing /home/airflow/.local/lib/python3.12/site-packages/airflow/example_dags/example_short_circuit_operator.py took 0.189 seconds
[2025-04-26T22:30:32.711+0000] {processor.py:186} INFO - Started process (PID=173) to work on /home/airflow/.local/lib/python3.12/site-packages/airflow/example_dags/example_short_circuit_operator.py
[2025-04-26T22:30:32.712+0000] {processor.py:914} INFO - Processing file /home/airflow/.local/lib/python3.12/site-packages/airflow/example_dags/example_short_circuit_operator.py for tasks to queue
[2025-04-26T22:30:32.715+0000] {logging_mixin.py:190} INFO - [2025-04-26T22:30:32.714+0000] {dagbag.py:588} INFO - Filling up the DagBag from /home/airflow/.local/lib/python3.12/site-packages/airflow/example_dags/example_short_circuit_operator.py
[2025-04-26T22:30:32.724+0000] {processor.py:925} INFO - DAG(s) 'example_short_circuit_operator' retrieved from /home/airflow/.local/lib/python3.12/site-packages/airflow/example_dags/example_short_circuit_operator.py
[2025-04-26T22:30:32.747+0000] {logging_mixin.py:190} INFO - [2025-04-26T22:30:32.747+0000] {dag.py:3239} INFO - Sync 1 DAGs
[2025-04-26T22:30:32.761+0000] {logging_mixin.py:190} INFO - [2025-04-26T22:30:32.761+0000] {dag.py:4180} INFO - Setting next_dagrun for example_short_circuit_operator to None, run_after=None
[2025-04-26T22:30:32.777+0000] {processor.py:208} INFO - Processing /home/airflow/.local/lib/python3.12/site-packages/airflow/example_dags/example_short_circuit_operator.py took 0.072 seconds
[2025-04-26T22:31:03.102+0000] {processor.py:186} INFO - Started process (PID=236) to work on /home/airflow/.local/lib/python3.12/site-packages/airflow/example_dags/example_short_circuit_operator.py
[2025-04-26T22:31:03.104+0000] {processor.py:914} INFO - Processing file /home/airflow/.local/lib/python3.12/site-packages/airflow/example_dags/example_short_circuit_operator.py for tasks to queue
[2025-04-26T22:31:03.106+0000] {logging_mixin.py:190} INFO - [2025-04-26T22:31:03.106+0000] {dagbag.py:588} INFO - Filling up the DagBag from /home/airflow/.local/lib/python3.12/site-packages/airflow/example_dags/example_short_circuit_operator.py
[2025-04-26T22:31:03.115+0000] {processor.py:925} INFO - DAG(s) 'example_short_circuit_operator' retrieved from /home/airflow/.local/lib/python3.12/site-packages/airflow/example_dags/example_short_circuit_operator.py
[2025-04-26T22:31:03.141+0000] {logging_mixin.py:190} INFO - [2025-04-26T22:31:03.141+0000] {dag.py:3239} INFO - Sync 1 DAGs
[2025-04-26T22:31:03.155+0000] {logging_mixin.py:190} INFO - [2025-04-26T22:31:03.155+0000] {dag.py:4180} INFO - Setting next_dagrun for example_short_circuit_operator to None, run_after=None
[2025-04-26T22:31:03.175+0000] {processor.py:208} INFO - Processing /home/airflow/.local/lib/python3.12/site-packages/airflow/example_dags/example_short_circuit_operator.py took 0.079 seconds
[2025-04-26T22:31:33.347+0000] {processor.py:186} INFO - Started process (PID=298) to work on /home/airflow/.local/lib/python3.12/site-packages/airflow/example_dags/example_short_circuit_operator.py
[2025-04-26T22:31:33.348+0000] {processor.py:914} INFO - Processing file /home/airflow/.local/lib/python3.12/site-packages/airflow/example_dags/example_short_circuit_operator.py for tasks to queue
[2025-04-26T22:31:33.350+0000] {logging_mixin.py:190} INFO - [2025-04-26T22:31:33.350+0000] {dagbag.py:588} INFO - Filling up the DagBag from /home/airflow/.local/lib/python3.12/site-packages/airflow/example_dags/example_short_circuit_operator.py
[2025-04-26T22:31:33.360+0000] {processor.py:925} INFO - DAG(s) 'example_short_circuit_operator' retrieved from /home/airflow/.local/lib/python3.12/site-packages/airflow/example_dags/example_short_circuit_operator.py
[2025-04-26T22:31:33.385+0000] {logging_mixin.py:190} INFO - [2025-04-26T22:31:33.385+0000] {dag.py:3239} INFO - Sync 1 DAGs
[2025-04-26T22:31:33.401+0000] {logging_mixin.py:190} INFO - [2025-04-26T22:31:33.400+0000] {dag.py:4180} INFO - Setting next_dagrun for example_short_circuit_operator to None, run_after=None
[2025-04-26T22:31:33.418+0000] {processor.py:208} INFO - Processing /home/airflow/.local/lib/python3.12/site-packages/airflow/example_dags/example_short_circuit_operator.py took 0.077 seconds
[2025-04-26T22:32:03.676+0000] {processor.py:186} INFO - Started process (PID=361) to work on /home/airflow/.local/lib/python3.12/site-packages/airflow/example_dags/example_short_circuit_operator.py
[2025-04-26T22:32:03.678+0000] {processor.py:914} INFO - Processing file /home/airflow/.local/lib/python3.12/site-packages/airflow/example_dags/example_short_circuit_operator.py for tasks to queue
[2025-04-26T22:32:03.680+0000] {logging_mixin.py:190} INFO - [2025-04-26T22:32:03.680+0000] {dagbag.py:588} INFO - Filling up the DagBag from /home/airflow/.local/lib/python3.12/site-packages/airflow/example_dags/example_short_circuit_operator.py
[2025-04-26T22:32:03.690+0000] {processor.py:925} INFO - DAG(s) 'example_short_circuit_operator' retrieved from /home/airflow/.local/lib/python3.12/site-packages/airflow/example_dags/example_short_circuit_operator.py
[2025-04-26T22:32:03.716+0000] {logging_mixin.py:190} INFO - [2025-04-26T22:32:03.716+0000] {dag.py:3239} INFO - Sync 1 DAGs
[2025-04-26T22:32:03.736+0000] {logging_mixin.py:190} INFO - [2025-04-26T22:32:03.736+0000] {dag.py:4180} INFO - Setting next_dagrun for example_short_circuit_operator to None, run_after=None
[2025-04-26T22:32:03.759+0000] {processor.py:208} INFO - Processing /home/airflow/.local/lib/python3.12/site-packages/airflow/example_dags/example_short_circuit_operator.py took 0.090 seconds
[2025-04-26T22:32:33.852+0000] {processor.py:186} INFO - Started process (PID=424) to work on /home/airflow/.local/lib/python3.12/site-packages/airflow/example_dags/example_short_circuit_operator.py
[2025-04-26T22:32:33.853+0000] {processor.py:914} INFO - Processing file /home/airflow/.local/lib/python3.12/site-packages/airflow/example_dags/example_short_circuit_operator.py for tasks to queue
[2025-04-26T22:32:33.855+0000] {logging_mixin.py:190} INFO - [2025-04-26T22:32:33.855+0000] {dagbag.py:588} INFO - Filling up the DagBag from /home/airflow/.local/lib/python3.12/site-packages/airflow/example_dags/example_short_circuit_operator.py
[2025-04-26T22:32:33.864+0000] {processor.py:925} INFO - DAG(s) 'example_short_circuit_operator' retrieved from /home/airflow/.local/lib/python3.12/site-packages/airflow/example_dags/example_short_circuit_operator.py
[2025-04-26T22:32:33.888+0000] {logging_mixin.py:190} INFO - [2025-04-26T22:32:33.888+0000] {dag.py:3239} INFO - Sync 1 DAGs
[2025-04-26T22:32:33.902+0000] {logging_mixin.py:190} INFO - [2025-04-26T22:32:33.902+0000] {dag.py:4180} INFO - Setting next_dagrun for example_short_circuit_operator to None, run_after=None
[2025-04-26T22:32:33.919+0000] {processor.py:208} INFO - Processing /home/airflow/.local/lib/python3.12/site-packages/airflow/example_dags/example_short_circuit_operator.py took 0.074 seconds
[2025-04-26T22:33:04.949+0000] {processor.py:186} INFO - Started process (PID=487) to work on /home/airflow/.local/lib/python3.12/site-packages/airflow/example_dags/example_short_circuit_operator.py
[2025-04-26T22:33:04.950+0000] {processor.py:914} INFO - Processing file /home/airflow/.local/lib/python3.12/site-packages/airflow/example_dags/example_short_circuit_operator.py for tasks to queue
[2025-04-26T22:33:04.953+0000] {logging_mixin.py:190} INFO - [2025-04-26T22:33:04.952+0000] {dagbag.py:588} INFO - Filling up the DagBag from /home/airflow/.local/lib/python3.12/site-packages/airflow/example_dags/example_short_circuit_operator.py
[2025-04-26T22:33:04.962+0000] {processor.py:925} INFO - DAG(s) 'example_short_circuit_operator' retrieved from /home/airflow/.local/lib/python3.12/site-packages/airflow/example_dags/example_short_circuit_operator.py
[2025-04-26T22:33:04.992+0000] {logging_mixin.py:190} INFO - [2025-04-26T22:33:04.992+0000] {dag.py:3239} INFO - Sync 1 DAGs
[2025-04-26T22:33:05.009+0000] {logging_mixin.py:190} INFO - [2025-04-26T22:33:05.009+0000] {dag.py:4180} INFO - Setting next_dagrun for example_short_circuit_operator to None, run_after=None
[2025-04-26T22:33:05.028+0000] {processor.py:208} INFO - Processing /home/airflow/.local/lib/python3.12/site-packages/airflow/example_dags/example_short_circuit_operator.py took 0.086 seconds
[2025-04-26T22:33:36.327+0000] {processor.py:186} INFO - Started process (PID=550) to work on /home/airflow/.local/lib/python3.12/site-packages/airflow/example_dags/example_short_circuit_operator.py
[2025-04-26T22:33:36.328+0000] {processor.py:914} INFO - Processing file /home/airflow/.local/lib/python3.12/site-packages/airflow/example_dags/example_short_circuit_operator.py for tasks to queue
[2025-04-26T22:33:36.330+0000] {logging_mixin.py:190} INFO - [2025-04-26T22:33:36.330+0000] {dagbag.py:588} INFO - Filling up the DagBag from /home/airflow/.local/lib/python3.12/site-packages/airflow/example_dags/example_short_circuit_operator.py
[2025-04-26T22:33:36.340+0000] {processor.py:925} INFO - DAG(s) 'example_short_circuit_operator' retrieved from /home/airflow/.local/lib/python3.12/site-packages/airflow/example_dags/example_short_circuit_operator.py
[2025-04-26T22:33:36.362+0000] {logging_mixin.py:190} INFO - [2025-04-26T22:33:36.362+0000] {dag.py:3239} INFO - Sync 1 DAGs
[2025-04-26T22:33:36.377+0000] {logging_mixin.py:190} INFO - [2025-04-26T22:33:36.377+0000] {dag.py:4180} INFO - Setting next_dagrun for example_short_circuit_operator to None, run_after=None
[2025-04-26T22:33:36.395+0000] {processor.py:208} INFO - Processing /home/airflow/.local/lib/python3.12/site-packages/airflow/example_dags/example_short_circuit_operator.py took 0.075 seconds
[2025-04-26T22:34:07.387+0000] {processor.py:186} INFO - Started process (PID=613) to work on /home/airflow/.local/lib/python3.12/site-packages/airflow/example_dags/example_short_circuit_operator.py
[2025-04-26T22:34:07.388+0000] {processor.py:914} INFO - Processing file /home/airflow/.local/lib/python3.12/site-packages/airflow/example_dags/example_short_circuit_operator.py for tasks to queue
[2025-04-26T22:34:07.391+0000] {logging_mixin.py:190} INFO - [2025-04-26T22:34:07.390+0000] {dagbag.py:588} INFO - Filling up the DagBag from /home/airflow/.local/lib/python3.12/site-packages/airflow/example_dags/example_short_circuit_operator.py
[2025-04-26T22:34:07.400+0000] {processor.py:925} INFO - DAG(s) 'example_short_circuit_operator' retrieved from /home/airflow/.local/lib/python3.12/site-packages/airflow/example_dags/example_short_circuit_operator.py
[2025-04-26T22:34:07.423+0000] {logging_mixin.py:190} INFO - [2025-04-26T22:34:07.422+0000] {dag.py:3239} INFO - Sync 1 DAGs
[2025-04-26T22:34:07.437+0000] {logging_mixin.py:190} INFO - [2025-04-26T22:34:07.436+0000] {dag.py:4180} INFO - Setting next_dagrun for example_short_circuit_operator to None, run_after=None
[2025-04-26T22:34:07.453+0000] {processor.py:208} INFO - Processing /home/airflow/.local/lib/python3.12/site-packages/airflow/example_dags/example_short_circuit_operator.py took 0.072 seconds
[2025-04-26T22:34:38.806+0000] {processor.py:186} INFO - Started process (PID=676) to work on /home/airflow/.local/lib/python3.12/site-packages/airflow/example_dags/example_short_circuit_operator.py
[2025-04-26T22:34:38.807+0000] {processor.py:914} INFO - Processing file /home/airflow/.local/lib/python3.12/site-packages/airflow/example_dags/example_short_circuit_operator.py for tasks to queue
[2025-04-26T22:34:38.809+0000] {logging_mixin.py:190} INFO - [2025-04-26T22:34:38.809+0000] {dagbag.py:588} INFO - Filling up the DagBag from /home/airflow/.local/lib/python3.12/site-packages/airflow/example_dags/example_short_circuit_operator.py
[2025-04-26T22:34:38.819+0000] {processor.py:925} INFO - DAG(s) 'example_short_circuit_operator' retrieved from /home/airflow/.local/lib/python3.12/site-packages/airflow/example_dags/example_short_circuit_operator.py
[2025-04-26T22:34:38.840+0000] {logging_mixin.py:190} INFO - [2025-04-26T22:34:38.840+0000] {dag.py:3239} INFO - Sync 1 DAGs
[2025-04-26T22:34:38.854+0000] {logging_mixin.py:190} INFO - [2025-04-26T22:34:38.854+0000] {dag.py:4180} INFO - Setting next_dagrun for example_short_circuit_operator to None, run_after=None
[2025-04-26T22:34:38.870+0000] {processor.py:208} INFO - Processing /home/airflow/.local/lib/python3.12/site-packages/airflow/example_dags/example_short_circuit_operator.py took 0.071 seconds
[2025-04-26T22:35:09.981+0000] {processor.py:186} INFO - Started process (PID=740) to work on /home/airflow/.local/lib/python3.12/site-packages/airflow/example_dags/example_short_circuit_operator.py
[2025-04-26T22:35:09.982+0000] {processor.py:914} INFO - Processing file /home/airflow/.local/lib/python3.12/site-packages/airflow/example_dags/example_short_circuit_operator.py for tasks to queue
[2025-04-26T22:35:09.985+0000] {logging_mixin.py:190} INFO - [2025-04-26T22:35:09.984+0000] {dagbag.py:588} INFO - Filling up the DagBag from /home/airflow/.local/lib/python3.12/site-packages/airflow/example_dags/example_short_circuit_operator.py
[2025-04-26T22:35:09.995+0000] {processor.py:925} INFO - DAG(s) 'example_short_circuit_operator' retrieved from /home/airflow/.local/lib/python3.12/site-packages/airflow/example_dags/example_short_circuit_operator.py
[2025-04-26T22:35:10.018+0000] {logging_mixin.py:190} INFO - [2025-04-26T22:35:10.018+0000] {dag.py:3239} INFO - Sync 1 DAGs
[2025-04-26T22:35:10.035+0000] {logging_mixin.py:190} INFO - [2025-04-26T22:35:10.034+0000] {dag.py:4180} INFO - Setting next_dagrun for example_short_circuit_operator to None, run_after=None
[2025-04-26T22:35:10.052+0000] {processor.py:208} INFO - Processing /home/airflow/.local/lib/python3.12/site-packages/airflow/example_dags/example_short_circuit_operator.py took 0.077 seconds
[2025-04-26T22:35:41.531+0000] {processor.py:186} INFO - Started process (PID=804) to work on /home/airflow/.local/lib/python3.12/site-packages/airflow/example_dags/example_short_circuit_operator.py
[2025-04-26T22:35:41.533+0000] {processor.py:914} INFO - Processing file /home/airflow/.local/lib/python3.12/site-packages/airflow/example_dags/example_short_circuit_operator.py for tasks to queue
[2025-04-26T22:35:41.535+0000] {logging_mixin.py:190} INFO - [2025-04-26T22:35:41.535+0000] {dagbag.py:588} INFO - Filling up the DagBag from /home/airflow/.local/lib/python3.12/site-packages/airflow/example_dags/example_short_circuit_operator.py
[2025-04-26T22:35:41.545+0000] {processor.py:925} INFO - DAG(s) 'example_short_circuit_operator' retrieved from /home/airflow/.local/lib/python3.12/site-packages/airflow/example_dags/example_short_circuit_operator.py
[2025-04-26T22:35:41.568+0000] {logging_mixin.py:190} INFO - [2025-04-26T22:35:41.568+0000] {dag.py:3239} INFO - Sync 1 DAGs
[2025-04-26T22:35:41.582+0000] {logging_mixin.py:190} INFO - [2025-04-26T22:35:41.582+0000] {dag.py:4180} INFO - Setting next_dagrun for example_short_circuit_operator to None, run_after=None
[2025-04-26T22:35:41.598+0000] {processor.py:208} INFO - Processing /home/airflow/.local/lib/python3.12/site-packages/airflow/example_dags/example_short_circuit_operator.py took 0.073 seconds
[2025-04-26T22:36:12.207+0000] {processor.py:186} INFO - Started process (PID=868) to work on /home/airflow/.local/lib/python3.12/site-packages/airflow/example_dags/example_short_circuit_operator.py
[2025-04-26T22:36:12.209+0000] {processor.py:914} INFO - Processing file /home/airflow/.local/lib/python3.12/site-packages/airflow/example_dags/example_short_circuit_operator.py for tasks to queue
[2025-04-26T22:36:12.212+0000] {logging_mixin.py:190} INFO - [2025-04-26T22:36:12.211+0000] {dagbag.py:588} INFO - Filling up the DagBag from /home/airflow/.local/lib/python3.12/site-packages/airflow/example_dags/example_short_circuit_operator.py
[2025-04-26T22:36:12.222+0000] {processor.py:925} INFO - DAG(s) 'example_short_circuit_operator' retrieved from /home/airflow/.local/lib/python3.12/site-packages/airflow/example_dags/example_short_circuit_operator.py
[2025-04-26T22:36:12.250+0000] {logging_mixin.py:190} INFO - [2025-04-26T22:36:12.250+0000] {dag.py:3239} INFO - Sync 1 DAGs
[2025-04-26T22:36:12.265+0000] {logging_mixin.py:190} INFO - [2025-04-26T22:36:12.265+0000] {dag.py:4180} INFO - Setting next_dagrun for example_short_circuit_operator to None, run_after=None
[2025-04-26T22:36:12.282+0000] {processor.py:208} INFO - Processing /home/airflow/.local/lib/python3.12/site-packages/airflow/example_dags/example_short_circuit_operator.py took 0.082 seconds
[2025-04-26T22:36:43.282+0000] {processor.py:186} INFO - Started process (PID=932) to work on /home/airflow/.local/lib/python3.12/site-packages/airflow/example_dags/example_short_circuit_operator.py
[2025-04-26T22:36:43.283+0000] {processor.py:914} INFO - Processing file /home/airflow/.local/lib/python3.12/site-packages/airflow/example_dags/example_short_circuit_operator.py for tasks to queue
[2025-04-26T22:36:43.286+0000] {logging_mixin.py:190} INFO - [2025-04-26T22:36:43.286+0000] {dagbag.py:588} INFO - Filling up the DagBag from /home/airflow/.local/lib/python3.12/site-packages/airflow/example_dags/example_short_circuit_operator.py
[2025-04-26T22:36:43.296+0000] {processor.py:925} INFO - DAG(s) 'example_short_circuit_operator' retrieved from /home/airflow/.local/lib/python3.12/site-packages/airflow/example_dags/example_short_circuit_operator.py
[2025-04-26T22:36:43.319+0000] {logging_mixin.py:190} INFO - [2025-04-26T22:36:43.319+0000] {dag.py:3239} INFO - Sync 1 DAGs
[2025-04-26T22:36:43.334+0000] {logging_mixin.py:190} INFO - [2025-04-26T22:36:43.333+0000] {dag.py:4180} INFO - Setting next_dagrun for example_short_circuit_operator to None, run_after=None
[2025-04-26T22:36:43.350+0000] {processor.py:208} INFO - Processing /home/airflow/.local/lib/python3.12/site-packages/airflow/example_dags/example_short_circuit_operator.py took 0.075 seconds
[2025-04-26T22:37:13.943+0000] {processor.py:186} INFO - Started process (PID=996) to work on /home/airflow/.local/lib/python3.12/site-packages/airflow/example_dags/example_short_circuit_operator.py
[2025-04-26T22:37:13.944+0000] {processor.py:914} INFO - Processing file /home/airflow/.local/lib/python3.12/site-packages/airflow/example_dags/example_short_circuit_operator.py for tasks to queue
[2025-04-26T22:37:13.947+0000] {logging_mixin.py:190} INFO - [2025-04-26T22:37:13.946+0000] {dagbag.py:588} INFO - Filling up the DagBag from /home/airflow/.local/lib/python3.12/site-packages/airflow/example_dags/example_short_circuit_operator.py
[2025-04-26T22:37:13.956+0000] {processor.py:925} INFO - DAG(s) 'example_short_circuit_operator' retrieved from /home/airflow/.local/lib/python3.12/site-packages/airflow/example_dags/example_short_circuit_operator.py
[2025-04-26T22:37:13.979+0000] {logging_mixin.py:190} INFO - [2025-04-26T22:37:13.978+0000] {dag.py:3239} INFO - Sync 1 DAGs
[2025-04-26T22:37:13.992+0000] {logging_mixin.py:190} INFO - [2025-04-26T22:37:13.992+0000] {dag.py:4180} INFO - Setting next_dagrun for example_short_circuit_operator to None, run_after=None
[2025-04-26T22:37:14.008+0000] {processor.py:208} INFO - Processing /home/airflow/.local/lib/python3.12/site-packages/airflow/example_dags/example_short_circuit_operator.py took 0.072 seconds
[2025-04-26T22:37:45.087+0000] {processor.py:186} INFO - Started process (PID=1060) to work on /home/airflow/.local/lib/python3.12/site-packages/airflow/example_dags/example_short_circuit_operator.py
[2025-04-26T22:37:45.088+0000] {processor.py:914} INFO - Processing file /home/airflow/.local/lib/python3.12/site-packages/airflow/example_dags/example_short_circuit_operator.py for tasks to queue
[2025-04-26T22:37:45.090+0000] {logging_mixin.py:190} INFO - [2025-04-26T22:37:45.090+0000] {dagbag.py:588} INFO - Filling up the DagBag from /home/airflow/.local/lib/python3.12/site-packages/airflow/example_dags/example_short_circuit_operator.py
[2025-04-26T22:37:45.100+0000] {processor.py:925} INFO - DAG(s) 'example_short_circuit_operator' retrieved from /home/airflow/.local/lib/python3.12/site-packages/airflow/example_dags/example_short_circuit_operator.py
[2025-04-26T22:37:45.124+0000] {logging_mixin.py:190} INFO - [2025-04-26T22:37:45.124+0000] {dag.py:3239} INFO - Sync 1 DAGs
[2025-04-26T22:37:45.144+0000] {logging_mixin.py:190} INFO - [2025-04-26T22:37:45.144+0000] {dag.py:4180} INFO - Setting next_dagrun for example_short_circuit_operator to None, run_after=None
[2025-04-26T22:37:45.162+0000] {processor.py:208} INFO - Processing /home/airflow/.local/lib/python3.12/site-packages/airflow/example_dags/example_short_circuit_operator.py took 0.081 seconds
[2025-04-26T22:38:16.521+0000] {processor.py:186} INFO - Started process (PID=1124) to work on /home/airflow/.local/lib/python3.12/site-packages/airflow/example_dags/example_short_circuit_operator.py
[2025-04-26T22:38:16.523+0000] {processor.py:914} INFO - Processing file /home/airflow/.local/lib/python3.12/site-packages/airflow/example_dags/example_short_circuit_operator.py for tasks to queue
[2025-04-26T22:38:16.525+0000] {logging_mixin.py:190} INFO - [2025-04-26T22:38:16.525+0000] {dagbag.py:588} INFO - Filling up the DagBag from /home/airflow/.local/lib/python3.12/site-packages/airflow/example_dags/example_short_circuit_operator.py
[2025-04-26T22:38:16.535+0000] {processor.py:925} INFO - DAG(s) 'example_short_circuit_operator' retrieved from /home/airflow/.local/lib/python3.12/site-packages/airflow/example_dags/example_short_circuit_operator.py
[2025-04-26T22:38:16.557+0000] {logging_mixin.py:190} INFO - [2025-04-26T22:38:16.557+0000] {dag.py:3239} INFO - Sync 1 DAGs
[2025-04-26T22:38:16.571+0000] {logging_mixin.py:190} INFO - [2025-04-26T22:38:16.571+0000] {dag.py:4180} INFO - Setting next_dagrun for example_short_circuit_operator to None, run_after=None
[2025-04-26T22:38:16.587+0000] {processor.py:208} INFO - Processing /home/airflow/.local/lib/python3.12/site-packages/airflow/example_dags/example_short_circuit_operator.py took 0.072 seconds
[2025-04-26T22:38:48.670+0000] {processor.py:186} INFO - Started process (PID=1188) to work on /home/airflow/.local/lib/python3.12/site-packages/airflow/example_dags/example_short_circuit_operator.py
[2025-04-26T22:38:48.672+0000] {processor.py:914} INFO - Processing file /home/airflow/.local/lib/python3.12/site-packages/airflow/example_dags/example_short_circuit_operator.py for tasks to queue
[2025-04-26T22:38:48.674+0000] {logging_mixin.py:190} INFO - [2025-04-26T22:38:48.674+0000] {dagbag.py:588} INFO - Filling up the DagBag from /home/airflow/.local/lib/python3.12/site-packages/airflow/example_dags/example_short_circuit_operator.py
[2025-04-26T22:38:48.684+0000] {processor.py:925} INFO - DAG(s) 'example_short_circuit_operator' retrieved from /home/airflow/.local/lib/python3.12/site-packages/airflow/example_dags/example_short_circuit_operator.py
[2025-04-26T22:38:48.706+0000] {logging_mixin.py:190} INFO - [2025-04-26T22:38:48.706+0000] {dag.py:3239} INFO - Sync 1 DAGs
[2025-04-26T22:38:48.719+0000] {logging_mixin.py:190} INFO - [2025-04-26T22:38:48.719+0000] {dag.py:4180} INFO - Setting next_dagrun for example_short_circuit_operator to None, run_after=None
[2025-04-26T22:38:48.735+0000] {processor.py:208} INFO - Processing /home/airflow/.local/lib/python3.12/site-packages/airflow/example_dags/example_short_circuit_operator.py took 0.071 seconds
[2025-04-26T22:39:19.358+0000] {processor.py:186} INFO - Started process (PID=1252) to work on /home/airflow/.local/lib/python3.12/site-packages/airflow/example_dags/example_short_circuit_operator.py
[2025-04-26T22:39:19.359+0000] {processor.py:914} INFO - Processing file /home/airflow/.local/lib/python3.12/site-packages/airflow/example_dags/example_short_circuit_operator.py for tasks to queue
[2025-04-26T22:39:19.362+0000] {logging_mixin.py:190} INFO - [2025-04-26T22:39:19.362+0000] {dagbag.py:588} INFO - Filling up the DagBag from /home/airflow/.local/lib/python3.12/site-packages/airflow/example_dags/example_short_circuit_operator.py
[2025-04-26T22:39:19.375+0000] {processor.py:925} INFO - DAG(s) 'example_short_circuit_operator' retrieved from /home/airflow/.local/lib/python3.12/site-packages/airflow/example_dags/example_short_circuit_operator.py
[2025-04-26T22:39:19.407+0000] {logging_mixin.py:190} INFO - [2025-04-26T22:39:19.407+0000] {dag.py:3239} INFO - Sync 1 DAGs
[2025-04-26T22:39:19.428+0000] {logging_mixin.py:190} INFO - [2025-04-26T22:39:19.428+0000] {dag.py:4180} INFO - Setting next_dagrun for example_short_circuit_operator to None, run_after=None
[2025-04-26T22:39:19.450+0000] {processor.py:208} INFO - Processing /home/airflow/.local/lib/python3.12/site-packages/airflow/example_dags/example_short_circuit_operator.py took 0.101 seconds
[2025-04-26T22:39:50.405+0000] {processor.py:186} INFO - Started process (PID=1316) to work on /home/airflow/.local/lib/python3.12/site-packages/airflow/example_dags/example_short_circuit_operator.py
[2025-04-26T22:39:50.407+0000] {processor.py:914} INFO - Processing file /home/airflow/.local/lib/python3.12/site-packages/airflow/example_dags/example_short_circuit_operator.py for tasks to queue
[2025-04-26T22:39:50.410+0000] {logging_mixin.py:190} INFO - [2025-04-26T22:39:50.409+0000] {dagbag.py:588} INFO - Filling up the DagBag from /home/airflow/.local/lib/python3.12/site-packages/airflow/example_dags/example_short_circuit_operator.py
[2025-04-26T22:39:50.420+0000] {processor.py:925} INFO - DAG(s) 'example_short_circuit_operator' retrieved from /home/airflow/.local/lib/python3.12/site-packages/airflow/example_dags/example_short_circuit_operator.py
[2025-04-26T22:39:50.442+0000] {logging_mixin.py:190} INFO - [2025-04-26T22:39:50.442+0000] {dag.py:3239} INFO - Sync 1 DAGs
[2025-04-26T22:39:50.457+0000] {logging_mixin.py:190} INFO - [2025-04-26T22:39:50.456+0000] {dag.py:4180} INFO - Setting next_dagrun for example_short_circuit_operator to None, run_after=None
[2025-04-26T22:39:50.473+0000] {processor.py:208} INFO - Processing /home/airflow/.local/lib/python3.12/site-packages/airflow/example_dags/example_short_circuit_operator.py took 0.076 seconds
