[2025-04-26T22:30:01.191+0000] {processor.py:186} INFO - Started process (PID=105) to work on /home/airflow/.local/lib/python3.12/site-packages/airflow/example_dags/example_sla_dag.py
[2025-04-26T22:30:01.192+0000] {processor.py:914} INFO - Processing file /home/airflow/.local/lib/python3.12/site-packages/airflow/example_dags/example_sla_dag.py for tasks to queue
[2025-04-26T22:30:01.194+0000] {logging_mixin.py:190} INFO - [2025-04-26T22:30:01.194+0000] {dagbag.py:588} INFO - Filling up the DagBag from /home/airflow/.local/lib/python3.12/site-packages/airflow/example_dags/example_sla_dag.py
[2025-04-26T22:30:01.205+0000] {processor.py:925} INFO - DAG(s) 'example_sla_dag' retrieved from /home/airflow/.local/lib/python3.12/site-packages/airflow/example_dags/example_sla_dag.py
[2025-04-26T22:30:01.308+0000] {logging_mixin.py:190} INFO - [2025-04-26T22:30:01.307+0000] {override.py:1912} INFO - Created Permission View: can read on DAG:example_sla_dag
[2025-04-26T22:30:01.316+0000] {logging_mixin.py:190} INFO - [2025-04-26T22:30:01.316+0000] {override.py:1912} INFO - Created Permission View: can delete on DAG:example_sla_dag
[2025-04-26T22:30:01.321+0000] {logging_mixin.py:190} INFO - [2025-04-26T22:30:01.321+0000] {override.py:1912} INFO - Created Permission View: can edit on DAG:example_sla_dag
[2025-04-26T22:30:01.327+0000] {logging_mixin.py:190} INFO - [2025-04-26T22:30:01.327+0000] {override.py:1912} INFO - Created Permission View: can read on DAG Run:example_sla_dag
[2025-04-26T22:30:01.333+0000] {logging_mixin.py:190} INFO - [2025-04-26T22:30:01.332+0000] {override.py:1912} INFO - Created Permission View: can create on DAG Run:example_sla_dag
[2025-04-26T22:30:01.338+0000] {logging_mixin.py:190} INFO - [2025-04-26T22:30:01.338+0000] {override.py:1912} INFO - Created Permission View: can delete on DAG Run:example_sla_dag
[2025-04-26T22:30:01.343+0000] {logging_mixin.py:190} INFO - [2025-04-26T22:30:01.343+0000] {override.py:1912} INFO - Created Permission View: menu access on DAG Run:example_sla_dag
[2025-04-26T22:30:01.343+0000] {logging_mixin.py:190} INFO - [2025-04-26T22:30:01.343+0000] {dag.py:3239} INFO - Sync 1 DAGs
[2025-04-26T22:30:01.355+0000] {logging_mixin.py:190} INFO - [2025-04-26T22:30:01.355+0000] {dag.py:3262} INFO - Creating ORM DAG for example_sla_dag
[2025-04-26T22:30:01.366+0000] {logging_mixin.py:190} INFO - [2025-04-26T22:30:01.366+0000] {dag.py:4180} INFO - Setting next_dagrun for example_sla_dag to 2025-04-26 22:28:00+00:00, run_after=2025-04-26 22:30:00+00:00
[2025-04-26T22:30:01.378+0000] {processor.py:208} INFO - Processing /home/airflow/.local/lib/python3.12/site-packages/airflow/example_dags/example_sla_dag.py took 0.193 seconds
[2025-04-26T22:30:32.220+0000] {processor.py:186} INFO - Started process (PID=168) to work on /home/airflow/.local/lib/python3.12/site-packages/airflow/example_dags/example_sla_dag.py
[2025-04-26T22:30:32.221+0000] {processor.py:914} INFO - Processing file /home/airflow/.local/lib/python3.12/site-packages/airflow/example_dags/example_sla_dag.py for tasks to queue
[2025-04-26T22:30:32.224+0000] {logging_mixin.py:190} INFO - [2025-04-26T22:30:32.224+0000] {dagbag.py:588} INFO - Filling up the DagBag from /home/airflow/.local/lib/python3.12/site-packages/airflow/example_dags/example_sla_dag.py
[2025-04-26T22:30:32.235+0000] {processor.py:925} INFO - DAG(s) 'example_sla_dag' retrieved from /home/airflow/.local/lib/python3.12/site-packages/airflow/example_dags/example_sla_dag.py
[2025-04-26T22:30:32.258+0000] {logging_mixin.py:190} INFO - [2025-04-26T22:30:32.258+0000] {dag.py:3239} INFO - Sync 1 DAGs
[2025-04-26T22:30:32.283+0000] {logging_mixin.py:190} INFO - [2025-04-26T22:30:32.282+0000] {dag.py:4180} INFO - Setting next_dagrun for example_sla_dag to 2025-04-26 22:28:00+00:00, run_after=2025-04-26 22:30:00+00:00
[2025-04-26T22:30:32.299+0000] {processor.py:208} INFO - Processing /home/airflow/.local/lib/python3.12/site-packages/airflow/example_dags/example_sla_dag.py took 0.085 seconds
[2025-04-26T22:31:02.675+0000] {processor.py:186} INFO - Started process (PID=230) to work on /home/airflow/.local/lib/python3.12/site-packages/airflow/example_dags/example_sla_dag.py
[2025-04-26T22:31:02.676+0000] {processor.py:914} INFO - Processing file /home/airflow/.local/lib/python3.12/site-packages/airflow/example_dags/example_sla_dag.py for tasks to queue
[2025-04-26T22:31:02.679+0000] {logging_mixin.py:190} INFO - [2025-04-26T22:31:02.678+0000] {dagbag.py:588} INFO - Filling up the DagBag from /home/airflow/.local/lib/python3.12/site-packages/airflow/example_dags/example_sla_dag.py
[2025-04-26T22:31:02.690+0000] {processor.py:925} INFO - DAG(s) 'example_sla_dag' retrieved from /home/airflow/.local/lib/python3.12/site-packages/airflow/example_dags/example_sla_dag.py
[2025-04-26T22:31:02.708+0000] {logging_mixin.py:190} INFO - [2025-04-26T22:31:02.707+0000] {dag.py:3239} INFO - Sync 1 DAGs
[2025-04-26T22:31:02.733+0000] {logging_mixin.py:190} INFO - [2025-04-26T22:31:02.733+0000] {dag.py:4180} INFO - Setting next_dagrun for example_sla_dag to 2025-04-26 22:28:00+00:00, run_after=2025-04-26 22:30:00+00:00
[2025-04-26T22:31:02.749+0000] {processor.py:208} INFO - Processing /home/airflow/.local/lib/python3.12/site-packages/airflow/example_dags/example_sla_dag.py took 0.081 seconds
[2025-04-26T22:31:33.028+0000] {processor.py:186} INFO - Started process (PID=293) to work on /home/airflow/.local/lib/python3.12/site-packages/airflow/example_dags/example_sla_dag.py
[2025-04-26T22:31:33.029+0000] {processor.py:914} INFO - Processing file /home/airflow/.local/lib/python3.12/site-packages/airflow/example_dags/example_sla_dag.py for tasks to queue
[2025-04-26T22:31:33.032+0000] {logging_mixin.py:190} INFO - [2025-04-26T22:31:33.031+0000] {dagbag.py:588} INFO - Filling up the DagBag from /home/airflow/.local/lib/python3.12/site-packages/airflow/example_dags/example_sla_dag.py
[2025-04-26T22:31:33.042+0000] {processor.py:925} INFO - DAG(s) 'example_sla_dag' retrieved from /home/airflow/.local/lib/python3.12/site-packages/airflow/example_dags/example_sla_dag.py
[2025-04-26T22:31:33.060+0000] {logging_mixin.py:190} INFO - [2025-04-26T22:31:33.060+0000] {dag.py:3239} INFO - Sync 1 DAGs
[2025-04-26T22:31:33.085+0000] {logging_mixin.py:190} INFO - [2025-04-26T22:31:33.085+0000] {dag.py:4180} INFO - Setting next_dagrun for example_sla_dag to 2025-04-26 22:28:00+00:00, run_after=2025-04-26 22:30:00+00:00
[2025-04-26T22:31:33.100+0000] {processor.py:208} INFO - Processing /home/airflow/.local/lib/python3.12/site-packages/airflow/example_dags/example_sla_dag.py took 0.078 seconds
[2025-04-26T22:32:03.202+0000] {processor.py:186} INFO - Started process (PID=356) to work on /home/airflow/.local/lib/python3.12/site-packages/airflow/example_dags/example_sla_dag.py
[2025-04-26T22:32:03.203+0000] {processor.py:914} INFO - Processing file /home/airflow/.local/lib/python3.12/site-packages/airflow/example_dags/example_sla_dag.py for tasks to queue
[2025-04-26T22:32:03.206+0000] {logging_mixin.py:190} INFO - [2025-04-26T22:32:03.206+0000] {dagbag.py:588} INFO - Filling up the DagBag from /home/airflow/.local/lib/python3.12/site-packages/airflow/example_dags/example_sla_dag.py
[2025-04-26T22:32:03.217+0000] {processor.py:925} INFO - DAG(s) 'example_sla_dag' retrieved from /home/airflow/.local/lib/python3.12/site-packages/airflow/example_dags/example_sla_dag.py
[2025-04-26T22:32:03.239+0000] {logging_mixin.py:190} INFO - [2025-04-26T22:32:03.239+0000] {dag.py:3239} INFO - Sync 1 DAGs
[2025-04-26T22:32:03.276+0000] {logging_mixin.py:190} INFO - [2025-04-26T22:32:03.276+0000] {dag.py:4180} INFO - Setting next_dagrun for example_sla_dag to 2025-04-26 22:30:00+00:00, run_after=2025-04-26 22:32:00+00:00
[2025-04-26T22:32:03.300+0000] {processor.py:208} INFO - Processing /home/airflow/.local/lib/python3.12/site-packages/airflow/example_dags/example_sla_dag.py took 0.105 seconds
[2025-04-26T22:32:33.443+0000] {processor.py:186} INFO - Started process (PID=419) to work on /home/airflow/.local/lib/python3.12/site-packages/airflow/example_dags/example_sla_dag.py
[2025-04-26T22:32:33.444+0000] {processor.py:914} INFO - Processing file /home/airflow/.local/lib/python3.12/site-packages/airflow/example_dags/example_sla_dag.py for tasks to queue
[2025-04-26T22:32:33.447+0000] {logging_mixin.py:190} INFO - [2025-04-26T22:32:33.447+0000] {dagbag.py:588} INFO - Filling up the DagBag from /home/airflow/.local/lib/python3.12/site-packages/airflow/example_dags/example_sla_dag.py
[2025-04-26T22:32:33.462+0000] {processor.py:925} INFO - DAG(s) 'example_sla_dag' retrieved from /home/airflow/.local/lib/python3.12/site-packages/airflow/example_dags/example_sla_dag.py
[2025-04-26T22:32:33.480+0000] {logging_mixin.py:190} INFO - [2025-04-26T22:32:33.480+0000] {dag.py:3239} INFO - Sync 1 DAGs
[2025-04-26T22:32:33.505+0000] {logging_mixin.py:190} INFO - [2025-04-26T22:32:33.505+0000] {dag.py:4180} INFO - Setting next_dagrun for example_sla_dag to 2025-04-26 22:30:00+00:00, run_after=2025-04-26 22:32:00+00:00
[2025-04-26T22:32:33.520+0000] {processor.py:208} INFO - Processing /home/airflow/.local/lib/python3.12/site-packages/airflow/example_dags/example_sla_dag.py took 0.084 seconds
[2025-04-26T22:33:04.537+0000] {processor.py:186} INFO - Started process (PID=482) to work on /home/airflow/.local/lib/python3.12/site-packages/airflow/example_dags/example_sla_dag.py
[2025-04-26T22:33:04.538+0000] {processor.py:914} INFO - Processing file /home/airflow/.local/lib/python3.12/site-packages/airflow/example_dags/example_sla_dag.py for tasks to queue
[2025-04-26T22:33:04.541+0000] {logging_mixin.py:190} INFO - [2025-04-26T22:33:04.540+0000] {dagbag.py:588} INFO - Filling up the DagBag from /home/airflow/.local/lib/python3.12/site-packages/airflow/example_dags/example_sla_dag.py
[2025-04-26T22:33:04.551+0000] {processor.py:925} INFO - DAG(s) 'example_sla_dag' retrieved from /home/airflow/.local/lib/python3.12/site-packages/airflow/example_dags/example_sla_dag.py
[2025-04-26T22:33:04.570+0000] {logging_mixin.py:190} INFO - [2025-04-26T22:33:04.570+0000] {dag.py:3239} INFO - Sync 1 DAGs
[2025-04-26T22:33:04.595+0000] {logging_mixin.py:190} INFO - [2025-04-26T22:33:04.594+0000] {dag.py:4180} INFO - Setting next_dagrun for example_sla_dag to 2025-04-26 22:30:00+00:00, run_after=2025-04-26 22:32:00+00:00
[2025-04-26T22:33:04.610+0000] {processor.py:208} INFO - Processing /home/airflow/.local/lib/python3.12/site-packages/airflow/example_dags/example_sla_dag.py took 0.080 seconds
[2025-04-26T22:33:36.076+0000] {processor.py:186} INFO - Started process (PID=545) to work on /home/airflow/.local/lib/python3.12/site-packages/airflow/example_dags/example_sla_dag.py
[2025-04-26T22:33:36.077+0000] {processor.py:914} INFO - Processing file /home/airflow/.local/lib/python3.12/site-packages/airflow/example_dags/example_sla_dag.py for tasks to queue
[2025-04-26T22:33:36.080+0000] {logging_mixin.py:190} INFO - [2025-04-26T22:33:36.079+0000] {dagbag.py:588} INFO - Filling up the DagBag from /home/airflow/.local/lib/python3.12/site-packages/airflow/example_dags/example_sla_dag.py
[2025-04-26T22:33:36.090+0000] {processor.py:925} INFO - DAG(s) 'example_sla_dag' retrieved from /home/airflow/.local/lib/python3.12/site-packages/airflow/example_dags/example_sla_dag.py
[2025-04-26T22:33:36.109+0000] {logging_mixin.py:190} INFO - [2025-04-26T22:33:36.108+0000] {dag.py:3239} INFO - Sync 1 DAGs
[2025-04-26T22:33:36.133+0000] {logging_mixin.py:190} INFO - [2025-04-26T22:33:36.133+0000] {dag.py:4180} INFO - Setting next_dagrun for example_sla_dag to 2025-04-26 22:30:00+00:00, run_after=2025-04-26 22:32:00+00:00
[2025-04-26T22:33:36.148+0000] {processor.py:208} INFO - Processing /home/airflow/.local/lib/python3.12/site-packages/airflow/example_dags/example_sla_dag.py took 0.079 seconds
[2025-04-26T22:34:07.086+0000] {processor.py:186} INFO - Started process (PID=608) to work on /home/airflow/.local/lib/python3.12/site-packages/airflow/example_dags/example_sla_dag.py
[2025-04-26T22:34:07.087+0000] {processor.py:914} INFO - Processing file /home/airflow/.local/lib/python3.12/site-packages/airflow/example_dags/example_sla_dag.py for tasks to queue
[2025-04-26T22:34:07.090+0000] {logging_mixin.py:190} INFO - [2025-04-26T22:34:07.089+0000] {dagbag.py:588} INFO - Filling up the DagBag from /home/airflow/.local/lib/python3.12/site-packages/airflow/example_dags/example_sla_dag.py
[2025-04-26T22:34:07.101+0000] {processor.py:925} INFO - DAG(s) 'example_sla_dag' retrieved from /home/airflow/.local/lib/python3.12/site-packages/airflow/example_dags/example_sla_dag.py
[2025-04-26T22:34:07.120+0000] {logging_mixin.py:190} INFO - [2025-04-26T22:34:07.120+0000] {dag.py:3239} INFO - Sync 1 DAGs
[2025-04-26T22:34:07.146+0000] {logging_mixin.py:190} INFO - [2025-04-26T22:34:07.146+0000] {dag.py:4180} INFO - Setting next_dagrun for example_sla_dag to 2025-04-26 22:32:00+00:00, run_after=2025-04-26 22:34:00+00:00
[2025-04-26T22:34:07.164+0000] {processor.py:208} INFO - Processing /home/airflow/.local/lib/python3.12/site-packages/airflow/example_dags/example_sla_dag.py took 0.085 seconds
[2025-04-26T22:34:38.515+0000] {processor.py:186} INFO - Started process (PID=671) to work on /home/airflow/.local/lib/python3.12/site-packages/airflow/example_dags/example_sla_dag.py
[2025-04-26T22:34:38.516+0000] {processor.py:914} INFO - Processing file /home/airflow/.local/lib/python3.12/site-packages/airflow/example_dags/example_sla_dag.py for tasks to queue
[2025-04-26T22:34:38.519+0000] {logging_mixin.py:190} INFO - [2025-04-26T22:34:38.519+0000] {dagbag.py:588} INFO - Filling up the DagBag from /home/airflow/.local/lib/python3.12/site-packages/airflow/example_dags/example_sla_dag.py
[2025-04-26T22:34:38.529+0000] {processor.py:925} INFO - DAG(s) 'example_sla_dag' retrieved from /home/airflow/.local/lib/python3.12/site-packages/airflow/example_dags/example_sla_dag.py
[2025-04-26T22:34:38.547+0000] {logging_mixin.py:190} INFO - [2025-04-26T22:34:38.547+0000] {dag.py:3239} INFO - Sync 1 DAGs
[2025-04-26T22:34:38.572+0000] {logging_mixin.py:190} INFO - [2025-04-26T22:34:38.571+0000] {dag.py:4180} INFO - Setting next_dagrun for example_sla_dag to 2025-04-26 22:32:00+00:00, run_after=2025-04-26 22:34:00+00:00
[2025-04-26T22:34:38.587+0000] {processor.py:208} INFO - Processing /home/airflow/.local/lib/python3.12/site-packages/airflow/example_dags/example_sla_dag.py took 0.078 seconds
[2025-04-26T22:35:09.746+0000] {processor.py:186} INFO - Started process (PID=735) to work on /home/airflow/.local/lib/python3.12/site-packages/airflow/example_dags/example_sla_dag.py
[2025-04-26T22:35:09.746+0000] {processor.py:914} INFO - Processing file /home/airflow/.local/lib/python3.12/site-packages/airflow/example_dags/example_sla_dag.py for tasks to queue
[2025-04-26T22:35:09.749+0000] {logging_mixin.py:190} INFO - [2025-04-26T22:35:09.749+0000] {dagbag.py:588} INFO - Filling up the DagBag from /home/airflow/.local/lib/python3.12/site-packages/airflow/example_dags/example_sla_dag.py
[2025-04-26T22:35:09.761+0000] {processor.py:925} INFO - DAG(s) 'example_sla_dag' retrieved from /home/airflow/.local/lib/python3.12/site-packages/airflow/example_dags/example_sla_dag.py
[2025-04-26T22:35:09.780+0000] {logging_mixin.py:190} INFO - [2025-04-26T22:35:09.780+0000] {dag.py:3239} INFO - Sync 1 DAGs
[2025-04-26T22:35:09.808+0000] {logging_mixin.py:190} INFO - [2025-04-26T22:35:09.808+0000] {dag.py:4180} INFO - Setting next_dagrun for example_sla_dag to 2025-04-26 22:32:00+00:00, run_after=2025-04-26 22:34:00+00:00
[2025-04-26T22:35:09.825+0000] {processor.py:208} INFO - Processing /home/airflow/.local/lib/python3.12/site-packages/airflow/example_dags/example_sla_dag.py took 0.086 seconds
[2025-04-26T22:35:41.225+0000] {processor.py:186} INFO - Started process (PID=799) to work on /home/airflow/.local/lib/python3.12/site-packages/airflow/example_dags/example_sla_dag.py
[2025-04-26T22:35:41.226+0000] {processor.py:914} INFO - Processing file /home/airflow/.local/lib/python3.12/site-packages/airflow/example_dags/example_sla_dag.py for tasks to queue
[2025-04-26T22:35:41.229+0000] {logging_mixin.py:190} INFO - [2025-04-26T22:35:41.228+0000] {dagbag.py:588} INFO - Filling up the DagBag from /home/airflow/.local/lib/python3.12/site-packages/airflow/example_dags/example_sla_dag.py
[2025-04-26T22:35:41.240+0000] {processor.py:925} INFO - DAG(s) 'example_sla_dag' retrieved from /home/airflow/.local/lib/python3.12/site-packages/airflow/example_dags/example_sla_dag.py
[2025-04-26T22:35:41.259+0000] {logging_mixin.py:190} INFO - [2025-04-26T22:35:41.259+0000] {dag.py:3239} INFO - Sync 1 DAGs
[2025-04-26T22:35:41.284+0000] {logging_mixin.py:190} INFO - [2025-04-26T22:35:41.284+0000] {dag.py:4180} INFO - Setting next_dagrun for example_sla_dag to 2025-04-26 22:32:00+00:00, run_after=2025-04-26 22:34:00+00:00
[2025-04-26T22:35:41.301+0000] {processor.py:208} INFO - Processing /home/airflow/.local/lib/python3.12/site-packages/airflow/example_dags/example_sla_dag.py took 0.083 seconds
[2025-04-26T22:36:11.942+0000] {processor.py:186} INFO - Started process (PID=863) to work on /home/airflow/.local/lib/python3.12/site-packages/airflow/example_dags/example_sla_dag.py
[2025-04-26T22:36:11.943+0000] {processor.py:914} INFO - Processing file /home/airflow/.local/lib/python3.12/site-packages/airflow/example_dags/example_sla_dag.py for tasks to queue
[2025-04-26T22:36:11.946+0000] {logging_mixin.py:190} INFO - [2025-04-26T22:36:11.946+0000] {dagbag.py:588} INFO - Filling up the DagBag from /home/airflow/.local/lib/python3.12/site-packages/airflow/example_dags/example_sla_dag.py
[2025-04-26T22:36:11.958+0000] {processor.py:925} INFO - DAG(s) 'example_sla_dag' retrieved from /home/airflow/.local/lib/python3.12/site-packages/airflow/example_dags/example_sla_dag.py
[2025-04-26T22:36:11.976+0000] {logging_mixin.py:190} INFO - [2025-04-26T22:36:11.976+0000] {dag.py:3239} INFO - Sync 1 DAGs
[2025-04-26T22:36:12.000+0000] {logging_mixin.py:190} INFO - [2025-04-26T22:36:12.000+0000] {dag.py:4180} INFO - Setting next_dagrun for example_sla_dag to 2025-04-26 22:34:00+00:00, run_after=2025-04-26 22:36:00+00:00
[2025-04-26T22:36:12.016+0000] {processor.py:208} INFO - Processing /home/airflow/.local/lib/python3.12/site-packages/airflow/example_dags/example_sla_dag.py took 0.081 seconds
[2025-04-26T22:36:43.036+0000] {processor.py:186} INFO - Started process (PID=927) to work on /home/airflow/.local/lib/python3.12/site-packages/airflow/example_dags/example_sla_dag.py
[2025-04-26T22:36:43.037+0000] {processor.py:914} INFO - Processing file /home/airflow/.local/lib/python3.12/site-packages/airflow/example_dags/example_sla_dag.py for tasks to queue
[2025-04-26T22:36:43.041+0000] {logging_mixin.py:190} INFO - [2025-04-26T22:36:43.041+0000] {dagbag.py:588} INFO - Filling up the DagBag from /home/airflow/.local/lib/python3.12/site-packages/airflow/example_dags/example_sla_dag.py
[2025-04-26T22:36:43.056+0000] {processor.py:925} INFO - DAG(s) 'example_sla_dag' retrieved from /home/airflow/.local/lib/python3.12/site-packages/airflow/example_dags/example_sla_dag.py
[2025-04-26T22:36:43.075+0000] {logging_mixin.py:190} INFO - [2025-04-26T22:36:43.075+0000] {dag.py:3239} INFO - Sync 1 DAGs
[2025-04-26T22:36:43.101+0000] {logging_mixin.py:190} INFO - [2025-04-26T22:36:43.101+0000] {dag.py:4180} INFO - Setting next_dagrun for example_sla_dag to 2025-04-26 22:34:00+00:00, run_after=2025-04-26 22:36:00+00:00
[2025-04-26T22:36:43.118+0000] {processor.py:208} INFO - Processing /home/airflow/.local/lib/python3.12/site-packages/airflow/example_dags/example_sla_dag.py took 0.089 seconds
[2025-04-26T22:37:13.712+0000] {processor.py:186} INFO - Started process (PID=991) to work on /home/airflow/.local/lib/python3.12/site-packages/airflow/example_dags/example_sla_dag.py
[2025-04-26T22:37:13.713+0000] {processor.py:914} INFO - Processing file /home/airflow/.local/lib/python3.12/site-packages/airflow/example_dags/example_sla_dag.py for tasks to queue
[2025-04-26T22:37:13.716+0000] {logging_mixin.py:190} INFO - [2025-04-26T22:37:13.716+0000] {dagbag.py:588} INFO - Filling up the DagBag from /home/airflow/.local/lib/python3.12/site-packages/airflow/example_dags/example_sla_dag.py
[2025-04-26T22:37:13.727+0000] {processor.py:925} INFO - DAG(s) 'example_sla_dag' retrieved from /home/airflow/.local/lib/python3.12/site-packages/airflow/example_dags/example_sla_dag.py
[2025-04-26T22:37:13.746+0000] {logging_mixin.py:190} INFO - [2025-04-26T22:37:13.745+0000] {dag.py:3239} INFO - Sync 1 DAGs
[2025-04-26T22:37:13.771+0000] {logging_mixin.py:190} INFO - [2025-04-26T22:37:13.771+0000] {dag.py:4180} INFO - Setting next_dagrun for example_sla_dag to 2025-04-26 22:34:00+00:00, run_after=2025-04-26 22:36:00+00:00
[2025-04-26T22:37:13.786+0000] {processor.py:208} INFO - Processing /home/airflow/.local/lib/python3.12/site-packages/airflow/example_dags/example_sla_dag.py took 0.081 seconds
[2025-04-26T22:37:44.840+0000] {processor.py:186} INFO - Started process (PID=1055) to work on /home/airflow/.local/lib/python3.12/site-packages/airflow/example_dags/example_sla_dag.py
[2025-04-26T22:37:44.840+0000] {processor.py:914} INFO - Processing file /home/airflow/.local/lib/python3.12/site-packages/airflow/example_dags/example_sla_dag.py for tasks to queue
[2025-04-26T22:37:44.843+0000] {logging_mixin.py:190} INFO - [2025-04-26T22:37:44.843+0000] {dagbag.py:588} INFO - Filling up the DagBag from /home/airflow/.local/lib/python3.12/site-packages/airflow/example_dags/example_sla_dag.py
[2025-04-26T22:37:44.854+0000] {processor.py:925} INFO - DAG(s) 'example_sla_dag' retrieved from /home/airflow/.local/lib/python3.12/site-packages/airflow/example_dags/example_sla_dag.py
[2025-04-26T22:37:44.872+0000] {logging_mixin.py:190} INFO - [2025-04-26T22:37:44.872+0000] {dag.py:3239} INFO - Sync 1 DAGs
[2025-04-26T22:37:44.899+0000] {logging_mixin.py:190} INFO - [2025-04-26T22:37:44.899+0000] {dag.py:4180} INFO - Setting next_dagrun for example_sla_dag to 2025-04-26 22:34:00+00:00, run_after=2025-04-26 22:36:00+00:00
[2025-04-26T22:37:44.914+0000] {processor.py:208} INFO - Processing /home/airflow/.local/lib/python3.12/site-packages/airflow/example_dags/example_sla_dag.py took 0.081 seconds
[2025-04-26T22:38:16.284+0000] {processor.py:186} INFO - Started process (PID=1119) to work on /home/airflow/.local/lib/python3.12/site-packages/airflow/example_dags/example_sla_dag.py
[2025-04-26T22:38:16.285+0000] {processor.py:914} INFO - Processing file /home/airflow/.local/lib/python3.12/site-packages/airflow/example_dags/example_sla_dag.py for tasks to queue
[2025-04-26T22:38:16.289+0000] {logging_mixin.py:190} INFO - [2025-04-26T22:38:16.288+0000] {dagbag.py:588} INFO - Filling up the DagBag from /home/airflow/.local/lib/python3.12/site-packages/airflow/example_dags/example_sla_dag.py
[2025-04-26T22:38:16.301+0000] {processor.py:925} INFO - DAG(s) 'example_sla_dag' retrieved from /home/airflow/.local/lib/python3.12/site-packages/airflow/example_dags/example_sla_dag.py
[2025-04-26T22:38:16.319+0000] {logging_mixin.py:190} INFO - [2025-04-26T22:38:16.318+0000] {dag.py:3239} INFO - Sync 1 DAGs
[2025-04-26T22:38:16.344+0000] {logging_mixin.py:190} INFO - [2025-04-26T22:38:16.344+0000] {dag.py:4180} INFO - Setting next_dagrun for example_sla_dag to 2025-04-26 22:36:00+00:00, run_after=2025-04-26 22:38:00+00:00
[2025-04-26T22:38:16.360+0000] {processor.py:208} INFO - Processing /home/airflow/.local/lib/python3.12/site-packages/airflow/example_dags/example_sla_dag.py took 0.083 seconds
[2025-04-26T22:38:48.376+0000] {processor.py:186} INFO - Started process (PID=1183) to work on /home/airflow/.local/lib/python3.12/site-packages/airflow/example_dags/example_sla_dag.py
[2025-04-26T22:38:48.378+0000] {processor.py:914} INFO - Processing file /home/airflow/.local/lib/python3.12/site-packages/airflow/example_dags/example_sla_dag.py for tasks to queue
[2025-04-26T22:38:48.381+0000] {logging_mixin.py:190} INFO - [2025-04-26T22:38:48.380+0000] {dagbag.py:588} INFO - Filling up the DagBag from /home/airflow/.local/lib/python3.12/site-packages/airflow/example_dags/example_sla_dag.py
[2025-04-26T22:38:48.392+0000] {processor.py:925} INFO - DAG(s) 'example_sla_dag' retrieved from /home/airflow/.local/lib/python3.12/site-packages/airflow/example_dags/example_sla_dag.py
[2025-04-26T22:38:48.410+0000] {logging_mixin.py:190} INFO - [2025-04-26T22:38:48.410+0000] {dag.py:3239} INFO - Sync 1 DAGs
[2025-04-26T22:38:48.434+0000] {logging_mixin.py:190} INFO - [2025-04-26T22:38:48.434+0000] {dag.py:4180} INFO - Setting next_dagrun for example_sla_dag to 2025-04-26 22:36:00+00:00, run_after=2025-04-26 22:38:00+00:00
[2025-04-26T22:38:48.450+0000] {processor.py:208} INFO - Processing /home/airflow/.local/lib/python3.12/site-packages/airflow/example_dags/example_sla_dag.py took 0.080 seconds
[2025-04-26T22:39:18.953+0000] {processor.py:186} INFO - Started process (PID=1247) to work on /home/airflow/.local/lib/python3.12/site-packages/airflow/example_dags/example_sla_dag.py
[2025-04-26T22:39:18.954+0000] {processor.py:914} INFO - Processing file /home/airflow/.local/lib/python3.12/site-packages/airflow/example_dags/example_sla_dag.py for tasks to queue
[2025-04-26T22:39:18.957+0000] {logging_mixin.py:190} INFO - [2025-04-26T22:39:18.956+0000] {dagbag.py:588} INFO - Filling up the DagBag from /home/airflow/.local/lib/python3.12/site-packages/airflow/example_dags/example_sla_dag.py
[2025-04-26T22:39:18.968+0000] {processor.py:925} INFO - DAG(s) 'example_sla_dag' retrieved from /home/airflow/.local/lib/python3.12/site-packages/airflow/example_dags/example_sla_dag.py
[2025-04-26T22:39:18.988+0000] {logging_mixin.py:190} INFO - [2025-04-26T22:39:18.988+0000] {dag.py:3239} INFO - Sync 1 DAGs
[2025-04-26T22:39:19.014+0000] {logging_mixin.py:190} INFO - [2025-04-26T22:39:19.014+0000] {dag.py:4180} INFO - Setting next_dagrun for example_sla_dag to 2025-04-26 22:36:00+00:00, run_after=2025-04-26 22:38:00+00:00
[2025-04-26T22:39:19.030+0000] {processor.py:208} INFO - Processing /home/airflow/.local/lib/python3.12/site-packages/airflow/example_dags/example_sla_dag.py took 0.084 seconds
[2025-04-26T22:39:50.098+0000] {processor.py:186} INFO - Started process (PID=1311) to work on /home/airflow/.local/lib/python3.12/site-packages/airflow/example_dags/example_sla_dag.py
[2025-04-26T22:39:50.099+0000] {processor.py:914} INFO - Processing file /home/airflow/.local/lib/python3.12/site-packages/airflow/example_dags/example_sla_dag.py for tasks to queue
[2025-04-26T22:39:50.102+0000] {logging_mixin.py:190} INFO - [2025-04-26T22:39:50.101+0000] {dagbag.py:588} INFO - Filling up the DagBag from /home/airflow/.local/lib/python3.12/site-packages/airflow/example_dags/example_sla_dag.py
[2025-04-26T22:39:50.113+0000] {processor.py:925} INFO - DAG(s) 'example_sla_dag' retrieved from /home/airflow/.local/lib/python3.12/site-packages/airflow/example_dags/example_sla_dag.py
[2025-04-26T22:39:50.132+0000] {logging_mixin.py:190} INFO - [2025-04-26T22:39:50.132+0000] {dag.py:3239} INFO - Sync 1 DAGs
[2025-04-26T22:39:50.161+0000] {logging_mixin.py:190} INFO - [2025-04-26T22:39:50.160+0000] {dag.py:4180} INFO - Setting next_dagrun for example_sla_dag to 2025-04-26 22:36:00+00:00, run_after=2025-04-26 22:38:00+00:00
[2025-04-26T22:39:50.178+0000] {processor.py:208} INFO - Processing /home/airflow/.local/lib/python3.12/site-packages/airflow/example_dags/example_sla_dag.py took 0.087 seconds
