[2025-04-26T22:29:59.906+0000] {processor.py:186} INFO - Started process (PID=98) to work on /home/airflow/.local/lib/python3.12/site-packages/airflow/example_dags/example_branch_labels.py
[2025-04-26T22:29:59.906+0000] {processor.py:914} INFO - Processing file /home/airflow/.local/lib/python3.12/site-packages/airflow/example_dags/example_branch_labels.py for tasks to queue
[2025-04-26T22:29:59.909+0000] {logging_mixin.py:190} INFO - [2025-04-26T22:29:59.908+0000] {dagbag.py:588} INFO - Filling up the DagBag from /home/airflow/.local/lib/python3.12/site-packages/airflow/example_dags/example_branch_labels.py
[2025-04-26T22:29:59.920+0000] {processor.py:925} INFO - DAG(s) 'example_branch_labels' retrieved from /home/airflow/.local/lib/python3.12/site-packages/airflow/example_dags/example_branch_labels.py
[2025-04-26T22:30:00.037+0000] {logging_mixin.py:190} INFO - [2025-04-26T22:30:00.037+0000] {override.py:1912} INFO - Created Permission View: can read on DAG:example_branch_labels
[2025-04-26T22:30:00.049+0000] {logging_mixin.py:190} INFO - [2025-04-26T22:30:00.048+0000] {override.py:1912} INFO - Created Permission View: can delete on DAG:example_branch_labels
[2025-04-26T22:30:00.056+0000] {logging_mixin.py:190} INFO - [2025-04-26T22:30:00.055+0000] {override.py:1912} INFO - Created Permission View: can edit on DAG:example_branch_labels
[2025-04-26T22:30:00.064+0000] {logging_mixin.py:190} INFO - [2025-04-26T22:30:00.064+0000] {override.py:1912} INFO - Created Permission View: can read on DAG Run:example_branch_labels
[2025-04-26T22:30:00.071+0000] {logging_mixin.py:190} INFO - [2025-04-26T22:30:00.071+0000] {override.py:1912} INFO - Created Permission View: can create on DAG Run:example_branch_labels
[2025-04-26T22:30:00.077+0000] {logging_mixin.py:190} INFO - [2025-04-26T22:30:00.077+0000] {override.py:1912} INFO - Created Permission View: can delete on DAG Run:example_branch_labels
[2025-04-26T22:30:00.083+0000] {logging_mixin.py:190} INFO - [2025-04-26T22:30:00.083+0000] {override.py:1912} INFO - Created Permission View: menu access on DAG Run:example_branch_labels
[2025-04-26T22:30:00.083+0000] {logging_mixin.py:190} INFO - [2025-04-26T22:30:00.083+0000] {dag.py:3239} INFO - Sync 1 DAGs
[2025-04-26T22:30:00.098+0000] {logging_mixin.py:190} INFO - [2025-04-26T22:30:00.098+0000] {dag.py:3262} INFO - Creating ORM DAG for example_branch_labels
[2025-04-26T22:30:00.113+0000] {logging_mixin.py:190} INFO - [2025-04-26T22:30:00.113+0000] {dag.py:4180} INFO - Setting next_dagrun for example_branch_labels to 2025-04-25 00:00:00+00:00, run_after=2025-04-26 00:00:00+00:00
[2025-04-26T22:30:00.130+0000] {processor.py:208} INFO - Processing /home/airflow/.local/lib/python3.12/site-packages/airflow/example_dags/example_branch_labels.py took 0.231 seconds
[2025-04-26T22:30:30.762+0000] {processor.py:186} INFO - Started process (PID=161) to work on /home/airflow/.local/lib/python3.12/site-packages/airflow/example_dags/example_branch_labels.py
[2025-04-26T22:30:30.763+0000] {processor.py:914} INFO - Processing file /home/airflow/.local/lib/python3.12/site-packages/airflow/example_dags/example_branch_labels.py for tasks to queue
[2025-04-26T22:30:30.765+0000] {logging_mixin.py:190} INFO - [2025-04-26T22:30:30.765+0000] {dagbag.py:588} INFO - Filling up the DagBag from /home/airflow/.local/lib/python3.12/site-packages/airflow/example_dags/example_branch_labels.py
[2025-04-26T22:30:30.775+0000] {processor.py:925} INFO - DAG(s) 'example_branch_labels' retrieved from /home/airflow/.local/lib/python3.12/site-packages/airflow/example_dags/example_branch_labels.py
[2025-04-26T22:30:30.795+0000] {logging_mixin.py:190} INFO - [2025-04-26T22:30:30.795+0000] {dag.py:3239} INFO - Sync 1 DAGs
[2025-04-26T22:30:30.818+0000] {logging_mixin.py:190} INFO - [2025-04-26T22:30:30.818+0000] {dag.py:4180} INFO - Setting next_dagrun for example_branch_labels to 2025-04-25 00:00:00+00:00, run_after=2025-04-26 00:00:00+00:00
[2025-04-26T22:30:30.834+0000] {processor.py:208} INFO - Processing /home/airflow/.local/lib/python3.12/site-packages/airflow/example_dags/example_branch_labels.py took 0.078 seconds
[2025-04-26T22:31:01.291+0000] {processor.py:186} INFO - Started process (PID=224) to work on /home/airflow/.local/lib/python3.12/site-packages/airflow/example_dags/example_branch_labels.py
[2025-04-26T22:31:01.293+0000] {processor.py:914} INFO - Processing file /home/airflow/.local/lib/python3.12/site-packages/airflow/example_dags/example_branch_labels.py for tasks to queue
[2025-04-26T22:31:01.295+0000] {logging_mixin.py:190} INFO - [2025-04-26T22:31:01.295+0000] {dagbag.py:588} INFO - Filling up the DagBag from /home/airflow/.local/lib/python3.12/site-packages/airflow/example_dags/example_branch_labels.py
[2025-04-26T22:31:01.306+0000] {processor.py:925} INFO - DAG(s) 'example_branch_labels' retrieved from /home/airflow/.local/lib/python3.12/site-packages/airflow/example_dags/example_branch_labels.py
[2025-04-26T22:31:01.332+0000] {logging_mixin.py:190} INFO - [2025-04-26T22:31:01.332+0000] {dag.py:3239} INFO - Sync 1 DAGs
[2025-04-26T22:31:01.367+0000] {logging_mixin.py:190} INFO - [2025-04-26T22:31:01.366+0000] {dag.py:4180} INFO - Setting next_dagrun for example_branch_labels to 2025-04-25 00:00:00+00:00, run_after=2025-04-26 00:00:00+00:00
[2025-04-26T22:31:01.387+0000] {processor.py:208} INFO - Processing /home/airflow/.local/lib/python3.12/site-packages/airflow/example_dags/example_branch_labels.py took 0.102 seconds
[2025-04-26T22:31:31.673+0000] {processor.py:186} INFO - Started process (PID=287) to work on /home/airflow/.local/lib/python3.12/site-packages/airflow/example_dags/example_branch_labels.py
[2025-04-26T22:31:31.673+0000] {processor.py:914} INFO - Processing file /home/airflow/.local/lib/python3.12/site-packages/airflow/example_dags/example_branch_labels.py for tasks to queue
[2025-04-26T22:31:31.676+0000] {logging_mixin.py:190} INFO - [2025-04-26T22:31:31.675+0000] {dagbag.py:588} INFO - Filling up the DagBag from /home/airflow/.local/lib/python3.12/site-packages/airflow/example_dags/example_branch_labels.py
[2025-04-26T22:31:31.686+0000] {processor.py:925} INFO - DAG(s) 'example_branch_labels' retrieved from /home/airflow/.local/lib/python3.12/site-packages/airflow/example_dags/example_branch_labels.py
[2025-04-26T22:31:31.708+0000] {logging_mixin.py:190} INFO - [2025-04-26T22:31:31.708+0000] {dag.py:3239} INFO - Sync 1 DAGs
[2025-04-26T22:31:31.732+0000] {logging_mixin.py:190} INFO - [2025-04-26T22:31:31.731+0000] {dag.py:4180} INFO - Setting next_dagrun for example_branch_labels to 2025-04-25 00:00:00+00:00, run_after=2025-04-26 00:00:00+00:00
[2025-04-26T22:31:31.747+0000] {processor.py:208} INFO - Processing /home/airflow/.local/lib/python3.12/site-packages/airflow/example_dags/example_branch_labels.py took 0.081 seconds
[2025-04-26T22:32:01.839+0000] {processor.py:186} INFO - Started process (PID=350) to work on /home/airflow/.local/lib/python3.12/site-packages/airflow/example_dags/example_branch_labels.py
[2025-04-26T22:32:01.840+0000] {processor.py:914} INFO - Processing file /home/airflow/.local/lib/python3.12/site-packages/airflow/example_dags/example_branch_labels.py for tasks to queue
[2025-04-26T22:32:01.843+0000] {logging_mixin.py:190} INFO - [2025-04-26T22:32:01.842+0000] {dagbag.py:588} INFO - Filling up the DagBag from /home/airflow/.local/lib/python3.12/site-packages/airflow/example_dags/example_branch_labels.py
[2025-04-26T22:32:01.853+0000] {processor.py:925} INFO - DAG(s) 'example_branch_labels' retrieved from /home/airflow/.local/lib/python3.12/site-packages/airflow/example_dags/example_branch_labels.py
[2025-04-26T22:32:01.876+0000] {logging_mixin.py:190} INFO - [2025-04-26T22:32:01.876+0000] {dag.py:3239} INFO - Sync 1 DAGs
[2025-04-26T22:32:01.906+0000] {logging_mixin.py:190} INFO - [2025-04-26T22:32:01.905+0000] {dag.py:4180} INFO - Setting next_dagrun for example_branch_labels to 2025-04-25 00:00:00+00:00, run_after=2025-04-26 00:00:00+00:00
[2025-04-26T22:32:01.923+0000] {processor.py:208} INFO - Processing /home/airflow/.local/lib/python3.12/site-packages/airflow/example_dags/example_branch_labels.py took 0.091 seconds
[2025-04-26T22:32:33.079+0000] {processor.py:186} INFO - Started process (PID=413) to work on /home/airflow/.local/lib/python3.12/site-packages/airflow/example_dags/example_branch_labels.py
[2025-04-26T22:32:33.081+0000] {processor.py:914} INFO - Processing file /home/airflow/.local/lib/python3.12/site-packages/airflow/example_dags/example_branch_labels.py for tasks to queue
[2025-04-26T22:32:33.083+0000] {logging_mixin.py:190} INFO - [2025-04-26T22:32:33.083+0000] {dagbag.py:588} INFO - Filling up the DagBag from /home/airflow/.local/lib/python3.12/site-packages/airflow/example_dags/example_branch_labels.py
[2025-04-26T22:32:33.094+0000] {processor.py:925} INFO - DAG(s) 'example_branch_labels' retrieved from /home/airflow/.local/lib/python3.12/site-packages/airflow/example_dags/example_branch_labels.py
[2025-04-26T22:32:33.118+0000] {logging_mixin.py:190} INFO - [2025-04-26T22:32:33.117+0000] {dag.py:3239} INFO - Sync 1 DAGs
[2025-04-26T22:32:33.141+0000] {logging_mixin.py:190} INFO - [2025-04-26T22:32:33.141+0000] {dag.py:4180} INFO - Setting next_dagrun for example_branch_labels to 2025-04-25 00:00:00+00:00, run_after=2025-04-26 00:00:00+00:00
[2025-04-26T22:32:33.156+0000] {processor.py:208} INFO - Processing /home/airflow/.local/lib/python3.12/site-packages/airflow/example_dags/example_branch_labels.py took 0.083 seconds
[2025-04-26T22:33:04.188+0000] {processor.py:186} INFO - Started process (PID=476) to work on /home/airflow/.local/lib/python3.12/site-packages/airflow/example_dags/example_branch_labels.py
[2025-04-26T22:33:04.189+0000] {processor.py:914} INFO - Processing file /home/airflow/.local/lib/python3.12/site-packages/airflow/example_dags/example_branch_labels.py for tasks to queue
[2025-04-26T22:33:04.191+0000] {logging_mixin.py:190} INFO - [2025-04-26T22:33:04.191+0000] {dagbag.py:588} INFO - Filling up the DagBag from /home/airflow/.local/lib/python3.12/site-packages/airflow/example_dags/example_branch_labels.py
[2025-04-26T22:33:04.202+0000] {processor.py:925} INFO - DAG(s) 'example_branch_labels' retrieved from /home/airflow/.local/lib/python3.12/site-packages/airflow/example_dags/example_branch_labels.py
[2025-04-26T22:33:04.222+0000] {logging_mixin.py:190} INFO - [2025-04-26T22:33:04.222+0000] {dag.py:3239} INFO - Sync 1 DAGs
[2025-04-26T22:33:04.248+0000] {logging_mixin.py:190} INFO - [2025-04-26T22:33:04.248+0000] {dag.py:4180} INFO - Setting next_dagrun for example_branch_labels to 2025-04-25 00:00:00+00:00, run_after=2025-04-26 00:00:00+00:00
[2025-04-26T22:33:04.265+0000] {processor.py:208} INFO - Processing /home/airflow/.local/lib/python3.12/site-packages/airflow/example_dags/example_branch_labels.py took 0.084 seconds
[2025-04-26T22:33:35.732+0000] {processor.py:186} INFO - Started process (PID=539) to work on /home/airflow/.local/lib/python3.12/site-packages/airflow/example_dags/example_branch_labels.py
[2025-04-26T22:33:35.734+0000] {processor.py:914} INFO - Processing file /home/airflow/.local/lib/python3.12/site-packages/airflow/example_dags/example_branch_labels.py for tasks to queue
[2025-04-26T22:33:35.736+0000] {logging_mixin.py:190} INFO - [2025-04-26T22:33:35.735+0000] {dagbag.py:588} INFO - Filling up the DagBag from /home/airflow/.local/lib/python3.12/site-packages/airflow/example_dags/example_branch_labels.py
[2025-04-26T22:33:35.746+0000] {processor.py:925} INFO - DAG(s) 'example_branch_labels' retrieved from /home/airflow/.local/lib/python3.12/site-packages/airflow/example_dags/example_branch_labels.py
[2025-04-26T22:33:35.767+0000] {logging_mixin.py:190} INFO - [2025-04-26T22:33:35.767+0000] {dag.py:3239} INFO - Sync 1 DAGs
[2025-04-26T22:33:35.790+0000] {logging_mixin.py:190} INFO - [2025-04-26T22:33:35.790+0000] {dag.py:4180} INFO - Setting next_dagrun for example_branch_labels to 2025-04-25 00:00:00+00:00, run_after=2025-04-26 00:00:00+00:00
[2025-04-26T22:33:35.806+0000] {processor.py:208} INFO - Processing /home/airflow/.local/lib/python3.12/site-packages/airflow/example_dags/example_branch_labels.py took 0.080 seconds
[2025-04-26T22:34:06.650+0000] {processor.py:186} INFO - Started process (PID=602) to work on /home/airflow/.local/lib/python3.12/site-packages/airflow/example_dags/example_branch_labels.py
[2025-04-26T22:34:06.651+0000] {processor.py:914} INFO - Processing file /home/airflow/.local/lib/python3.12/site-packages/airflow/example_dags/example_branch_labels.py for tasks to queue
[2025-04-26T22:34:06.653+0000] {logging_mixin.py:190} INFO - [2025-04-26T22:34:06.653+0000] {dagbag.py:588} INFO - Filling up the DagBag from /home/airflow/.local/lib/python3.12/site-packages/airflow/example_dags/example_branch_labels.py
[2025-04-26T22:34:06.664+0000] {processor.py:925} INFO - DAG(s) 'example_branch_labels' retrieved from /home/airflow/.local/lib/python3.12/site-packages/airflow/example_dags/example_branch_labels.py
[2025-04-26T22:34:06.686+0000] {logging_mixin.py:190} INFO - [2025-04-26T22:34:06.686+0000] {dag.py:3239} INFO - Sync 1 DAGs
[2025-04-26T22:34:06.710+0000] {logging_mixin.py:190} INFO - [2025-04-26T22:34:06.710+0000] {dag.py:4180} INFO - Setting next_dagrun for example_branch_labels to 2025-04-25 00:00:00+00:00, run_after=2025-04-26 00:00:00+00:00
[2025-04-26T22:34:06.726+0000] {processor.py:208} INFO - Processing /home/airflow/.local/lib/python3.12/site-packages/airflow/example_dags/example_branch_labels.py took 0.082 seconds
[2025-04-26T22:34:38.166+0000] {processor.py:186} INFO - Started process (PID=665) to work on /home/airflow/.local/lib/python3.12/site-packages/airflow/example_dags/example_branch_labels.py
[2025-04-26T22:34:38.167+0000] {processor.py:914} INFO - Processing file /home/airflow/.local/lib/python3.12/site-packages/airflow/example_dags/example_branch_labels.py for tasks to queue
[2025-04-26T22:34:38.169+0000] {logging_mixin.py:190} INFO - [2025-04-26T22:34:38.169+0000] {dagbag.py:588} INFO - Filling up the DagBag from /home/airflow/.local/lib/python3.12/site-packages/airflow/example_dags/example_branch_labels.py
[2025-04-26T22:34:38.180+0000] {processor.py:925} INFO - DAG(s) 'example_branch_labels' retrieved from /home/airflow/.local/lib/python3.12/site-packages/airflow/example_dags/example_branch_labels.py
[2025-04-26T22:34:38.200+0000] {logging_mixin.py:190} INFO - [2025-04-26T22:34:38.200+0000] {dag.py:3239} INFO - Sync 1 DAGs
[2025-04-26T22:34:38.223+0000] {logging_mixin.py:190} INFO - [2025-04-26T22:34:38.223+0000] {dag.py:4180} INFO - Setting next_dagrun for example_branch_labels to 2025-04-25 00:00:00+00:00, run_after=2025-04-26 00:00:00+00:00
[2025-04-26T22:34:38.239+0000] {processor.py:208} INFO - Processing /home/airflow/.local/lib/python3.12/site-packages/airflow/example_dags/example_branch_labels.py took 0.080 seconds
[2025-04-26T22:35:09.393+0000] {processor.py:186} INFO - Started process (PID=729) to work on /home/airflow/.local/lib/python3.12/site-packages/airflow/example_dags/example_branch_labels.py
[2025-04-26T22:35:09.394+0000] {processor.py:914} INFO - Processing file /home/airflow/.local/lib/python3.12/site-packages/airflow/example_dags/example_branch_labels.py for tasks to queue
[2025-04-26T22:35:09.397+0000] {logging_mixin.py:190} INFO - [2025-04-26T22:35:09.396+0000] {dagbag.py:588} INFO - Filling up the DagBag from /home/airflow/.local/lib/python3.12/site-packages/airflow/example_dags/example_branch_labels.py
[2025-04-26T22:35:09.407+0000] {processor.py:925} INFO - DAG(s) 'example_branch_labels' retrieved from /home/airflow/.local/lib/python3.12/site-packages/airflow/example_dags/example_branch_labels.py
[2025-04-26T22:35:09.428+0000] {logging_mixin.py:190} INFO - [2025-04-26T22:35:09.428+0000] {dag.py:3239} INFO - Sync 1 DAGs
[2025-04-26T22:35:09.452+0000] {logging_mixin.py:190} INFO - [2025-04-26T22:35:09.452+0000] {dag.py:4180} INFO - Setting next_dagrun for example_branch_labels to 2025-04-25 00:00:00+00:00, run_after=2025-04-26 00:00:00+00:00
[2025-04-26T22:35:09.468+0000] {processor.py:208} INFO - Processing /home/airflow/.local/lib/python3.12/site-packages/airflow/example_dags/example_branch_labels.py took 0.082 seconds
[2025-04-26T22:35:40.793+0000] {processor.py:186} INFO - Started process (PID=793) to work on /home/airflow/.local/lib/python3.12/site-packages/airflow/example_dags/example_branch_labels.py
[2025-04-26T22:35:40.794+0000] {processor.py:914} INFO - Processing file /home/airflow/.local/lib/python3.12/site-packages/airflow/example_dags/example_branch_labels.py for tasks to queue
[2025-04-26T22:35:40.796+0000] {logging_mixin.py:190} INFO - [2025-04-26T22:35:40.796+0000] {dagbag.py:588} INFO - Filling up the DagBag from /home/airflow/.local/lib/python3.12/site-packages/airflow/example_dags/example_branch_labels.py
[2025-04-26T22:35:40.807+0000] {processor.py:925} INFO - DAG(s) 'example_branch_labels' retrieved from /home/airflow/.local/lib/python3.12/site-packages/airflow/example_dags/example_branch_labels.py
[2025-04-26T22:35:40.828+0000] {logging_mixin.py:190} INFO - [2025-04-26T22:35:40.827+0000] {dag.py:3239} INFO - Sync 1 DAGs
[2025-04-26T22:35:40.851+0000] {logging_mixin.py:190} INFO - [2025-04-26T22:35:40.850+0000] {dag.py:4180} INFO - Setting next_dagrun for example_branch_labels to 2025-04-25 00:00:00+00:00, run_after=2025-04-26 00:00:00+00:00
[2025-04-26T22:35:40.867+0000] {processor.py:208} INFO - Processing /home/airflow/.local/lib/python3.12/site-packages/airflow/example_dags/example_branch_labels.py took 0.081 seconds
[2025-04-26T22:36:11.598+0000] {processor.py:186} INFO - Started process (PID=857) to work on /home/airflow/.local/lib/python3.12/site-packages/airflow/example_dags/example_branch_labels.py
[2025-04-26T22:36:11.599+0000] {processor.py:914} INFO - Processing file /home/airflow/.local/lib/python3.12/site-packages/airflow/example_dags/example_branch_labels.py for tasks to queue
[2025-04-26T22:36:11.602+0000] {logging_mixin.py:190} INFO - [2025-04-26T22:36:11.601+0000] {dagbag.py:588} INFO - Filling up the DagBag from /home/airflow/.local/lib/python3.12/site-packages/airflow/example_dags/example_branch_labels.py
[2025-04-26T22:36:11.612+0000] {processor.py:925} INFO - DAG(s) 'example_branch_labels' retrieved from /home/airflow/.local/lib/python3.12/site-packages/airflow/example_dags/example_branch_labels.py
[2025-04-26T22:36:11.632+0000] {logging_mixin.py:190} INFO - [2025-04-26T22:36:11.632+0000] {dag.py:3239} INFO - Sync 1 DAGs
[2025-04-26T22:36:11.655+0000] {logging_mixin.py:190} INFO - [2025-04-26T22:36:11.654+0000] {dag.py:4180} INFO - Setting next_dagrun for example_branch_labels to 2025-04-25 00:00:00+00:00, run_after=2025-04-26 00:00:00+00:00
[2025-04-26T22:36:11.670+0000] {processor.py:208} INFO - Processing /home/airflow/.local/lib/python3.12/site-packages/airflow/example_dags/example_branch_labels.py took 0.079 seconds
[2025-04-26T22:36:42.632+0000] {processor.py:186} INFO - Started process (PID=921) to work on /home/airflow/.local/lib/python3.12/site-packages/airflow/example_dags/example_branch_labels.py
[2025-04-26T22:36:42.633+0000] {processor.py:914} INFO - Processing file /home/airflow/.local/lib/python3.12/site-packages/airflow/example_dags/example_branch_labels.py for tasks to queue
[2025-04-26T22:36:42.636+0000] {logging_mixin.py:190} INFO - [2025-04-26T22:36:42.635+0000] {dagbag.py:588} INFO - Filling up the DagBag from /home/airflow/.local/lib/python3.12/site-packages/airflow/example_dags/example_branch_labels.py
[2025-04-26T22:36:42.647+0000] {processor.py:925} INFO - DAG(s) 'example_branch_labels' retrieved from /home/airflow/.local/lib/python3.12/site-packages/airflow/example_dags/example_branch_labels.py
[2025-04-26T22:36:42.673+0000] {logging_mixin.py:190} INFO - [2025-04-26T22:36:42.673+0000] {dag.py:3239} INFO - Sync 1 DAGs
[2025-04-26T22:36:42.702+0000] {logging_mixin.py:190} INFO - [2025-04-26T22:36:42.702+0000] {dag.py:4180} INFO - Setting next_dagrun for example_branch_labels to 2025-04-25 00:00:00+00:00, run_after=2025-04-26 00:00:00+00:00
[2025-04-26T22:36:42.720+0000] {processor.py:208} INFO - Processing /home/airflow/.local/lib/python3.12/site-packages/airflow/example_dags/example_branch_labels.py took 0.095 seconds
[2025-04-26T22:37:13.352+0000] {processor.py:186} INFO - Started process (PID=985) to work on /home/airflow/.local/lib/python3.12/site-packages/airflow/example_dags/example_branch_labels.py
[2025-04-26T22:37:13.354+0000] {processor.py:914} INFO - Processing file /home/airflow/.local/lib/python3.12/site-packages/airflow/example_dags/example_branch_labels.py for tasks to queue
[2025-04-26T22:37:13.356+0000] {logging_mixin.py:190} INFO - [2025-04-26T22:37:13.356+0000] {dagbag.py:588} INFO - Filling up the DagBag from /home/airflow/.local/lib/python3.12/site-packages/airflow/example_dags/example_branch_labels.py
[2025-04-26T22:37:13.367+0000] {processor.py:925} INFO - DAG(s) 'example_branch_labels' retrieved from /home/airflow/.local/lib/python3.12/site-packages/airflow/example_dags/example_branch_labels.py
[2025-04-26T22:37:13.391+0000] {logging_mixin.py:190} INFO - [2025-04-26T22:37:13.391+0000] {dag.py:3239} INFO - Sync 1 DAGs
[2025-04-26T22:37:13.419+0000] {logging_mixin.py:190} INFO - [2025-04-26T22:37:13.418+0000] {dag.py:4180} INFO - Setting next_dagrun for example_branch_labels to 2025-04-25 00:00:00+00:00, run_after=2025-04-26 00:00:00+00:00
[2025-04-26T22:37:13.434+0000] {processor.py:208} INFO - Processing /home/airflow/.local/lib/python3.12/site-packages/airflow/example_dags/example_branch_labels.py took 0.089 seconds
[2025-04-26T22:37:44.477+0000] {processor.py:186} INFO - Started process (PID=1049) to work on /home/airflow/.local/lib/python3.12/site-packages/airflow/example_dags/example_branch_labels.py
[2025-04-26T22:37:44.477+0000] {processor.py:914} INFO - Processing file /home/airflow/.local/lib/python3.12/site-packages/airflow/example_dags/example_branch_labels.py for tasks to queue
[2025-04-26T22:37:44.480+0000] {logging_mixin.py:190} INFO - [2025-04-26T22:37:44.479+0000] {dagbag.py:588} INFO - Filling up the DagBag from /home/airflow/.local/lib/python3.12/site-packages/airflow/example_dags/example_branch_labels.py
[2025-04-26T22:37:44.491+0000] {processor.py:925} INFO - DAG(s) 'example_branch_labels' retrieved from /home/airflow/.local/lib/python3.12/site-packages/airflow/example_dags/example_branch_labels.py
[2025-04-26T22:37:44.511+0000] {logging_mixin.py:190} INFO - [2025-04-26T22:37:44.510+0000] {dag.py:3239} INFO - Sync 1 DAGs
[2025-04-26T22:37:44.534+0000] {logging_mixin.py:190} INFO - [2025-04-26T22:37:44.534+0000] {dag.py:4180} INFO - Setting next_dagrun for example_branch_labels to 2025-04-25 00:00:00+00:00, run_after=2025-04-26 00:00:00+00:00
[2025-04-26T22:37:44.550+0000] {processor.py:208} INFO - Processing /home/airflow/.local/lib/python3.12/site-packages/airflow/example_dags/example_branch_labels.py took 0.080 seconds
[2025-04-26T22:38:15.927+0000] {processor.py:186} INFO - Started process (PID=1113) to work on /home/airflow/.local/lib/python3.12/site-packages/airflow/example_dags/example_branch_labels.py
[2025-04-26T22:38:15.928+0000] {processor.py:914} INFO - Processing file /home/airflow/.local/lib/python3.12/site-packages/airflow/example_dags/example_branch_labels.py for tasks to queue
[2025-04-26T22:38:15.931+0000] {logging_mixin.py:190} INFO - [2025-04-26T22:38:15.931+0000] {dagbag.py:588} INFO - Filling up the DagBag from /home/airflow/.local/lib/python3.12/site-packages/airflow/example_dags/example_branch_labels.py
[2025-04-26T22:38:15.942+0000] {processor.py:925} INFO - DAG(s) 'example_branch_labels' retrieved from /home/airflow/.local/lib/python3.12/site-packages/airflow/example_dags/example_branch_labels.py
[2025-04-26T22:38:15.963+0000] {logging_mixin.py:190} INFO - [2025-04-26T22:38:15.963+0000] {dag.py:3239} INFO - Sync 1 DAGs
[2025-04-26T22:38:15.988+0000] {logging_mixin.py:190} INFO - [2025-04-26T22:38:15.987+0000] {dag.py:4180} INFO - Setting next_dagrun for example_branch_labels to 2025-04-25 00:00:00+00:00, run_after=2025-04-26 00:00:00+00:00
[2025-04-26T22:38:16.003+0000] {processor.py:208} INFO - Processing /home/airflow/.local/lib/python3.12/site-packages/airflow/example_dags/example_branch_labels.py took 0.083 seconds
[2025-04-26T22:38:47.953+0000] {processor.py:186} INFO - Started process (PID=1177) to work on /home/airflow/.local/lib/python3.12/site-packages/airflow/example_dags/example_branch_labels.py
[2025-04-26T22:38:47.955+0000] {processor.py:914} INFO - Processing file /home/airflow/.local/lib/python3.12/site-packages/airflow/example_dags/example_branch_labels.py for tasks to queue
[2025-04-26T22:38:47.958+0000] {logging_mixin.py:190} INFO - [2025-04-26T22:38:47.957+0000] {dagbag.py:588} INFO - Filling up the DagBag from /home/airflow/.local/lib/python3.12/site-packages/airflow/example_dags/example_branch_labels.py
[2025-04-26T22:38:47.972+0000] {processor.py:925} INFO - DAG(s) 'example_branch_labels' retrieved from /home/airflow/.local/lib/python3.12/site-packages/airflow/example_dags/example_branch_labels.py
[2025-04-26T22:38:47.994+0000] {logging_mixin.py:190} INFO - [2025-04-26T22:38:47.994+0000] {dag.py:3239} INFO - Sync 1 DAGs
[2025-04-26T22:38:48.026+0000] {logging_mixin.py:190} INFO - [2025-04-26T22:38:48.026+0000] {dag.py:4180} INFO - Setting next_dagrun for example_branch_labels to 2025-04-25 00:00:00+00:00, run_after=2025-04-26 00:00:00+00:00
[2025-04-26T22:38:48.048+0000] {processor.py:208} INFO - Processing /home/airflow/.local/lib/python3.12/site-packages/airflow/example_dags/example_branch_labels.py took 0.102 seconds
[2025-04-26T22:39:18.441+0000] {processor.py:186} INFO - Started process (PID=1241) to work on /home/airflow/.local/lib/python3.12/site-packages/airflow/example_dags/example_branch_labels.py
[2025-04-26T22:39:18.442+0000] {processor.py:914} INFO - Processing file /home/airflow/.local/lib/python3.12/site-packages/airflow/example_dags/example_branch_labels.py for tasks to queue
[2025-04-26T22:39:18.445+0000] {logging_mixin.py:190} INFO - [2025-04-26T22:39:18.445+0000] {dagbag.py:588} INFO - Filling up the DagBag from /home/airflow/.local/lib/python3.12/site-packages/airflow/example_dags/example_branch_labels.py
[2025-04-26T22:39:18.459+0000] {processor.py:925} INFO - DAG(s) 'example_branch_labels' retrieved from /home/airflow/.local/lib/python3.12/site-packages/airflow/example_dags/example_branch_labels.py
[2025-04-26T22:39:18.486+0000] {logging_mixin.py:190} INFO - [2025-04-26T22:39:18.485+0000] {dag.py:3239} INFO - Sync 1 DAGs
[2025-04-26T22:39:18.519+0000] {logging_mixin.py:190} INFO - [2025-04-26T22:39:18.519+0000] {dag.py:4180} INFO - Setting next_dagrun for example_branch_labels to 2025-04-25 00:00:00+00:00, run_after=2025-04-26 00:00:00+00:00
[2025-04-26T22:39:18.541+0000] {processor.py:208} INFO - Processing /home/airflow/.local/lib/python3.12/site-packages/airflow/example_dags/example_branch_labels.py took 0.109 seconds
[2025-04-26T22:39:49.733+0000] {processor.py:186} INFO - Started process (PID=1305) to work on /home/airflow/.local/lib/python3.12/site-packages/airflow/example_dags/example_branch_labels.py
[2025-04-26T22:39:49.735+0000] {processor.py:914} INFO - Processing file /home/airflow/.local/lib/python3.12/site-packages/airflow/example_dags/example_branch_labels.py for tasks to queue
[2025-04-26T22:39:49.737+0000] {logging_mixin.py:190} INFO - [2025-04-26T22:39:49.737+0000] {dagbag.py:588} INFO - Filling up the DagBag from /home/airflow/.local/lib/python3.12/site-packages/airflow/example_dags/example_branch_labels.py
[2025-04-26T22:39:49.748+0000] {processor.py:925} INFO - DAG(s) 'example_branch_labels' retrieved from /home/airflow/.local/lib/python3.12/site-packages/airflow/example_dags/example_branch_labels.py
[2025-04-26T22:39:49.769+0000] {logging_mixin.py:190} INFO - [2025-04-26T22:39:49.769+0000] {dag.py:3239} INFO - Sync 1 DAGs
[2025-04-26T22:39:49.794+0000] {logging_mixin.py:190} INFO - [2025-04-26T22:39:49.794+0000] {dag.py:4180} INFO - Setting next_dagrun for example_branch_labels to 2025-04-25 00:00:00+00:00, run_after=2025-04-26 00:00:00+00:00
[2025-04-26T22:39:49.810+0000] {processor.py:208} INFO - Processing /home/airflow/.local/lib/python3.12/site-packages/airflow/example_dags/example_branch_labels.py took 0.083 seconds
