[2025-04-26T22:29:54.279+0000] {processor.py:186} INFO - Started process (PID=69) to work on /home/airflow/.local/lib/python3.12/site-packages/airflow/example_dags/example_sensors.py
[2025-04-26T22:29:54.280+0000] {processor.py:914} INFO - Processing file /home/airflow/.local/lib/python3.12/site-packages/airflow/example_dags/example_sensors.py for tasks to queue
[2025-04-26T22:29:54.282+0000] {logging_mixin.py:190} INFO - [2025-04-26T22:29:54.282+0000] {dagbag.py:588} INFO - Filling up the DagBag from /home/airflow/.local/lib/python3.12/site-packages/airflow/example_dags/example_sensors.py
[2025-04-26T22:29:54.296+0000] {processor.py:925} INFO - DAG(s) 'example_sensors' retrieved from /home/airflow/.local/lib/python3.12/site-packages/airflow/example_dags/example_sensors.py
[2025-04-26T22:29:54.412+0000] {logging_mixin.py:190} INFO - [2025-04-26T22:29:54.411+0000] {override.py:1912} INFO - Created Permission View: can read on DAG:example_sensors
[2025-04-26T22:29:54.421+0000] {logging_mixin.py:190} INFO - [2025-04-26T22:29:54.421+0000] {override.py:1912} INFO - Created Permission View: can delete on DAG:example_sensors
[2025-04-26T22:29:54.427+0000] {logging_mixin.py:190} INFO - [2025-04-26T22:29:54.426+0000] {override.py:1912} INFO - Created Permission View: can edit on DAG:example_sensors
[2025-04-26T22:29:54.433+0000] {logging_mixin.py:190} INFO - [2025-04-26T22:29:54.433+0000] {override.py:1912} INFO - Created Permission View: can read on DAG Run:example_sensors
[2025-04-26T22:29:54.438+0000] {logging_mixin.py:190} INFO - [2025-04-26T22:29:54.438+0000] {override.py:1912} INFO - Created Permission View: can create on DAG Run:example_sensors
[2025-04-26T22:29:54.444+0000] {logging_mixin.py:190} INFO - [2025-04-26T22:29:54.443+0000] {override.py:1912} INFO - Created Permission View: can delete on DAG Run:example_sensors
[2025-04-26T22:29:54.449+0000] {logging_mixin.py:190} INFO - [2025-04-26T22:29:54.449+0000] {override.py:1912} INFO - Created Permission View: menu access on DAG Run:example_sensors
[2025-04-26T22:29:54.449+0000] {logging_mixin.py:190} INFO - [2025-04-26T22:29:54.449+0000] {dag.py:3239} INFO - Sync 1 DAGs
[2025-04-26T22:29:54.463+0000] {logging_mixin.py:190} INFO - [2025-04-26T22:29:54.462+0000] {dag.py:3262} INFO - Creating ORM DAG for example_sensors
[2025-04-26T22:29:54.463+0000] {logging_mixin.py:190} INFO - [2025-04-26T22:29:54.463+0000] {dag.py:4180} INFO - Setting next_dagrun for example_sensors to None, run_after=None
[2025-04-26T22:29:54.477+0000] {processor.py:208} INFO - Processing /home/airflow/.local/lib/python3.12/site-packages/airflow/example_dags/example_sensors.py took 0.205 seconds
[2025-04-26T22:30:25.254+0000] {processor.py:186} INFO - Started process (PID=132) to work on /home/airflow/.local/lib/python3.12/site-packages/airflow/example_dags/example_sensors.py
[2025-04-26T22:30:25.255+0000] {processor.py:914} INFO - Processing file /home/airflow/.local/lib/python3.12/site-packages/airflow/example_dags/example_sensors.py for tasks to queue
[2025-04-26T22:30:25.257+0000] {logging_mixin.py:190} INFO - [2025-04-26T22:30:25.257+0000] {dagbag.py:588} INFO - Filling up the DagBag from /home/airflow/.local/lib/python3.12/site-packages/airflow/example_dags/example_sensors.py
[2025-04-26T22:30:25.269+0000] {processor.py:925} INFO - DAG(s) 'example_sensors' retrieved from /home/airflow/.local/lib/python3.12/site-packages/airflow/example_dags/example_sensors.py
[2025-04-26T22:30:25.294+0000] {logging_mixin.py:190} INFO - [2025-04-26T22:30:25.294+0000] {dag.py:3239} INFO - Sync 1 DAGs
[2025-04-26T22:30:25.310+0000] {logging_mixin.py:190} INFO - [2025-04-26T22:30:25.310+0000] {dag.py:4180} INFO - Setting next_dagrun for example_sensors to None, run_after=None
[2025-04-26T22:30:25.329+0000] {processor.py:208} INFO - Processing /home/airflow/.local/lib/python3.12/site-packages/airflow/example_dags/example_sensors.py took 0.082 seconds
[2025-04-26T22:30:56.808+0000] {processor.py:186} INFO - Started process (PID=195) to work on /home/airflow/.local/lib/python3.12/site-packages/airflow/example_dags/example_sensors.py
[2025-04-26T22:30:56.809+0000] {processor.py:914} INFO - Processing file /home/airflow/.local/lib/python3.12/site-packages/airflow/example_dags/example_sensors.py for tasks to queue
[2025-04-26T22:30:56.812+0000] {logging_mixin.py:190} INFO - [2025-04-26T22:30:56.811+0000] {dagbag.py:588} INFO - Filling up the DagBag from /home/airflow/.local/lib/python3.12/site-packages/airflow/example_dags/example_sensors.py
[2025-04-26T22:30:56.824+0000] {processor.py:925} INFO - DAG(s) 'example_sensors' retrieved from /home/airflow/.local/lib/python3.12/site-packages/airflow/example_dags/example_sensors.py
[2025-04-26T22:30:56.857+0000] {logging_mixin.py:190} INFO - [2025-04-26T22:30:56.856+0000] {dag.py:3239} INFO - Sync 1 DAGs
[2025-04-26T22:30:56.872+0000] {logging_mixin.py:190} INFO - [2025-04-26T22:30:56.872+0000] {dag.py:4180} INFO - Setting next_dagrun for example_sensors to None, run_after=None
[2025-04-26T22:30:56.889+0000] {processor.py:208} INFO - Processing /home/airflow/.local/lib/python3.12/site-packages/airflow/example_dags/example_sensors.py took 0.087 seconds
[2025-04-26T22:31:28.387+0000] {processor.py:186} INFO - Started process (PID=258) to work on /home/airflow/.local/lib/python3.12/site-packages/airflow/example_dags/example_sensors.py
[2025-04-26T22:31:28.388+0000] {processor.py:914} INFO - Processing file /home/airflow/.local/lib/python3.12/site-packages/airflow/example_dags/example_sensors.py for tasks to queue
[2025-04-26T22:31:28.390+0000] {logging_mixin.py:190} INFO - [2025-04-26T22:31:28.390+0000] {dagbag.py:588} INFO - Filling up the DagBag from /home/airflow/.local/lib/python3.12/site-packages/airflow/example_dags/example_sensors.py
[2025-04-26T22:31:28.402+0000] {processor.py:925} INFO - DAG(s) 'example_sensors' retrieved from /home/airflow/.local/lib/python3.12/site-packages/airflow/example_dags/example_sensors.py
[2025-04-26T22:31:28.427+0000] {logging_mixin.py:190} INFO - [2025-04-26T22:31:28.427+0000] {dag.py:3239} INFO - Sync 1 DAGs
[2025-04-26T22:31:28.441+0000] {logging_mixin.py:190} INFO - [2025-04-26T22:31:28.441+0000] {dag.py:4180} INFO - Setting next_dagrun for example_sensors to None, run_after=None
[2025-04-26T22:31:28.457+0000] {processor.py:208} INFO - Processing /home/airflow/.local/lib/python3.12/site-packages/airflow/example_dags/example_sensors.py took 0.076 seconds
[2025-04-26T22:31:59.749+0000] {processor.py:186} INFO - Started process (PID=321) to work on /home/airflow/.local/lib/python3.12/site-packages/airflow/example_dags/example_sensors.py
[2025-04-26T22:31:59.751+0000] {processor.py:914} INFO - Processing file /home/airflow/.local/lib/python3.12/site-packages/airflow/example_dags/example_sensors.py for tasks to queue
[2025-04-26T22:31:59.753+0000] {logging_mixin.py:190} INFO - [2025-04-26T22:31:59.753+0000] {dagbag.py:588} INFO - Filling up the DagBag from /home/airflow/.local/lib/python3.12/site-packages/airflow/example_dags/example_sensors.py
[2025-04-26T22:31:59.765+0000] {processor.py:925} INFO - DAG(s) 'example_sensors' retrieved from /home/airflow/.local/lib/python3.12/site-packages/airflow/example_dags/example_sensors.py
[2025-04-26T22:31:59.790+0000] {logging_mixin.py:190} INFO - [2025-04-26T22:31:59.790+0000] {dag.py:3239} INFO - Sync 1 DAGs
[2025-04-26T22:31:59.804+0000] {logging_mixin.py:190} INFO - [2025-04-26T22:31:59.804+0000] {dag.py:4180} INFO - Setting next_dagrun for example_sensors to None, run_after=None
[2025-04-26T22:31:59.821+0000] {processor.py:208} INFO - Processing /home/airflow/.local/lib/python3.12/site-packages/airflow/example_dags/example_sensors.py took 0.078 seconds
[2025-04-26T22:32:31.121+0000] {processor.py:186} INFO - Started process (PID=384) to work on /home/airflow/.local/lib/python3.12/site-packages/airflow/example_dags/example_sensors.py
[2025-04-26T22:32:31.122+0000] {processor.py:914} INFO - Processing file /home/airflow/.local/lib/python3.12/site-packages/airflow/example_dags/example_sensors.py for tasks to queue
[2025-04-26T22:32:31.124+0000] {logging_mixin.py:190} INFO - [2025-04-26T22:32:31.124+0000] {dagbag.py:588} INFO - Filling up the DagBag from /home/airflow/.local/lib/python3.12/site-packages/airflow/example_dags/example_sensors.py
[2025-04-26T22:32:31.136+0000] {processor.py:925} INFO - DAG(s) 'example_sensors' retrieved from /home/airflow/.local/lib/python3.12/site-packages/airflow/example_dags/example_sensors.py
[2025-04-26T22:32:31.164+0000] {logging_mixin.py:190} INFO - [2025-04-26T22:32:31.164+0000] {dag.py:3239} INFO - Sync 1 DAGs
[2025-04-26T22:32:31.179+0000] {logging_mixin.py:190} INFO - [2025-04-26T22:32:31.179+0000] {dag.py:4180} INFO - Setting next_dagrun for example_sensors to None, run_after=None
[2025-04-26T22:32:31.197+0000] {processor.py:208} INFO - Processing /home/airflow/.local/lib/python3.12/site-packages/airflow/example_dags/example_sensors.py took 0.083 seconds
[2025-04-26T22:33:02.248+0000] {processor.py:186} INFO - Started process (PID=447) to work on /home/airflow/.local/lib/python3.12/site-packages/airflow/example_dags/example_sensors.py
[2025-04-26T22:33:02.250+0000] {processor.py:914} INFO - Processing file /home/airflow/.local/lib/python3.12/site-packages/airflow/example_dags/example_sensors.py for tasks to queue
[2025-04-26T22:33:02.252+0000] {logging_mixin.py:190} INFO - [2025-04-26T22:33:02.252+0000] {dagbag.py:588} INFO - Filling up the DagBag from /home/airflow/.local/lib/python3.12/site-packages/airflow/example_dags/example_sensors.py
[2025-04-26T22:33:02.264+0000] {processor.py:925} INFO - DAG(s) 'example_sensors' retrieved from /home/airflow/.local/lib/python3.12/site-packages/airflow/example_dags/example_sensors.py
[2025-04-26T22:33:02.289+0000] {logging_mixin.py:190} INFO - [2025-04-26T22:33:02.289+0000] {dag.py:3239} INFO - Sync 1 DAGs
[2025-04-26T22:33:02.303+0000] {logging_mixin.py:190} INFO - [2025-04-26T22:33:02.303+0000] {dag.py:4180} INFO - Setting next_dagrun for example_sensors to None, run_after=None
[2025-04-26T22:33:02.319+0000] {processor.py:208} INFO - Processing /home/airflow/.local/lib/python3.12/site-packages/airflow/example_dags/example_sensors.py took 0.077 seconds
[2025-04-26T22:33:33.465+0000] {processor.py:186} INFO - Started process (PID=510) to work on /home/airflow/.local/lib/python3.12/site-packages/airflow/example_dags/example_sensors.py
[2025-04-26T22:33:33.467+0000] {processor.py:914} INFO - Processing file /home/airflow/.local/lib/python3.12/site-packages/airflow/example_dags/example_sensors.py for tasks to queue
[2025-04-26T22:33:33.469+0000] {logging_mixin.py:190} INFO - [2025-04-26T22:33:33.469+0000] {dagbag.py:588} INFO - Filling up the DagBag from /home/airflow/.local/lib/python3.12/site-packages/airflow/example_dags/example_sensors.py
[2025-04-26T22:33:33.481+0000] {processor.py:925} INFO - DAG(s) 'example_sensors' retrieved from /home/airflow/.local/lib/python3.12/site-packages/airflow/example_dags/example_sensors.py
[2025-04-26T22:33:33.506+0000] {logging_mixin.py:190} INFO - [2025-04-26T22:33:33.506+0000] {dag.py:3239} INFO - Sync 1 DAGs
[2025-04-26T22:33:33.519+0000] {logging_mixin.py:190} INFO - [2025-04-26T22:33:33.519+0000] {dag.py:4180} INFO - Setting next_dagrun for example_sensors to None, run_after=None
[2025-04-26T22:33:33.535+0000] {processor.py:208} INFO - Processing /home/airflow/.local/lib/python3.12/site-packages/airflow/example_dags/example_sensors.py took 0.077 seconds
[2025-04-26T22:34:04.699+0000] {processor.py:186} INFO - Started process (PID=573) to work on /home/airflow/.local/lib/python3.12/site-packages/airflow/example_dags/example_sensors.py
[2025-04-26T22:34:04.700+0000] {processor.py:914} INFO - Processing file /home/airflow/.local/lib/python3.12/site-packages/airflow/example_dags/example_sensors.py for tasks to queue
[2025-04-26T22:34:04.703+0000] {logging_mixin.py:190} INFO - [2025-04-26T22:34:04.702+0000] {dagbag.py:588} INFO - Filling up the DagBag from /home/airflow/.local/lib/python3.12/site-packages/airflow/example_dags/example_sensors.py
[2025-04-26T22:34:04.714+0000] {processor.py:925} INFO - DAG(s) 'example_sensors' retrieved from /home/airflow/.local/lib/python3.12/site-packages/airflow/example_dags/example_sensors.py
[2025-04-26T22:34:04.740+0000] {logging_mixin.py:190} INFO - [2025-04-26T22:34:04.740+0000] {dag.py:3239} INFO - Sync 1 DAGs
[2025-04-26T22:34:04.754+0000] {logging_mixin.py:190} INFO - [2025-04-26T22:34:04.754+0000] {dag.py:4180} INFO - Setting next_dagrun for example_sensors to None, run_after=None
[2025-04-26T22:34:04.770+0000] {processor.py:208} INFO - Processing /home/airflow/.local/lib/python3.12/site-packages/airflow/example_dags/example_sensors.py took 0.078 seconds
[2025-04-26T22:34:36.280+0000] {processor.py:186} INFO - Started process (PID=636) to work on /home/airflow/.local/lib/python3.12/site-packages/airflow/example_dags/example_sensors.py
[2025-04-26T22:34:36.281+0000] {processor.py:914} INFO - Processing file /home/airflow/.local/lib/python3.12/site-packages/airflow/example_dags/example_sensors.py for tasks to queue
[2025-04-26T22:34:36.283+0000] {logging_mixin.py:190} INFO - [2025-04-26T22:34:36.283+0000] {dagbag.py:588} INFO - Filling up the DagBag from /home/airflow/.local/lib/python3.12/site-packages/airflow/example_dags/example_sensors.py
[2025-04-26T22:34:36.295+0000] {processor.py:925} INFO - DAG(s) 'example_sensors' retrieved from /home/airflow/.local/lib/python3.12/site-packages/airflow/example_dags/example_sensors.py
[2025-04-26T22:34:36.320+0000] {logging_mixin.py:190} INFO - [2025-04-26T22:34:36.319+0000] {dag.py:3239} INFO - Sync 1 DAGs
[2025-04-26T22:34:36.333+0000] {logging_mixin.py:190} INFO - [2025-04-26T22:34:36.333+0000] {dag.py:4180} INFO - Setting next_dagrun for example_sensors to None, run_after=None
[2025-04-26T22:34:36.350+0000] {processor.py:208} INFO - Processing /home/airflow/.local/lib/python3.12/site-packages/airflow/example_dags/example_sensors.py took 0.076 seconds
[2025-04-26T22:35:07.406+0000] {processor.py:186} INFO - Started process (PID=700) to work on /home/airflow/.local/lib/python3.12/site-packages/airflow/example_dags/example_sensors.py
[2025-04-26T22:35:07.408+0000] {processor.py:914} INFO - Processing file /home/airflow/.local/lib/python3.12/site-packages/airflow/example_dags/example_sensors.py for tasks to queue
[2025-04-26T22:35:07.410+0000] {logging_mixin.py:190} INFO - [2025-04-26T22:35:07.410+0000] {dagbag.py:588} INFO - Filling up the DagBag from /home/airflow/.local/lib/python3.12/site-packages/airflow/example_dags/example_sensors.py
[2025-04-26T22:35:07.422+0000] {processor.py:925} INFO - DAG(s) 'example_sensors' retrieved from /home/airflow/.local/lib/python3.12/site-packages/airflow/example_dags/example_sensors.py
[2025-04-26T22:35:07.448+0000] {logging_mixin.py:190} INFO - [2025-04-26T22:35:07.448+0000] {dag.py:3239} INFO - Sync 1 DAGs
[2025-04-26T22:35:07.462+0000] {logging_mixin.py:190} INFO - [2025-04-26T22:35:07.462+0000] {dag.py:4180} INFO - Setting next_dagrun for example_sensors to None, run_after=None
[2025-04-26T22:35:07.478+0000] {processor.py:208} INFO - Processing /home/airflow/.local/lib/python3.12/site-packages/airflow/example_dags/example_sensors.py took 0.079 seconds
[2025-04-26T22:35:38.598+0000] {processor.py:186} INFO - Started process (PID=764) to work on /home/airflow/.local/lib/python3.12/site-packages/airflow/example_dags/example_sensors.py
[2025-04-26T22:35:38.599+0000] {processor.py:914} INFO - Processing file /home/airflow/.local/lib/python3.12/site-packages/airflow/example_dags/example_sensors.py for tasks to queue
[2025-04-26T22:35:38.602+0000] {logging_mixin.py:190} INFO - [2025-04-26T22:35:38.602+0000] {dagbag.py:588} INFO - Filling up the DagBag from /home/airflow/.local/lib/python3.12/site-packages/airflow/example_dags/example_sensors.py
[2025-04-26T22:35:38.614+0000] {processor.py:925} INFO - DAG(s) 'example_sensors' retrieved from /home/airflow/.local/lib/python3.12/site-packages/airflow/example_dags/example_sensors.py
[2025-04-26T22:35:38.641+0000] {logging_mixin.py:190} INFO - [2025-04-26T22:35:38.640+0000] {dag.py:3239} INFO - Sync 1 DAGs
[2025-04-26T22:35:38.655+0000] {logging_mixin.py:190} INFO - [2025-04-26T22:35:38.654+0000] {dag.py:4180} INFO - Setting next_dagrun for example_sensors to None, run_after=None
[2025-04-26T22:35:38.671+0000] {processor.py:208} INFO - Processing /home/airflow/.local/lib/python3.12/site-packages/airflow/example_dags/example_sensors.py took 0.080 seconds
[2025-04-26T22:36:09.495+0000] {processor.py:186} INFO - Started process (PID=828) to work on /home/airflow/.local/lib/python3.12/site-packages/airflow/example_dags/example_sensors.py
[2025-04-26T22:36:09.496+0000] {processor.py:914} INFO - Processing file /home/airflow/.local/lib/python3.12/site-packages/airflow/example_dags/example_sensors.py for tasks to queue
[2025-04-26T22:36:09.499+0000] {logging_mixin.py:190} INFO - [2025-04-26T22:36:09.498+0000] {dagbag.py:588} INFO - Filling up the DagBag from /home/airflow/.local/lib/python3.12/site-packages/airflow/example_dags/example_sensors.py
[2025-04-26T22:36:09.511+0000] {processor.py:925} INFO - DAG(s) 'example_sensors' retrieved from /home/airflow/.local/lib/python3.12/site-packages/airflow/example_dags/example_sensors.py
[2025-04-26T22:36:09.538+0000] {logging_mixin.py:190} INFO - [2025-04-26T22:36:09.537+0000] {dag.py:3239} INFO - Sync 1 DAGs
[2025-04-26T22:36:09.551+0000] {logging_mixin.py:190} INFO - [2025-04-26T22:36:09.551+0000] {dag.py:4180} INFO - Setting next_dagrun for example_sensors to None, run_after=None
[2025-04-26T22:36:09.567+0000] {processor.py:208} INFO - Processing /home/airflow/.local/lib/python3.12/site-packages/airflow/example_dags/example_sensors.py took 0.079 seconds
[2025-04-26T22:36:40.658+0000] {processor.py:186} INFO - Started process (PID=892) to work on /home/airflow/.local/lib/python3.12/site-packages/airflow/example_dags/example_sensors.py
[2025-04-26T22:36:40.660+0000] {processor.py:914} INFO - Processing file /home/airflow/.local/lib/python3.12/site-packages/airflow/example_dags/example_sensors.py for tasks to queue
[2025-04-26T22:36:40.662+0000] {logging_mixin.py:190} INFO - [2025-04-26T22:36:40.662+0000] {dagbag.py:588} INFO - Filling up the DagBag from /home/airflow/.local/lib/python3.12/site-packages/airflow/example_dags/example_sensors.py
[2025-04-26T22:36:40.674+0000] {processor.py:925} INFO - DAG(s) 'example_sensors' retrieved from /home/airflow/.local/lib/python3.12/site-packages/airflow/example_dags/example_sensors.py
[2025-04-26T22:36:40.700+0000] {logging_mixin.py:190} INFO - [2025-04-26T22:36:40.700+0000] {dag.py:3239} INFO - Sync 1 DAGs
[2025-04-26T22:36:40.714+0000] {logging_mixin.py:190} INFO - [2025-04-26T22:36:40.714+0000] {dag.py:4180} INFO - Setting next_dagrun for example_sensors to None, run_after=None
[2025-04-26T22:36:40.731+0000] {processor.py:208} INFO - Processing /home/airflow/.local/lib/python3.12/site-packages/airflow/example_dags/example_sensors.py took 0.079 seconds
[2025-04-26T22:37:11.336+0000] {processor.py:186} INFO - Started process (PID=956) to work on /home/airflow/.local/lib/python3.12/site-packages/airflow/example_dags/example_sensors.py
[2025-04-26T22:37:11.337+0000] {processor.py:914} INFO - Processing file /home/airflow/.local/lib/python3.12/site-packages/airflow/example_dags/example_sensors.py for tasks to queue
[2025-04-26T22:37:11.340+0000] {logging_mixin.py:190} INFO - [2025-04-26T22:37:11.340+0000] {dagbag.py:588} INFO - Filling up the DagBag from /home/airflow/.local/lib/python3.12/site-packages/airflow/example_dags/example_sensors.py
[2025-04-26T22:37:11.352+0000] {processor.py:925} INFO - DAG(s) 'example_sensors' retrieved from /home/airflow/.local/lib/python3.12/site-packages/airflow/example_dags/example_sensors.py
[2025-04-26T22:37:11.377+0000] {logging_mixin.py:190} INFO - [2025-04-26T22:37:11.377+0000] {dag.py:3239} INFO - Sync 1 DAGs
[2025-04-26T22:37:11.392+0000] {logging_mixin.py:190} INFO - [2025-04-26T22:37:11.392+0000] {dag.py:4180} INFO - Setting next_dagrun for example_sensors to None, run_after=None
[2025-04-26T22:37:11.408+0000] {processor.py:208} INFO - Processing /home/airflow/.local/lib/python3.12/site-packages/airflow/example_dags/example_sensors.py took 0.079 seconds
[2025-04-26T22:37:42.526+0000] {processor.py:186} INFO - Started process (PID=1020) to work on /home/airflow/.local/lib/python3.12/site-packages/airflow/example_dags/example_sensors.py
[2025-04-26T22:37:42.528+0000] {processor.py:914} INFO - Processing file /home/airflow/.local/lib/python3.12/site-packages/airflow/example_dags/example_sensors.py for tasks to queue
[2025-04-26T22:37:42.530+0000] {logging_mixin.py:190} INFO - [2025-04-26T22:37:42.530+0000] {dagbag.py:588} INFO - Filling up the DagBag from /home/airflow/.local/lib/python3.12/site-packages/airflow/example_dags/example_sensors.py
[2025-04-26T22:37:42.543+0000] {processor.py:925} INFO - DAG(s) 'example_sensors' retrieved from /home/airflow/.local/lib/python3.12/site-packages/airflow/example_dags/example_sensors.py
[2025-04-26T22:37:42.569+0000] {logging_mixin.py:190} INFO - [2025-04-26T22:37:42.568+0000] {dag.py:3239} INFO - Sync 1 DAGs
[2025-04-26T22:37:42.583+0000] {logging_mixin.py:190} INFO - [2025-04-26T22:37:42.582+0000] {dag.py:4180} INFO - Setting next_dagrun for example_sensors to None, run_after=None
[2025-04-26T22:37:42.599+0000] {processor.py:208} INFO - Processing /home/airflow/.local/lib/python3.12/site-packages/airflow/example_dags/example_sensors.py took 0.079 seconds
[2025-04-26T22:38:13.765+0000] {processor.py:186} INFO - Started process (PID=1084) to work on /home/airflow/.local/lib/python3.12/site-packages/airflow/example_dags/example_sensors.py
[2025-04-26T22:38:13.767+0000] {processor.py:914} INFO - Processing file /home/airflow/.local/lib/python3.12/site-packages/airflow/example_dags/example_sensors.py for tasks to queue
[2025-04-26T22:38:13.769+0000] {logging_mixin.py:190} INFO - [2025-04-26T22:38:13.769+0000] {dagbag.py:588} INFO - Filling up the DagBag from /home/airflow/.local/lib/python3.12/site-packages/airflow/example_dags/example_sensors.py
[2025-04-26T22:38:13.782+0000] {processor.py:925} INFO - DAG(s) 'example_sensors' retrieved from /home/airflow/.local/lib/python3.12/site-packages/airflow/example_dags/example_sensors.py
[2025-04-26T22:38:13.810+0000] {logging_mixin.py:190} INFO - [2025-04-26T22:38:13.810+0000] {dag.py:3239} INFO - Sync 1 DAGs
[2025-04-26T22:38:13.826+0000] {logging_mixin.py:190} INFO - [2025-04-26T22:38:13.825+0000] {dag.py:4180} INFO - Setting next_dagrun for example_sensors to None, run_after=None
[2025-04-26T22:38:13.844+0000] {processor.py:208} INFO - Processing /home/airflow/.local/lib/python3.12/site-packages/airflow/example_dags/example_sensors.py took 0.086 seconds
[2025-04-26T22:38:45.088+0000] {processor.py:186} INFO - Started process (PID=1148) to work on /home/airflow/.local/lib/python3.12/site-packages/airflow/example_dags/example_sensors.py
[2025-04-26T22:38:45.089+0000] {processor.py:914} INFO - Processing file /home/airflow/.local/lib/python3.12/site-packages/airflow/example_dags/example_sensors.py for tasks to queue
[2025-04-26T22:38:45.093+0000] {logging_mixin.py:190} INFO - [2025-04-26T22:38:45.092+0000] {dagbag.py:588} INFO - Filling up the DagBag from /home/airflow/.local/lib/python3.12/site-packages/airflow/example_dags/example_sensors.py
[2025-04-26T22:38:45.110+0000] {processor.py:925} INFO - DAG(s) 'example_sensors' retrieved from /home/airflow/.local/lib/python3.12/site-packages/airflow/example_dags/example_sensors.py
[2025-04-26T22:38:45.150+0000] {logging_mixin.py:190} INFO - [2025-04-26T22:38:45.149+0000] {dag.py:3239} INFO - Sync 1 DAGs
[2025-04-26T22:38:45.170+0000] {logging_mixin.py:190} INFO - [2025-04-26T22:38:45.170+0000] {dag.py:4180} INFO - Setting next_dagrun for example_sensors to None, run_after=None
[2025-04-26T22:38:45.191+0000] {processor.py:208} INFO - Processing /home/airflow/.local/lib/python3.12/site-packages/airflow/example_dags/example_sensors.py took 0.113 seconds
[2025-04-26T22:39:16.252+0000] {processor.py:186} INFO - Started process (PID=1212) to work on /home/airflow/.local/lib/python3.12/site-packages/airflow/example_dags/example_sensors.py
[2025-04-26T22:39:16.252+0000] {processor.py:914} INFO - Processing file /home/airflow/.local/lib/python3.12/site-packages/airflow/example_dags/example_sensors.py for tasks to queue
[2025-04-26T22:39:16.255+0000] {logging_mixin.py:190} INFO - [2025-04-26T22:39:16.254+0000] {dagbag.py:588} INFO - Filling up the DagBag from /home/airflow/.local/lib/python3.12/site-packages/airflow/example_dags/example_sensors.py
[2025-04-26T22:39:16.267+0000] {processor.py:925} INFO - DAG(s) 'example_sensors' retrieved from /home/airflow/.local/lib/python3.12/site-packages/airflow/example_dags/example_sensors.py
[2025-04-26T22:39:16.293+0000] {logging_mixin.py:190} INFO - [2025-04-26T22:39:16.293+0000] {dag.py:3239} INFO - Sync 1 DAGs
[2025-04-26T22:39:16.307+0000] {logging_mixin.py:190} INFO - [2025-04-26T22:39:16.307+0000] {dag.py:4180} INFO - Setting next_dagrun for example_sensors to None, run_after=None
[2025-04-26T22:39:16.323+0000] {processor.py:208} INFO - Processing /home/airflow/.local/lib/python3.12/site-packages/airflow/example_dags/example_sensors.py took 0.079 seconds
[2025-04-26T22:39:47.785+0000] {processor.py:186} INFO - Started process (PID=1276) to work on /home/airflow/.local/lib/python3.12/site-packages/airflow/example_dags/example_sensors.py
[2025-04-26T22:39:47.787+0000] {processor.py:914} INFO - Processing file /home/airflow/.local/lib/python3.12/site-packages/airflow/example_dags/example_sensors.py for tasks to queue
[2025-04-26T22:39:47.789+0000] {logging_mixin.py:190} INFO - [2025-04-26T22:39:47.789+0000] {dagbag.py:588} INFO - Filling up the DagBag from /home/airflow/.local/lib/python3.12/site-packages/airflow/example_dags/example_sensors.py
[2025-04-26T22:39:47.802+0000] {processor.py:925} INFO - DAG(s) 'example_sensors' retrieved from /home/airflow/.local/lib/python3.12/site-packages/airflow/example_dags/example_sensors.py
[2025-04-26T22:39:47.829+0000] {logging_mixin.py:190} INFO - [2025-04-26T22:39:47.829+0000] {dag.py:3239} INFO - Sync 1 DAGs
[2025-04-26T22:39:47.844+0000] {logging_mixin.py:190} INFO - [2025-04-26T22:39:47.844+0000] {dag.py:4180} INFO - Setting next_dagrun for example_sensors to None, run_after=None
[2025-04-26T22:39:47.861+0000] {processor.py:208} INFO - Processing /home/airflow/.local/lib/python3.12/site-packages/airflow/example_dags/example_sensors.py took 0.082 seconds
