[2025-04-26T22:29:55.593+0000] {processor.py:186} INFO - Started process (PID=79) to work on /home/airflow/.local/lib/python3.12/site-packages/airflow/example_dags/example_inlet_event_extra.py
[2025-04-26T22:29:55.593+0000] {processor.py:914} INFO - Processing file /home/airflow/.local/lib/python3.12/site-packages/airflow/example_dags/example_inlet_event_extra.py for tasks to queue
[2025-04-26T22:29:55.596+0000] {logging_mixin.py:190} INFO - [2025-04-26T22:29:55.595+0000] {dagbag.py:588} INFO - Filling up the DagBag from /home/airflow/.local/lib/python3.12/site-packages/airflow/example_dags/example_inlet_event_extra.py
[2025-04-26T22:29:56.270+0000] {processor.py:925} INFO - DAG(s) 'read_dataset_event_from_classic', 'read_dataset_event' retrieved from /home/airflow/.local/lib/python3.12/site-packages/airflow/example_dags/example_inlet_event_extra.py
[2025-04-26T22:29:56.377+0000] {logging_mixin.py:190} INFO - [2025-04-26T22:29:56.377+0000] {override.py:1912} INFO - Created Permission View: can read on DAG:read_dataset_event_from_classic
[2025-04-26T22:29:56.386+0000] {logging_mixin.py:190} INFO - [2025-04-26T22:29:56.386+0000] {override.py:1912} INFO - Created Permission View: can delete on DAG:read_dataset_event_from_classic
[2025-04-26T22:29:56.393+0000] {logging_mixin.py:190} INFO - [2025-04-26T22:29:56.392+0000] {override.py:1912} INFO - Created Permission View: can edit on DAG:read_dataset_event_from_classic
[2025-04-26T22:29:56.399+0000] {logging_mixin.py:190} INFO - [2025-04-26T22:29:56.399+0000] {override.py:1912} INFO - Created Permission View: can read on DAG Run:read_dataset_event_from_classic
[2025-04-26T22:29:56.405+0000] {logging_mixin.py:190} INFO - [2025-04-26T22:29:56.404+0000] {override.py:1912} INFO - Created Permission View: can create on DAG Run:read_dataset_event_from_classic
[2025-04-26T22:29:56.410+0000] {logging_mixin.py:190} INFO - [2025-04-26T22:29:56.410+0000] {override.py:1912} INFO - Created Permission View: can delete on DAG Run:read_dataset_event_from_classic
[2025-04-26T22:29:56.416+0000] {logging_mixin.py:190} INFO - [2025-04-26T22:29:56.416+0000] {override.py:1912} INFO - Created Permission View: menu access on DAG Run:read_dataset_event_from_classic
[2025-04-26T22:29:56.427+0000] {logging_mixin.py:190} INFO - [2025-04-26T22:29:56.427+0000] {override.py:1912} INFO - Created Permission View: can read on DAG:read_dataset_event
[2025-04-26T22:29:56.433+0000] {logging_mixin.py:190} INFO - [2025-04-26T22:29:56.432+0000] {override.py:1912} INFO - Created Permission View: can delete on DAG:read_dataset_event
[2025-04-26T22:29:56.438+0000] {logging_mixin.py:190} INFO - [2025-04-26T22:29:56.438+0000] {override.py:1912} INFO - Created Permission View: can edit on DAG:read_dataset_event
[2025-04-26T22:29:56.445+0000] {logging_mixin.py:190} INFO - [2025-04-26T22:29:56.445+0000] {override.py:1912} INFO - Created Permission View: can read on DAG Run:read_dataset_event
[2025-04-26T22:29:56.453+0000] {logging_mixin.py:190} INFO - [2025-04-26T22:29:56.453+0000] {override.py:1912} INFO - Created Permission View: can create on DAG Run:read_dataset_event
[2025-04-26T22:29:56.460+0000] {logging_mixin.py:190} INFO - [2025-04-26T22:29:56.460+0000] {override.py:1912} INFO - Created Permission View: can delete on DAG Run:read_dataset_event
[2025-04-26T22:29:56.468+0000] {logging_mixin.py:190} INFO - [2025-04-26T22:29:56.468+0000] {override.py:1912} INFO - Created Permission View: menu access on DAG Run:read_dataset_event
[2025-04-26T22:29:56.469+0000] {logging_mixin.py:190} INFO - [2025-04-26T22:29:56.468+0000] {dag.py:3239} INFO - Sync 2 DAGs
[2025-04-26T22:29:56.490+0000] {logging_mixin.py:190} INFO - [2025-04-26T22:29:56.489+0000] {dag.py:3262} INFO - Creating ORM DAG for read_dataset_event
[2025-04-26T22:29:56.491+0000] {logging_mixin.py:190} INFO - [2025-04-26T22:29:56.491+0000] {dag.py:3262} INFO - Creating ORM DAG for read_dataset_event_from_classic
[2025-04-26T22:29:56.515+0000] {logging_mixin.py:190} INFO - [2025-04-26T22:29:56.515+0000] {dag.py:4180} INFO - Setting next_dagrun for read_dataset_event to 2025-04-25 00:00:00+00:00, run_after=2025-04-26 00:00:00+00:00
[2025-04-26T22:29:56.519+0000] {logging_mixin.py:190} INFO - [2025-04-26T22:29:56.519+0000] {dag.py:4180} INFO - Setting next_dagrun for read_dataset_event_from_classic to 2025-04-25 00:00:00+00:00, run_after=2025-04-26 00:00:00+00:00
[2025-04-26T22:29:56.567+0000] {processor.py:208} INFO - Processing /home/airflow/.local/lib/python3.12/site-packages/airflow/example_dags/example_inlet_event_extra.py took 0.980 seconds
[2025-04-26T22:30:26.778+0000] {processor.py:186} INFO - Started process (PID=142) to work on /home/airflow/.local/lib/python3.12/site-packages/airflow/example_dags/example_inlet_event_extra.py
[2025-04-26T22:30:26.779+0000] {processor.py:914} INFO - Processing file /home/airflow/.local/lib/python3.12/site-packages/airflow/example_dags/example_inlet_event_extra.py for tasks to queue
[2025-04-26T22:30:26.781+0000] {logging_mixin.py:190} INFO - [2025-04-26T22:30:26.781+0000] {dagbag.py:588} INFO - Filling up the DagBag from /home/airflow/.local/lib/python3.12/site-packages/airflow/example_dags/example_inlet_event_extra.py
[2025-04-26T22:30:27.474+0000] {processor.py:925} INFO - DAG(s) 'read_dataset_event_from_classic', 'read_dataset_event' retrieved from /home/airflow/.local/lib/python3.12/site-packages/airflow/example_dags/example_inlet_event_extra.py
[2025-04-26T22:30:27.494+0000] {logging_mixin.py:190} INFO - [2025-04-26T22:30:27.493+0000] {dag.py:3239} INFO - Sync 2 DAGs
[2025-04-26T22:30:27.517+0000] {logging_mixin.py:190} INFO - [2025-04-26T22:30:27.517+0000] {dag.py:4180} INFO - Setting next_dagrun for read_dataset_event to 2025-04-25 00:00:00+00:00, run_after=2025-04-26 00:00:00+00:00
[2025-04-26T22:30:27.524+0000] {logging_mixin.py:190} INFO - [2025-04-26T22:30:27.524+0000] {dag.py:4180} INFO - Setting next_dagrun for read_dataset_event_from_classic to 2025-04-25 00:00:00+00:00, run_after=2025-04-26 00:00:00+00:00
[2025-04-26T22:30:27.539+0000] {processor.py:208} INFO - Processing /home/airflow/.local/lib/python3.12/site-packages/airflow/example_dags/example_inlet_event_extra.py took 0.767 seconds
[2025-04-26T22:30:57.585+0000] {processor.py:186} INFO - Started process (PID=206) to work on /home/airflow/.local/lib/python3.12/site-packages/airflow/example_dags/example_inlet_event_extra.py
[2025-04-26T22:30:57.586+0000] {processor.py:914} INFO - Processing file /home/airflow/.local/lib/python3.12/site-packages/airflow/example_dags/example_inlet_event_extra.py for tasks to queue
[2025-04-26T22:30:57.589+0000] {logging_mixin.py:190} INFO - [2025-04-26T22:30:57.588+0000] {dagbag.py:588} INFO - Filling up the DagBag from /home/airflow/.local/lib/python3.12/site-packages/airflow/example_dags/example_inlet_event_extra.py
[2025-04-26T22:30:58.226+0000] {processor.py:925} INFO - DAG(s) 'read_dataset_event_from_classic', 'read_dataset_event' retrieved from /home/airflow/.local/lib/python3.12/site-packages/airflow/example_dags/example_inlet_event_extra.py
[2025-04-26T22:30:58.245+0000] {logging_mixin.py:190} INFO - [2025-04-26T22:30:58.245+0000] {dag.py:3239} INFO - Sync 2 DAGs
[2025-04-26T22:30:58.268+0000] {logging_mixin.py:190} INFO - [2025-04-26T22:30:58.268+0000] {dag.py:4180} INFO - Setting next_dagrun for read_dataset_event to 2025-04-25 00:00:00+00:00, run_after=2025-04-26 00:00:00+00:00
[2025-04-26T22:30:58.274+0000] {logging_mixin.py:190} INFO - [2025-04-26T22:30:58.274+0000] {dag.py:4180} INFO - Setting next_dagrun for read_dataset_event_from_classic to 2025-04-25 00:00:00+00:00, run_after=2025-04-26 00:00:00+00:00
[2025-04-26T22:30:58.287+0000] {processor.py:208} INFO - Processing /home/airflow/.local/lib/python3.12/site-packages/airflow/example_dags/example_inlet_event_extra.py took 0.709 seconds
[2025-04-26T22:31:28.996+0000] {processor.py:186} INFO - Started process (PID=269) to work on /home/airflow/.local/lib/python3.12/site-packages/airflow/example_dags/example_inlet_event_extra.py
[2025-04-26T22:31:28.997+0000] {processor.py:914} INFO - Processing file /home/airflow/.local/lib/python3.12/site-packages/airflow/example_dags/example_inlet_event_extra.py for tasks to queue
[2025-04-26T22:31:28.999+0000] {logging_mixin.py:190} INFO - [2025-04-26T22:31:28.999+0000] {dagbag.py:588} INFO - Filling up the DagBag from /home/airflow/.local/lib/python3.12/site-packages/airflow/example_dags/example_inlet_event_extra.py
[2025-04-26T22:31:29.690+0000] {processor.py:925} INFO - DAG(s) 'read_dataset_event_from_classic', 'read_dataset_event' retrieved from /home/airflow/.local/lib/python3.12/site-packages/airflow/example_dags/example_inlet_event_extra.py
[2025-04-26T22:31:29.710+0000] {logging_mixin.py:190} INFO - [2025-04-26T22:31:29.710+0000] {dag.py:3239} INFO - Sync 2 DAGs
[2025-04-26T22:31:29.735+0000] {logging_mixin.py:190} INFO - [2025-04-26T22:31:29.735+0000] {dag.py:4180} INFO - Setting next_dagrun for read_dataset_event to 2025-04-25 00:00:00+00:00, run_after=2025-04-26 00:00:00+00:00
[2025-04-26T22:31:29.740+0000] {logging_mixin.py:190} INFO - [2025-04-26T22:31:29.740+0000] {dag.py:4180} INFO - Setting next_dagrun for read_dataset_event_from_classic to 2025-04-25 00:00:00+00:00, run_after=2025-04-26 00:00:00+00:00
[2025-04-26T22:31:29.754+0000] {processor.py:208} INFO - Processing /home/airflow/.local/lib/python3.12/site-packages/airflow/example_dags/example_inlet_event_extra.py took 0.765 seconds
[2025-04-26T22:32:00.316+0000] {processor.py:186} INFO - Started process (PID=331) to work on /home/airflow/.local/lib/python3.12/site-packages/airflow/example_dags/example_inlet_event_extra.py
[2025-04-26T22:32:00.317+0000] {processor.py:914} INFO - Processing file /home/airflow/.local/lib/python3.12/site-packages/airflow/example_dags/example_inlet_event_extra.py for tasks to queue
[2025-04-26T22:32:00.320+0000] {logging_mixin.py:190} INFO - [2025-04-26T22:32:00.319+0000] {dagbag.py:588} INFO - Filling up the DagBag from /home/airflow/.local/lib/python3.12/site-packages/airflow/example_dags/example_inlet_event_extra.py
[2025-04-26T22:32:00.974+0000] {processor.py:925} INFO - DAG(s) 'read_dataset_event', 'read_dataset_event_from_classic' retrieved from /home/airflow/.local/lib/python3.12/site-packages/airflow/example_dags/example_inlet_event_extra.py
[2025-04-26T22:32:00.995+0000] {logging_mixin.py:190} INFO - [2025-04-26T22:32:00.995+0000] {dag.py:3239} INFO - Sync 2 DAGs
[2025-04-26T22:32:01.020+0000] {logging_mixin.py:190} INFO - [2025-04-26T22:32:01.020+0000] {dag.py:4180} INFO - Setting next_dagrun for read_dataset_event to 2025-04-25 00:00:00+00:00, run_after=2025-04-26 00:00:00+00:00
[2025-04-26T22:32:01.025+0000] {logging_mixin.py:190} INFO - [2025-04-26T22:32:01.025+0000] {dag.py:4180} INFO - Setting next_dagrun for read_dataset_event_from_classic to 2025-04-25 00:00:00+00:00, run_after=2025-04-26 00:00:00+00:00
[2025-04-26T22:32:01.039+0000] {processor.py:208} INFO - Processing /home/airflow/.local/lib/python3.12/site-packages/airflow/example_dags/example_inlet_event_extra.py took 0.729 seconds
[2025-04-26T22:32:31.682+0000] {processor.py:186} INFO - Started process (PID=394) to work on /home/airflow/.local/lib/python3.12/site-packages/airflow/example_dags/example_inlet_event_extra.py
[2025-04-26T22:32:31.683+0000] {processor.py:914} INFO - Processing file /home/airflow/.local/lib/python3.12/site-packages/airflow/example_dags/example_inlet_event_extra.py for tasks to queue
[2025-04-26T22:32:31.685+0000] {logging_mixin.py:190} INFO - [2025-04-26T22:32:31.685+0000] {dagbag.py:588} INFO - Filling up the DagBag from /home/airflow/.local/lib/python3.12/site-packages/airflow/example_dags/example_inlet_event_extra.py
[2025-04-26T22:32:32.328+0000] {processor.py:925} INFO - DAG(s) 'read_dataset_event', 'read_dataset_event_from_classic' retrieved from /home/airflow/.local/lib/python3.12/site-packages/airflow/example_dags/example_inlet_event_extra.py
[2025-04-26T22:32:32.347+0000] {logging_mixin.py:190} INFO - [2025-04-26T22:32:32.347+0000] {dag.py:3239} INFO - Sync 2 DAGs
[2025-04-26T22:32:32.373+0000] {logging_mixin.py:190} INFO - [2025-04-26T22:32:32.373+0000] {dag.py:4180} INFO - Setting next_dagrun for read_dataset_event to 2025-04-25 00:00:00+00:00, run_after=2025-04-26 00:00:00+00:00
[2025-04-26T22:32:32.378+0000] {logging_mixin.py:190} INFO - [2025-04-26T22:32:32.377+0000] {dag.py:4180} INFO - Setting next_dagrun for read_dataset_event_from_classic to 2025-04-25 00:00:00+00:00, run_after=2025-04-26 00:00:00+00:00
[2025-04-26T22:32:32.391+0000] {processor.py:208} INFO - Processing /home/airflow/.local/lib/python3.12/site-packages/airflow/example_dags/example_inlet_event_extra.py took 0.716 seconds
[2025-04-26T22:33:02.805+0000] {processor.py:186} INFO - Started process (PID=457) to work on /home/airflow/.local/lib/python3.12/site-packages/airflow/example_dags/example_inlet_event_extra.py
[2025-04-26T22:33:02.806+0000] {processor.py:914} INFO - Processing file /home/airflow/.local/lib/python3.12/site-packages/airflow/example_dags/example_inlet_event_extra.py for tasks to queue
[2025-04-26T22:33:02.808+0000] {logging_mixin.py:190} INFO - [2025-04-26T22:33:02.808+0000] {dagbag.py:588} INFO - Filling up the DagBag from /home/airflow/.local/lib/python3.12/site-packages/airflow/example_dags/example_inlet_event_extra.py
[2025-04-26T22:33:03.433+0000] {processor.py:925} INFO - DAG(s) 'read_dataset_event', 'read_dataset_event_from_classic' retrieved from /home/airflow/.local/lib/python3.12/site-packages/airflow/example_dags/example_inlet_event_extra.py
[2025-04-26T22:33:03.452+0000] {logging_mixin.py:190} INFO - [2025-04-26T22:33:03.451+0000] {dag.py:3239} INFO - Sync 2 DAGs
[2025-04-26T22:33:03.477+0000] {logging_mixin.py:190} INFO - [2025-04-26T22:33:03.476+0000] {dag.py:4180} INFO - Setting next_dagrun for read_dataset_event to 2025-04-25 00:00:00+00:00, run_after=2025-04-26 00:00:00+00:00
[2025-04-26T22:33:03.483+0000] {logging_mixin.py:190} INFO - [2025-04-26T22:33:03.483+0000] {dag.py:4180} INFO - Setting next_dagrun for read_dataset_event_from_classic to 2025-04-25 00:00:00+00:00, run_after=2025-04-26 00:00:00+00:00
[2025-04-26T22:33:03.497+0000] {processor.py:208} INFO - Processing /home/airflow/.local/lib/python3.12/site-packages/airflow/example_dags/example_inlet_event_extra.py took 0.699 seconds
[2025-04-26T22:33:34.057+0000] {processor.py:186} INFO - Started process (PID=520) to work on /home/airflow/.local/lib/python3.12/site-packages/airflow/example_dags/example_inlet_event_extra.py
[2025-04-26T22:33:34.058+0000] {processor.py:914} INFO - Processing file /home/airflow/.local/lib/python3.12/site-packages/airflow/example_dags/example_inlet_event_extra.py for tasks to queue
[2025-04-26T22:33:34.061+0000] {logging_mixin.py:190} INFO - [2025-04-26T22:33:34.060+0000] {dagbag.py:588} INFO - Filling up the DagBag from /home/airflow/.local/lib/python3.12/site-packages/airflow/example_dags/example_inlet_event_extra.py
[2025-04-26T22:33:34.720+0000] {processor.py:925} INFO - DAG(s) 'read_dataset_event', 'read_dataset_event_from_classic' retrieved from /home/airflow/.local/lib/python3.12/site-packages/airflow/example_dags/example_inlet_event_extra.py
[2025-04-26T22:33:34.741+0000] {logging_mixin.py:190} INFO - [2025-04-26T22:33:34.741+0000] {dag.py:3239} INFO - Sync 2 DAGs
[2025-04-26T22:33:34.776+0000] {logging_mixin.py:190} INFO - [2025-04-26T22:33:34.776+0000] {dag.py:4180} INFO - Setting next_dagrun for read_dataset_event to 2025-04-25 00:00:00+00:00, run_after=2025-04-26 00:00:00+00:00
[2025-04-26T22:33:34.784+0000] {logging_mixin.py:190} INFO - [2025-04-26T22:33:34.783+0000] {dag.py:4180} INFO - Setting next_dagrun for read_dataset_event_from_classic to 2025-04-25 00:00:00+00:00, run_after=2025-04-26 00:00:00+00:00
[2025-04-26T22:33:34.801+0000] {processor.py:208} INFO - Processing /home/airflow/.local/lib/python3.12/site-packages/airflow/example_dags/example_inlet_event_extra.py took 0.752 seconds
[2025-04-26T22:34:05.262+0000] {processor.py:186} INFO - Started process (PID=583) to work on /home/airflow/.local/lib/python3.12/site-packages/airflow/example_dags/example_inlet_event_extra.py
[2025-04-26T22:34:05.262+0000] {processor.py:914} INFO - Processing file /home/airflow/.local/lib/python3.12/site-packages/airflow/example_dags/example_inlet_event_extra.py for tasks to queue
[2025-04-26T22:34:05.266+0000] {logging_mixin.py:190} INFO - [2025-04-26T22:34:05.265+0000] {dagbag.py:588} INFO - Filling up the DagBag from /home/airflow/.local/lib/python3.12/site-packages/airflow/example_dags/example_inlet_event_extra.py
[2025-04-26T22:34:05.955+0000] {processor.py:925} INFO - DAG(s) 'read_dataset_event_from_classic', 'read_dataset_event' retrieved from /home/airflow/.local/lib/python3.12/site-packages/airflow/example_dags/example_inlet_event_extra.py
[2025-04-26T22:34:05.975+0000] {logging_mixin.py:190} INFO - [2025-04-26T22:34:05.975+0000] {dag.py:3239} INFO - Sync 2 DAGs
[2025-04-26T22:34:05.998+0000] {logging_mixin.py:190} INFO - [2025-04-26T22:34:05.998+0000] {dag.py:4180} INFO - Setting next_dagrun for read_dataset_event to 2025-04-25 00:00:00+00:00, run_after=2025-04-26 00:00:00+00:00
[2025-04-26T22:34:06.003+0000] {logging_mixin.py:190} INFO - [2025-04-26T22:34:06.003+0000] {dag.py:4180} INFO - Setting next_dagrun for read_dataset_event_from_classic to 2025-04-25 00:00:00+00:00, run_after=2025-04-26 00:00:00+00:00
[2025-04-26T22:34:06.017+0000] {processor.py:208} INFO - Processing /home/airflow/.local/lib/python3.12/site-packages/airflow/example_dags/example_inlet_event_extra.py took 0.766 seconds
[2025-04-26T22:34:36.915+0000] {processor.py:186} INFO - Started process (PID=647) to work on /home/airflow/.local/lib/python3.12/site-packages/airflow/example_dags/example_inlet_event_extra.py
[2025-04-26T22:34:36.917+0000] {processor.py:914} INFO - Processing file /home/airflow/.local/lib/python3.12/site-packages/airflow/example_dags/example_inlet_event_extra.py for tasks to queue
[2025-04-26T22:34:36.919+0000] {logging_mixin.py:190} INFO - [2025-04-26T22:34:36.919+0000] {dagbag.py:588} INFO - Filling up the DagBag from /home/airflow/.local/lib/python3.12/site-packages/airflow/example_dags/example_inlet_event_extra.py
[2025-04-26T22:34:37.547+0000] {processor.py:925} INFO - DAG(s) 'read_dataset_event_from_classic', 'read_dataset_event' retrieved from /home/airflow/.local/lib/python3.12/site-packages/airflow/example_dags/example_inlet_event_extra.py
[2025-04-26T22:34:37.566+0000] {logging_mixin.py:190} INFO - [2025-04-26T22:34:37.565+0000] {dag.py:3239} INFO - Sync 2 DAGs
[2025-04-26T22:34:37.590+0000] {logging_mixin.py:190} INFO - [2025-04-26T22:34:37.589+0000] {dag.py:4180} INFO - Setting next_dagrun for read_dataset_event to 2025-04-25 00:00:00+00:00, run_after=2025-04-26 00:00:00+00:00
[2025-04-26T22:34:37.594+0000] {logging_mixin.py:190} INFO - [2025-04-26T22:34:37.594+0000] {dag.py:4180} INFO - Setting next_dagrun for read_dataset_event_from_classic to 2025-04-25 00:00:00+00:00, run_after=2025-04-26 00:00:00+00:00
[2025-04-26T22:34:37.607+0000] {processor.py:208} INFO - Processing /home/airflow/.local/lib/python3.12/site-packages/airflow/example_dags/example_inlet_event_extra.py took 0.700 seconds
[2025-04-26T22:35:07.998+0000] {processor.py:186} INFO - Started process (PID=710) to work on /home/airflow/.local/lib/python3.12/site-packages/airflow/example_dags/example_inlet_event_extra.py
[2025-04-26T22:35:08.000+0000] {processor.py:914} INFO - Processing file /home/airflow/.local/lib/python3.12/site-packages/airflow/example_dags/example_inlet_event_extra.py for tasks to queue
[2025-04-26T22:35:08.002+0000] {logging_mixin.py:190} INFO - [2025-04-26T22:35:08.002+0000] {dagbag.py:588} INFO - Filling up the DagBag from /home/airflow/.local/lib/python3.12/site-packages/airflow/example_dags/example_inlet_event_extra.py
[2025-04-26T22:35:08.551+0000] {processor.py:925} INFO - DAG(s) 'read_dataset_event', 'read_dataset_event_from_classic' retrieved from /home/airflow/.local/lib/python3.12/site-packages/airflow/example_dags/example_inlet_event_extra.py
[2025-04-26T22:35:08.571+0000] {logging_mixin.py:190} INFO - [2025-04-26T22:35:08.571+0000] {dag.py:3239} INFO - Sync 2 DAGs
[2025-04-26T22:35:08.597+0000] {logging_mixin.py:190} INFO - [2025-04-26T22:35:08.596+0000] {dag.py:4180} INFO - Setting next_dagrun for read_dataset_event to 2025-04-25 00:00:00+00:00, run_after=2025-04-26 00:00:00+00:00
[2025-04-26T22:35:08.601+0000] {logging_mixin.py:190} INFO - [2025-04-26T22:35:08.601+0000] {dag.py:4180} INFO - Setting next_dagrun for read_dataset_event_from_classic to 2025-04-25 00:00:00+00:00, run_after=2025-04-26 00:00:00+00:00
[2025-04-26T22:35:08.615+0000] {processor.py:208} INFO - Processing /home/airflow/.local/lib/python3.12/site-packages/airflow/example_dags/example_inlet_event_extra.py took 0.624 seconds
[2025-04-26T22:35:39.180+0000] {processor.py:186} INFO - Started process (PID=774) to work on /home/airflow/.local/lib/python3.12/site-packages/airflow/example_dags/example_inlet_event_extra.py
[2025-04-26T22:35:39.181+0000] {processor.py:914} INFO - Processing file /home/airflow/.local/lib/python3.12/site-packages/airflow/example_dags/example_inlet_event_extra.py for tasks to queue
[2025-04-26T22:35:39.184+0000] {logging_mixin.py:190} INFO - [2025-04-26T22:35:39.184+0000] {dagbag.py:588} INFO - Filling up the DagBag from /home/airflow/.local/lib/python3.12/site-packages/airflow/example_dags/example_inlet_event_extra.py
[2025-04-26T22:35:39.709+0000] {processor.py:925} INFO - DAG(s) 'read_dataset_event', 'read_dataset_event_from_classic' retrieved from /home/airflow/.local/lib/python3.12/site-packages/airflow/example_dags/example_inlet_event_extra.py
[2025-04-26T22:35:39.728+0000] {logging_mixin.py:190} INFO - [2025-04-26T22:35:39.728+0000] {dag.py:3239} INFO - Sync 2 DAGs
[2025-04-26T22:35:39.753+0000] {logging_mixin.py:190} INFO - [2025-04-26T22:35:39.753+0000] {dag.py:4180} INFO - Setting next_dagrun for read_dataset_event to 2025-04-25 00:00:00+00:00, run_after=2025-04-26 00:00:00+00:00
[2025-04-26T22:35:39.758+0000] {logging_mixin.py:190} INFO - [2025-04-26T22:35:39.758+0000] {dag.py:4180} INFO - Setting next_dagrun for read_dataset_event_from_classic to 2025-04-25 00:00:00+00:00, run_after=2025-04-26 00:00:00+00:00
[2025-04-26T22:35:39.772+0000] {processor.py:208} INFO - Processing /home/airflow/.local/lib/python3.12/site-packages/airflow/example_dags/example_inlet_event_extra.py took 0.599 seconds
[2025-04-26T22:36:10.195+0000] {processor.py:186} INFO - Started process (PID=840) to work on /home/airflow/.local/lib/python3.12/site-packages/airflow/example_dags/example_inlet_event_extra.py
[2025-04-26T22:36:10.196+0000] {processor.py:914} INFO - Processing file /home/airflow/.local/lib/python3.12/site-packages/airflow/example_dags/example_inlet_event_extra.py for tasks to queue
[2025-04-26T22:36:10.198+0000] {logging_mixin.py:190} INFO - [2025-04-26T22:36:10.198+0000] {dagbag.py:588} INFO - Filling up the DagBag from /home/airflow/.local/lib/python3.12/site-packages/airflow/example_dags/example_inlet_event_extra.py
[2025-04-26T22:36:10.742+0000] {processor.py:925} INFO - DAG(s) 'read_dataset_event', 'read_dataset_event_from_classic' retrieved from /home/airflow/.local/lib/python3.12/site-packages/airflow/example_dags/example_inlet_event_extra.py
[2025-04-26T22:36:10.763+0000] {logging_mixin.py:190} INFO - [2025-04-26T22:36:10.762+0000] {dag.py:3239} INFO - Sync 2 DAGs
[2025-04-26T22:36:10.789+0000] {logging_mixin.py:190} INFO - [2025-04-26T22:36:10.788+0000] {dag.py:4180} INFO - Setting next_dagrun for read_dataset_event to 2025-04-25 00:00:00+00:00, run_after=2025-04-26 00:00:00+00:00
[2025-04-26T22:36:10.794+0000] {logging_mixin.py:190} INFO - [2025-04-26T22:36:10.793+0000] {dag.py:4180} INFO - Setting next_dagrun for read_dataset_event_from_classic to 2025-04-25 00:00:00+00:00, run_after=2025-04-26 00:00:00+00:00
[2025-04-26T22:36:10.808+0000] {processor.py:208} INFO - Processing /home/airflow/.local/lib/python3.12/site-packages/airflow/example_dags/example_inlet_event_extra.py took 0.620 seconds
[2025-04-26T22:36:41.241+0000] {processor.py:186} INFO - Started process (PID=902) to work on /home/airflow/.local/lib/python3.12/site-packages/airflow/example_dags/example_inlet_event_extra.py
[2025-04-26T22:36:41.242+0000] {processor.py:914} INFO - Processing file /home/airflow/.local/lib/python3.12/site-packages/airflow/example_dags/example_inlet_event_extra.py for tasks to queue
[2025-04-26T22:36:41.245+0000] {logging_mixin.py:190} INFO - [2025-04-26T22:36:41.245+0000] {dagbag.py:588} INFO - Filling up the DagBag from /home/airflow/.local/lib/python3.12/site-packages/airflow/example_dags/example_inlet_event_extra.py
[2025-04-26T22:36:41.780+0000] {processor.py:925} INFO - DAG(s) 'read_dataset_event', 'read_dataset_event_from_classic' retrieved from /home/airflow/.local/lib/python3.12/site-packages/airflow/example_dags/example_inlet_event_extra.py
[2025-04-26T22:36:41.799+0000] {logging_mixin.py:190} INFO - [2025-04-26T22:36:41.798+0000] {dag.py:3239} INFO - Sync 2 DAGs
[2025-04-26T22:36:41.824+0000] {logging_mixin.py:190} INFO - [2025-04-26T22:36:41.823+0000] {dag.py:4180} INFO - Setting next_dagrun for read_dataset_event to 2025-04-25 00:00:00+00:00, run_after=2025-04-26 00:00:00+00:00
[2025-04-26T22:36:41.829+0000] {logging_mixin.py:190} INFO - [2025-04-26T22:36:41.828+0000] {dag.py:4180} INFO - Setting next_dagrun for read_dataset_event_from_classic to 2025-04-25 00:00:00+00:00, run_after=2025-04-26 00:00:00+00:00
[2025-04-26T22:36:41.843+0000] {processor.py:208} INFO - Processing /home/airflow/.local/lib/python3.12/site-packages/airflow/example_dags/example_inlet_event_extra.py took 0.609 seconds
[2025-04-26T22:37:11.910+0000] {processor.py:186} INFO - Started process (PID=966) to work on /home/airflow/.local/lib/python3.12/site-packages/airflow/example_dags/example_inlet_event_extra.py
[2025-04-26T22:37:11.911+0000] {processor.py:914} INFO - Processing file /home/airflow/.local/lib/python3.12/site-packages/airflow/example_dags/example_inlet_event_extra.py for tasks to queue
[2025-04-26T22:37:11.914+0000] {logging_mixin.py:190} INFO - [2025-04-26T22:37:11.913+0000] {dagbag.py:588} INFO - Filling up the DagBag from /home/airflow/.local/lib/python3.12/site-packages/airflow/example_dags/example_inlet_event_extra.py
[2025-04-26T22:37:12.465+0000] {processor.py:925} INFO - DAG(s) 'read_dataset_event', 'read_dataset_event_from_classic' retrieved from /home/airflow/.local/lib/python3.12/site-packages/airflow/example_dags/example_inlet_event_extra.py
[2025-04-26T22:37:12.485+0000] {logging_mixin.py:190} INFO - [2025-04-26T22:37:12.485+0000] {dag.py:3239} INFO - Sync 2 DAGs
[2025-04-26T22:37:12.514+0000] {logging_mixin.py:190} INFO - [2025-04-26T22:37:12.514+0000] {dag.py:4180} INFO - Setting next_dagrun for read_dataset_event to 2025-04-25 00:00:00+00:00, run_after=2025-04-26 00:00:00+00:00
[2025-04-26T22:37:12.520+0000] {logging_mixin.py:190} INFO - [2025-04-26T22:37:12.519+0000] {dag.py:4180} INFO - Setting next_dagrun for read_dataset_event_from_classic to 2025-04-25 00:00:00+00:00, run_after=2025-04-26 00:00:00+00:00
[2025-04-26T22:37:12.535+0000] {processor.py:208} INFO - Processing /home/airflow/.local/lib/python3.12/site-packages/airflow/example_dags/example_inlet_event_extra.py took 0.632 seconds
[2025-04-26T22:37:43.131+0000] {processor.py:186} INFO - Started process (PID=1030) to work on /home/airflow/.local/lib/python3.12/site-packages/airflow/example_dags/example_inlet_event_extra.py
[2025-04-26T22:37:43.132+0000] {processor.py:914} INFO - Processing file /home/airflow/.local/lib/python3.12/site-packages/airflow/example_dags/example_inlet_event_extra.py for tasks to queue
[2025-04-26T22:37:43.135+0000] {logging_mixin.py:190} INFO - [2025-04-26T22:37:43.134+0000] {dagbag.py:588} INFO - Filling up the DagBag from /home/airflow/.local/lib/python3.12/site-packages/airflow/example_dags/example_inlet_event_extra.py
[2025-04-26T22:37:43.653+0000] {processor.py:925} INFO - DAG(s) 'read_dataset_event', 'read_dataset_event_from_classic' retrieved from /home/airflow/.local/lib/python3.12/site-packages/airflow/example_dags/example_inlet_event_extra.py
[2025-04-26T22:37:43.673+0000] {logging_mixin.py:190} INFO - [2025-04-26T22:37:43.673+0000] {dag.py:3239} INFO - Sync 2 DAGs
[2025-04-26T22:37:43.697+0000] {logging_mixin.py:190} INFO - [2025-04-26T22:37:43.696+0000] {dag.py:4180} INFO - Setting next_dagrun for read_dataset_event to 2025-04-25 00:00:00+00:00, run_after=2025-04-26 00:00:00+00:00
[2025-04-26T22:37:43.701+0000] {logging_mixin.py:190} INFO - [2025-04-26T22:37:43.701+0000] {dag.py:4180} INFO - Setting next_dagrun for read_dataset_event_from_classic to 2025-04-25 00:00:00+00:00, run_after=2025-04-26 00:00:00+00:00
[2025-04-26T22:37:43.715+0000] {processor.py:208} INFO - Processing /home/airflow/.local/lib/python3.12/site-packages/airflow/example_dags/example_inlet_event_extra.py took 0.590 seconds
[2025-04-26T22:38:14.556+0000] {processor.py:186} INFO - Started process (PID=1094) to work on /home/airflow/.local/lib/python3.12/site-packages/airflow/example_dags/example_inlet_event_extra.py
[2025-04-26T22:38:14.557+0000] {processor.py:914} INFO - Processing file /home/airflow/.local/lib/python3.12/site-packages/airflow/example_dags/example_inlet_event_extra.py for tasks to queue
[2025-04-26T22:38:14.559+0000] {logging_mixin.py:190} INFO - [2025-04-26T22:38:14.559+0000] {dagbag.py:588} INFO - Filling up the DagBag from /home/airflow/.local/lib/python3.12/site-packages/airflow/example_dags/example_inlet_event_extra.py
[2025-04-26T22:38:15.101+0000] {processor.py:925} INFO - DAG(s) 'read_dataset_event', 'read_dataset_event_from_classic' retrieved from /home/airflow/.local/lib/python3.12/site-packages/airflow/example_dags/example_inlet_event_extra.py
[2025-04-26T22:38:15.121+0000] {logging_mixin.py:190} INFO - [2025-04-26T22:38:15.121+0000] {dag.py:3239} INFO - Sync 2 DAGs
[2025-04-26T22:38:15.151+0000] {logging_mixin.py:190} INFO - [2025-04-26T22:38:15.151+0000] {dag.py:4180} INFO - Setting next_dagrun for read_dataset_event to 2025-04-25 00:00:00+00:00, run_after=2025-04-26 00:00:00+00:00
[2025-04-26T22:38:15.158+0000] {logging_mixin.py:190} INFO - [2025-04-26T22:38:15.158+0000] {dag.py:4180} INFO - Setting next_dagrun for read_dataset_event_from_classic to 2025-04-25 00:00:00+00:00, run_after=2025-04-26 00:00:00+00:00
[2025-04-26T22:38:15.174+0000] {processor.py:208} INFO - Processing /home/airflow/.local/lib/python3.12/site-packages/airflow/example_dags/example_inlet_event_extra.py took 0.625 seconds
[2025-04-26T22:38:46.036+0000] {processor.py:186} INFO - Started process (PID=1158) to work on /home/airflow/.local/lib/python3.12/site-packages/airflow/example_dags/example_inlet_event_extra.py
[2025-04-26T22:38:46.038+0000] {processor.py:914} INFO - Processing file /home/airflow/.local/lib/python3.12/site-packages/airflow/example_dags/example_inlet_event_extra.py for tasks to queue
[2025-04-26T22:38:46.041+0000] {logging_mixin.py:190} INFO - [2025-04-26T22:38:46.040+0000] {dagbag.py:588} INFO - Filling up the DagBag from /home/airflow/.local/lib/python3.12/site-packages/airflow/example_dags/example_inlet_event_extra.py
[2025-04-26T22:38:46.825+0000] {processor.py:925} INFO - DAG(s) 'read_dataset_event', 'read_dataset_event_from_classic' retrieved from /home/airflow/.local/lib/python3.12/site-packages/airflow/example_dags/example_inlet_event_extra.py
[2025-04-26T22:38:46.852+0000] {logging_mixin.py:190} INFO - [2025-04-26T22:38:46.852+0000] {dag.py:3239} INFO - Sync 2 DAGs
[2025-04-26T22:38:46.890+0000] {logging_mixin.py:190} INFO - [2025-04-26T22:38:46.889+0000] {dag.py:4180} INFO - Setting next_dagrun for read_dataset_event to 2025-04-25 00:00:00+00:00, run_after=2025-04-26 00:00:00+00:00
[2025-04-26T22:38:46.897+0000] {logging_mixin.py:190} INFO - [2025-04-26T22:38:46.897+0000] {dag.py:4180} INFO - Setting next_dagrun for read_dataset_event_from_classic to 2025-04-25 00:00:00+00:00, run_after=2025-04-26 00:00:00+00:00
[2025-04-26T22:38:46.917+0000] {processor.py:208} INFO - Processing /home/airflow/.local/lib/python3.12/site-packages/airflow/example_dags/example_inlet_event_extra.py took 0.891 seconds
[2025-04-26T22:39:17.031+0000] {processor.py:186} INFO - Started process (PID=1225) to work on /home/airflow/.local/lib/python3.12/site-packages/airflow/example_dags/example_inlet_event_extra.py
[2025-04-26T22:39:17.032+0000] {processor.py:914} INFO - Processing file /home/airflow/.local/lib/python3.12/site-packages/airflow/example_dags/example_inlet_event_extra.py for tasks to queue
[2025-04-26T22:39:17.034+0000] {logging_mixin.py:190} INFO - [2025-04-26T22:39:17.034+0000] {dagbag.py:588} INFO - Filling up the DagBag from /home/airflow/.local/lib/python3.12/site-packages/airflow/example_dags/example_inlet_event_extra.py
[2025-04-26T22:39:17.668+0000] {processor.py:925} INFO - DAG(s) 'read_dataset_event', 'read_dataset_event_from_classic' retrieved from /home/airflow/.local/lib/python3.12/site-packages/airflow/example_dags/example_inlet_event_extra.py
[2025-04-26T22:39:17.696+0000] {logging_mixin.py:190} INFO - [2025-04-26T22:39:17.696+0000] {dag.py:3239} INFO - Sync 2 DAGs
[2025-04-26T22:39:17.734+0000] {logging_mixin.py:190} INFO - [2025-04-26T22:39:17.733+0000] {dag.py:4180} INFO - Setting next_dagrun for read_dataset_event to 2025-04-25 00:00:00+00:00, run_after=2025-04-26 00:00:00+00:00
[2025-04-26T22:39:17.743+0000] {logging_mixin.py:190} INFO - [2025-04-26T22:39:17.743+0000] {dag.py:4180} INFO - Setting next_dagrun for read_dataset_event_from_classic to 2025-04-25 00:00:00+00:00, run_after=2025-04-26 00:00:00+00:00
[2025-04-26T22:39:17.766+0000] {processor.py:208} INFO - Processing /home/airflow/.local/lib/python3.12/site-packages/airflow/example_dags/example_inlet_event_extra.py took 0.742 seconds
[2025-04-26T22:39:48.532+0000] {processor.py:186} INFO - Started process (PID=1288) to work on /home/airflow/.local/lib/python3.12/site-packages/airflow/example_dags/example_inlet_event_extra.py
[2025-04-26T22:39:48.533+0000] {processor.py:914} INFO - Processing file /home/airflow/.local/lib/python3.12/site-packages/airflow/example_dags/example_inlet_event_extra.py for tasks to queue
[2025-04-26T22:39:48.536+0000] {logging_mixin.py:190} INFO - [2025-04-26T22:39:48.535+0000] {dagbag.py:588} INFO - Filling up the DagBag from /home/airflow/.local/lib/python3.12/site-packages/airflow/example_dags/example_inlet_event_extra.py
[2025-04-26T22:39:49.066+0000] {processor.py:925} INFO - DAG(s) 'read_dataset_event_from_classic', 'read_dataset_event' retrieved from /home/airflow/.local/lib/python3.12/site-packages/airflow/example_dags/example_inlet_event_extra.py
[2025-04-26T22:39:49.085+0000] {logging_mixin.py:190} INFO - [2025-04-26T22:39:49.084+0000] {dag.py:3239} INFO - Sync 2 DAGs
[2025-04-26T22:39:49.108+0000] {logging_mixin.py:190} INFO - [2025-04-26T22:39:49.108+0000] {dag.py:4180} INFO - Setting next_dagrun for read_dataset_event to 2025-04-25 00:00:00+00:00, run_after=2025-04-26 00:00:00+00:00
[2025-04-26T22:39:49.113+0000] {logging_mixin.py:190} INFO - [2025-04-26T22:39:49.112+0000] {dag.py:4180} INFO - Setting next_dagrun for read_dataset_event_from_classic to 2025-04-25 00:00:00+00:00, run_after=2025-04-26 00:00:00+00:00
[2025-04-26T22:39:49.126+0000] {processor.py:208} INFO - Processing /home/airflow/.local/lib/python3.12/site-packages/airflow/example_dags/example_inlet_event_extra.py took 0.601 seconds
