[2025-04-26T22:29:50.040+0000] {processor.py:186} INFO - Started process (PID=58) to work on /home/airflow/.local/lib/python3.12/site-packages/airflow/example_dags/example_dataset_alias_with_no_taskflow.py
[2025-04-26T22:29:50.047+0000] {processor.py:914} INFO - Processing file /home/airflow/.local/lib/python3.12/site-packages/airflow/example_dags/example_dataset_alias_with_no_taskflow.py for tasks to queue
[2025-04-26T22:29:50.060+0000] {logging_mixin.py:190} INFO - [2025-04-26T22:29:50.059+0000] {dagbag.py:588} INFO - Filling up the DagBag from /home/airflow/.local/lib/python3.12/site-packages/airflow/example_dags/example_dataset_alias_with_no_taskflow.py
[2025-04-26T22:29:53.899+0000] {processor.py:925} INFO - DAG(s) 'dataset_s3_bucket_consumer_with_no_taskflow', 'dataset_s3_bucket_producer_with_no_taskflow', 'dataset_alias_example_alias_producer_with_no_taskflow', 'dataset_alias_example_alias_consumer_with_no_taskflow' retrieved from /home/airflow/.local/lib/python3.12/site-packages/airflow/example_dags/example_dataset_alias_with_no_taskflow.py
[2025-04-26T22:29:53.994+0000] {logging_mixin.py:190} INFO - [2025-04-26T22:29:53.993+0000] {override.py:1912} INFO - Created Permission View: can read on DAG:dataset_s3_bucket_consumer_with_no_taskflow
[2025-04-26T22:29:54.004+0000] {logging_mixin.py:190} INFO - [2025-04-26T22:29:54.004+0000] {override.py:1912} INFO - Created Permission View: can delete on DAG:dataset_s3_bucket_consumer_with_no_taskflow
[2025-04-26T22:29:54.010+0000] {logging_mixin.py:190} INFO - [2025-04-26T22:29:54.010+0000] {override.py:1912} INFO - Created Permission View: can edit on DAG:dataset_s3_bucket_consumer_with_no_taskflow
[2025-04-26T22:29:54.017+0000] {logging_mixin.py:190} INFO - [2025-04-26T22:29:54.016+0000] {override.py:1912} INFO - Created Permission View: can read on DAG Run:dataset_s3_bucket_consumer_with_no_taskflow
[2025-04-26T22:29:54.023+0000] {logging_mixin.py:190} INFO - [2025-04-26T22:29:54.022+0000] {override.py:1912} INFO - Created Permission View: can create on DAG Run:dataset_s3_bucket_consumer_with_no_taskflow
[2025-04-26T22:29:54.029+0000] {logging_mixin.py:190} INFO - [2025-04-26T22:29:54.028+0000] {override.py:1912} INFO - Created Permission View: can delete on DAG Run:dataset_s3_bucket_consumer_with_no_taskflow
[2025-04-26T22:29:54.034+0000] {logging_mixin.py:190} INFO - [2025-04-26T22:29:54.034+0000] {override.py:1912} INFO - Created Permission View: menu access on DAG Run:dataset_s3_bucket_consumer_with_no_taskflow
[2025-04-26T22:29:54.046+0000] {logging_mixin.py:190} INFO - [2025-04-26T22:29:54.045+0000] {override.py:1912} INFO - Created Permission View: can read on DAG:dataset_s3_bucket_producer_with_no_taskflow
[2025-04-26T22:29:54.052+0000] {logging_mixin.py:190} INFO - [2025-04-26T22:29:54.051+0000] {override.py:1912} INFO - Created Permission View: can delete on DAG:dataset_s3_bucket_producer_with_no_taskflow
[2025-04-26T22:29:54.058+0000] {logging_mixin.py:190} INFO - [2025-04-26T22:29:54.057+0000] {override.py:1912} INFO - Created Permission View: can edit on DAG:dataset_s3_bucket_producer_with_no_taskflow
[2025-04-26T22:29:54.064+0000] {logging_mixin.py:190} INFO - [2025-04-26T22:29:54.064+0000] {override.py:1912} INFO - Created Permission View: can read on DAG Run:dataset_s3_bucket_producer_with_no_taskflow
[2025-04-26T22:29:54.070+0000] {logging_mixin.py:190} INFO - [2025-04-26T22:29:54.070+0000] {override.py:1912} INFO - Created Permission View: can create on DAG Run:dataset_s3_bucket_producer_with_no_taskflow
[2025-04-26T22:29:54.076+0000] {logging_mixin.py:190} INFO - [2025-04-26T22:29:54.075+0000] {override.py:1912} INFO - Created Permission View: can delete on DAG Run:dataset_s3_bucket_producer_with_no_taskflow
[2025-04-26T22:29:54.081+0000] {logging_mixin.py:190} INFO - [2025-04-26T22:29:54.081+0000] {override.py:1912} INFO - Created Permission View: menu access on DAG Run:dataset_s3_bucket_producer_with_no_taskflow
[2025-04-26T22:29:54.094+0000] {logging_mixin.py:190} INFO - [2025-04-26T22:29:54.093+0000] {override.py:1912} INFO - Created Permission View: can read on DAG:dataset_alias_example_alias_producer_with_no_taskflow
[2025-04-26T22:29:54.099+0000] {logging_mixin.py:190} INFO - [2025-04-26T22:29:54.099+0000] {override.py:1912} INFO - Created Permission View: can delete on DAG:dataset_alias_example_alias_producer_with_no_taskflow
[2025-04-26T22:29:54.105+0000] {logging_mixin.py:190} INFO - [2025-04-26T22:29:54.105+0000] {override.py:1912} INFO - Created Permission View: can edit on DAG:dataset_alias_example_alias_producer_with_no_taskflow
[2025-04-26T22:29:54.111+0000] {logging_mixin.py:190} INFO - [2025-04-26T22:29:54.111+0000] {override.py:1912} INFO - Created Permission View: can read on DAG Run:dataset_alias_example_alias_producer_with_no_taskflow
[2025-04-26T22:29:54.116+0000] {logging_mixin.py:190} INFO - [2025-04-26T22:29:54.116+0000] {override.py:1912} INFO - Created Permission View: can create on DAG Run:dataset_alias_example_alias_producer_with_no_taskflow
[2025-04-26T22:29:54.122+0000] {logging_mixin.py:190} INFO - [2025-04-26T22:29:54.122+0000] {override.py:1912} INFO - Created Permission View: can delete on DAG Run:dataset_alias_example_alias_producer_with_no_taskflow
[2025-04-26T22:29:54.128+0000] {logging_mixin.py:190} INFO - [2025-04-26T22:29:54.128+0000] {override.py:1912} INFO - Created Permission View: menu access on DAG Run:dataset_alias_example_alias_producer_with_no_taskflow
[2025-04-26T22:29:54.140+0000] {logging_mixin.py:190} INFO - [2025-04-26T22:29:54.140+0000] {override.py:1912} INFO - Created Permission View: can read on DAG:dataset_alias_example_alias_consumer_with_no_taskflow
[2025-04-26T22:29:54.146+0000] {logging_mixin.py:190} INFO - [2025-04-26T22:29:54.146+0000] {override.py:1912} INFO - Created Permission View: can delete on DAG:dataset_alias_example_alias_consumer_with_no_taskflow
[2025-04-26T22:29:54.152+0000] {logging_mixin.py:190} INFO - [2025-04-26T22:29:54.152+0000] {override.py:1912} INFO - Created Permission View: can edit on DAG:dataset_alias_example_alias_consumer_with_no_taskflow
[2025-04-26T22:29:54.159+0000] {logging_mixin.py:190} INFO - [2025-04-26T22:29:54.159+0000] {override.py:1912} INFO - Created Permission View: can read on DAG Run:dataset_alias_example_alias_consumer_with_no_taskflow
[2025-04-26T22:29:54.165+0000] {logging_mixin.py:190} INFO - [2025-04-26T22:29:54.165+0000] {override.py:1912} INFO - Created Permission View: can create on DAG Run:dataset_alias_example_alias_consumer_with_no_taskflow
[2025-04-26T22:29:54.171+0000] {logging_mixin.py:190} INFO - [2025-04-26T22:29:54.171+0000] {override.py:1912} INFO - Created Permission View: can delete on DAG Run:dataset_alias_example_alias_consumer_with_no_taskflow
[2025-04-26T22:29:54.177+0000] {logging_mixin.py:190} INFO - [2025-04-26T22:29:54.177+0000] {override.py:1912} INFO - Created Permission View: menu access on DAG Run:dataset_alias_example_alias_consumer_with_no_taskflow
[2025-04-26T22:29:54.178+0000] {logging_mixin.py:190} INFO - [2025-04-26T22:29:54.177+0000] {dag.py:3239} INFO - Sync 4 DAGs
[2025-04-26T22:29:54.192+0000] {logging_mixin.py:190} INFO - [2025-04-26T22:29:54.191+0000] {dag.py:3262} INFO - Creating ORM DAG for dataset_alias_example_alias_producer_with_no_taskflow
[2025-04-26T22:29:54.192+0000] {logging_mixin.py:190} INFO - [2025-04-26T22:29:54.192+0000] {dag.py:3262} INFO - Creating ORM DAG for dataset_alias_example_alias_consumer_with_no_taskflow
[2025-04-26T22:29:54.193+0000] {logging_mixin.py:190} INFO - [2025-04-26T22:29:54.193+0000] {dag.py:3262} INFO - Creating ORM DAG for dataset_s3_bucket_producer_with_no_taskflow
[2025-04-26T22:29:54.193+0000] {logging_mixin.py:190} INFO - [2025-04-26T22:29:54.193+0000] {dag.py:3262} INFO - Creating ORM DAG for dataset_s3_bucket_consumer_with_no_taskflow
[2025-04-26T22:29:54.203+0000] {logging_mixin.py:190} INFO - [2025-04-26T22:29:54.203+0000] {dag.py:4180} INFO - Setting next_dagrun for dataset_alias_example_alias_consumer_with_no_taskflow to None, run_after=None
[2025-04-26T22:29:54.203+0000] {logging_mixin.py:190} INFO - [2025-04-26T22:29:54.203+0000] {dag.py:4180} INFO - Setting next_dagrun for dataset_alias_example_alias_producer_with_no_taskflow to None, run_after=None
[2025-04-26T22:29:54.204+0000] {logging_mixin.py:190} INFO - [2025-04-26T22:29:54.204+0000] {dag.py:4180} INFO - Setting next_dagrun for dataset_s3_bucket_consumer_with_no_taskflow to None, run_after=None
[2025-04-26T22:29:54.204+0000] {logging_mixin.py:190} INFO - [2025-04-26T22:29:54.204+0000] {dag.py:4180} INFO - Setting next_dagrun for dataset_s3_bucket_producer_with_no_taskflow to None, run_after=None
[2025-04-26T22:29:54.232+0000] {processor.py:208} INFO - Processing /home/airflow/.local/lib/python3.12/site-packages/airflow/example_dags/example_dataset_alias_with_no_taskflow.py took 4.213 seconds
[2025-04-26T22:30:24.504+0000] {processor.py:186} INFO - Started process (PID=130) to work on /home/airflow/.local/lib/python3.12/site-packages/airflow/example_dags/example_dataset_alias_with_no_taskflow.py
[2025-04-26T22:30:24.505+0000] {processor.py:914} INFO - Processing file /home/airflow/.local/lib/python3.12/site-packages/airflow/example_dags/example_dataset_alias_with_no_taskflow.py for tasks to queue
[2025-04-26T22:30:24.507+0000] {logging_mixin.py:190} INFO - [2025-04-26T22:30:24.507+0000] {dagbag.py:588} INFO - Filling up the DagBag from /home/airflow/.local/lib/python3.12/site-packages/airflow/example_dags/example_dataset_alias_with_no_taskflow.py
[2025-04-26T22:30:25.156+0000] {processor.py:925} INFO - DAG(s) 'dataset_s3_bucket_producer_with_no_taskflow', 'dataset_alias_example_alias_consumer_with_no_taskflow', 'dataset_s3_bucket_consumer_with_no_taskflow', 'dataset_alias_example_alias_producer_with_no_taskflow' retrieved from /home/airflow/.local/lib/python3.12/site-packages/airflow/example_dags/example_dataset_alias_with_no_taskflow.py
[2025-04-26T22:30:25.175+0000] {logging_mixin.py:190} INFO - [2025-04-26T22:30:25.175+0000] {dag.py:3239} INFO - Sync 4 DAGs
[2025-04-26T22:30:25.197+0000] {logging_mixin.py:190} INFO - [2025-04-26T22:30:25.196+0000] {dag.py:4180} INFO - Setting next_dagrun for dataset_alias_example_alias_consumer_with_no_taskflow to None, run_after=None
[2025-04-26T22:30:25.199+0000] {logging_mixin.py:190} INFO - [2025-04-26T22:30:25.199+0000] {dag.py:4180} INFO - Setting next_dagrun for dataset_alias_example_alias_producer_with_no_taskflow to None, run_after=None
[2025-04-26T22:30:25.200+0000] {logging_mixin.py:190} INFO - [2025-04-26T22:30:25.200+0000] {dag.py:4180} INFO - Setting next_dagrun for dataset_s3_bucket_consumer_with_no_taskflow to None, run_after=None
[2025-04-26T22:30:25.201+0000] {logging_mixin.py:190} INFO - [2025-04-26T22:30:25.201+0000] {dag.py:4180} INFO - Setting next_dagrun for dataset_s3_bucket_producer_with_no_taskflow to None, run_after=None
[2025-04-26T22:30:25.222+0000] {processor.py:208} INFO - Processing /home/airflow/.local/lib/python3.12/site-packages/airflow/example_dags/example_dataset_alias_with_no_taskflow.py took 0.724 seconds
[2025-04-26T22:30:56.066+0000] {processor.py:186} INFO - Started process (PID=193) to work on /home/airflow/.local/lib/python3.12/site-packages/airflow/example_dags/example_dataset_alias_with_no_taskflow.py
[2025-04-26T22:30:56.068+0000] {processor.py:914} INFO - Processing file /home/airflow/.local/lib/python3.12/site-packages/airflow/example_dags/example_dataset_alias_with_no_taskflow.py for tasks to queue
[2025-04-26T22:30:56.071+0000] {logging_mixin.py:190} INFO - [2025-04-26T22:30:56.070+0000] {dagbag.py:588} INFO - Filling up the DagBag from /home/airflow/.local/lib/python3.12/site-packages/airflow/example_dags/example_dataset_alias_with_no_taskflow.py
[2025-04-26T22:30:56.756+0000] {processor.py:925} INFO - DAG(s) 'dataset_s3_bucket_producer_with_no_taskflow', 'dataset_alias_example_alias_consumer_with_no_taskflow', 'dataset_alias_example_alias_producer_with_no_taskflow', 'dataset_s3_bucket_consumer_with_no_taskflow' retrieved from /home/airflow/.local/lib/python3.12/site-packages/airflow/example_dags/example_dataset_alias_with_no_taskflow.py
[2025-04-26T22:30:56.778+0000] {logging_mixin.py:190} INFO - [2025-04-26T22:30:56.777+0000] {dag.py:3239} INFO - Sync 4 DAGs
[2025-04-26T22:30:56.802+0000] {logging_mixin.py:190} INFO - [2025-04-26T22:30:56.802+0000] {dag.py:4180} INFO - Setting next_dagrun for dataset_alias_example_alias_consumer_with_no_taskflow to None, run_after=None
[2025-04-26T22:30:56.805+0000] {logging_mixin.py:190} INFO - [2025-04-26T22:30:56.804+0000] {dag.py:4180} INFO - Setting next_dagrun for dataset_alias_example_alias_producer_with_no_taskflow to None, run_after=None
[2025-04-26T22:30:56.806+0000] {logging_mixin.py:190} INFO - [2025-04-26T22:30:56.806+0000] {dag.py:4180} INFO - Setting next_dagrun for dataset_s3_bucket_consumer_with_no_taskflow to None, run_after=None
[2025-04-26T22:30:56.807+0000] {logging_mixin.py:190} INFO - [2025-04-26T22:30:56.807+0000] {dag.py:4180} INFO - Setting next_dagrun for dataset_s3_bucket_producer_with_no_taskflow to None, run_after=None
[2025-04-26T22:30:56.827+0000] {processor.py:208} INFO - Processing /home/airflow/.local/lib/python3.12/site-packages/airflow/example_dags/example_dataset_alias_with_no_taskflow.py took 0.769 seconds
[2025-04-26T22:31:27.661+0000] {processor.py:186} INFO - Started process (PID=256) to work on /home/airflow/.local/lib/python3.12/site-packages/airflow/example_dags/example_dataset_alias_with_no_taskflow.py
[2025-04-26T22:31:27.662+0000] {processor.py:914} INFO - Processing file /home/airflow/.local/lib/python3.12/site-packages/airflow/example_dags/example_dataset_alias_with_no_taskflow.py for tasks to queue
[2025-04-26T22:31:27.664+0000] {logging_mixin.py:190} INFO - [2025-04-26T22:31:27.663+0000] {dagbag.py:588} INFO - Filling up the DagBag from /home/airflow/.local/lib/python3.12/site-packages/airflow/example_dags/example_dataset_alias_with_no_taskflow.py
[2025-04-26T22:31:28.298+0000] {processor.py:925} INFO - DAG(s) 'dataset_alias_example_alias_producer_with_no_taskflow', 'dataset_s3_bucket_producer_with_no_taskflow', 'dataset_s3_bucket_consumer_with_no_taskflow', 'dataset_alias_example_alias_consumer_with_no_taskflow' retrieved from /home/airflow/.local/lib/python3.12/site-packages/airflow/example_dags/example_dataset_alias_with_no_taskflow.py
[2025-04-26T22:31:28.317+0000] {logging_mixin.py:190} INFO - [2025-04-26T22:31:28.316+0000] {dag.py:3239} INFO - Sync 4 DAGs
[2025-04-26T22:31:28.338+0000] {logging_mixin.py:190} INFO - [2025-04-26T22:31:28.337+0000] {dag.py:4180} INFO - Setting next_dagrun for dataset_alias_example_alias_consumer_with_no_taskflow to None, run_after=None
[2025-04-26T22:31:28.340+0000] {logging_mixin.py:190} INFO - [2025-04-26T22:31:28.340+0000] {dag.py:4180} INFO - Setting next_dagrun for dataset_alias_example_alias_producer_with_no_taskflow to None, run_after=None
[2025-04-26T22:31:28.341+0000] {logging_mixin.py:190} INFO - [2025-04-26T22:31:28.341+0000] {dag.py:4180} INFO - Setting next_dagrun for dataset_s3_bucket_consumer_with_no_taskflow to None, run_after=None
[2025-04-26T22:31:28.342+0000] {logging_mixin.py:190} INFO - [2025-04-26T22:31:28.342+0000] {dag.py:4180} INFO - Setting next_dagrun for dataset_s3_bucket_producer_with_no_taskflow to None, run_after=None
[2025-04-26T22:31:28.360+0000] {processor.py:208} INFO - Processing /home/airflow/.local/lib/python3.12/site-packages/airflow/example_dags/example_dataset_alias_with_no_taskflow.py took 0.706 seconds
[2025-04-26T22:31:59.011+0000] {processor.py:186} INFO - Started process (PID=319) to work on /home/airflow/.local/lib/python3.12/site-packages/airflow/example_dags/example_dataset_alias_with_no_taskflow.py
[2025-04-26T22:31:59.013+0000] {processor.py:914} INFO - Processing file /home/airflow/.local/lib/python3.12/site-packages/airflow/example_dags/example_dataset_alias_with_no_taskflow.py for tasks to queue
[2025-04-26T22:31:59.015+0000] {logging_mixin.py:190} INFO - [2025-04-26T22:31:59.015+0000] {dagbag.py:588} INFO - Filling up the DagBag from /home/airflow/.local/lib/python3.12/site-packages/airflow/example_dags/example_dataset_alias_with_no_taskflow.py
[2025-04-26T22:31:59.658+0000] {processor.py:925} INFO - DAG(s) 'dataset_s3_bucket_consumer_with_no_taskflow', 'dataset_s3_bucket_producer_with_no_taskflow', 'dataset_alias_example_alias_consumer_with_no_taskflow', 'dataset_alias_example_alias_producer_with_no_taskflow' retrieved from /home/airflow/.local/lib/python3.12/site-packages/airflow/example_dags/example_dataset_alias_with_no_taskflow.py
[2025-04-26T22:31:59.678+0000] {logging_mixin.py:190} INFO - [2025-04-26T22:31:59.678+0000] {dag.py:3239} INFO - Sync 4 DAGs
[2025-04-26T22:31:59.700+0000] {logging_mixin.py:190} INFO - [2025-04-26T22:31:59.699+0000] {dag.py:4180} INFO - Setting next_dagrun for dataset_alias_example_alias_consumer_with_no_taskflow to None, run_after=None
[2025-04-26T22:31:59.702+0000] {logging_mixin.py:190} INFO - [2025-04-26T22:31:59.702+0000] {dag.py:4180} INFO - Setting next_dagrun for dataset_alias_example_alias_producer_with_no_taskflow to None, run_after=None
[2025-04-26T22:31:59.703+0000] {logging_mixin.py:190} INFO - [2025-04-26T22:31:59.703+0000] {dag.py:4180} INFO - Setting next_dagrun for dataset_s3_bucket_consumer_with_no_taskflow to None, run_after=None
[2025-04-26T22:31:59.704+0000] {logging_mixin.py:190} INFO - [2025-04-26T22:31:59.704+0000] {dag.py:4180} INFO - Setting next_dagrun for dataset_s3_bucket_producer_with_no_taskflow to None, run_after=None
[2025-04-26T22:31:59.723+0000] {processor.py:208} INFO - Processing /home/airflow/.local/lib/python3.12/site-packages/airflow/example_dags/example_dataset_alias_with_no_taskflow.py took 0.718 seconds
[2025-04-26T22:32:30.373+0000] {processor.py:186} INFO - Started process (PID=382) to work on /home/airflow/.local/lib/python3.12/site-packages/airflow/example_dags/example_dataset_alias_with_no_taskflow.py
[2025-04-26T22:32:30.374+0000] {processor.py:914} INFO - Processing file /home/airflow/.local/lib/python3.12/site-packages/airflow/example_dags/example_dataset_alias_with_no_taskflow.py for tasks to queue
[2025-04-26T22:32:30.376+0000] {logging_mixin.py:190} INFO - [2025-04-26T22:32:30.376+0000] {dagbag.py:588} INFO - Filling up the DagBag from /home/airflow/.local/lib/python3.12/site-packages/airflow/example_dags/example_dataset_alias_with_no_taskflow.py
[2025-04-26T22:32:31.022+0000] {processor.py:925} INFO - DAG(s) 'dataset_s3_bucket_producer_with_no_taskflow', 'dataset_s3_bucket_consumer_with_no_taskflow', 'dataset_alias_example_alias_producer_with_no_taskflow', 'dataset_alias_example_alias_consumer_with_no_taskflow' retrieved from /home/airflow/.local/lib/python3.12/site-packages/airflow/example_dags/example_dataset_alias_with_no_taskflow.py
[2025-04-26T22:32:31.042+0000] {logging_mixin.py:190} INFO - [2025-04-26T22:32:31.041+0000] {dag.py:3239} INFO - Sync 4 DAGs
[2025-04-26T22:32:31.066+0000] {logging_mixin.py:190} INFO - [2025-04-26T22:32:31.066+0000] {dag.py:4180} INFO - Setting next_dagrun for dataset_alias_example_alias_consumer_with_no_taskflow to None, run_after=None
[2025-04-26T22:32:31.069+0000] {logging_mixin.py:190} INFO - [2025-04-26T22:32:31.069+0000] {dag.py:4180} INFO - Setting next_dagrun for dataset_alias_example_alias_producer_with_no_taskflow to None, run_after=None
[2025-04-26T22:32:31.071+0000] {logging_mixin.py:190} INFO - [2025-04-26T22:32:31.070+0000] {dag.py:4180} INFO - Setting next_dagrun for dataset_s3_bucket_consumer_with_no_taskflow to None, run_after=None
[2025-04-26T22:32:31.072+0000] {logging_mixin.py:190} INFO - [2025-04-26T22:32:31.071+0000] {dag.py:4180} INFO - Setting next_dagrun for dataset_s3_bucket_producer_with_no_taskflow to None, run_after=None
[2025-04-26T22:32:31.091+0000] {processor.py:208} INFO - Processing /home/airflow/.local/lib/python3.12/site-packages/airflow/example_dags/example_dataset_alias_with_no_taskflow.py took 0.724 seconds
[2025-04-26T22:33:01.511+0000] {processor.py:186} INFO - Started process (PID=445) to work on /home/airflow/.local/lib/python3.12/site-packages/airflow/example_dags/example_dataset_alias_with_no_taskflow.py
[2025-04-26T22:33:01.512+0000] {processor.py:914} INFO - Processing file /home/airflow/.local/lib/python3.12/site-packages/airflow/example_dags/example_dataset_alias_with_no_taskflow.py for tasks to queue
[2025-04-26T22:33:01.515+0000] {logging_mixin.py:190} INFO - [2025-04-26T22:33:01.514+0000] {dagbag.py:588} INFO - Filling up the DagBag from /home/airflow/.local/lib/python3.12/site-packages/airflow/example_dags/example_dataset_alias_with_no_taskflow.py
[2025-04-26T22:33:02.152+0000] {processor.py:925} INFO - DAG(s) 'dataset_alias_example_alias_consumer_with_no_taskflow', 'dataset_s3_bucket_consumer_with_no_taskflow', 'dataset_s3_bucket_producer_with_no_taskflow', 'dataset_alias_example_alias_producer_with_no_taskflow' retrieved from /home/airflow/.local/lib/python3.12/site-packages/airflow/example_dags/example_dataset_alias_with_no_taskflow.py
[2025-04-26T22:33:02.171+0000] {logging_mixin.py:190} INFO - [2025-04-26T22:33:02.170+0000] {dag.py:3239} INFO - Sync 4 DAGs
[2025-04-26T22:33:02.191+0000] {logging_mixin.py:190} INFO - [2025-04-26T22:33:02.191+0000] {dag.py:4180} INFO - Setting next_dagrun for dataset_alias_example_alias_consumer_with_no_taskflow to None, run_after=None
[2025-04-26T22:33:02.193+0000] {logging_mixin.py:190} INFO - [2025-04-26T22:33:02.193+0000] {dag.py:4180} INFO - Setting next_dagrun for dataset_alias_example_alias_producer_with_no_taskflow to None, run_after=None
[2025-04-26T22:33:02.196+0000] {logging_mixin.py:190} INFO - [2025-04-26T22:33:02.196+0000] {dag.py:4180} INFO - Setting next_dagrun for dataset_s3_bucket_consumer_with_no_taskflow to None, run_after=None
[2025-04-26T22:33:02.197+0000] {logging_mixin.py:190} INFO - [2025-04-26T22:33:02.197+0000] {dag.py:4180} INFO - Setting next_dagrun for dataset_s3_bucket_producer_with_no_taskflow to None, run_after=None
[2025-04-26T22:33:02.215+0000] {processor.py:208} INFO - Processing /home/airflow/.local/lib/python3.12/site-packages/airflow/example_dags/example_dataset_alias_with_no_taskflow.py took 0.711 seconds
[2025-04-26T22:33:32.714+0000] {processor.py:186} INFO - Started process (PID=508) to work on /home/airflow/.local/lib/python3.12/site-packages/airflow/example_dags/example_dataset_alias_with_no_taskflow.py
[2025-04-26T22:33:32.715+0000] {processor.py:914} INFO - Processing file /home/airflow/.local/lib/python3.12/site-packages/airflow/example_dags/example_dataset_alias_with_no_taskflow.py for tasks to queue
[2025-04-26T22:33:32.718+0000] {logging_mixin.py:190} INFO - [2025-04-26T22:33:32.717+0000] {dagbag.py:588} INFO - Filling up the DagBag from /home/airflow/.local/lib/python3.12/site-packages/airflow/example_dags/example_dataset_alias_with_no_taskflow.py
[2025-04-26T22:33:33.365+0000] {processor.py:925} INFO - DAG(s) 'dataset_s3_bucket_producer_with_no_taskflow', 'dataset_alias_example_alias_consumer_with_no_taskflow', 'dataset_alias_example_alias_producer_with_no_taskflow', 'dataset_s3_bucket_consumer_with_no_taskflow' retrieved from /home/airflow/.local/lib/python3.12/site-packages/airflow/example_dags/example_dataset_alias_with_no_taskflow.py
[2025-04-26T22:33:33.385+0000] {logging_mixin.py:190} INFO - [2025-04-26T22:33:33.384+0000] {dag.py:3239} INFO - Sync 4 DAGs
[2025-04-26T22:33:33.406+0000] {logging_mixin.py:190} INFO - [2025-04-26T22:33:33.406+0000] {dag.py:4180} INFO - Setting next_dagrun for dataset_alias_example_alias_consumer_with_no_taskflow to None, run_after=None
[2025-04-26T22:33:33.409+0000] {logging_mixin.py:190} INFO - [2025-04-26T22:33:33.408+0000] {dag.py:4180} INFO - Setting next_dagrun for dataset_alias_example_alias_producer_with_no_taskflow to None, run_after=None
[2025-04-26T22:33:33.410+0000] {logging_mixin.py:190} INFO - [2025-04-26T22:33:33.410+0000] {dag.py:4180} INFO - Setting next_dagrun for dataset_s3_bucket_consumer_with_no_taskflow to None, run_after=None
[2025-04-26T22:33:33.411+0000] {logging_mixin.py:190} INFO - [2025-04-26T22:33:33.411+0000] {dag.py:4180} INFO - Setting next_dagrun for dataset_s3_bucket_producer_with_no_taskflow to None, run_after=None
[2025-04-26T22:33:33.431+0000] {processor.py:208} INFO - Processing /home/airflow/.local/lib/python3.12/site-packages/airflow/example_dags/example_dataset_alias_with_no_taskflow.py took 0.724 seconds
[2025-04-26T22:34:03.956+0000] {processor.py:186} INFO - Started process (PID=571) to work on /home/airflow/.local/lib/python3.12/site-packages/airflow/example_dags/example_dataset_alias_with_no_taskflow.py
[2025-04-26T22:34:03.957+0000] {processor.py:914} INFO - Processing file /home/airflow/.local/lib/python3.12/site-packages/airflow/example_dags/example_dataset_alias_with_no_taskflow.py for tasks to queue
[2025-04-26T22:34:03.959+0000] {logging_mixin.py:190} INFO - [2025-04-26T22:34:03.959+0000] {dagbag.py:588} INFO - Filling up the DagBag from /home/airflow/.local/lib/python3.12/site-packages/airflow/example_dags/example_dataset_alias_with_no_taskflow.py
[2025-04-26T22:34:04.603+0000] {processor.py:925} INFO - DAG(s) 'dataset_s3_bucket_consumer_with_no_taskflow', 'dataset_alias_example_alias_consumer_with_no_taskflow', 'dataset_alias_example_alias_producer_with_no_taskflow', 'dataset_s3_bucket_producer_with_no_taskflow' retrieved from /home/airflow/.local/lib/python3.12/site-packages/airflow/example_dags/example_dataset_alias_with_no_taskflow.py
[2025-04-26T22:34:04.623+0000] {logging_mixin.py:190} INFO - [2025-04-26T22:34:04.623+0000] {dag.py:3239} INFO - Sync 4 DAGs
[2025-04-26T22:34:04.644+0000] {logging_mixin.py:190} INFO - [2025-04-26T22:34:04.644+0000] {dag.py:4180} INFO - Setting next_dagrun for dataset_alias_example_alias_consumer_with_no_taskflow to None, run_after=None
[2025-04-26T22:34:04.647+0000] {logging_mixin.py:190} INFO - [2025-04-26T22:34:04.646+0000] {dag.py:4180} INFO - Setting next_dagrun for dataset_alias_example_alias_producer_with_no_taskflow to None, run_after=None
[2025-04-26T22:34:04.648+0000] {logging_mixin.py:190} INFO - [2025-04-26T22:34:04.648+0000] {dag.py:4180} INFO - Setting next_dagrun for dataset_s3_bucket_consumer_with_no_taskflow to None, run_after=None
[2025-04-26T22:34:04.649+0000] {logging_mixin.py:190} INFO - [2025-04-26T22:34:04.649+0000] {dag.py:4180} INFO - Setting next_dagrun for dataset_s3_bucket_producer_with_no_taskflow to None, run_after=None
[2025-04-26T22:34:04.667+0000] {processor.py:208} INFO - Processing /home/airflow/.local/lib/python3.12/site-packages/airflow/example_dags/example_dataset_alias_with_no_taskflow.py took 0.718 seconds
[2025-04-26T22:34:35.532+0000] {processor.py:186} INFO - Started process (PID=634) to work on /home/airflow/.local/lib/python3.12/site-packages/airflow/example_dags/example_dataset_alias_with_no_taskflow.py
[2025-04-26T22:34:35.533+0000] {processor.py:914} INFO - Processing file /home/airflow/.local/lib/python3.12/site-packages/airflow/example_dags/example_dataset_alias_with_no_taskflow.py for tasks to queue
[2025-04-26T22:34:35.535+0000] {logging_mixin.py:190} INFO - [2025-04-26T22:34:35.535+0000] {dagbag.py:588} INFO - Filling up the DagBag from /home/airflow/.local/lib/python3.12/site-packages/airflow/example_dags/example_dataset_alias_with_no_taskflow.py
[2025-04-26T22:34:36.173+0000] {processor.py:925} INFO - DAG(s) 'dataset_s3_bucket_producer_with_no_taskflow', 'dataset_alias_example_alias_consumer_with_no_taskflow', 'dataset_s3_bucket_consumer_with_no_taskflow', 'dataset_alias_example_alias_producer_with_no_taskflow' retrieved from /home/airflow/.local/lib/python3.12/site-packages/airflow/example_dags/example_dataset_alias_with_no_taskflow.py
[2025-04-26T22:34:36.194+0000] {logging_mixin.py:190} INFO - [2025-04-26T22:34:36.193+0000] {dag.py:3239} INFO - Sync 4 DAGs
[2025-04-26T22:34:36.219+0000] {logging_mixin.py:190} INFO - [2025-04-26T22:34:36.218+0000] {dag.py:4180} INFO - Setting next_dagrun for dataset_alias_example_alias_consumer_with_no_taskflow to None, run_after=None
[2025-04-26T22:34:36.221+0000] {logging_mixin.py:190} INFO - [2025-04-26T22:34:36.221+0000] {dag.py:4180} INFO - Setting next_dagrun for dataset_alias_example_alias_producer_with_no_taskflow to None, run_after=None
[2025-04-26T22:34:36.222+0000] {logging_mixin.py:190} INFO - [2025-04-26T22:34:36.222+0000] {dag.py:4180} INFO - Setting next_dagrun for dataset_s3_bucket_consumer_with_no_taskflow to None, run_after=None
[2025-04-26T22:34:36.223+0000] {logging_mixin.py:190} INFO - [2025-04-26T22:34:36.223+0000] {dag.py:4180} INFO - Setting next_dagrun for dataset_s3_bucket_producer_with_no_taskflow to None, run_after=None
[2025-04-26T22:34:36.242+0000] {processor.py:208} INFO - Processing /home/airflow/.local/lib/python3.12/site-packages/airflow/example_dags/example_dataset_alias_with_no_taskflow.py took 0.716 seconds
[2025-04-26T22:35:06.747+0000] {processor.py:186} INFO - Started process (PID=698) to work on /home/airflow/.local/lib/python3.12/site-packages/airflow/example_dags/example_dataset_alias_with_no_taskflow.py
[2025-04-26T22:35:06.749+0000] {processor.py:914} INFO - Processing file /home/airflow/.local/lib/python3.12/site-packages/airflow/example_dags/example_dataset_alias_with_no_taskflow.py for tasks to queue
[2025-04-26T22:35:06.751+0000] {logging_mixin.py:190} INFO - [2025-04-26T22:35:06.751+0000] {dagbag.py:588} INFO - Filling up the DagBag from /home/airflow/.local/lib/python3.12/site-packages/airflow/example_dags/example_dataset_alias_with_no_taskflow.py
[2025-04-26T22:35:07.294+0000] {processor.py:925} INFO - DAG(s) 'dataset_alias_example_alias_producer_with_no_taskflow', 'dataset_s3_bucket_producer_with_no_taskflow', 'dataset_alias_example_alias_consumer_with_no_taskflow', 'dataset_s3_bucket_consumer_with_no_taskflow' retrieved from /home/airflow/.local/lib/python3.12/site-packages/airflow/example_dags/example_dataset_alias_with_no_taskflow.py
[2025-04-26T22:35:07.322+0000] {logging_mixin.py:190} INFO - [2025-04-26T22:35:07.321+0000] {dag.py:3239} INFO - Sync 4 DAGs
[2025-04-26T22:35:07.349+0000] {logging_mixin.py:190} INFO - [2025-04-26T22:35:07.348+0000] {dag.py:4180} INFO - Setting next_dagrun for dataset_alias_example_alias_consumer_with_no_taskflow to None, run_after=None
[2025-04-26T22:35:07.351+0000] {logging_mixin.py:190} INFO - [2025-04-26T22:35:07.351+0000] {dag.py:4180} INFO - Setting next_dagrun for dataset_alias_example_alias_producer_with_no_taskflow to None, run_after=None
[2025-04-26T22:35:07.352+0000] {logging_mixin.py:190} INFO - [2025-04-26T22:35:07.352+0000] {dag.py:4180} INFO - Setting next_dagrun for dataset_s3_bucket_consumer_with_no_taskflow to None, run_after=None
[2025-04-26T22:35:07.354+0000] {logging_mixin.py:190} INFO - [2025-04-26T22:35:07.353+0000] {dag.py:4180} INFO - Setting next_dagrun for dataset_s3_bucket_producer_with_no_taskflow to None, run_after=None
[2025-04-26T22:35:07.373+0000] {processor.py:208} INFO - Processing /home/airflow/.local/lib/python3.12/site-packages/airflow/example_dags/example_dataset_alias_with_no_taskflow.py took 0.632 seconds
[2025-04-26T22:35:37.965+0000] {processor.py:186} INFO - Started process (PID=762) to work on /home/airflow/.local/lib/python3.12/site-packages/airflow/example_dags/example_dataset_alias_with_no_taskflow.py
[2025-04-26T22:35:37.967+0000] {processor.py:914} INFO - Processing file /home/airflow/.local/lib/python3.12/site-packages/airflow/example_dags/example_dataset_alias_with_no_taskflow.py for tasks to queue
[2025-04-26T22:35:37.969+0000] {logging_mixin.py:190} INFO - [2025-04-26T22:35:37.969+0000] {dagbag.py:588} INFO - Filling up the DagBag from /home/airflow/.local/lib/python3.12/site-packages/airflow/example_dags/example_dataset_alias_with_no_taskflow.py
[2025-04-26T22:35:38.508+0000] {processor.py:925} INFO - DAG(s) 'dataset_alias_example_alias_consumer_with_no_taskflow', 'dataset_alias_example_alias_producer_with_no_taskflow', 'dataset_s3_bucket_producer_with_no_taskflow', 'dataset_s3_bucket_consumer_with_no_taskflow' retrieved from /home/airflow/.local/lib/python3.12/site-packages/airflow/example_dags/example_dataset_alias_with_no_taskflow.py
[2025-04-26T22:35:38.528+0000] {logging_mixin.py:190} INFO - [2025-04-26T22:35:38.527+0000] {dag.py:3239} INFO - Sync 4 DAGs
[2025-04-26T22:35:38.551+0000] {logging_mixin.py:190} INFO - [2025-04-26T22:35:38.550+0000] {dag.py:4180} INFO - Setting next_dagrun for dataset_alias_example_alias_consumer_with_no_taskflow to None, run_after=None
[2025-04-26T22:35:38.553+0000] {logging_mixin.py:190} INFO - [2025-04-26T22:35:38.553+0000] {dag.py:4180} INFO - Setting next_dagrun for dataset_alias_example_alias_producer_with_no_taskflow to None, run_after=None
[2025-04-26T22:35:38.554+0000] {logging_mixin.py:190} INFO - [2025-04-26T22:35:38.554+0000] {dag.py:4180} INFO - Setting next_dagrun for dataset_s3_bucket_consumer_with_no_taskflow to None, run_after=None
[2025-04-26T22:35:38.555+0000] {logging_mixin.py:190} INFO - [2025-04-26T22:35:38.555+0000] {dag.py:4180} INFO - Setting next_dagrun for dataset_s3_bucket_producer_with_no_taskflow to None, run_after=None
[2025-04-26T22:35:38.574+0000] {processor.py:208} INFO - Processing /home/airflow/.local/lib/python3.12/site-packages/airflow/example_dags/example_dataset_alias_with_no_taskflow.py took 0.615 seconds
[2025-04-26T22:36:08.840+0000] {processor.py:186} INFO - Started process (PID=826) to work on /home/airflow/.local/lib/python3.12/site-packages/airflow/example_dags/example_dataset_alias_with_no_taskflow.py
[2025-04-26T22:36:08.841+0000] {processor.py:914} INFO - Processing file /home/airflow/.local/lib/python3.12/site-packages/airflow/example_dags/example_dataset_alias_with_no_taskflow.py for tasks to queue
[2025-04-26T22:36:08.843+0000] {logging_mixin.py:190} INFO - [2025-04-26T22:36:08.843+0000] {dagbag.py:588} INFO - Filling up the DagBag from /home/airflow/.local/lib/python3.12/site-packages/airflow/example_dags/example_dataset_alias_with_no_taskflow.py
[2025-04-26T22:36:09.394+0000] {processor.py:925} INFO - DAG(s) 'dataset_s3_bucket_consumer_with_no_taskflow', 'dataset_alias_example_alias_consumer_with_no_taskflow', 'dataset_alias_example_alias_producer_with_no_taskflow', 'dataset_s3_bucket_producer_with_no_taskflow' retrieved from /home/airflow/.local/lib/python3.12/site-packages/airflow/example_dags/example_dataset_alias_with_no_taskflow.py
[2025-04-26T22:36:09.413+0000] {logging_mixin.py:190} INFO - [2025-04-26T22:36:09.412+0000] {dag.py:3239} INFO - Sync 4 DAGs
[2025-04-26T22:36:09.435+0000] {logging_mixin.py:190} INFO - [2025-04-26T22:36:09.434+0000] {dag.py:4180} INFO - Setting next_dagrun for dataset_alias_example_alias_consumer_with_no_taskflow to None, run_after=None
[2025-04-26T22:36:09.437+0000] {logging_mixin.py:190} INFO - [2025-04-26T22:36:09.437+0000] {dag.py:4180} INFO - Setting next_dagrun for dataset_alias_example_alias_producer_with_no_taskflow to None, run_after=None
[2025-04-26T22:36:09.438+0000] {logging_mixin.py:190} INFO - [2025-04-26T22:36:09.438+0000] {dag.py:4180} INFO - Setting next_dagrun for dataset_s3_bucket_consumer_with_no_taskflow to None, run_after=None
[2025-04-26T22:36:09.439+0000] {logging_mixin.py:190} INFO - [2025-04-26T22:36:09.439+0000] {dag.py:4180} INFO - Setting next_dagrun for dataset_s3_bucket_producer_with_no_taskflow to None, run_after=None
[2025-04-26T22:36:09.460+0000] {processor.py:208} INFO - Processing /home/airflow/.local/lib/python3.12/site-packages/airflow/example_dags/example_dataset_alias_with_no_taskflow.py took 0.627 seconds
[2025-04-26T22:36:40.011+0000] {processor.py:186} INFO - Started process (PID=890) to work on /home/airflow/.local/lib/python3.12/site-packages/airflow/example_dags/example_dataset_alias_with_no_taskflow.py
[2025-04-26T22:36:40.013+0000] {processor.py:914} INFO - Processing file /home/airflow/.local/lib/python3.12/site-packages/airflow/example_dags/example_dataset_alias_with_no_taskflow.py for tasks to queue
[2025-04-26T22:36:40.015+0000] {logging_mixin.py:190} INFO - [2025-04-26T22:36:40.015+0000] {dagbag.py:588} INFO - Filling up the DagBag from /home/airflow/.local/lib/python3.12/site-packages/airflow/example_dags/example_dataset_alias_with_no_taskflow.py
[2025-04-26T22:36:40.561+0000] {processor.py:925} INFO - DAG(s) 'dataset_s3_bucket_producer_with_no_taskflow', 'dataset_alias_example_alias_producer_with_no_taskflow', 'dataset_s3_bucket_consumer_with_no_taskflow', 'dataset_alias_example_alias_consumer_with_no_taskflow' retrieved from /home/airflow/.local/lib/python3.12/site-packages/airflow/example_dags/example_dataset_alias_with_no_taskflow.py
[2025-04-26T22:36:40.580+0000] {logging_mixin.py:190} INFO - [2025-04-26T22:36:40.579+0000] {dag.py:3239} INFO - Sync 4 DAGs
[2025-04-26T22:36:40.601+0000] {logging_mixin.py:190} INFO - [2025-04-26T22:36:40.601+0000] {dag.py:4180} INFO - Setting next_dagrun for dataset_alias_example_alias_consumer_with_no_taskflow to None, run_after=None
[2025-04-26T22:36:40.603+0000] {logging_mixin.py:190} INFO - [2025-04-26T22:36:40.603+0000] {dag.py:4180} INFO - Setting next_dagrun for dataset_alias_example_alias_producer_with_no_taskflow to None, run_after=None
[2025-04-26T22:36:40.604+0000] {logging_mixin.py:190} INFO - [2025-04-26T22:36:40.604+0000] {dag.py:4180} INFO - Setting next_dagrun for dataset_s3_bucket_consumer_with_no_taskflow to None, run_after=None
[2025-04-26T22:36:40.606+0000] {logging_mixin.py:190} INFO - [2025-04-26T22:36:40.605+0000] {dag.py:4180} INFO - Setting next_dagrun for dataset_s3_bucket_producer_with_no_taskflow to None, run_after=None
[2025-04-26T22:36:40.624+0000] {processor.py:208} INFO - Processing /home/airflow/.local/lib/python3.12/site-packages/airflow/example_dags/example_dataset_alias_with_no_taskflow.py took 0.620 seconds
[2025-04-26T22:37:10.693+0000] {processor.py:186} INFO - Started process (PID=954) to work on /home/airflow/.local/lib/python3.12/site-packages/airflow/example_dags/example_dataset_alias_with_no_taskflow.py
[2025-04-26T22:37:10.695+0000] {processor.py:914} INFO - Processing file /home/airflow/.local/lib/python3.12/site-packages/airflow/example_dags/example_dataset_alias_with_no_taskflow.py for tasks to queue
[2025-04-26T22:37:10.697+0000] {logging_mixin.py:190} INFO - [2025-04-26T22:37:10.697+0000] {dagbag.py:588} INFO - Filling up the DagBag from /home/airflow/.local/lib/python3.12/site-packages/airflow/example_dags/example_dataset_alias_with_no_taskflow.py
[2025-04-26T22:37:11.240+0000] {processor.py:925} INFO - DAG(s) 'dataset_alias_example_alias_consumer_with_no_taskflow', 'dataset_alias_example_alias_producer_with_no_taskflow', 'dataset_s3_bucket_producer_with_no_taskflow', 'dataset_s3_bucket_consumer_with_no_taskflow' retrieved from /home/airflow/.local/lib/python3.12/site-packages/airflow/example_dags/example_dataset_alias_with_no_taskflow.py
[2025-04-26T22:37:11.261+0000] {logging_mixin.py:190} INFO - [2025-04-26T22:37:11.260+0000] {dag.py:3239} INFO - Sync 4 DAGs
[2025-04-26T22:37:11.283+0000] {logging_mixin.py:190} INFO - [2025-04-26T22:37:11.282+0000] {dag.py:4180} INFO - Setting next_dagrun for dataset_alias_example_alias_consumer_with_no_taskflow to None, run_after=None
[2025-04-26T22:37:11.285+0000] {logging_mixin.py:190} INFO - [2025-04-26T22:37:11.285+0000] {dag.py:4180} INFO - Setting next_dagrun for dataset_alias_example_alias_producer_with_no_taskflow to None, run_after=None
[2025-04-26T22:37:11.286+0000] {logging_mixin.py:190} INFO - [2025-04-26T22:37:11.286+0000] {dag.py:4180} INFO - Setting next_dagrun for dataset_s3_bucket_consumer_with_no_taskflow to None, run_after=None
[2025-04-26T22:37:11.287+0000] {logging_mixin.py:190} INFO - [2025-04-26T22:37:11.287+0000] {dag.py:4180} INFO - Setting next_dagrun for dataset_s3_bucket_producer_with_no_taskflow to None, run_after=None
[2025-04-26T22:37:11.305+0000] {processor.py:208} INFO - Processing /home/airflow/.local/lib/python3.12/site-packages/airflow/example_dags/example_dataset_alias_with_no_taskflow.py took 0.618 seconds
[2025-04-26T22:37:41.887+0000] {processor.py:186} INFO - Started process (PID=1018) to work on /home/airflow/.local/lib/python3.12/site-packages/airflow/example_dags/example_dataset_alias_with_no_taskflow.py
[2025-04-26T22:37:41.888+0000] {processor.py:914} INFO - Processing file /home/airflow/.local/lib/python3.12/site-packages/airflow/example_dags/example_dataset_alias_with_no_taskflow.py for tasks to queue
[2025-04-26T22:37:41.890+0000] {logging_mixin.py:190} INFO - [2025-04-26T22:37:41.890+0000] {dagbag.py:588} INFO - Filling up the DagBag from /home/airflow/.local/lib/python3.12/site-packages/airflow/example_dags/example_dataset_alias_with_no_taskflow.py
[2025-04-26T22:37:42.435+0000] {processor.py:925} INFO - DAG(s) 'dataset_alias_example_alias_consumer_with_no_taskflow', 'dataset_s3_bucket_producer_with_no_taskflow', 'dataset_s3_bucket_consumer_with_no_taskflow', 'dataset_alias_example_alias_producer_with_no_taskflow' retrieved from /home/airflow/.local/lib/python3.12/site-packages/airflow/example_dags/example_dataset_alias_with_no_taskflow.py
[2025-04-26T22:37:42.453+0000] {logging_mixin.py:190} INFO - [2025-04-26T22:37:42.453+0000] {dag.py:3239} INFO - Sync 4 DAGs
[2025-04-26T22:37:42.476+0000] {logging_mixin.py:190} INFO - [2025-04-26T22:37:42.476+0000] {dag.py:4180} INFO - Setting next_dagrun for dataset_alias_example_alias_consumer_with_no_taskflow to None, run_after=None
[2025-04-26T22:37:42.478+0000] {logging_mixin.py:190} INFO - [2025-04-26T22:37:42.478+0000] {dag.py:4180} INFO - Setting next_dagrun for dataset_alias_example_alias_producer_with_no_taskflow to None, run_after=None
[2025-04-26T22:37:42.480+0000] {logging_mixin.py:190} INFO - [2025-04-26T22:37:42.479+0000] {dag.py:4180} INFO - Setting next_dagrun for dataset_s3_bucket_consumer_with_no_taskflow to None, run_after=None
[2025-04-26T22:37:42.481+0000] {logging_mixin.py:190} INFO - [2025-04-26T22:37:42.481+0000] {dag.py:4180} INFO - Setting next_dagrun for dataset_s3_bucket_producer_with_no_taskflow to None, run_after=None
[2025-04-26T22:37:42.499+0000] {processor.py:208} INFO - Processing /home/airflow/.local/lib/python3.12/site-packages/airflow/example_dags/example_dataset_alias_with_no_taskflow.py took 0.619 seconds
[2025-04-26T22:38:13.079+0000] {processor.py:186} INFO - Started process (PID=1082) to work on /home/airflow/.local/lib/python3.12/site-packages/airflow/example_dags/example_dataset_alias_with_no_taskflow.py
[2025-04-26T22:38:13.080+0000] {processor.py:914} INFO - Processing file /home/airflow/.local/lib/python3.12/site-packages/airflow/example_dags/example_dataset_alias_with_no_taskflow.py for tasks to queue
[2025-04-26T22:38:13.082+0000] {logging_mixin.py:190} INFO - [2025-04-26T22:38:13.082+0000] {dagbag.py:588} INFO - Filling up the DagBag from /home/airflow/.local/lib/python3.12/site-packages/airflow/example_dags/example_dataset_alias_with_no_taskflow.py
[2025-04-26T22:38:13.651+0000] {processor.py:925} INFO - DAG(s) 'dataset_s3_bucket_consumer_with_no_taskflow', 'dataset_alias_example_alias_consumer_with_no_taskflow', 'dataset_s3_bucket_producer_with_no_taskflow', 'dataset_alias_example_alias_producer_with_no_taskflow' retrieved from /home/airflow/.local/lib/python3.12/site-packages/airflow/example_dags/example_dataset_alias_with_no_taskflow.py
[2025-04-26T22:38:13.673+0000] {logging_mixin.py:190} INFO - [2025-04-26T22:38:13.672+0000] {dag.py:3239} INFO - Sync 4 DAGs
[2025-04-26T22:38:13.702+0000] {logging_mixin.py:190} INFO - [2025-04-26T22:38:13.702+0000] {dag.py:4180} INFO - Setting next_dagrun for dataset_alias_example_alias_consumer_with_no_taskflow to None, run_after=None
[2025-04-26T22:38:13.705+0000] {logging_mixin.py:190} INFO - [2025-04-26T22:38:13.704+0000] {dag.py:4180} INFO - Setting next_dagrun for dataset_alias_example_alias_producer_with_no_taskflow to None, run_after=None
[2025-04-26T22:38:13.706+0000] {logging_mixin.py:190} INFO - [2025-04-26T22:38:13.706+0000] {dag.py:4180} INFO - Setting next_dagrun for dataset_s3_bucket_consumer_with_no_taskflow to None, run_after=None
[2025-04-26T22:38:13.707+0000] {logging_mixin.py:190} INFO - [2025-04-26T22:38:13.707+0000] {dag.py:4180} INFO - Setting next_dagrun for dataset_s3_bucket_producer_with_no_taskflow to None, run_after=None
[2025-04-26T22:38:13.727+0000] {processor.py:208} INFO - Processing /home/airflow/.local/lib/python3.12/site-packages/airflow/example_dags/example_dataset_alias_with_no_taskflow.py took 0.655 seconds
[2025-04-26T22:38:44.261+0000] {processor.py:186} INFO - Started process (PID=1146) to work on /home/airflow/.local/lib/python3.12/site-packages/airflow/example_dags/example_dataset_alias_with_no_taskflow.py
[2025-04-26T22:38:44.263+0000] {processor.py:914} INFO - Processing file /home/airflow/.local/lib/python3.12/site-packages/airflow/example_dags/example_dataset_alias_with_no_taskflow.py for tasks to queue
[2025-04-26T22:38:44.266+0000] {logging_mixin.py:190} INFO - [2025-04-26T22:38:44.266+0000] {dagbag.py:588} INFO - Filling up the DagBag from /home/airflow/.local/lib/python3.12/site-packages/airflow/example_dags/example_dataset_alias_with_no_taskflow.py
[2025-04-26T22:38:45.075+0000] {processor.py:925} INFO - DAG(s) 'dataset_s3_bucket_consumer_with_no_taskflow', 'dataset_alias_example_alias_producer_with_no_taskflow', 'dataset_s3_bucket_producer_with_no_taskflow', 'dataset_alias_example_alias_consumer_with_no_taskflow' retrieved from /home/airflow/.local/lib/python3.12/site-packages/airflow/example_dags/example_dataset_alias_with_no_taskflow.py
[2025-04-26T22:38:45.105+0000] {logging_mixin.py:190} INFO - [2025-04-26T22:38:45.104+0000] {dag.py:3239} INFO - Sync 4 DAGs
[2025-04-26T22:38:45.140+0000] {logging_mixin.py:190} INFO - [2025-04-26T22:38:45.140+0000] {dag.py:4180} INFO - Setting next_dagrun for dataset_alias_example_alias_consumer_with_no_taskflow to None, run_after=None
[2025-04-26T22:38:45.144+0000] {logging_mixin.py:190} INFO - [2025-04-26T22:38:45.143+0000] {dag.py:4180} INFO - Setting next_dagrun for dataset_alias_example_alias_producer_with_no_taskflow to None, run_after=None
[2025-04-26T22:38:45.148+0000] {logging_mixin.py:190} INFO - [2025-04-26T22:38:45.148+0000] {dag.py:4180} INFO - Setting next_dagrun for dataset_s3_bucket_consumer_with_no_taskflow to None, run_after=None
[2025-04-26T22:38:45.149+0000] {logging_mixin.py:190} INFO - [2025-04-26T22:38:45.149+0000] {dag.py:4180} INFO - Setting next_dagrun for dataset_s3_bucket_producer_with_no_taskflow to None, run_after=None
[2025-04-26T22:38:45.176+0000] {processor.py:208} INFO - Processing /home/airflow/.local/lib/python3.12/site-packages/airflow/example_dags/example_dataset_alias_with_no_taskflow.py took 0.924 seconds
[2025-04-26T22:39:15.600+0000] {processor.py:186} INFO - Started process (PID=1210) to work on /home/airflow/.local/lib/python3.12/site-packages/airflow/example_dags/example_dataset_alias_with_no_taskflow.py
[2025-04-26T22:39:15.601+0000] {processor.py:914} INFO - Processing file /home/airflow/.local/lib/python3.12/site-packages/airflow/example_dags/example_dataset_alias_with_no_taskflow.py for tasks to queue
[2025-04-26T22:39:15.604+0000] {logging_mixin.py:190} INFO - [2025-04-26T22:39:15.603+0000] {dagbag.py:588} INFO - Filling up the DagBag from /home/airflow/.local/lib/python3.12/site-packages/airflow/example_dags/example_dataset_alias_with_no_taskflow.py
[2025-04-26T22:39:16.157+0000] {processor.py:925} INFO - DAG(s) 'dataset_alias_example_alias_producer_with_no_taskflow', 'dataset_s3_bucket_consumer_with_no_taskflow', 'dataset_alias_example_alias_consumer_with_no_taskflow', 'dataset_s3_bucket_producer_with_no_taskflow' retrieved from /home/airflow/.local/lib/python3.12/site-packages/airflow/example_dags/example_dataset_alias_with_no_taskflow.py
[2025-04-26T22:39:16.175+0000] {logging_mixin.py:190} INFO - [2025-04-26T22:39:16.174+0000] {dag.py:3239} INFO - Sync 4 DAGs
[2025-04-26T22:39:16.196+0000] {logging_mixin.py:190} INFO - [2025-04-26T22:39:16.196+0000] {dag.py:4180} INFO - Setting next_dagrun for dataset_alias_example_alias_consumer_with_no_taskflow to None, run_after=None
[2025-04-26T22:39:16.199+0000] {logging_mixin.py:190} INFO - [2025-04-26T22:39:16.199+0000] {dag.py:4180} INFO - Setting next_dagrun for dataset_alias_example_alias_producer_with_no_taskflow to None, run_after=None
[2025-04-26T22:39:16.200+0000] {logging_mixin.py:190} INFO - [2025-04-26T22:39:16.200+0000] {dag.py:4180} INFO - Setting next_dagrun for dataset_s3_bucket_consumer_with_no_taskflow to None, run_after=None
[2025-04-26T22:39:16.201+0000] {logging_mixin.py:190} INFO - [2025-04-26T22:39:16.201+0000] {dag.py:4180} INFO - Setting next_dagrun for dataset_s3_bucket_producer_with_no_taskflow to None, run_after=None
[2025-04-26T22:39:16.220+0000] {processor.py:208} INFO - Processing /home/airflow/.local/lib/python3.12/site-packages/airflow/example_dags/example_dataset_alias_with_no_taskflow.py took 0.627 seconds
[2025-04-26T22:39:47.140+0000] {processor.py:186} INFO - Started process (PID=1274) to work on /home/airflow/.local/lib/python3.12/site-packages/airflow/example_dags/example_dataset_alias_with_no_taskflow.py
[2025-04-26T22:39:47.142+0000] {processor.py:914} INFO - Processing file /home/airflow/.local/lib/python3.12/site-packages/airflow/example_dags/example_dataset_alias_with_no_taskflow.py for tasks to queue
[2025-04-26T22:39:47.144+0000] {logging_mixin.py:190} INFO - [2025-04-26T22:39:47.144+0000] {dagbag.py:588} INFO - Filling up the DagBag from /home/airflow/.local/lib/python3.12/site-packages/airflow/example_dags/example_dataset_alias_with_no_taskflow.py
[2025-04-26T22:39:47.685+0000] {processor.py:925} INFO - DAG(s) 'dataset_s3_bucket_producer_with_no_taskflow', 'dataset_s3_bucket_consumer_with_no_taskflow', 'dataset_alias_example_alias_consumer_with_no_taskflow', 'dataset_alias_example_alias_producer_with_no_taskflow' retrieved from /home/airflow/.local/lib/python3.12/site-packages/airflow/example_dags/example_dataset_alias_with_no_taskflow.py
[2025-04-26T22:39:47.705+0000] {logging_mixin.py:190} INFO - [2025-04-26T22:39:47.705+0000] {dag.py:3239} INFO - Sync 4 DAGs
[2025-04-26T22:39:47.727+0000] {logging_mixin.py:190} INFO - [2025-04-26T22:39:47.727+0000] {dag.py:4180} INFO - Setting next_dagrun for dataset_alias_example_alias_consumer_with_no_taskflow to None, run_after=None
[2025-04-26T22:39:47.729+0000] {logging_mixin.py:190} INFO - [2025-04-26T22:39:47.729+0000] {dag.py:4180} INFO - Setting next_dagrun for dataset_alias_example_alias_producer_with_no_taskflow to None, run_after=None
[2025-04-26T22:39:47.730+0000] {logging_mixin.py:190} INFO - [2025-04-26T22:39:47.730+0000] {dag.py:4180} INFO - Setting next_dagrun for dataset_s3_bucket_consumer_with_no_taskflow to None, run_after=None
[2025-04-26T22:39:47.732+0000] {logging_mixin.py:190} INFO - [2025-04-26T22:39:47.731+0000] {dag.py:4180} INFO - Setting next_dagrun for dataset_s3_bucket_producer_with_no_taskflow to None, run_after=None
[2025-04-26T22:39:47.751+0000] {processor.py:208} INFO - Processing /home/airflow/.local/lib/python3.12/site-packages/airflow/example_dags/example_dataset_alias_with_no_taskflow.py took 0.617 seconds
