[2025-04-26T22:29:56.360+0000] {processor.py:186} INFO - Started process (PID=81) to work on /home/airflow/.local/lib/python3.12/site-packages/airflow/example_dags/example_dag_decorator.py
[2025-04-26T22:29:56.361+0000] {processor.py:914} INFO - Processing file /home/airflow/.local/lib/python3.12/site-packages/airflow/example_dags/example_dag_decorator.py for tasks to queue
[2025-04-26T22:29:56.364+0000] {logging_mixin.py:190} INFO - [2025-04-26T22:29:56.363+0000] {dagbag.py:588} INFO - Filling up the DagBag from /home/airflow/.local/lib/python3.12/site-packages/airflow/example_dags/example_dag_decorator.py
[2025-04-26T22:29:57.012+0000] {processor.py:925} INFO - DAG(s) 'example_dag_decorator' retrieved from /home/airflow/.local/lib/python3.12/site-packages/airflow/example_dags/example_dag_decorator.py
[2025-04-26T22:29:57.177+0000] {logging_mixin.py:190} INFO - [2025-04-26T22:29:57.176+0000] {override.py:1912} INFO - Created Permission View: can read on DAG:example_dag_decorator
[2025-04-26T22:29:57.198+0000] {logging_mixin.py:190} INFO - [2025-04-26T22:29:57.198+0000] {override.py:1912} INFO - Created Permission View: can delete on DAG:example_dag_decorator
[2025-04-26T22:29:57.206+0000] {logging_mixin.py:190} INFO - [2025-04-26T22:29:57.206+0000] {override.py:1912} INFO - Created Permission View: can edit on DAG:example_dag_decorator
[2025-04-26T22:29:57.213+0000] {logging_mixin.py:190} INFO - [2025-04-26T22:29:57.213+0000] {override.py:1912} INFO - Created Permission View: can read on DAG Run:example_dag_decorator
[2025-04-26T22:29:57.221+0000] {logging_mixin.py:190} INFO - [2025-04-26T22:29:57.221+0000] {override.py:1912} INFO - Created Permission View: can create on DAG Run:example_dag_decorator
[2025-04-26T22:29:57.229+0000] {logging_mixin.py:190} INFO - [2025-04-26T22:29:57.229+0000] {override.py:1912} INFO - Created Permission View: can delete on DAG Run:example_dag_decorator
[2025-04-26T22:29:57.236+0000] {logging_mixin.py:190} INFO - [2025-04-26T22:29:57.235+0000] {override.py:1912} INFO - Created Permission View: menu access on DAG Run:example_dag_decorator
[2025-04-26T22:29:57.236+0000] {logging_mixin.py:190} INFO - [2025-04-26T22:29:57.236+0000] {dag.py:3239} INFO - Sync 1 DAGs
[2025-04-26T22:29:57.255+0000] {logging_mixin.py:190} INFO - [2025-04-26T22:29:57.254+0000] {dag.py:3262} INFO - Creating ORM DAG for example_dag_decorator
[2025-04-26T22:29:57.256+0000] {logging_mixin.py:190} INFO - [2025-04-26T22:29:57.255+0000] {dag.py:4180} INFO - Setting next_dagrun for example_dag_decorator to None, run_after=None
[2025-04-26T22:29:57.273+0000] {processor.py:208} INFO - Processing /home/airflow/.local/lib/python3.12/site-packages/airflow/example_dags/example_dag_decorator.py took 0.925 seconds
[2025-04-26T22:30:27.577+0000] {processor.py:186} INFO - Started process (PID=144) to work on /home/airflow/.local/lib/python3.12/site-packages/airflow/example_dags/example_dag_decorator.py
[2025-04-26T22:30:27.578+0000] {processor.py:914} INFO - Processing file /home/airflow/.local/lib/python3.12/site-packages/airflow/example_dags/example_dag_decorator.py for tasks to queue
[2025-04-26T22:30:27.580+0000] {logging_mixin.py:190} INFO - [2025-04-26T22:30:27.580+0000] {dagbag.py:588} INFO - Filling up the DagBag from /home/airflow/.local/lib/python3.12/site-packages/airflow/example_dags/example_dag_decorator.py
[2025-04-26T22:30:27.714+0000] {processor.py:925} INFO - DAG(s) 'example_dag_decorator' retrieved from /home/airflow/.local/lib/python3.12/site-packages/airflow/example_dags/example_dag_decorator.py
[2025-04-26T22:30:27.852+0000] {logging_mixin.py:190} INFO - [2025-04-26T22:30:27.852+0000] {dag.py:3239} INFO - Sync 1 DAGs
[2025-04-26T22:30:27.866+0000] {logging_mixin.py:190} INFO - [2025-04-26T22:30:27.866+0000] {dag.py:4180} INFO - Setting next_dagrun for example_dag_decorator to None, run_after=None
[2025-04-26T22:30:27.888+0000] {processor.py:208} INFO - Processing /home/airflow/.local/lib/python3.12/site-packages/airflow/example_dags/example_dag_decorator.py took 0.319 seconds
[2025-04-26T22:30:58.325+0000] {processor.py:186} INFO - Started process (PID=207) to work on /home/airflow/.local/lib/python3.12/site-packages/airflow/example_dags/example_dag_decorator.py
[2025-04-26T22:30:58.328+0000] {processor.py:914} INFO - Processing file /home/airflow/.local/lib/python3.12/site-packages/airflow/example_dags/example_dag_decorator.py for tasks to queue
[2025-04-26T22:30:58.330+0000] {logging_mixin.py:190} INFO - [2025-04-26T22:30:58.330+0000] {dagbag.py:588} INFO - Filling up the DagBag from /home/airflow/.local/lib/python3.12/site-packages/airflow/example_dags/example_dag_decorator.py
[2025-04-26T22:30:58.456+0000] {processor.py:925} INFO - DAG(s) 'example_dag_decorator' retrieved from /home/airflow/.local/lib/python3.12/site-packages/airflow/example_dags/example_dag_decorator.py
[2025-04-26T22:30:58.575+0000] {logging_mixin.py:190} INFO - [2025-04-26T22:30:58.575+0000] {dag.py:3239} INFO - Sync 1 DAGs
[2025-04-26T22:30:58.588+0000] {logging_mixin.py:190} INFO - [2025-04-26T22:30:58.587+0000] {dag.py:4180} INFO - Setting next_dagrun for example_dag_decorator to None, run_after=None
[2025-04-26T22:30:58.609+0000] {processor.py:208} INFO - Processing /home/airflow/.local/lib/python3.12/site-packages/airflow/example_dags/example_dag_decorator.py took 0.292 seconds
[2025-04-26T22:31:29.015+0000] {processor.py:186} INFO - Started process (PID=270) to work on /home/airflow/.local/lib/python3.12/site-packages/airflow/example_dags/example_dag_decorator.py
[2025-04-26T22:31:29.015+0000] {processor.py:914} INFO - Processing file /home/airflow/.local/lib/python3.12/site-packages/airflow/example_dags/example_dag_decorator.py for tasks to queue
[2025-04-26T22:31:29.018+0000] {logging_mixin.py:190} INFO - [2025-04-26T22:31:29.017+0000] {dagbag.py:588} INFO - Filling up the DagBag from /home/airflow/.local/lib/python3.12/site-packages/airflow/example_dags/example_dag_decorator.py
[2025-04-26T22:31:29.115+0000] {processor.py:925} INFO - DAG(s) 'example_dag_decorator' retrieved from /home/airflow/.local/lib/python3.12/site-packages/airflow/example_dags/example_dag_decorator.py
[2025-04-26T22:31:29.226+0000] {logging_mixin.py:190} INFO - [2025-04-26T22:31:29.226+0000] {dag.py:3239} INFO - Sync 1 DAGs
[2025-04-26T22:31:29.240+0000] {logging_mixin.py:190} INFO - [2025-04-26T22:31:29.240+0000] {dag.py:4180} INFO - Setting next_dagrun for example_dag_decorator to None, run_after=None
[2025-04-26T22:31:29.263+0000] {processor.py:208} INFO - Processing /home/airflow/.local/lib/python3.12/site-packages/airflow/example_dags/example_dag_decorator.py took 0.255 seconds
[2025-04-26T22:32:00.499+0000] {processor.py:186} INFO - Started process (PID=333) to work on /home/airflow/.local/lib/python3.12/site-packages/airflow/example_dags/example_dag_decorator.py
[2025-04-26T22:32:00.500+0000] {processor.py:914} INFO - Processing file /home/airflow/.local/lib/python3.12/site-packages/airflow/example_dags/example_dag_decorator.py for tasks to queue
[2025-04-26T22:32:00.503+0000] {logging_mixin.py:190} INFO - [2025-04-26T22:32:00.502+0000] {dagbag.py:588} INFO - Filling up the DagBag from /home/airflow/.local/lib/python3.12/site-packages/airflow/example_dags/example_dag_decorator.py
[2025-04-26T22:32:00.600+0000] {processor.py:925} INFO - DAG(s) 'example_dag_decorator' retrieved from /home/airflow/.local/lib/python3.12/site-packages/airflow/example_dags/example_dag_decorator.py
[2025-04-26T22:32:00.707+0000] {logging_mixin.py:190} INFO - [2025-04-26T22:32:00.707+0000] {dag.py:3239} INFO - Sync 1 DAGs
[2025-04-26T22:32:00.719+0000] {logging_mixin.py:190} INFO - [2025-04-26T22:32:00.718+0000] {dag.py:4180} INFO - Setting next_dagrun for example_dag_decorator to None, run_after=None
[2025-04-26T22:32:00.735+0000] {processor.py:208} INFO - Processing /home/airflow/.local/lib/python3.12/site-packages/airflow/example_dags/example_dag_decorator.py took 0.243 seconds
[2025-04-26T22:32:31.859+0000] {processor.py:186} INFO - Started process (PID=396) to work on /home/airflow/.local/lib/python3.12/site-packages/airflow/example_dags/example_dag_decorator.py
[2025-04-26T22:32:31.860+0000] {processor.py:914} INFO - Processing file /home/airflow/.local/lib/python3.12/site-packages/airflow/example_dags/example_dag_decorator.py for tasks to queue
[2025-04-26T22:32:31.863+0000] {logging_mixin.py:190} INFO - [2025-04-26T22:32:31.862+0000] {dagbag.py:588} INFO - Filling up the DagBag from /home/airflow/.local/lib/python3.12/site-packages/airflow/example_dags/example_dag_decorator.py
[2025-04-26T22:32:31.962+0000] {processor.py:925} INFO - DAG(s) 'example_dag_decorator' retrieved from /home/airflow/.local/lib/python3.12/site-packages/airflow/example_dags/example_dag_decorator.py
[2025-04-26T22:32:32.075+0000] {logging_mixin.py:190} INFO - [2025-04-26T22:32:32.074+0000] {dag.py:3239} INFO - Sync 1 DAGs
[2025-04-26T22:32:32.087+0000] {logging_mixin.py:190} INFO - [2025-04-26T22:32:32.086+0000] {dag.py:4180} INFO - Setting next_dagrun for example_dag_decorator to None, run_after=None
[2025-04-26T22:32:32.105+0000] {processor.py:208} INFO - Processing /home/airflow/.local/lib/python3.12/site-packages/airflow/example_dags/example_dag_decorator.py took 0.252 seconds
[2025-04-26T22:33:02.977+0000] {processor.py:186} INFO - Started process (PID=459) to work on /home/airflow/.local/lib/python3.12/site-packages/airflow/example_dags/example_dag_decorator.py
[2025-04-26T22:33:02.979+0000] {processor.py:914} INFO - Processing file /home/airflow/.local/lib/python3.12/site-packages/airflow/example_dags/example_dag_decorator.py for tasks to queue
[2025-04-26T22:33:02.981+0000] {logging_mixin.py:190} INFO - [2025-04-26T22:33:02.981+0000] {dagbag.py:588} INFO - Filling up the DagBag from /home/airflow/.local/lib/python3.12/site-packages/airflow/example_dags/example_dag_decorator.py
[2025-04-26T22:33:03.081+0000] {processor.py:925} INFO - DAG(s) 'example_dag_decorator' retrieved from /home/airflow/.local/lib/python3.12/site-packages/airflow/example_dags/example_dag_decorator.py
[2025-04-26T22:33:03.192+0000] {logging_mixin.py:190} INFO - [2025-04-26T22:33:03.191+0000] {dag.py:3239} INFO - Sync 1 DAGs
[2025-04-26T22:33:03.205+0000] {logging_mixin.py:190} INFO - [2025-04-26T22:33:03.204+0000] {dag.py:4180} INFO - Setting next_dagrun for example_dag_decorator to None, run_after=None
[2025-04-26T22:33:03.221+0000] {processor.py:208} INFO - Processing /home/airflow/.local/lib/python3.12/site-packages/airflow/example_dags/example_dag_decorator.py took 0.251 seconds
[2025-04-26T22:33:34.226+0000] {processor.py:186} INFO - Started process (PID=522) to work on /home/airflow/.local/lib/python3.12/site-packages/airflow/example_dags/example_dag_decorator.py
[2025-04-26T22:33:34.227+0000] {processor.py:914} INFO - Processing file /home/airflow/.local/lib/python3.12/site-packages/airflow/example_dags/example_dag_decorator.py for tasks to queue
[2025-04-26T22:33:34.229+0000] {logging_mixin.py:190} INFO - [2025-04-26T22:33:34.229+0000] {dagbag.py:588} INFO - Filling up the DagBag from /home/airflow/.local/lib/python3.12/site-packages/airflow/example_dags/example_dag_decorator.py
[2025-04-26T22:33:34.333+0000] {processor.py:925} INFO - DAG(s) 'example_dag_decorator' retrieved from /home/airflow/.local/lib/python3.12/site-packages/airflow/example_dags/example_dag_decorator.py
[2025-04-26T22:33:34.449+0000] {logging_mixin.py:190} INFO - [2025-04-26T22:33:34.449+0000] {dag.py:3239} INFO - Sync 1 DAGs
[2025-04-26T22:33:34.463+0000] {logging_mixin.py:190} INFO - [2025-04-26T22:33:34.463+0000] {dag.py:4180} INFO - Setting next_dagrun for example_dag_decorator to None, run_after=None
[2025-04-26T22:33:34.480+0000] {processor.py:208} INFO - Processing /home/airflow/.local/lib/python3.12/site-packages/airflow/example_dags/example_dag_decorator.py took 0.261 seconds
[2025-04-26T22:34:05.436+0000] {processor.py:186} INFO - Started process (PID=585) to work on /home/airflow/.local/lib/python3.12/site-packages/airflow/example_dags/example_dag_decorator.py
[2025-04-26T22:34:05.437+0000] {processor.py:914} INFO - Processing file /home/airflow/.local/lib/python3.12/site-packages/airflow/example_dags/example_dag_decorator.py for tasks to queue
[2025-04-26T22:34:05.439+0000] {logging_mixin.py:190} INFO - [2025-04-26T22:34:05.439+0000] {dagbag.py:588} INFO - Filling up the DagBag from /home/airflow/.local/lib/python3.12/site-packages/airflow/example_dags/example_dag_decorator.py
[2025-04-26T22:34:05.537+0000] {processor.py:925} INFO - DAG(s) 'example_dag_decorator' retrieved from /home/airflow/.local/lib/python3.12/site-packages/airflow/example_dags/example_dag_decorator.py
[2025-04-26T22:34:05.647+0000] {logging_mixin.py:190} INFO - [2025-04-26T22:34:05.647+0000] {dag.py:3239} INFO - Sync 1 DAGs
[2025-04-26T22:34:05.665+0000] {logging_mixin.py:190} INFO - [2025-04-26T22:34:05.665+0000] {dag.py:4180} INFO - Setting next_dagrun for example_dag_decorator to None, run_after=None
[2025-04-26T22:34:05.686+0000] {processor.py:208} INFO - Processing /home/airflow/.local/lib/python3.12/site-packages/airflow/example_dags/example_dag_decorator.py took 0.256 seconds
[2025-04-26T22:34:36.940+0000] {processor.py:186} INFO - Started process (PID=648) to work on /home/airflow/.local/lib/python3.12/site-packages/airflow/example_dags/example_dag_decorator.py
[2025-04-26T22:34:36.941+0000] {processor.py:914} INFO - Processing file /home/airflow/.local/lib/python3.12/site-packages/airflow/example_dags/example_dag_decorator.py for tasks to queue
[2025-04-26T22:34:36.944+0000] {logging_mixin.py:190} INFO - [2025-04-26T22:34:36.943+0000] {dagbag.py:588} INFO - Filling up the DagBag from /home/airflow/.local/lib/python3.12/site-packages/airflow/example_dags/example_dag_decorator.py
[2025-04-26T22:34:37.042+0000] {processor.py:925} INFO - DAG(s) 'example_dag_decorator' retrieved from /home/airflow/.local/lib/python3.12/site-packages/airflow/example_dags/example_dag_decorator.py
[2025-04-26T22:34:37.151+0000] {logging_mixin.py:190} INFO - [2025-04-26T22:34:37.151+0000] {dag.py:3239} INFO - Sync 1 DAGs
[2025-04-26T22:34:37.163+0000] {logging_mixin.py:190} INFO - [2025-04-26T22:34:37.162+0000] {dag.py:4180} INFO - Setting next_dagrun for example_dag_decorator to None, run_after=None
[2025-04-26T22:34:37.178+0000] {processor.py:208} INFO - Processing /home/airflow/.local/lib/python3.12/site-packages/airflow/example_dags/example_dag_decorator.py took 0.245 seconds
[2025-04-26T22:35:08.181+0000] {processor.py:186} INFO - Started process (PID=712) to work on /home/airflow/.local/lib/python3.12/site-packages/airflow/example_dags/example_dag_decorator.py
[2025-04-26T22:35:08.182+0000] {processor.py:914} INFO - Processing file /home/airflow/.local/lib/python3.12/site-packages/airflow/example_dags/example_dag_decorator.py for tasks to queue
[2025-04-26T22:35:08.185+0000] {logging_mixin.py:190} INFO - [2025-04-26T22:35:08.185+0000] {dagbag.py:588} INFO - Filling up the DagBag from /home/airflow/.local/lib/python3.12/site-packages/airflow/example_dags/example_dag_decorator.py
[2025-04-26T22:35:08.287+0000] {processor.py:925} INFO - DAG(s) 'example_dag_decorator' retrieved from /home/airflow/.local/lib/python3.12/site-packages/airflow/example_dags/example_dag_decorator.py
[2025-04-26T22:35:08.399+0000] {logging_mixin.py:190} INFO - [2025-04-26T22:35:08.399+0000] {dag.py:3239} INFO - Sync 1 DAGs
[2025-04-26T22:35:08.411+0000] {logging_mixin.py:190} INFO - [2025-04-26T22:35:08.411+0000] {dag.py:4180} INFO - Setting next_dagrun for example_dag_decorator to None, run_after=None
[2025-04-26T22:35:08.428+0000] {processor.py:208} INFO - Processing /home/airflow/.local/lib/python3.12/site-packages/airflow/example_dags/example_dag_decorator.py took 0.254 seconds
[2025-04-26T22:35:39.348+0000] {processor.py:186} INFO - Started process (PID=776) to work on /home/airflow/.local/lib/python3.12/site-packages/airflow/example_dags/example_dag_decorator.py
[2025-04-26T22:35:39.350+0000] {processor.py:914} INFO - Processing file /home/airflow/.local/lib/python3.12/site-packages/airflow/example_dags/example_dag_decorator.py for tasks to queue
[2025-04-26T22:35:39.352+0000] {logging_mixin.py:190} INFO - [2025-04-26T22:35:39.352+0000] {dagbag.py:588} INFO - Filling up the DagBag from /home/airflow/.local/lib/python3.12/site-packages/airflow/example_dags/example_dag_decorator.py
[2025-04-26T22:35:39.452+0000] {processor.py:925} INFO - DAG(s) 'example_dag_decorator' retrieved from /home/airflow/.local/lib/python3.12/site-packages/airflow/example_dags/example_dag_decorator.py
[2025-04-26T22:35:39.563+0000] {logging_mixin.py:190} INFO - [2025-04-26T22:35:39.563+0000] {dag.py:3239} INFO - Sync 1 DAGs
[2025-04-26T22:35:39.575+0000] {logging_mixin.py:190} INFO - [2025-04-26T22:35:39.575+0000] {dag.py:4180} INFO - Setting next_dagrun for example_dag_decorator to None, run_after=None
[2025-04-26T22:35:39.591+0000] {processor.py:208} INFO - Processing /home/airflow/.local/lib/python3.12/site-packages/airflow/example_dags/example_dag_decorator.py took 0.250 seconds
[2025-04-26T22:36:10.170+0000] {processor.py:186} INFO - Started process (PID=839) to work on /home/airflow/.local/lib/python3.12/site-packages/airflow/example_dags/example_dag_decorator.py
[2025-04-26T22:36:10.172+0000] {processor.py:914} INFO - Processing file /home/airflow/.local/lib/python3.12/site-packages/airflow/example_dags/example_dag_decorator.py for tasks to queue
[2025-04-26T22:36:10.174+0000] {logging_mixin.py:190} INFO - [2025-04-26T22:36:10.174+0000] {dagbag.py:588} INFO - Filling up the DagBag from /home/airflow/.local/lib/python3.12/site-packages/airflow/example_dags/example_dag_decorator.py
[2025-04-26T22:36:10.276+0000] {processor.py:925} INFO - DAG(s) 'example_dag_decorator' retrieved from /home/airflow/.local/lib/python3.12/site-packages/airflow/example_dags/example_dag_decorator.py
[2025-04-26T22:36:10.388+0000] {logging_mixin.py:190} INFO - [2025-04-26T22:36:10.388+0000] {dag.py:3239} INFO - Sync 1 DAGs
[2025-04-26T22:36:10.400+0000] {logging_mixin.py:190} INFO - [2025-04-26T22:36:10.399+0000] {dag.py:4180} INFO - Setting next_dagrun for example_dag_decorator to None, run_after=None
[2025-04-26T22:36:10.416+0000] {processor.py:208} INFO - Processing /home/airflow/.local/lib/python3.12/site-packages/airflow/example_dags/example_dag_decorator.py took 0.253 seconds
[2025-04-26T22:36:41.411+0000] {processor.py:186} INFO - Started process (PID=904) to work on /home/airflow/.local/lib/python3.12/site-packages/airflow/example_dags/example_dag_decorator.py
[2025-04-26T22:36:41.412+0000] {processor.py:914} INFO - Processing file /home/airflow/.local/lib/python3.12/site-packages/airflow/example_dags/example_dag_decorator.py for tasks to queue
[2025-04-26T22:36:41.414+0000] {logging_mixin.py:190} INFO - [2025-04-26T22:36:41.414+0000] {dagbag.py:588} INFO - Filling up the DagBag from /home/airflow/.local/lib/python3.12/site-packages/airflow/example_dags/example_dag_decorator.py
[2025-04-26T22:36:41.515+0000] {processor.py:925} INFO - DAG(s) 'example_dag_decorator' retrieved from /home/airflow/.local/lib/python3.12/site-packages/airflow/example_dags/example_dag_decorator.py
[2025-04-26T22:36:41.634+0000] {logging_mixin.py:190} INFO - [2025-04-26T22:36:41.634+0000] {dag.py:3239} INFO - Sync 1 DAGs
[2025-04-26T22:36:41.647+0000] {logging_mixin.py:190} INFO - [2025-04-26T22:36:41.647+0000] {dag.py:4180} INFO - Setting next_dagrun for example_dag_decorator to None, run_after=None
[2025-04-26T22:36:41.664+0000] {processor.py:208} INFO - Processing /home/airflow/.local/lib/python3.12/site-packages/airflow/example_dags/example_dag_decorator.py took 0.261 seconds
[2025-04-26T22:37:12.091+0000] {processor.py:186} INFO - Started process (PID=968) to work on /home/airflow/.local/lib/python3.12/site-packages/airflow/example_dags/example_dag_decorator.py
[2025-04-26T22:37:12.092+0000] {processor.py:914} INFO - Processing file /home/airflow/.local/lib/python3.12/site-packages/airflow/example_dags/example_dag_decorator.py for tasks to queue
[2025-04-26T22:37:12.095+0000] {logging_mixin.py:190} INFO - [2025-04-26T22:37:12.094+0000] {dagbag.py:588} INFO - Filling up the DagBag from /home/airflow/.local/lib/python3.12/site-packages/airflow/example_dags/example_dag_decorator.py
[2025-04-26T22:37:12.198+0000] {processor.py:925} INFO - DAG(s) 'example_dag_decorator' retrieved from /home/airflow/.local/lib/python3.12/site-packages/airflow/example_dags/example_dag_decorator.py
[2025-04-26T22:37:12.309+0000] {logging_mixin.py:190} INFO - [2025-04-26T22:37:12.308+0000] {dag.py:3239} INFO - Sync 1 DAGs
[2025-04-26T22:37:12.322+0000] {logging_mixin.py:190} INFO - [2025-04-26T22:37:12.321+0000] {dag.py:4180} INFO - Setting next_dagrun for example_dag_decorator to None, run_after=None
[2025-04-26T22:37:12.338+0000] {processor.py:208} INFO - Processing /home/airflow/.local/lib/python3.12/site-packages/airflow/example_dags/example_dag_decorator.py took 0.254 seconds
[2025-04-26T22:37:43.301+0000] {processor.py:186} INFO - Started process (PID=1032) to work on /home/airflow/.local/lib/python3.12/site-packages/airflow/example_dags/example_dag_decorator.py
[2025-04-26T22:37:43.303+0000] {processor.py:914} INFO - Processing file /home/airflow/.local/lib/python3.12/site-packages/airflow/example_dags/example_dag_decorator.py for tasks to queue
[2025-04-26T22:37:43.305+0000] {logging_mixin.py:190} INFO - [2025-04-26T22:37:43.305+0000] {dagbag.py:588} INFO - Filling up the DagBag from /home/airflow/.local/lib/python3.12/site-packages/airflow/example_dags/example_dag_decorator.py
[2025-04-26T22:37:43.405+0000] {processor.py:925} INFO - DAG(s) 'example_dag_decorator' retrieved from /home/airflow/.local/lib/python3.12/site-packages/airflow/example_dags/example_dag_decorator.py
[2025-04-26T22:37:43.513+0000] {logging_mixin.py:190} INFO - [2025-04-26T22:37:43.513+0000] {dag.py:3239} INFO - Sync 1 DAGs
[2025-04-26T22:37:43.525+0000] {logging_mixin.py:190} INFO - [2025-04-26T22:37:43.524+0000] {dag.py:4180} INFO - Setting next_dagrun for example_dag_decorator to None, run_after=None
[2025-04-26T22:37:43.541+0000] {processor.py:208} INFO - Processing /home/airflow/.local/lib/python3.12/site-packages/airflow/example_dags/example_dag_decorator.py took 0.246 seconds
[2025-04-26T22:38:14.667+0000] {processor.py:186} INFO - Started process (PID=1096) to work on /home/airflow/.local/lib/python3.12/site-packages/airflow/example_dags/example_dag_decorator.py
[2025-04-26T22:38:14.668+0000] {processor.py:914} INFO - Processing file /home/airflow/.local/lib/python3.12/site-packages/airflow/example_dags/example_dag_decorator.py for tasks to queue
[2025-04-26T22:38:14.670+0000] {logging_mixin.py:190} INFO - [2025-04-26T22:38:14.670+0000] {dagbag.py:588} INFO - Filling up the DagBag from /home/airflow/.local/lib/python3.12/site-packages/airflow/example_dags/example_dag_decorator.py
[2025-04-26T22:38:14.770+0000] {processor.py:925} INFO - DAG(s) 'example_dag_decorator' retrieved from /home/airflow/.local/lib/python3.12/site-packages/airflow/example_dags/example_dag_decorator.py
[2025-04-26T22:38:14.898+0000] {logging_mixin.py:190} INFO - [2025-04-26T22:38:14.898+0000] {dag.py:3239} INFO - Sync 1 DAGs
[2025-04-26T22:38:14.911+0000] {logging_mixin.py:190} INFO - [2025-04-26T22:38:14.911+0000] {dag.py:4180} INFO - Setting next_dagrun for example_dag_decorator to None, run_after=None
[2025-04-26T22:38:14.929+0000] {processor.py:208} INFO - Processing /home/airflow/.local/lib/python3.12/site-packages/airflow/example_dags/example_dag_decorator.py took 0.269 seconds
[2025-04-26T22:38:46.335+0000] {processor.py:186} INFO - Started process (PID=1160) to work on /home/airflow/.local/lib/python3.12/site-packages/airflow/example_dags/example_dag_decorator.py
[2025-04-26T22:38:46.337+0000] {processor.py:914} INFO - Processing file /home/airflow/.local/lib/python3.12/site-packages/airflow/example_dags/example_dag_decorator.py for tasks to queue
[2025-04-26T22:38:46.340+0000] {logging_mixin.py:190} INFO - [2025-04-26T22:38:46.340+0000] {dagbag.py:588} INFO - Filling up the DagBag from /home/airflow/.local/lib/python3.12/site-packages/airflow/example_dags/example_dag_decorator.py
[2025-04-26T22:38:46.485+0000] {processor.py:925} INFO - DAG(s) 'example_dag_decorator' retrieved from /home/airflow/.local/lib/python3.12/site-packages/airflow/example_dags/example_dag_decorator.py
[2025-04-26T22:38:46.640+0000] {logging_mixin.py:190} INFO - [2025-04-26T22:38:46.640+0000] {dag.py:3239} INFO - Sync 1 DAGs
[2025-04-26T22:38:46.660+0000] {logging_mixin.py:190} INFO - [2025-04-26T22:38:46.659+0000] {dag.py:4180} INFO - Setting next_dagrun for example_dag_decorator to None, run_after=None
[2025-04-26T22:38:46.682+0000] {processor.py:208} INFO - Processing /home/airflow/.local/lib/python3.12/site-packages/airflow/example_dags/example_dag_decorator.py took 0.356 seconds
[2025-04-26T22:39:16.905+0000] {processor.py:186} INFO - Started process (PID=1223) to work on /home/airflow/.local/lib/python3.12/site-packages/airflow/example_dags/example_dag_decorator.py
[2025-04-26T22:39:16.906+0000] {processor.py:914} INFO - Processing file /home/airflow/.local/lib/python3.12/site-packages/airflow/example_dags/example_dag_decorator.py for tasks to queue
[2025-04-26T22:39:16.908+0000] {logging_mixin.py:190} INFO - [2025-04-26T22:39:16.908+0000] {dagbag.py:588} INFO - Filling up the DagBag from /home/airflow/.local/lib/python3.12/site-packages/airflow/example_dags/example_dag_decorator.py
[2025-04-26T22:39:17.010+0000] {processor.py:925} INFO - DAG(s) 'example_dag_decorator' retrieved from /home/airflow/.local/lib/python3.12/site-packages/airflow/example_dags/example_dag_decorator.py
[2025-04-26T22:39:17.123+0000] {logging_mixin.py:190} INFO - [2025-04-26T22:39:17.123+0000] {dag.py:3239} INFO - Sync 1 DAGs
[2025-04-26T22:39:17.135+0000] {logging_mixin.py:190} INFO - [2025-04-26T22:39:17.135+0000] {dag.py:4180} INFO - Setting next_dagrun for example_dag_decorator to None, run_after=None
[2025-04-26T22:39:17.153+0000] {processor.py:208} INFO - Processing /home/airflow/.local/lib/python3.12/site-packages/airflow/example_dags/example_dag_decorator.py took 0.255 seconds
[2025-04-26T22:39:48.585+0000] {processor.py:186} INFO - Started process (PID=1289) to work on /home/airflow/.local/lib/python3.12/site-packages/airflow/example_dags/example_dag_decorator.py
[2025-04-26T22:39:48.586+0000] {processor.py:914} INFO - Processing file /home/airflow/.local/lib/python3.12/site-packages/airflow/example_dags/example_dag_decorator.py for tasks to queue
[2025-04-26T22:39:48.589+0000] {logging_mixin.py:190} INFO - [2025-04-26T22:39:48.588+0000] {dagbag.py:588} INFO - Filling up the DagBag from /home/airflow/.local/lib/python3.12/site-packages/airflow/example_dags/example_dag_decorator.py
[2025-04-26T22:39:48.687+0000] {processor.py:925} INFO - DAG(s) 'example_dag_decorator' retrieved from /home/airflow/.local/lib/python3.12/site-packages/airflow/example_dags/example_dag_decorator.py
[2025-04-26T22:39:48.797+0000] {logging_mixin.py:190} INFO - [2025-04-26T22:39:48.796+0000] {dag.py:3239} INFO - Sync 1 DAGs
[2025-04-26T22:39:48.810+0000] {logging_mixin.py:190} INFO - [2025-04-26T22:39:48.810+0000] {dag.py:4180} INFO - Setting next_dagrun for example_dag_decorator to None, run_after=None
[2025-04-26T22:39:48.828+0000] {processor.py:208} INFO - Processing /home/airflow/.local/lib/python3.12/site-packages/airflow/example_dags/example_dag_decorator.py took 0.249 seconds
