[2025-04-26T22:29:50.676+0000] {processor.py:186} INFO - Started process (PID=60) to work on /home/airflow/.local/lib/python3.12/site-packages/airflow/example_dags/example_subdag_operator.py
[2025-04-26T22:29:50.680+0000] {processor.py:914} INFO - Processing file /home/airflow/.local/lib/python3.12/site-packages/airflow/example_dags/example_subdag_operator.py for tasks to queue
[2025-04-26T22:29:50.686+0000] {logging_mixin.py:190} INFO - [2025-04-26T22:29:50.683+0000] {dagbag.py:588} INFO - Filling up the DagBag from /home/airflow/.local/lib/python3.12/site-packages/airflow/example_dags/example_subdag_operator.py
[2025-04-26T22:29:50.771+0000] {processor.py:925} INFO - DAG(s) 'example_subdag_operator.section-1', 'example_subdag_operator.section-2', 'example_subdag_operator' retrieved from /home/airflow/.local/lib/python3.12/site-packages/airflow/example_dags/example_subdag_operator.py
[2025-04-26T22:29:51.042+0000] {logging_mixin.py:190} INFO - [2025-04-26T22:29:51.042+0000] {override.py:1912} INFO - Created Permission View: can read on DAG:example_subdag_operator
[2025-04-26T22:29:51.065+0000] {logging_mixin.py:190} INFO - [2025-04-26T22:29:51.064+0000] {override.py:1912} INFO - Created Permission View: can delete on DAG:example_subdag_operator
[2025-04-26T22:29:51.081+0000] {logging_mixin.py:190} INFO - [2025-04-26T22:29:51.081+0000] {override.py:1912} INFO - Created Permission View: can edit on DAG:example_subdag_operator
[2025-04-26T22:29:51.094+0000] {logging_mixin.py:190} INFO - [2025-04-26T22:29:51.094+0000] {override.py:1912} INFO - Created Permission View: can read on DAG Run:example_subdag_operator
[2025-04-26T22:29:51.119+0000] {logging_mixin.py:190} INFO - [2025-04-26T22:29:51.119+0000] {override.py:1912} INFO - Created Permission View: can create on DAG Run:example_subdag_operator
[2025-04-26T22:29:51.130+0000] {logging_mixin.py:190} INFO - [2025-04-26T22:29:51.130+0000] {override.py:1912} INFO - Created Permission View: can delete on DAG Run:example_subdag_operator
[2025-04-26T22:29:51.141+0000] {logging_mixin.py:190} INFO - [2025-04-26T22:29:51.141+0000] {override.py:1912} INFO - Created Permission View: menu access on DAG Run:example_subdag_operator
[2025-04-26T22:29:51.142+0000] {logging_mixin.py:190} INFO - [2025-04-26T22:29:51.142+0000] {dag.py:3239} INFO - Sync 3 DAGs
[2025-04-26T22:29:51.181+0000] {logging_mixin.py:190} INFO - [2025-04-26T22:29:51.180+0000] {dag.py:3262} INFO - Creating ORM DAG for example_subdag_operator
[2025-04-26T22:29:51.185+0000] {logging_mixin.py:190} INFO - [2025-04-26T22:29:51.185+0000] {dag.py:3262} INFO - Creating ORM DAG for example_subdag_operator.section-2
[2025-04-26T22:29:51.186+0000] {logging_mixin.py:190} INFO - [2025-04-26T22:29:51.185+0000] {dag.py:3262} INFO - Creating ORM DAG for example_subdag_operator.section-1
[2025-04-26T22:29:51.211+0000] {logging_mixin.py:190} INFO - [2025-04-26T22:29:51.211+0000] {dag.py:4180} INFO - Setting next_dagrun for example_subdag_operator to 2022-01-01 00:00:00+00:00, run_after=2022-01-01 00:00:00+00:00
[2025-04-26T22:29:51.212+0000] {logging_mixin.py:190} INFO - [2025-04-26T22:29:51.212+0000] {dag.py:4180} INFO - Setting next_dagrun for example_subdag_operator.section-1 to None, run_after=None
[2025-04-26T22:29:51.212+0000] {logging_mixin.py:190} INFO - [2025-04-26T22:29:51.212+0000] {dag.py:4180} INFO - Setting next_dagrun for example_subdag_operator.section-2 to None, run_after=None
[2025-04-26T22:29:51.244+0000] {logging_mixin.py:190} INFO - [2025-04-26T22:29:51.244+0000] {dag.py:3239} INFO - Sync 2 DAGs
[2025-04-26T22:29:51.258+0000] {logging_mixin.py:190} INFO - [2025-04-26T22:29:51.258+0000] {dag.py:4180} INFO - Setting next_dagrun for example_subdag_operator.section-1 to None, run_after=None
[2025-04-26T22:29:51.268+0000] {logging_mixin.py:190} INFO - [2025-04-26T22:29:51.267+0000] {dag.py:4180} INFO - Setting next_dagrun for example_subdag_operator.section-2 to None, run_after=None
[2025-04-26T22:29:51.305+0000] {processor.py:208} INFO - Processing /home/airflow/.local/lib/python3.12/site-packages/airflow/example_dags/example_subdag_operator.py took 0.647 seconds
[2025-04-26T22:30:21.364+0000] {processor.py:186} INFO - Started process (PID=122) to work on /home/airflow/.local/lib/python3.12/site-packages/airflow/example_dags/example_subdag_operator.py
[2025-04-26T22:30:21.364+0000] {processor.py:914} INFO - Processing file /home/airflow/.local/lib/python3.12/site-packages/airflow/example_dags/example_subdag_operator.py for tasks to queue
[2025-04-26T22:30:21.367+0000] {logging_mixin.py:190} INFO - [2025-04-26T22:30:21.366+0000] {dagbag.py:588} INFO - Filling up the DagBag from /home/airflow/.local/lib/python3.12/site-packages/airflow/example_dags/example_subdag_operator.py
[2025-04-26T22:30:21.392+0000] {processor.py:925} INFO - DAG(s) 'example_subdag_operator.section-1', 'example_subdag_operator.section-2', 'example_subdag_operator' retrieved from /home/airflow/.local/lib/python3.12/site-packages/airflow/example_dags/example_subdag_operator.py
[2025-04-26T22:30:21.406+0000] {logging_mixin.py:190} INFO - [2025-04-26T22:30:21.406+0000] {dag.py:3239} INFO - Sync 3 DAGs
[2025-04-26T22:30:21.428+0000] {logging_mixin.py:190} INFO - [2025-04-26T22:30:21.428+0000] {dag.py:4180} INFO - Setting next_dagrun for example_subdag_operator to 2022-01-01 00:00:00+00:00, run_after=2022-01-01 00:00:00+00:00
[2025-04-26T22:30:21.432+0000] {logging_mixin.py:190} INFO - [2025-04-26T22:30:21.432+0000] {dag.py:4180} INFO - Setting next_dagrun for example_subdag_operator.section-1 to None, run_after=None
[2025-04-26T22:30:21.433+0000] {logging_mixin.py:190} INFO - [2025-04-26T22:30:21.433+0000] {dag.py:4180} INFO - Setting next_dagrun for example_subdag_operator.section-2 to None, run_after=None
[2025-04-26T22:30:21.440+0000] {logging_mixin.py:190} INFO - [2025-04-26T22:30:21.439+0000] {dag.py:3239} INFO - Sync 2 DAGs
[2025-04-26T22:30:21.444+0000] {logging_mixin.py:190} INFO - [2025-04-26T22:30:21.444+0000] {dag.py:4180} INFO - Setting next_dagrun for example_subdag_operator.section-1 to None, run_after=None
[2025-04-26T22:30:21.444+0000] {logging_mixin.py:190} INFO - [2025-04-26T22:30:21.444+0000] {dag.py:4180} INFO - Setting next_dagrun for example_subdag_operator.section-2 to None, run_after=None
[2025-04-26T22:30:21.453+0000] {processor.py:208} INFO - Processing /home/airflow/.local/lib/python3.12/site-packages/airflow/example_dags/example_subdag_operator.py took 0.096 seconds
[2025-04-26T22:30:51.927+0000] {processor.py:186} INFO - Started process (PID=185) to work on /home/airflow/.local/lib/python3.12/site-packages/airflow/example_dags/example_subdag_operator.py
[2025-04-26T22:30:51.928+0000] {processor.py:914} INFO - Processing file /home/airflow/.local/lib/python3.12/site-packages/airflow/example_dags/example_subdag_operator.py for tasks to queue
[2025-04-26T22:30:51.931+0000] {logging_mixin.py:190} INFO - [2025-04-26T22:30:51.931+0000] {dagbag.py:588} INFO - Filling up the DagBag from /home/airflow/.local/lib/python3.12/site-packages/airflow/example_dags/example_subdag_operator.py
[2025-04-26T22:30:51.956+0000] {processor.py:925} INFO - DAG(s) 'example_subdag_operator.section-1', 'example_subdag_operator.section-2', 'example_subdag_operator' retrieved from /home/airflow/.local/lib/python3.12/site-packages/airflow/example_dags/example_subdag_operator.py
[2025-04-26T22:30:51.970+0000] {logging_mixin.py:190} INFO - [2025-04-26T22:30:51.970+0000] {dag.py:3239} INFO - Sync 3 DAGs
[2025-04-26T22:30:51.992+0000] {logging_mixin.py:190} INFO - [2025-04-26T22:30:51.991+0000] {dag.py:4180} INFO - Setting next_dagrun for example_subdag_operator to 2022-01-01 00:00:00+00:00, run_after=2022-01-01 00:00:00+00:00
[2025-04-26T22:30:51.995+0000] {logging_mixin.py:190} INFO - [2025-04-26T22:30:51.995+0000] {dag.py:4180} INFO - Setting next_dagrun for example_subdag_operator.section-1 to None, run_after=None
[2025-04-26T22:30:51.996+0000] {logging_mixin.py:190} INFO - [2025-04-26T22:30:51.996+0000] {dag.py:4180} INFO - Setting next_dagrun for example_subdag_operator.section-2 to None, run_after=None
[2025-04-26T22:30:52.002+0000] {logging_mixin.py:190} INFO - [2025-04-26T22:30:52.002+0000] {dag.py:3239} INFO - Sync 2 DAGs
[2025-04-26T22:30:52.007+0000] {logging_mixin.py:190} INFO - [2025-04-26T22:30:52.007+0000] {dag.py:4180} INFO - Setting next_dagrun for example_subdag_operator.section-1 to None, run_after=None
[2025-04-26T22:30:52.007+0000] {logging_mixin.py:190} INFO - [2025-04-26T22:30:52.007+0000] {dag.py:4180} INFO - Setting next_dagrun for example_subdag_operator.section-2 to None, run_after=None
[2025-04-26T22:30:52.016+0000] {processor.py:208} INFO - Processing /home/airflow/.local/lib/python3.12/site-packages/airflow/example_dags/example_subdag_operator.py took 0.095 seconds
[2025-04-26T22:31:22.519+0000] {processor.py:186} INFO - Started process (PID=254) to work on /home/airflow/.local/lib/python3.12/site-packages/airflow/example_dags/example_subdag_operator.py
[2025-04-26T22:31:22.519+0000] {processor.py:914} INFO - Processing file /home/airflow/.local/lib/python3.12/site-packages/airflow/example_dags/example_subdag_operator.py for tasks to queue
[2025-04-26T22:31:22.522+0000] {logging_mixin.py:190} INFO - [2025-04-26T22:31:22.521+0000] {dagbag.py:588} INFO - Filling up the DagBag from /home/airflow/.local/lib/python3.12/site-packages/airflow/example_dags/example_subdag_operator.py
[2025-04-26T22:31:22.547+0000] {processor.py:925} INFO - DAG(s) 'example_subdag_operator.section-1', 'example_subdag_operator.section-2', 'example_subdag_operator' retrieved from /home/airflow/.local/lib/python3.12/site-packages/airflow/example_dags/example_subdag_operator.py
[2025-04-26T22:31:22.562+0000] {logging_mixin.py:190} INFO - [2025-04-26T22:31:22.562+0000] {dag.py:3239} INFO - Sync 3 DAGs
[2025-04-26T22:31:22.584+0000] {logging_mixin.py:190} INFO - [2025-04-26T22:31:22.584+0000] {dag.py:4180} INFO - Setting next_dagrun for example_subdag_operator to 2022-01-01 00:00:00+00:00, run_after=2022-01-01 00:00:00+00:00
[2025-04-26T22:31:22.587+0000] {logging_mixin.py:190} INFO - [2025-04-26T22:31:22.587+0000] {dag.py:4180} INFO - Setting next_dagrun for example_subdag_operator.section-1 to None, run_after=None
[2025-04-26T22:31:22.588+0000] {logging_mixin.py:190} INFO - [2025-04-26T22:31:22.588+0000] {dag.py:4180} INFO - Setting next_dagrun for example_subdag_operator.section-2 to None, run_after=None
[2025-04-26T22:31:22.594+0000] {logging_mixin.py:190} INFO - [2025-04-26T22:31:22.594+0000] {dag.py:3239} INFO - Sync 2 DAGs
[2025-04-26T22:31:22.599+0000] {logging_mixin.py:190} INFO - [2025-04-26T22:31:22.599+0000] {dag.py:4180} INFO - Setting next_dagrun for example_subdag_operator.section-1 to None, run_after=None
[2025-04-26T22:31:22.599+0000] {logging_mixin.py:190} INFO - [2025-04-26T22:31:22.599+0000] {dag.py:4180} INFO - Setting next_dagrun for example_subdag_operator.section-2 to None, run_after=None
[2025-04-26T22:31:22.608+0000] {processor.py:208} INFO - Processing /home/airflow/.local/lib/python3.12/site-packages/airflow/example_dags/example_subdag_operator.py took 0.095 seconds
[2025-04-26T22:31:52.859+0000] {processor.py:186} INFO - Started process (PID=317) to work on /home/airflow/.local/lib/python3.12/site-packages/airflow/example_dags/example_subdag_operator.py
[2025-04-26T22:31:52.860+0000] {processor.py:914} INFO - Processing file /home/airflow/.local/lib/python3.12/site-packages/airflow/example_dags/example_subdag_operator.py for tasks to queue
[2025-04-26T22:31:52.862+0000] {logging_mixin.py:190} INFO - [2025-04-26T22:31:52.862+0000] {dagbag.py:588} INFO - Filling up the DagBag from /home/airflow/.local/lib/python3.12/site-packages/airflow/example_dags/example_subdag_operator.py
[2025-04-26T22:31:52.888+0000] {processor.py:925} INFO - DAG(s) 'example_subdag_operator.section-1', 'example_subdag_operator.section-2', 'example_subdag_operator' retrieved from /home/airflow/.local/lib/python3.12/site-packages/airflow/example_dags/example_subdag_operator.py
[2025-04-26T22:31:52.902+0000] {logging_mixin.py:190} INFO - [2025-04-26T22:31:52.902+0000] {dag.py:3239} INFO - Sync 3 DAGs
[2025-04-26T22:31:52.924+0000] {logging_mixin.py:190} INFO - [2025-04-26T22:31:52.924+0000] {dag.py:4180} INFO - Setting next_dagrun for example_subdag_operator to 2022-01-01 00:00:00+00:00, run_after=2022-01-01 00:00:00+00:00
[2025-04-26T22:31:52.928+0000] {logging_mixin.py:190} INFO - [2025-04-26T22:31:52.927+0000] {dag.py:4180} INFO - Setting next_dagrun for example_subdag_operator.section-1 to None, run_after=None
[2025-04-26T22:31:52.929+0000] {logging_mixin.py:190} INFO - [2025-04-26T22:31:52.929+0000] {dag.py:4180} INFO - Setting next_dagrun for example_subdag_operator.section-2 to None, run_after=None
[2025-04-26T22:31:52.935+0000] {logging_mixin.py:190} INFO - [2025-04-26T22:31:52.935+0000] {dag.py:3239} INFO - Sync 2 DAGs
[2025-04-26T22:31:52.940+0000] {logging_mixin.py:190} INFO - [2025-04-26T22:31:52.940+0000] {dag.py:4180} INFO - Setting next_dagrun for example_subdag_operator.section-1 to None, run_after=None
[2025-04-26T22:31:52.940+0000] {logging_mixin.py:190} INFO - [2025-04-26T22:31:52.940+0000] {dag.py:4180} INFO - Setting next_dagrun for example_subdag_operator.section-2 to None, run_after=None
[2025-04-26T22:31:52.950+0000] {processor.py:208} INFO - Processing /home/airflow/.local/lib/python3.12/site-packages/airflow/example_dags/example_subdag_operator.py took 0.098 seconds
[2025-04-26T22:32:23.216+0000] {processor.py:186} INFO - Started process (PID=380) to work on /home/airflow/.local/lib/python3.12/site-packages/airflow/example_dags/example_subdag_operator.py
[2025-04-26T22:32:23.217+0000] {processor.py:914} INFO - Processing file /home/airflow/.local/lib/python3.12/site-packages/airflow/example_dags/example_subdag_operator.py for tasks to queue
[2025-04-26T22:32:23.219+0000] {logging_mixin.py:190} INFO - [2025-04-26T22:32:23.219+0000] {dagbag.py:588} INFO - Filling up the DagBag from /home/airflow/.local/lib/python3.12/site-packages/airflow/example_dags/example_subdag_operator.py
[2025-04-26T22:32:23.245+0000] {processor.py:925} INFO - DAG(s) 'example_subdag_operator.section-1', 'example_subdag_operator.section-2', 'example_subdag_operator' retrieved from /home/airflow/.local/lib/python3.12/site-packages/airflow/example_dags/example_subdag_operator.py
[2025-04-26T22:32:23.260+0000] {logging_mixin.py:190} INFO - [2025-04-26T22:32:23.260+0000] {dag.py:3239} INFO - Sync 3 DAGs
[2025-04-26T22:32:23.283+0000] {logging_mixin.py:190} INFO - [2025-04-26T22:32:23.283+0000] {dag.py:4180} INFO - Setting next_dagrun for example_subdag_operator to 2022-01-01 00:00:00+00:00, run_after=2022-01-01 00:00:00+00:00
[2025-04-26T22:32:23.286+0000] {logging_mixin.py:190} INFO - [2025-04-26T22:32:23.286+0000] {dag.py:4180} INFO - Setting next_dagrun for example_subdag_operator.section-1 to None, run_after=None
[2025-04-26T22:32:23.288+0000] {logging_mixin.py:190} INFO - [2025-04-26T22:32:23.287+0000] {dag.py:4180} INFO - Setting next_dagrun for example_subdag_operator.section-2 to None, run_after=None
[2025-04-26T22:32:23.294+0000] {logging_mixin.py:190} INFO - [2025-04-26T22:32:23.294+0000] {dag.py:3239} INFO - Sync 2 DAGs
[2025-04-26T22:32:23.299+0000] {logging_mixin.py:190} INFO - [2025-04-26T22:32:23.299+0000] {dag.py:4180} INFO - Setting next_dagrun for example_subdag_operator.section-1 to None, run_after=None
[2025-04-26T22:32:23.299+0000] {logging_mixin.py:190} INFO - [2025-04-26T22:32:23.299+0000] {dag.py:4180} INFO - Setting next_dagrun for example_subdag_operator.section-2 to None, run_after=None
[2025-04-26T22:32:23.308+0000] {processor.py:208} INFO - Processing /home/airflow/.local/lib/python3.12/site-packages/airflow/example_dags/example_subdag_operator.py took 0.099 seconds
[2025-04-26T22:32:53.352+0000] {processor.py:186} INFO - Started process (PID=443) to work on /home/airflow/.local/lib/python3.12/site-packages/airflow/example_dags/example_subdag_operator.py
[2025-04-26T22:32:53.353+0000] {processor.py:914} INFO - Processing file /home/airflow/.local/lib/python3.12/site-packages/airflow/example_dags/example_subdag_operator.py for tasks to queue
[2025-04-26T22:32:53.356+0000] {logging_mixin.py:190} INFO - [2025-04-26T22:32:53.355+0000] {dagbag.py:588} INFO - Filling up the DagBag from /home/airflow/.local/lib/python3.12/site-packages/airflow/example_dags/example_subdag_operator.py
[2025-04-26T22:32:53.382+0000] {processor.py:925} INFO - DAG(s) 'example_subdag_operator.section-1', 'example_subdag_operator.section-2', 'example_subdag_operator' retrieved from /home/airflow/.local/lib/python3.12/site-packages/airflow/example_dags/example_subdag_operator.py
[2025-04-26T22:32:53.396+0000] {logging_mixin.py:190} INFO - [2025-04-26T22:32:53.396+0000] {dag.py:3239} INFO - Sync 3 DAGs
[2025-04-26T22:32:53.419+0000] {logging_mixin.py:190} INFO - [2025-04-26T22:32:53.418+0000] {dag.py:4180} INFO - Setting next_dagrun for example_subdag_operator to 2022-01-01 00:00:00+00:00, run_after=2022-01-01 00:00:00+00:00
[2025-04-26T22:32:53.422+0000] {logging_mixin.py:190} INFO - [2025-04-26T22:32:53.422+0000] {dag.py:4180} INFO - Setting next_dagrun for example_subdag_operator.section-1 to None, run_after=None
[2025-04-26T22:32:53.423+0000] {logging_mixin.py:190} INFO - [2025-04-26T22:32:53.423+0000] {dag.py:4180} INFO - Setting next_dagrun for example_subdag_operator.section-2 to None, run_after=None
[2025-04-26T22:32:53.429+0000] {logging_mixin.py:190} INFO - [2025-04-26T22:32:53.429+0000] {dag.py:3239} INFO - Sync 2 DAGs
[2025-04-26T22:32:53.434+0000] {logging_mixin.py:190} INFO - [2025-04-26T22:32:53.434+0000] {dag.py:4180} INFO - Setting next_dagrun for example_subdag_operator.section-1 to None, run_after=None
[2025-04-26T22:32:53.434+0000] {logging_mixin.py:190} INFO - [2025-04-26T22:32:53.434+0000] {dag.py:4180} INFO - Setting next_dagrun for example_subdag_operator.section-2 to None, run_after=None
[2025-04-26T22:32:53.443+0000] {processor.py:208} INFO - Processing /home/airflow/.local/lib/python3.12/site-packages/airflow/example_dags/example_subdag_operator.py took 0.098 seconds
[2025-04-26T22:33:23.548+0000] {processor.py:186} INFO - Started process (PID=506) to work on /home/airflow/.local/lib/python3.12/site-packages/airflow/example_dags/example_subdag_operator.py
[2025-04-26T22:33:23.549+0000] {processor.py:914} INFO - Processing file /home/airflow/.local/lib/python3.12/site-packages/airflow/example_dags/example_subdag_operator.py for tasks to queue
[2025-04-26T22:33:23.552+0000] {logging_mixin.py:190} INFO - [2025-04-26T22:33:23.551+0000] {dagbag.py:588} INFO - Filling up the DagBag from /home/airflow/.local/lib/python3.12/site-packages/airflow/example_dags/example_subdag_operator.py
[2025-04-26T22:33:23.577+0000] {processor.py:925} INFO - DAG(s) 'example_subdag_operator.section-1', 'example_subdag_operator.section-2', 'example_subdag_operator' retrieved from /home/airflow/.local/lib/python3.12/site-packages/airflow/example_dags/example_subdag_operator.py
[2025-04-26T22:33:23.591+0000] {logging_mixin.py:190} INFO - [2025-04-26T22:33:23.591+0000] {dag.py:3239} INFO - Sync 3 DAGs
[2025-04-26T22:33:23.615+0000] {logging_mixin.py:190} INFO - [2025-04-26T22:33:23.615+0000] {dag.py:4180} INFO - Setting next_dagrun for example_subdag_operator to 2022-01-01 00:00:00+00:00, run_after=2022-01-01 00:00:00+00:00
[2025-04-26T22:33:23.618+0000] {logging_mixin.py:190} INFO - [2025-04-26T22:33:23.618+0000] {dag.py:4180} INFO - Setting next_dagrun for example_subdag_operator.section-1 to None, run_after=None
[2025-04-26T22:33:23.620+0000] {logging_mixin.py:190} INFO - [2025-04-26T22:33:23.619+0000] {dag.py:4180} INFO - Setting next_dagrun for example_subdag_operator.section-2 to None, run_after=None
[2025-04-26T22:33:23.626+0000] {logging_mixin.py:190} INFO - [2025-04-26T22:33:23.626+0000] {dag.py:3239} INFO - Sync 2 DAGs
[2025-04-26T22:33:23.631+0000] {logging_mixin.py:190} INFO - [2025-04-26T22:33:23.631+0000] {dag.py:4180} INFO - Setting next_dagrun for example_subdag_operator.section-1 to None, run_after=None
[2025-04-26T22:33:23.631+0000] {logging_mixin.py:190} INFO - [2025-04-26T22:33:23.631+0000] {dag.py:4180} INFO - Setting next_dagrun for example_subdag_operator.section-2 to None, run_after=None
[2025-04-26T22:33:23.640+0000] {processor.py:208} INFO - Processing /home/airflow/.local/lib/python3.12/site-packages/airflow/example_dags/example_subdag_operator.py took 0.098 seconds
[2025-04-26T22:33:53.784+0000] {processor.py:186} INFO - Started process (PID=569) to work on /home/airflow/.local/lib/python3.12/site-packages/airflow/example_dags/example_subdag_operator.py
[2025-04-26T22:33:53.786+0000] {processor.py:914} INFO - Processing file /home/airflow/.local/lib/python3.12/site-packages/airflow/example_dags/example_subdag_operator.py for tasks to queue
[2025-04-26T22:33:53.788+0000] {logging_mixin.py:190} INFO - [2025-04-26T22:33:53.788+0000] {dagbag.py:588} INFO - Filling up the DagBag from /home/airflow/.local/lib/python3.12/site-packages/airflow/example_dags/example_subdag_operator.py
[2025-04-26T22:33:53.813+0000] {processor.py:925} INFO - DAG(s) 'example_subdag_operator.section-1', 'example_subdag_operator.section-2', 'example_subdag_operator' retrieved from /home/airflow/.local/lib/python3.12/site-packages/airflow/example_dags/example_subdag_operator.py
[2025-04-26T22:33:53.828+0000] {logging_mixin.py:190} INFO - [2025-04-26T22:33:53.827+0000] {dag.py:3239} INFO - Sync 3 DAGs
[2025-04-26T22:33:53.850+0000] {logging_mixin.py:190} INFO - [2025-04-26T22:33:53.850+0000] {dag.py:4180} INFO - Setting next_dagrun for example_subdag_operator to 2022-01-01 00:00:00+00:00, run_after=2022-01-01 00:00:00+00:00
[2025-04-26T22:33:53.853+0000] {logging_mixin.py:190} INFO - [2025-04-26T22:33:53.853+0000] {dag.py:4180} INFO - Setting next_dagrun for example_subdag_operator.section-1 to None, run_after=None
[2025-04-26T22:33:53.854+0000] {logging_mixin.py:190} INFO - [2025-04-26T22:33:53.854+0000] {dag.py:4180} INFO - Setting next_dagrun for example_subdag_operator.section-2 to None, run_after=None
[2025-04-26T22:33:53.861+0000] {logging_mixin.py:190} INFO - [2025-04-26T22:33:53.861+0000] {dag.py:3239} INFO - Sync 2 DAGs
[2025-04-26T22:33:53.866+0000] {logging_mixin.py:190} INFO - [2025-04-26T22:33:53.866+0000] {dag.py:4180} INFO - Setting next_dagrun for example_subdag_operator.section-1 to None, run_after=None
[2025-04-26T22:33:53.866+0000] {logging_mixin.py:190} INFO - [2025-04-26T22:33:53.866+0000] {dag.py:4180} INFO - Setting next_dagrun for example_subdag_operator.section-2 to None, run_after=None
[2025-04-26T22:33:53.875+0000] {processor.py:208} INFO - Processing /home/airflow/.local/lib/python3.12/site-packages/airflow/example_dags/example_subdag_operator.py took 0.097 seconds
[2025-04-26T22:34:24.359+0000] {processor.py:186} INFO - Started process (PID=632) to work on /home/airflow/.local/lib/python3.12/site-packages/airflow/example_dags/example_subdag_operator.py
[2025-04-26T22:34:24.360+0000] {processor.py:914} INFO - Processing file /home/airflow/.local/lib/python3.12/site-packages/airflow/example_dags/example_subdag_operator.py for tasks to queue
[2025-04-26T22:34:24.362+0000] {logging_mixin.py:190} INFO - [2025-04-26T22:34:24.361+0000] {dagbag.py:588} INFO - Filling up the DagBag from /home/airflow/.local/lib/python3.12/site-packages/airflow/example_dags/example_subdag_operator.py
[2025-04-26T22:34:24.386+0000] {processor.py:925} INFO - DAG(s) 'example_subdag_operator.section-1', 'example_subdag_operator.section-2', 'example_subdag_operator' retrieved from /home/airflow/.local/lib/python3.12/site-packages/airflow/example_dags/example_subdag_operator.py
[2025-04-26T22:34:24.400+0000] {logging_mixin.py:190} INFO - [2025-04-26T22:34:24.400+0000] {dag.py:3239} INFO - Sync 3 DAGs
[2025-04-26T22:34:24.423+0000] {logging_mixin.py:190} INFO - [2025-04-26T22:34:24.423+0000] {dag.py:4180} INFO - Setting next_dagrun for example_subdag_operator to 2022-01-01 00:00:00+00:00, run_after=2022-01-01 00:00:00+00:00
[2025-04-26T22:34:24.426+0000] {logging_mixin.py:190} INFO - [2025-04-26T22:34:24.426+0000] {dag.py:4180} INFO - Setting next_dagrun for example_subdag_operator.section-1 to None, run_after=None
[2025-04-26T22:34:24.427+0000] {logging_mixin.py:190} INFO - [2025-04-26T22:34:24.427+0000] {dag.py:4180} INFO - Setting next_dagrun for example_subdag_operator.section-2 to None, run_after=None
[2025-04-26T22:34:24.434+0000] {logging_mixin.py:190} INFO - [2025-04-26T22:34:24.433+0000] {dag.py:3239} INFO - Sync 2 DAGs
[2025-04-26T22:34:24.438+0000] {logging_mixin.py:190} INFO - [2025-04-26T22:34:24.438+0000] {dag.py:4180} INFO - Setting next_dagrun for example_subdag_operator.section-1 to None, run_after=None
[2025-04-26T22:34:24.439+0000] {logging_mixin.py:190} INFO - [2025-04-26T22:34:24.439+0000] {dag.py:4180} INFO - Setting next_dagrun for example_subdag_operator.section-2 to None, run_after=None
[2025-04-26T22:34:24.447+0000] {processor.py:208} INFO - Processing /home/airflow/.local/lib/python3.12/site-packages/airflow/example_dags/example_subdag_operator.py took 0.095 seconds
[2025-04-26T22:34:54.546+0000] {processor.py:186} INFO - Started process (PID=696) to work on /home/airflow/.local/lib/python3.12/site-packages/airflow/example_dags/example_subdag_operator.py
[2025-04-26T22:34:54.547+0000] {processor.py:914} INFO - Processing file /home/airflow/.local/lib/python3.12/site-packages/airflow/example_dags/example_subdag_operator.py for tasks to queue
[2025-04-26T22:34:54.549+0000] {logging_mixin.py:190} INFO - [2025-04-26T22:34:54.549+0000] {dagbag.py:588} INFO - Filling up the DagBag from /home/airflow/.local/lib/python3.12/site-packages/airflow/example_dags/example_subdag_operator.py
[2025-04-26T22:34:54.578+0000] {processor.py:925} INFO - DAG(s) 'example_subdag_operator.section-1', 'example_subdag_operator.section-2', 'example_subdag_operator' retrieved from /home/airflow/.local/lib/python3.12/site-packages/airflow/example_dags/example_subdag_operator.py
[2025-04-26T22:34:54.601+0000] {logging_mixin.py:190} INFO - [2025-04-26T22:34:54.600+0000] {dag.py:3239} INFO - Sync 3 DAGs
[2025-04-26T22:34:54.632+0000] {logging_mixin.py:190} INFO - [2025-04-26T22:34:54.632+0000] {dag.py:4180} INFO - Setting next_dagrun for example_subdag_operator to 2022-01-01 00:00:00+00:00, run_after=2022-01-01 00:00:00+00:00
[2025-04-26T22:34:54.636+0000] {logging_mixin.py:190} INFO - [2025-04-26T22:34:54.636+0000] {dag.py:4180} INFO - Setting next_dagrun for example_subdag_operator.section-1 to None, run_after=None
[2025-04-26T22:34:54.637+0000] {logging_mixin.py:190} INFO - [2025-04-26T22:34:54.637+0000] {dag.py:4180} INFO - Setting next_dagrun for example_subdag_operator.section-2 to None, run_after=None
[2025-04-26T22:34:54.644+0000] {logging_mixin.py:190} INFO - [2025-04-26T22:34:54.643+0000] {dag.py:3239} INFO - Sync 2 DAGs
[2025-04-26T22:34:54.648+0000] {logging_mixin.py:190} INFO - [2025-04-26T22:34:54.648+0000] {dag.py:4180} INFO - Setting next_dagrun for example_subdag_operator.section-1 to None, run_after=None
[2025-04-26T22:34:54.649+0000] {logging_mixin.py:190} INFO - [2025-04-26T22:34:54.649+0000] {dag.py:4180} INFO - Setting next_dagrun for example_subdag_operator.section-2 to None, run_after=None
[2025-04-26T22:34:54.658+0000] {processor.py:208} INFO - Processing /home/airflow/.local/lib/python3.12/site-packages/airflow/example_dags/example_subdag_operator.py took 0.119 seconds
[2025-04-26T22:35:24.769+0000] {processor.py:186} INFO - Started process (PID=760) to work on /home/airflow/.local/lib/python3.12/site-packages/airflow/example_dags/example_subdag_operator.py
[2025-04-26T22:35:24.770+0000] {processor.py:914} INFO - Processing file /home/airflow/.local/lib/python3.12/site-packages/airflow/example_dags/example_subdag_operator.py for tasks to queue
[2025-04-26T22:35:24.773+0000] {logging_mixin.py:190} INFO - [2025-04-26T22:35:24.773+0000] {dagbag.py:588} INFO - Filling up the DagBag from /home/airflow/.local/lib/python3.12/site-packages/airflow/example_dags/example_subdag_operator.py
[2025-04-26T22:35:24.799+0000] {processor.py:925} INFO - DAG(s) 'example_subdag_operator.section-1', 'example_subdag_operator.section-2', 'example_subdag_operator' retrieved from /home/airflow/.local/lib/python3.12/site-packages/airflow/example_dags/example_subdag_operator.py
[2025-04-26T22:35:24.813+0000] {logging_mixin.py:190} INFO - [2025-04-26T22:35:24.813+0000] {dag.py:3239} INFO - Sync 3 DAGs
[2025-04-26T22:35:24.835+0000] {logging_mixin.py:190} INFO - [2025-04-26T22:35:24.835+0000] {dag.py:4180} INFO - Setting next_dagrun for example_subdag_operator to 2022-01-01 00:00:00+00:00, run_after=2022-01-01 00:00:00+00:00
[2025-04-26T22:35:24.839+0000] {logging_mixin.py:190} INFO - [2025-04-26T22:35:24.839+0000] {dag.py:4180} INFO - Setting next_dagrun for example_subdag_operator.section-1 to None, run_after=None
[2025-04-26T22:35:24.840+0000] {logging_mixin.py:190} INFO - [2025-04-26T22:35:24.840+0000] {dag.py:4180} INFO - Setting next_dagrun for example_subdag_operator.section-2 to None, run_after=None
[2025-04-26T22:35:24.848+0000] {logging_mixin.py:190} INFO - [2025-04-26T22:35:24.848+0000] {dag.py:3239} INFO - Sync 2 DAGs
[2025-04-26T22:35:24.853+0000] {logging_mixin.py:190} INFO - [2025-04-26T22:35:24.852+0000] {dag.py:4180} INFO - Setting next_dagrun for example_subdag_operator.section-1 to None, run_after=None
[2025-04-26T22:35:24.853+0000] {logging_mixin.py:190} INFO - [2025-04-26T22:35:24.853+0000] {dag.py:4180} INFO - Setting next_dagrun for example_subdag_operator.section-2 to None, run_after=None
[2025-04-26T22:35:24.862+0000] {processor.py:208} INFO - Processing /home/airflow/.local/lib/python3.12/site-packages/airflow/example_dags/example_subdag_operator.py took 0.099 seconds
[2025-04-26T22:35:55.653+0000] {processor.py:186} INFO - Started process (PID=824) to work on /home/airflow/.local/lib/python3.12/site-packages/airflow/example_dags/example_subdag_operator.py
[2025-04-26T22:35:55.655+0000] {processor.py:914} INFO - Processing file /home/airflow/.local/lib/python3.12/site-packages/airflow/example_dags/example_subdag_operator.py for tasks to queue
[2025-04-26T22:35:55.658+0000] {logging_mixin.py:190} INFO - [2025-04-26T22:35:55.657+0000] {dagbag.py:588} INFO - Filling up the DagBag from /home/airflow/.local/lib/python3.12/site-packages/airflow/example_dags/example_subdag_operator.py
[2025-04-26T22:35:55.683+0000] {processor.py:925} INFO - DAG(s) 'example_subdag_operator.section-1', 'example_subdag_operator.section-2', 'example_subdag_operator' retrieved from /home/airflow/.local/lib/python3.12/site-packages/airflow/example_dags/example_subdag_operator.py
[2025-04-26T22:35:55.698+0000] {logging_mixin.py:190} INFO - [2025-04-26T22:35:55.698+0000] {dag.py:3239} INFO - Sync 3 DAGs
[2025-04-26T22:35:55.719+0000] {logging_mixin.py:190} INFO - [2025-04-26T22:35:55.719+0000] {dag.py:4180} INFO - Setting next_dagrun for example_subdag_operator to 2022-01-01 00:00:00+00:00, run_after=2022-01-01 00:00:00+00:00
[2025-04-26T22:35:55.724+0000] {logging_mixin.py:190} INFO - [2025-04-26T22:35:55.723+0000] {dag.py:4180} INFO - Setting next_dagrun for example_subdag_operator.section-1 to None, run_after=None
[2025-04-26T22:35:55.725+0000] {logging_mixin.py:190} INFO - [2025-04-26T22:35:55.724+0000] {dag.py:4180} INFO - Setting next_dagrun for example_subdag_operator.section-2 to None, run_after=None
[2025-04-26T22:35:55.731+0000] {logging_mixin.py:190} INFO - [2025-04-26T22:35:55.730+0000] {dag.py:3239} INFO - Sync 2 DAGs
[2025-04-26T22:35:55.735+0000] {logging_mixin.py:190} INFO - [2025-04-26T22:35:55.735+0000] {dag.py:4180} INFO - Setting next_dagrun for example_subdag_operator.section-1 to None, run_after=None
[2025-04-26T22:35:55.735+0000] {logging_mixin.py:190} INFO - [2025-04-26T22:35:55.735+0000] {dag.py:4180} INFO - Setting next_dagrun for example_subdag_operator.section-2 to None, run_after=None
[2025-04-26T22:35:55.744+0000] {processor.py:208} INFO - Processing /home/airflow/.local/lib/python3.12/site-packages/airflow/example_dags/example_subdag_operator.py took 0.097 seconds
[2025-04-26T22:36:25.791+0000] {processor.py:186} INFO - Started process (PID=888) to work on /home/airflow/.local/lib/python3.12/site-packages/airflow/example_dags/example_subdag_operator.py
[2025-04-26T22:36:25.793+0000] {processor.py:914} INFO - Processing file /home/airflow/.local/lib/python3.12/site-packages/airflow/example_dags/example_subdag_operator.py for tasks to queue
[2025-04-26T22:36:25.796+0000] {logging_mixin.py:190} INFO - [2025-04-26T22:36:25.796+0000] {dagbag.py:588} INFO - Filling up the DagBag from /home/airflow/.local/lib/python3.12/site-packages/airflow/example_dags/example_subdag_operator.py
[2025-04-26T22:36:25.827+0000] {processor.py:925} INFO - DAG(s) 'example_subdag_operator.section-1', 'example_subdag_operator.section-2', 'example_subdag_operator' retrieved from /home/airflow/.local/lib/python3.12/site-packages/airflow/example_dags/example_subdag_operator.py
[2025-04-26T22:36:25.849+0000] {logging_mixin.py:190} INFO - [2025-04-26T22:36:25.848+0000] {dag.py:3239} INFO - Sync 3 DAGs
[2025-04-26T22:36:25.879+0000] {logging_mixin.py:190} INFO - [2025-04-26T22:36:25.879+0000] {dag.py:4180} INFO - Setting next_dagrun for example_subdag_operator to 2022-01-01 00:00:00+00:00, run_after=2022-01-01 00:00:00+00:00
[2025-04-26T22:36:25.884+0000] {logging_mixin.py:190} INFO - [2025-04-26T22:36:25.884+0000] {dag.py:4180} INFO - Setting next_dagrun for example_subdag_operator.section-1 to None, run_after=None
[2025-04-26T22:36:25.885+0000] {logging_mixin.py:190} INFO - [2025-04-26T22:36:25.885+0000] {dag.py:4180} INFO - Setting next_dagrun for example_subdag_operator.section-2 to None, run_after=None
[2025-04-26T22:36:25.892+0000] {logging_mixin.py:190} INFO - [2025-04-26T22:36:25.892+0000] {dag.py:3239} INFO - Sync 2 DAGs
[2025-04-26T22:36:25.897+0000] {logging_mixin.py:190} INFO - [2025-04-26T22:36:25.897+0000] {dag.py:4180} INFO - Setting next_dagrun for example_subdag_operator.section-1 to None, run_after=None
[2025-04-26T22:36:25.897+0000] {logging_mixin.py:190} INFO - [2025-04-26T22:36:25.897+0000] {dag.py:4180} INFO - Setting next_dagrun for example_subdag_operator.section-2 to None, run_after=None
[2025-04-26T22:36:25.907+0000] {processor.py:208} INFO - Processing /home/airflow/.local/lib/python3.12/site-packages/airflow/example_dags/example_subdag_operator.py took 0.122 seconds
[2025-04-26T22:36:56.441+0000] {processor.py:186} INFO - Started process (PID=952) to work on /home/airflow/.local/lib/python3.12/site-packages/airflow/example_dags/example_subdag_operator.py
[2025-04-26T22:36:56.443+0000] {processor.py:914} INFO - Processing file /home/airflow/.local/lib/python3.12/site-packages/airflow/example_dags/example_subdag_operator.py for tasks to queue
[2025-04-26T22:36:56.445+0000] {logging_mixin.py:190} INFO - [2025-04-26T22:36:56.445+0000] {dagbag.py:588} INFO - Filling up the DagBag from /home/airflow/.local/lib/python3.12/site-packages/airflow/example_dags/example_subdag_operator.py
[2025-04-26T22:36:56.470+0000] {processor.py:925} INFO - DAG(s) 'example_subdag_operator.section-1', 'example_subdag_operator.section-2', 'example_subdag_operator' retrieved from /home/airflow/.local/lib/python3.12/site-packages/airflow/example_dags/example_subdag_operator.py
[2025-04-26T22:36:56.485+0000] {logging_mixin.py:190} INFO - [2025-04-26T22:36:56.484+0000] {dag.py:3239} INFO - Sync 3 DAGs
[2025-04-26T22:36:56.507+0000] {logging_mixin.py:190} INFO - [2025-04-26T22:36:56.507+0000] {dag.py:4180} INFO - Setting next_dagrun for example_subdag_operator to 2022-01-01 00:00:00+00:00, run_after=2022-01-01 00:00:00+00:00
[2025-04-26T22:36:56.511+0000] {logging_mixin.py:190} INFO - [2025-04-26T22:36:56.510+0000] {dag.py:4180} INFO - Setting next_dagrun for example_subdag_operator.section-1 to None, run_after=None
[2025-04-26T22:36:56.512+0000] {logging_mixin.py:190} INFO - [2025-04-26T22:36:56.511+0000] {dag.py:4180} INFO - Setting next_dagrun for example_subdag_operator.section-2 to None, run_after=None
[2025-04-26T22:36:56.519+0000] {logging_mixin.py:190} INFO - [2025-04-26T22:36:56.519+0000] {dag.py:3239} INFO - Sync 2 DAGs
[2025-04-26T22:36:56.523+0000] {logging_mixin.py:190} INFO - [2025-04-26T22:36:56.523+0000] {dag.py:4180} INFO - Setting next_dagrun for example_subdag_operator.section-1 to None, run_after=None
[2025-04-26T22:36:56.524+0000] {logging_mixin.py:190} INFO - [2025-04-26T22:36:56.523+0000] {dag.py:4180} INFO - Setting next_dagrun for example_subdag_operator.section-2 to None, run_after=None
[2025-04-26T22:36:56.532+0000] {processor.py:208} INFO - Processing /home/airflow/.local/lib/python3.12/site-packages/airflow/example_dags/example_subdag_operator.py took 0.098 seconds
[2025-04-26T22:37:26.677+0000] {processor.py:186} INFO - Started process (PID=1016) to work on /home/airflow/.local/lib/python3.12/site-packages/airflow/example_dags/example_subdag_operator.py
[2025-04-26T22:37:26.678+0000] {processor.py:914} INFO - Processing file /home/airflow/.local/lib/python3.12/site-packages/airflow/example_dags/example_subdag_operator.py for tasks to queue
[2025-04-26T22:37:26.680+0000] {logging_mixin.py:190} INFO - [2025-04-26T22:37:26.680+0000] {dagbag.py:588} INFO - Filling up the DagBag from /home/airflow/.local/lib/python3.12/site-packages/airflow/example_dags/example_subdag_operator.py
[2025-04-26T22:37:26.713+0000] {processor.py:925} INFO - DAG(s) 'example_subdag_operator.section-1', 'example_subdag_operator.section-2', 'example_subdag_operator' retrieved from /home/airflow/.local/lib/python3.12/site-packages/airflow/example_dags/example_subdag_operator.py
[2025-04-26T22:37:26.729+0000] {logging_mixin.py:190} INFO - [2025-04-26T22:37:26.728+0000] {dag.py:3239} INFO - Sync 3 DAGs
[2025-04-26T22:37:26.752+0000] {logging_mixin.py:190} INFO - [2025-04-26T22:37:26.751+0000] {dag.py:4180} INFO - Setting next_dagrun for example_subdag_operator to 2022-01-01 00:00:00+00:00, run_after=2022-01-01 00:00:00+00:00
[2025-04-26T22:37:26.755+0000] {logging_mixin.py:190} INFO - [2025-04-26T22:37:26.755+0000] {dag.py:4180} INFO - Setting next_dagrun for example_subdag_operator.section-1 to None, run_after=None
[2025-04-26T22:37:26.756+0000] {logging_mixin.py:190} INFO - [2025-04-26T22:37:26.756+0000] {dag.py:4180} INFO - Setting next_dagrun for example_subdag_operator.section-2 to None, run_after=None
[2025-04-26T22:37:26.762+0000] {logging_mixin.py:190} INFO - [2025-04-26T22:37:26.762+0000] {dag.py:3239} INFO - Sync 2 DAGs
[2025-04-26T22:37:26.766+0000] {logging_mixin.py:190} INFO - [2025-04-26T22:37:26.766+0000] {dag.py:4180} INFO - Setting next_dagrun for example_subdag_operator.section-1 to None, run_after=None
[2025-04-26T22:37:26.767+0000] {logging_mixin.py:190} INFO - [2025-04-26T22:37:26.766+0000] {dag.py:4180} INFO - Setting next_dagrun for example_subdag_operator.section-2 to None, run_after=None
[2025-04-26T22:37:26.775+0000] {processor.py:208} INFO - Processing /home/airflow/.local/lib/python3.12/site-packages/airflow/example_dags/example_subdag_operator.py took 0.105 seconds
[2025-04-26T22:37:56.877+0000] {processor.py:186} INFO - Started process (PID=1080) to work on /home/airflow/.local/lib/python3.12/site-packages/airflow/example_dags/example_subdag_operator.py
[2025-04-26T22:37:56.878+0000] {processor.py:914} INFO - Processing file /home/airflow/.local/lib/python3.12/site-packages/airflow/example_dags/example_subdag_operator.py for tasks to queue
[2025-04-26T22:37:56.880+0000] {logging_mixin.py:190} INFO - [2025-04-26T22:37:56.880+0000] {dagbag.py:588} INFO - Filling up the DagBag from /home/airflow/.local/lib/python3.12/site-packages/airflow/example_dags/example_subdag_operator.py
[2025-04-26T22:37:56.906+0000] {processor.py:925} INFO - DAG(s) 'example_subdag_operator.section-1', 'example_subdag_operator.section-2', 'example_subdag_operator' retrieved from /home/airflow/.local/lib/python3.12/site-packages/airflow/example_dags/example_subdag_operator.py
[2025-04-26T22:37:56.920+0000] {logging_mixin.py:190} INFO - [2025-04-26T22:37:56.920+0000] {dag.py:3239} INFO - Sync 3 DAGs
[2025-04-26T22:37:56.942+0000] {logging_mixin.py:190} INFO - [2025-04-26T22:37:56.942+0000] {dag.py:4180} INFO - Setting next_dagrun for example_subdag_operator to 2022-01-01 00:00:00+00:00, run_after=2022-01-01 00:00:00+00:00
[2025-04-26T22:37:56.945+0000] {logging_mixin.py:190} INFO - [2025-04-26T22:37:56.945+0000] {dag.py:4180} INFO - Setting next_dagrun for example_subdag_operator.section-1 to None, run_after=None
[2025-04-26T22:37:56.946+0000] {logging_mixin.py:190} INFO - [2025-04-26T22:37:56.946+0000] {dag.py:4180} INFO - Setting next_dagrun for example_subdag_operator.section-2 to None, run_after=None
[2025-04-26T22:37:56.952+0000] {logging_mixin.py:190} INFO - [2025-04-26T22:37:56.952+0000] {dag.py:3239} INFO - Sync 2 DAGs
[2025-04-26T22:37:56.956+0000] {logging_mixin.py:190} INFO - [2025-04-26T22:37:56.956+0000] {dag.py:4180} INFO - Setting next_dagrun for example_subdag_operator.section-1 to None, run_after=None
[2025-04-26T22:37:56.957+0000] {logging_mixin.py:190} INFO - [2025-04-26T22:37:56.957+0000] {dag.py:4180} INFO - Setting next_dagrun for example_subdag_operator.section-2 to None, run_after=None
[2025-04-26T22:37:56.965+0000] {processor.py:208} INFO - Processing /home/airflow/.local/lib/python3.12/site-packages/airflow/example_dags/example_subdag_operator.py took 0.095 seconds
[2025-04-26T22:38:27.048+0000] {processor.py:186} INFO - Started process (PID=1144) to work on /home/airflow/.local/lib/python3.12/site-packages/airflow/example_dags/example_subdag_operator.py
[2025-04-26T22:38:27.049+0000] {processor.py:914} INFO - Processing file /home/airflow/.local/lib/python3.12/site-packages/airflow/example_dags/example_subdag_operator.py for tasks to queue
[2025-04-26T22:38:27.052+0000] {logging_mixin.py:190} INFO - [2025-04-26T22:38:27.051+0000] {dagbag.py:588} INFO - Filling up the DagBag from /home/airflow/.local/lib/python3.12/site-packages/airflow/example_dags/example_subdag_operator.py
[2025-04-26T22:38:27.078+0000] {processor.py:925} INFO - DAG(s) 'example_subdag_operator.section-1', 'example_subdag_operator.section-2', 'example_subdag_operator' retrieved from /home/airflow/.local/lib/python3.12/site-packages/airflow/example_dags/example_subdag_operator.py
[2025-04-26T22:38:27.092+0000] {logging_mixin.py:190} INFO - [2025-04-26T22:38:27.092+0000] {dag.py:3239} INFO - Sync 3 DAGs
[2025-04-26T22:38:27.115+0000] {logging_mixin.py:190} INFO - [2025-04-26T22:38:27.114+0000] {dag.py:4180} INFO - Setting next_dagrun for example_subdag_operator to 2022-01-01 00:00:00+00:00, run_after=2022-01-01 00:00:00+00:00
[2025-04-26T22:38:27.118+0000] {logging_mixin.py:190} INFO - [2025-04-26T22:38:27.118+0000] {dag.py:4180} INFO - Setting next_dagrun for example_subdag_operator.section-1 to None, run_after=None
[2025-04-26T22:38:27.119+0000] {logging_mixin.py:190} INFO - [2025-04-26T22:38:27.119+0000] {dag.py:4180} INFO - Setting next_dagrun for example_subdag_operator.section-2 to None, run_after=None
[2025-04-26T22:38:27.125+0000] {logging_mixin.py:190} INFO - [2025-04-26T22:38:27.125+0000] {dag.py:3239} INFO - Sync 2 DAGs
[2025-04-26T22:38:27.130+0000] {logging_mixin.py:190} INFO - [2025-04-26T22:38:27.130+0000] {dag.py:4180} INFO - Setting next_dagrun for example_subdag_operator.section-1 to None, run_after=None
[2025-04-26T22:38:27.130+0000] {logging_mixin.py:190} INFO - [2025-04-26T22:38:27.130+0000] {dag.py:4180} INFO - Setting next_dagrun for example_subdag_operator.section-2 to None, run_after=None
[2025-04-26T22:38:27.140+0000] {processor.py:208} INFO - Processing /home/airflow/.local/lib/python3.12/site-packages/airflow/example_dags/example_subdag_operator.py took 0.098 seconds
[2025-04-26T22:38:57.391+0000] {processor.py:186} INFO - Started process (PID=1208) to work on /home/airflow/.local/lib/python3.12/site-packages/airflow/example_dags/example_subdag_operator.py
[2025-04-26T22:38:57.392+0000] {processor.py:914} INFO - Processing file /home/airflow/.local/lib/python3.12/site-packages/airflow/example_dags/example_subdag_operator.py for tasks to queue
[2025-04-26T22:38:57.394+0000] {logging_mixin.py:190} INFO - [2025-04-26T22:38:57.394+0000] {dagbag.py:588} INFO - Filling up the DagBag from /home/airflow/.local/lib/python3.12/site-packages/airflow/example_dags/example_subdag_operator.py
[2025-04-26T22:38:57.420+0000] {processor.py:925} INFO - DAG(s) 'example_subdag_operator.section-1', 'example_subdag_operator.section-2', 'example_subdag_operator' retrieved from /home/airflow/.local/lib/python3.12/site-packages/airflow/example_dags/example_subdag_operator.py
[2025-04-26T22:38:57.434+0000] {logging_mixin.py:190} INFO - [2025-04-26T22:38:57.434+0000] {dag.py:3239} INFO - Sync 3 DAGs
[2025-04-26T22:38:57.456+0000] {logging_mixin.py:190} INFO - [2025-04-26T22:38:57.456+0000] {dag.py:4180} INFO - Setting next_dagrun for example_subdag_operator to 2022-01-01 00:00:00+00:00, run_after=2022-01-01 00:00:00+00:00
[2025-04-26T22:38:57.460+0000] {logging_mixin.py:190} INFO - [2025-04-26T22:38:57.459+0000] {dag.py:4180} INFO - Setting next_dagrun for example_subdag_operator.section-1 to None, run_after=None
[2025-04-26T22:38:57.460+0000] {logging_mixin.py:190} INFO - [2025-04-26T22:38:57.460+0000] {dag.py:4180} INFO - Setting next_dagrun for example_subdag_operator.section-2 to None, run_after=None
[2025-04-26T22:38:57.467+0000] {logging_mixin.py:190} INFO - [2025-04-26T22:38:57.466+0000] {dag.py:3239} INFO - Sync 2 DAGs
[2025-04-26T22:38:57.471+0000] {logging_mixin.py:190} INFO - [2025-04-26T22:38:57.471+0000] {dag.py:4180} INFO - Setting next_dagrun for example_subdag_operator.section-1 to None, run_after=None
[2025-04-26T22:38:57.471+0000] {logging_mixin.py:190} INFO - [2025-04-26T22:38:57.471+0000] {dag.py:4180} INFO - Setting next_dagrun for example_subdag_operator.section-2 to None, run_after=None
[2025-04-26T22:38:57.480+0000] {processor.py:208} INFO - Processing /home/airflow/.local/lib/python3.12/site-packages/airflow/example_dags/example_subdag_operator.py took 0.095 seconds
[2025-04-26T22:39:27.903+0000] {processor.py:186} INFO - Started process (PID=1272) to work on /home/airflow/.local/lib/python3.12/site-packages/airflow/example_dags/example_subdag_operator.py
[2025-04-26T22:39:27.904+0000] {processor.py:914} INFO - Processing file /home/airflow/.local/lib/python3.12/site-packages/airflow/example_dags/example_subdag_operator.py for tasks to queue
[2025-04-26T22:39:27.907+0000] {logging_mixin.py:190} INFO - [2025-04-26T22:39:27.906+0000] {dagbag.py:588} INFO - Filling up the DagBag from /home/airflow/.local/lib/python3.12/site-packages/airflow/example_dags/example_subdag_operator.py
[2025-04-26T22:39:27.937+0000] {processor.py:925} INFO - DAG(s) 'example_subdag_operator.section-1', 'example_subdag_operator.section-2', 'example_subdag_operator' retrieved from /home/airflow/.local/lib/python3.12/site-packages/airflow/example_dags/example_subdag_operator.py
[2025-04-26T22:39:27.959+0000] {logging_mixin.py:190} INFO - [2025-04-26T22:39:27.959+0000] {dag.py:3239} INFO - Sync 3 DAGs
[2025-04-26T22:39:27.983+0000] {logging_mixin.py:190} INFO - [2025-04-26T22:39:27.983+0000] {dag.py:4180} INFO - Setting next_dagrun for example_subdag_operator to 2022-01-01 00:00:00+00:00, run_after=2022-01-01 00:00:00+00:00
[2025-04-26T22:39:27.987+0000] {logging_mixin.py:190} INFO - [2025-04-26T22:39:27.986+0000] {dag.py:4180} INFO - Setting next_dagrun for example_subdag_operator.section-1 to None, run_after=None
[2025-04-26T22:39:27.988+0000] {logging_mixin.py:190} INFO - [2025-04-26T22:39:27.988+0000] {dag.py:4180} INFO - Setting next_dagrun for example_subdag_operator.section-2 to None, run_after=None
[2025-04-26T22:39:27.995+0000] {logging_mixin.py:190} INFO - [2025-04-26T22:39:27.995+0000] {dag.py:3239} INFO - Sync 2 DAGs
[2025-04-26T22:39:28.000+0000] {logging_mixin.py:190} INFO - [2025-04-26T22:39:28.000+0000] {dag.py:4180} INFO - Setting next_dagrun for example_subdag_operator.section-1 to None, run_after=None
[2025-04-26T22:39:28.000+0000] {logging_mixin.py:190} INFO - [2025-04-26T22:39:28.000+0000] {dag.py:4180} INFO - Setting next_dagrun for example_subdag_operator.section-2 to None, run_after=None
[2025-04-26T22:39:28.009+0000] {processor.py:208} INFO - Processing /home/airflow/.local/lib/python3.12/site-packages/airflow/example_dags/example_subdag_operator.py took 0.113 seconds
[2025-04-26T22:39:58.839+0000] {processor.py:186} INFO - Started process (PID=1336) to work on /home/airflow/.local/lib/python3.12/site-packages/airflow/example_dags/example_subdag_operator.py
[2025-04-26T22:39:58.840+0000] {processor.py:914} INFO - Processing file /home/airflow/.local/lib/python3.12/site-packages/airflow/example_dags/example_subdag_operator.py for tasks to queue
[2025-04-26T22:39:58.843+0000] {logging_mixin.py:190} INFO - [2025-04-26T22:39:58.842+0000] {dagbag.py:588} INFO - Filling up the DagBag from /home/airflow/.local/lib/python3.12/site-packages/airflow/example_dags/example_subdag_operator.py
[2025-04-26T22:39:58.868+0000] {processor.py:925} INFO - DAG(s) 'example_subdag_operator.section-1', 'example_subdag_operator.section-2', 'example_subdag_operator' retrieved from /home/airflow/.local/lib/python3.12/site-packages/airflow/example_dags/example_subdag_operator.py
[2025-04-26T22:39:58.882+0000] {logging_mixin.py:190} INFO - [2025-04-26T22:39:58.882+0000] {dag.py:3239} INFO - Sync 3 DAGs
[2025-04-26T22:39:58.905+0000] {logging_mixin.py:190} INFO - [2025-04-26T22:39:58.905+0000] {dag.py:4180} INFO - Setting next_dagrun for example_subdag_operator to 2022-01-01 00:00:00+00:00, run_after=2022-01-01 00:00:00+00:00
[2025-04-26T22:39:58.909+0000] {logging_mixin.py:190} INFO - [2025-04-26T22:39:58.909+0000] {dag.py:4180} INFO - Setting next_dagrun for example_subdag_operator.section-1 to None, run_after=None
[2025-04-26T22:39:58.910+0000] {logging_mixin.py:190} INFO - [2025-04-26T22:39:58.910+0000] {dag.py:4180} INFO - Setting next_dagrun for example_subdag_operator.section-2 to None, run_after=None
[2025-04-26T22:39:58.917+0000] {logging_mixin.py:190} INFO - [2025-04-26T22:39:58.917+0000] {dag.py:3239} INFO - Sync 2 DAGs
[2025-04-26T22:39:58.923+0000] {logging_mixin.py:190} INFO - [2025-04-26T22:39:58.923+0000] {dag.py:4180} INFO - Setting next_dagrun for example_subdag_operator.section-1 to None, run_after=None
[2025-04-26T22:39:58.923+0000] {logging_mixin.py:190} INFO - [2025-04-26T22:39:58.923+0000] {dag.py:4180} INFO - Setting next_dagrun for example_subdag_operator.section-2 to None, run_after=None
[2025-04-26T22:39:58.932+0000] {processor.py:208} INFO - Processing /home/airflow/.local/lib/python3.12/site-packages/airflow/example_dags/example_subdag_operator.py took 0.100 seconds
