[2025-04-26T22:30:00.080+0000] {processor.py:186} INFO - Started process (PID=99) to work on /home/airflow/.local/lib/python3.12/site-packages/airflow/example_dags/example_task_group_decorator.py
[2025-04-26T22:30:00.081+0000] {processor.py:914} INFO - Processing file /home/airflow/.local/lib/python3.12/site-packages/airflow/example_dags/example_task_group_decorator.py for tasks to queue
[2025-04-26T22:30:00.084+0000] {logging_mixin.py:190} INFO - [2025-04-26T22:30:00.083+0000] {dagbag.py:588} INFO - Filling up the DagBag from /home/airflow/.local/lib/python3.12/site-packages/airflow/example_dags/example_task_group_decorator.py
[2025-04-26T22:30:00.112+0000] {processor.py:925} INFO - DAG(s) 'example_task_group_decorator' retrieved from /home/airflow/.local/lib/python3.12/site-packages/airflow/example_dags/example_task_group_decorator.py
[2025-04-26T22:30:00.272+0000] {logging_mixin.py:190} INFO - [2025-04-26T22:30:00.271+0000] {override.py:1912} INFO - Created Permission View: can read on DAG:example_task_group_decorator
[2025-04-26T22:30:00.284+0000] {logging_mixin.py:190} INFO - [2025-04-26T22:30:00.284+0000] {override.py:1912} INFO - Created Permission View: can delete on DAG:example_task_group_decorator
[2025-04-26T22:30:00.292+0000] {logging_mixin.py:190} INFO - [2025-04-26T22:30:00.292+0000] {override.py:1912} INFO - Created Permission View: can edit on DAG:example_task_group_decorator
[2025-04-26T22:30:00.300+0000] {logging_mixin.py:190} INFO - [2025-04-26T22:30:00.299+0000] {override.py:1912} INFO - Created Permission View: can read on DAG Run:example_task_group_decorator
[2025-04-26T22:30:00.306+0000] {logging_mixin.py:190} INFO - [2025-04-26T22:30:00.305+0000] {override.py:1912} INFO - Created Permission View: can create on DAG Run:example_task_group_decorator
[2025-04-26T22:30:00.312+0000] {logging_mixin.py:190} INFO - [2025-04-26T22:30:00.311+0000] {override.py:1912} INFO - Created Permission View: can delete on DAG Run:example_task_group_decorator
[2025-04-26T22:30:00.318+0000] {logging_mixin.py:190} INFO - [2025-04-26T22:30:00.317+0000] {override.py:1912} INFO - Created Permission View: menu access on DAG Run:example_task_group_decorator
[2025-04-26T22:30:00.318+0000] {logging_mixin.py:190} INFO - [2025-04-26T22:30:00.318+0000] {dag.py:3239} INFO - Sync 1 DAGs
[2025-04-26T22:30:00.331+0000] {logging_mixin.py:190} INFO - [2025-04-26T22:30:00.331+0000] {dag.py:3262} INFO - Creating ORM DAG for example_task_group_decorator
[2025-04-26T22:30:00.332+0000] {logging_mixin.py:190} INFO - [2025-04-26T22:30:00.332+0000] {dag.py:4180} INFO - Setting next_dagrun for example_task_group_decorator to None, run_after=None
[2025-04-26T22:30:00.347+0000] {processor.py:208} INFO - Processing /home/airflow/.local/lib/python3.12/site-packages/airflow/example_dags/example_task_group_decorator.py took 0.277 seconds
[2025-04-26T22:30:30.851+0000] {processor.py:186} INFO - Started process (PID=162) to work on /home/airflow/.local/lib/python3.12/site-packages/airflow/example_dags/example_task_group_decorator.py
[2025-04-26T22:30:30.852+0000] {processor.py:914} INFO - Processing file /home/airflow/.local/lib/python3.12/site-packages/airflow/example_dags/example_task_group_decorator.py for tasks to queue
[2025-04-26T22:30:30.854+0000] {logging_mixin.py:190} INFO - [2025-04-26T22:30:30.854+0000] {dagbag.py:588} INFO - Filling up the DagBag from /home/airflow/.local/lib/python3.12/site-packages/airflow/example_dags/example_task_group_decorator.py
[2025-04-26T22:30:30.870+0000] {processor.py:925} INFO - DAG(s) 'example_task_group_decorator' retrieved from /home/airflow/.local/lib/python3.12/site-packages/airflow/example_dags/example_task_group_decorator.py
[2025-04-26T22:30:30.901+0000] {logging_mixin.py:190} INFO - [2025-04-26T22:30:30.901+0000] {dag.py:3239} INFO - Sync 1 DAGs
[2025-04-26T22:30:30.915+0000] {logging_mixin.py:190} INFO - [2025-04-26T22:30:30.915+0000] {dag.py:4180} INFO - Setting next_dagrun for example_task_group_decorator to None, run_after=None
[2025-04-26T22:30:30.932+0000] {processor.py:208} INFO - Processing /home/airflow/.local/lib/python3.12/site-packages/airflow/example_dags/example_task_group_decorator.py took 0.088 seconds
[2025-04-26T22:31:01.372+0000] {processor.py:186} INFO - Started process (PID=225) to work on /home/airflow/.local/lib/python3.12/site-packages/airflow/example_dags/example_task_group_decorator.py
[2025-04-26T22:31:01.374+0000] {processor.py:914} INFO - Processing file /home/airflow/.local/lib/python3.12/site-packages/airflow/example_dags/example_task_group_decorator.py for tasks to queue
[2025-04-26T22:31:01.376+0000] {logging_mixin.py:190} INFO - [2025-04-26T22:31:01.376+0000] {dagbag.py:588} INFO - Filling up the DagBag from /home/airflow/.local/lib/python3.12/site-packages/airflow/example_dags/example_task_group_decorator.py
[2025-04-26T22:31:01.393+0000] {processor.py:925} INFO - DAG(s) 'example_task_group_decorator' retrieved from /home/airflow/.local/lib/python3.12/site-packages/airflow/example_dags/example_task_group_decorator.py
[2025-04-26T22:31:01.418+0000] {logging_mixin.py:190} INFO - [2025-04-26T22:31:01.418+0000] {dag.py:3239} INFO - Sync 1 DAGs
[2025-04-26T22:31:01.432+0000] {logging_mixin.py:190} INFO - [2025-04-26T22:31:01.432+0000] {dag.py:4180} INFO - Setting next_dagrun for example_task_group_decorator to None, run_after=None
[2025-04-26T22:31:01.450+0000] {processor.py:208} INFO - Processing /home/airflow/.local/lib/python3.12/site-packages/airflow/example_dags/example_task_group_decorator.py took 0.084 seconds
[2025-04-26T22:31:31.683+0000] {processor.py:186} INFO - Started process (PID=288) to work on /home/airflow/.local/lib/python3.12/site-packages/airflow/example_dags/example_task_group_decorator.py
[2025-04-26T22:31:31.683+0000] {processor.py:914} INFO - Processing file /home/airflow/.local/lib/python3.12/site-packages/airflow/example_dags/example_task_group_decorator.py for tasks to queue
[2025-04-26T22:31:31.686+0000] {logging_mixin.py:190} INFO - [2025-04-26T22:31:31.686+0000] {dagbag.py:588} INFO - Filling up the DagBag from /home/airflow/.local/lib/python3.12/site-packages/airflow/example_dags/example_task_group_decorator.py
[2025-04-26T22:31:31.703+0000] {processor.py:925} INFO - DAG(s) 'example_task_group_decorator' retrieved from /home/airflow/.local/lib/python3.12/site-packages/airflow/example_dags/example_task_group_decorator.py
[2025-04-26T22:31:31.737+0000] {logging_mixin.py:190} INFO - [2025-04-26T22:31:31.736+0000] {dag.py:3239} INFO - Sync 1 DAGs
[2025-04-26T22:31:31.757+0000] {logging_mixin.py:190} INFO - [2025-04-26T22:31:31.757+0000] {dag.py:4180} INFO - Setting next_dagrun for example_task_group_decorator to None, run_after=None
[2025-04-26T22:31:31.778+0000] {processor.py:208} INFO - Processing /home/airflow/.local/lib/python3.12/site-packages/airflow/example_dags/example_task_group_decorator.py took 0.102 seconds
[2025-04-26T22:32:01.846+0000] {processor.py:186} INFO - Started process (PID=351) to work on /home/airflow/.local/lib/python3.12/site-packages/airflow/example_dags/example_task_group_decorator.py
[2025-04-26T22:32:01.847+0000] {processor.py:914} INFO - Processing file /home/airflow/.local/lib/python3.12/site-packages/airflow/example_dags/example_task_group_decorator.py for tasks to queue
[2025-04-26T22:32:01.850+0000] {logging_mixin.py:190} INFO - [2025-04-26T22:32:01.849+0000] {dagbag.py:588} INFO - Filling up the DagBag from /home/airflow/.local/lib/python3.12/site-packages/airflow/example_dags/example_task_group_decorator.py
[2025-04-26T22:32:01.865+0000] {processor.py:925} INFO - DAG(s) 'example_task_group_decorator' retrieved from /home/airflow/.local/lib/python3.12/site-packages/airflow/example_dags/example_task_group_decorator.py
[2025-04-26T22:32:01.899+0000] {logging_mixin.py:190} INFO - [2025-04-26T22:32:01.898+0000] {dag.py:3239} INFO - Sync 1 DAGs
[2025-04-26T22:32:01.914+0000] {logging_mixin.py:190} INFO - [2025-04-26T22:32:01.913+0000] {dag.py:4180} INFO - Setting next_dagrun for example_task_group_decorator to None, run_after=None
[2025-04-26T22:32:01.930+0000] {processor.py:208} INFO - Processing /home/airflow/.local/lib/python3.12/site-packages/airflow/example_dags/example_task_group_decorator.py took 0.091 seconds
[2025-04-26T22:32:33.137+0000] {processor.py:186} INFO - Started process (PID=414) to work on /home/airflow/.local/lib/python3.12/site-packages/airflow/example_dags/example_task_group_decorator.py
[2025-04-26T22:32:33.138+0000] {processor.py:914} INFO - Processing file /home/airflow/.local/lib/python3.12/site-packages/airflow/example_dags/example_task_group_decorator.py for tasks to queue
[2025-04-26T22:32:33.141+0000] {logging_mixin.py:190} INFO - [2025-04-26T22:32:33.140+0000] {dagbag.py:588} INFO - Filling up the DagBag from /home/airflow/.local/lib/python3.12/site-packages/airflow/example_dags/example_task_group_decorator.py
[2025-04-26T22:32:33.157+0000] {processor.py:925} INFO - DAG(s) 'example_task_group_decorator' retrieved from /home/airflow/.local/lib/python3.12/site-packages/airflow/example_dags/example_task_group_decorator.py
[2025-04-26T22:32:33.186+0000] {logging_mixin.py:190} INFO - [2025-04-26T22:32:33.186+0000] {dag.py:3239} INFO - Sync 1 DAGs
[2025-04-26T22:32:33.201+0000] {logging_mixin.py:190} INFO - [2025-04-26T22:32:33.200+0000] {dag.py:4180} INFO - Setting next_dagrun for example_task_group_decorator to None, run_after=None
[2025-04-26T22:32:33.218+0000] {processor.py:208} INFO - Processing /home/airflow/.local/lib/python3.12/site-packages/airflow/example_dags/example_task_group_decorator.py took 0.088 seconds
[2025-04-26T22:33:04.232+0000] {processor.py:186} INFO - Started process (PID=477) to work on /home/airflow/.local/lib/python3.12/site-packages/airflow/example_dags/example_task_group_decorator.py
[2025-04-26T22:33:04.233+0000] {processor.py:914} INFO - Processing file /home/airflow/.local/lib/python3.12/site-packages/airflow/example_dags/example_task_group_decorator.py for tasks to queue
[2025-04-26T22:33:04.235+0000] {logging_mixin.py:190} INFO - [2025-04-26T22:33:04.234+0000] {dagbag.py:588} INFO - Filling up the DagBag from /home/airflow/.local/lib/python3.12/site-packages/airflow/example_dags/example_task_group_decorator.py
[2025-04-26T22:33:04.251+0000] {processor.py:925} INFO - DAG(s) 'example_task_group_decorator' retrieved from /home/airflow/.local/lib/python3.12/site-packages/airflow/example_dags/example_task_group_decorator.py
[2025-04-26T22:33:04.278+0000] {logging_mixin.py:190} INFO - [2025-04-26T22:33:04.278+0000] {dag.py:3239} INFO - Sync 1 DAGs
[2025-04-26T22:33:04.292+0000] {logging_mixin.py:190} INFO - [2025-04-26T22:33:04.292+0000] {dag.py:4180} INFO - Setting next_dagrun for example_task_group_decorator to None, run_after=None
[2025-04-26T22:33:04.308+0000] {processor.py:208} INFO - Processing /home/airflow/.local/lib/python3.12/site-packages/airflow/example_dags/example_task_group_decorator.py took 0.083 seconds
[2025-04-26T22:33:35.832+0000] {processor.py:186} INFO - Started process (PID=540) to work on /home/airflow/.local/lib/python3.12/site-packages/airflow/example_dags/example_task_group_decorator.py
[2025-04-26T22:33:35.834+0000] {processor.py:914} INFO - Processing file /home/airflow/.local/lib/python3.12/site-packages/airflow/example_dags/example_task_group_decorator.py for tasks to queue
[2025-04-26T22:33:35.836+0000] {logging_mixin.py:190} INFO - [2025-04-26T22:33:35.835+0000] {dagbag.py:588} INFO - Filling up the DagBag from /home/airflow/.local/lib/python3.12/site-packages/airflow/example_dags/example_task_group_decorator.py
[2025-04-26T22:33:35.852+0000] {processor.py:925} INFO - DAG(s) 'example_task_group_decorator' retrieved from /home/airflow/.local/lib/python3.12/site-packages/airflow/example_dags/example_task_group_decorator.py
[2025-04-26T22:33:35.876+0000] {logging_mixin.py:190} INFO - [2025-04-26T22:33:35.875+0000] {dag.py:3239} INFO - Sync 1 DAGs
[2025-04-26T22:33:35.890+0000] {logging_mixin.py:190} INFO - [2025-04-26T22:33:35.890+0000] {dag.py:4180} INFO - Setting next_dagrun for example_task_group_decorator to None, run_after=None
[2025-04-26T22:33:35.906+0000] {processor.py:208} INFO - Processing /home/airflow/.local/lib/python3.12/site-packages/airflow/example_dags/example_task_group_decorator.py took 0.080 seconds
[2025-04-26T22:34:06.691+0000] {processor.py:186} INFO - Started process (PID=603) to work on /home/airflow/.local/lib/python3.12/site-packages/airflow/example_dags/example_task_group_decorator.py
[2025-04-26T22:34:06.692+0000] {processor.py:914} INFO - Processing file /home/airflow/.local/lib/python3.12/site-packages/airflow/example_dags/example_task_group_decorator.py for tasks to queue
[2025-04-26T22:34:06.694+0000] {logging_mixin.py:190} INFO - [2025-04-26T22:34:06.693+0000] {dagbag.py:588} INFO - Filling up the DagBag from /home/airflow/.local/lib/python3.12/site-packages/airflow/example_dags/example_task_group_decorator.py
[2025-04-26T22:34:06.710+0000] {processor.py:925} INFO - DAG(s) 'example_task_group_decorator' retrieved from /home/airflow/.local/lib/python3.12/site-packages/airflow/example_dags/example_task_group_decorator.py
[2025-04-26T22:34:06.733+0000] {logging_mixin.py:190} INFO - [2025-04-26T22:34:06.733+0000] {dag.py:3239} INFO - Sync 1 DAGs
[2025-04-26T22:34:06.748+0000] {logging_mixin.py:190} INFO - [2025-04-26T22:34:06.747+0000] {dag.py:4180} INFO - Setting next_dagrun for example_task_group_decorator to None, run_after=None
[2025-04-26T22:34:06.764+0000] {processor.py:208} INFO - Processing /home/airflow/.local/lib/python3.12/site-packages/airflow/example_dags/example_task_group_decorator.py took 0.080 seconds
[2025-04-26T22:34:38.214+0000] {processor.py:186} INFO - Started process (PID=666) to work on /home/airflow/.local/lib/python3.12/site-packages/airflow/example_dags/example_task_group_decorator.py
[2025-04-26T22:34:38.215+0000] {processor.py:914} INFO - Processing file /home/airflow/.local/lib/python3.12/site-packages/airflow/example_dags/example_task_group_decorator.py for tasks to queue
[2025-04-26T22:34:38.218+0000] {logging_mixin.py:190} INFO - [2025-04-26T22:34:38.217+0000] {dagbag.py:588} INFO - Filling up the DagBag from /home/airflow/.local/lib/python3.12/site-packages/airflow/example_dags/example_task_group_decorator.py
[2025-04-26T22:34:38.234+0000] {processor.py:925} INFO - DAG(s) 'example_task_group_decorator' retrieved from /home/airflow/.local/lib/python3.12/site-packages/airflow/example_dags/example_task_group_decorator.py
[2025-04-26T22:34:38.259+0000] {logging_mixin.py:190} INFO - [2025-04-26T22:34:38.258+0000] {dag.py:3239} INFO - Sync 1 DAGs
[2025-04-26T22:34:38.272+0000] {logging_mixin.py:190} INFO - [2025-04-26T22:34:38.272+0000] {dag.py:4180} INFO - Setting next_dagrun for example_task_group_decorator to None, run_after=None
[2025-04-26T22:34:38.288+0000] {processor.py:208} INFO - Processing /home/airflow/.local/lib/python3.12/site-packages/airflow/example_dags/example_task_group_decorator.py took 0.081 seconds
[2025-04-26T22:35:09.457+0000] {processor.py:186} INFO - Started process (PID=730) to work on /home/airflow/.local/lib/python3.12/site-packages/airflow/example_dags/example_task_group_decorator.py
[2025-04-26T22:35:09.458+0000] {processor.py:914} INFO - Processing file /home/airflow/.local/lib/python3.12/site-packages/airflow/example_dags/example_task_group_decorator.py for tasks to queue
[2025-04-26T22:35:09.461+0000] {logging_mixin.py:190} INFO - [2025-04-26T22:35:09.460+0000] {dagbag.py:588} INFO - Filling up the DagBag from /home/airflow/.local/lib/python3.12/site-packages/airflow/example_dags/example_task_group_decorator.py
[2025-04-26T22:35:09.477+0000] {processor.py:925} INFO - DAG(s) 'example_task_group_decorator' retrieved from /home/airflow/.local/lib/python3.12/site-packages/airflow/example_dags/example_task_group_decorator.py
[2025-04-26T22:35:09.502+0000] {logging_mixin.py:190} INFO - [2025-04-26T22:35:09.502+0000] {dag.py:3239} INFO - Sync 1 DAGs
[2025-04-26T22:35:09.517+0000] {logging_mixin.py:190} INFO - [2025-04-26T22:35:09.517+0000] {dag.py:4180} INFO - Setting next_dagrun for example_task_group_decorator to None, run_after=None
[2025-04-26T22:35:09.534+0000] {processor.py:208} INFO - Processing /home/airflow/.local/lib/python3.12/site-packages/airflow/example_dags/example_task_group_decorator.py took 0.083 seconds
[2025-04-26T22:35:40.800+0000] {processor.py:186} INFO - Started process (PID=794) to work on /home/airflow/.local/lib/python3.12/site-packages/airflow/example_dags/example_task_group_decorator.py
[2025-04-26T22:35:40.801+0000] {processor.py:914} INFO - Processing file /home/airflow/.local/lib/python3.12/site-packages/airflow/example_dags/example_task_group_decorator.py for tasks to queue
[2025-04-26T22:35:40.804+0000] {logging_mixin.py:190} INFO - [2025-04-26T22:35:40.804+0000] {dagbag.py:588} INFO - Filling up the DagBag from /home/airflow/.local/lib/python3.12/site-packages/airflow/example_dags/example_task_group_decorator.py
[2025-04-26T22:35:40.820+0000] {processor.py:925} INFO - DAG(s) 'example_task_group_decorator' retrieved from /home/airflow/.local/lib/python3.12/site-packages/airflow/example_dags/example_task_group_decorator.py
[2025-04-26T22:35:40.845+0000] {logging_mixin.py:190} INFO - [2025-04-26T22:35:40.844+0000] {dag.py:3239} INFO - Sync 1 DAGs
[2025-04-26T22:35:40.858+0000] {logging_mixin.py:190} INFO - [2025-04-26T22:35:40.858+0000] {dag.py:4180} INFO - Setting next_dagrun for example_task_group_decorator to None, run_after=None
[2025-04-26T22:35:40.874+0000] {processor.py:208} INFO - Processing /home/airflow/.local/lib/python3.12/site-packages/airflow/example_dags/example_task_group_decorator.py took 0.080 seconds
[2025-04-26T22:36:11.683+0000] {processor.py:186} INFO - Started process (PID=858) to work on /home/airflow/.local/lib/python3.12/site-packages/airflow/example_dags/example_task_group_decorator.py
[2025-04-26T22:36:11.685+0000] {processor.py:914} INFO - Processing file /home/airflow/.local/lib/python3.12/site-packages/airflow/example_dags/example_task_group_decorator.py for tasks to queue
[2025-04-26T22:36:11.687+0000] {logging_mixin.py:190} INFO - [2025-04-26T22:36:11.687+0000] {dagbag.py:588} INFO - Filling up the DagBag from /home/airflow/.local/lib/python3.12/site-packages/airflow/example_dags/example_task_group_decorator.py
[2025-04-26T22:36:11.704+0000] {processor.py:925} INFO - DAG(s) 'example_task_group_decorator' retrieved from /home/airflow/.local/lib/python3.12/site-packages/airflow/example_dags/example_task_group_decorator.py
[2025-04-26T22:36:11.728+0000] {logging_mixin.py:190} INFO - [2025-04-26T22:36:11.728+0000] {dag.py:3239} INFO - Sync 1 DAGs
[2025-04-26T22:36:11.742+0000] {logging_mixin.py:190} INFO - [2025-04-26T22:36:11.742+0000] {dag.py:4180} INFO - Setting next_dagrun for example_task_group_decorator to None, run_after=None
[2025-04-26T22:36:11.758+0000] {processor.py:208} INFO - Processing /home/airflow/.local/lib/python3.12/site-packages/airflow/example_dags/example_task_group_decorator.py took 0.081 seconds
[2025-04-26T22:36:42.704+0000] {processor.py:186} INFO - Started process (PID=922) to work on /home/airflow/.local/lib/python3.12/site-packages/airflow/example_dags/example_task_group_decorator.py
[2025-04-26T22:36:42.705+0000] {processor.py:914} INFO - Processing file /home/airflow/.local/lib/python3.12/site-packages/airflow/example_dags/example_task_group_decorator.py for tasks to queue
[2025-04-26T22:36:42.707+0000] {logging_mixin.py:190} INFO - [2025-04-26T22:36:42.707+0000] {dagbag.py:588} INFO - Filling up the DagBag from /home/airflow/.local/lib/python3.12/site-packages/airflow/example_dags/example_task_group_decorator.py
[2025-04-26T22:36:42.729+0000] {processor.py:925} INFO - DAG(s) 'example_task_group_decorator' retrieved from /home/airflow/.local/lib/python3.12/site-packages/airflow/example_dags/example_task_group_decorator.py
[2025-04-26T22:36:42.758+0000] {logging_mixin.py:190} INFO - [2025-04-26T22:36:42.758+0000] {dag.py:3239} INFO - Sync 1 DAGs
[2025-04-26T22:36:42.775+0000] {logging_mixin.py:190} INFO - [2025-04-26T22:36:42.774+0000] {dag.py:4180} INFO - Setting next_dagrun for example_task_group_decorator to None, run_after=None
[2025-04-26T22:36:42.796+0000] {processor.py:208} INFO - Processing /home/airflow/.local/lib/python3.12/site-packages/airflow/example_dags/example_task_group_decorator.py took 0.099 seconds
[2025-04-26T22:37:13.419+0000] {processor.py:186} INFO - Started process (PID=986) to work on /home/airflow/.local/lib/python3.12/site-packages/airflow/example_dags/example_task_group_decorator.py
[2025-04-26T22:37:13.421+0000] {processor.py:914} INFO - Processing file /home/airflow/.local/lib/python3.12/site-packages/airflow/example_dags/example_task_group_decorator.py for tasks to queue
[2025-04-26T22:37:13.423+0000] {logging_mixin.py:190} INFO - [2025-04-26T22:37:13.423+0000] {dagbag.py:588} INFO - Filling up the DagBag from /home/airflow/.local/lib/python3.12/site-packages/airflow/example_dags/example_task_group_decorator.py
[2025-04-26T22:37:13.440+0000] {processor.py:925} INFO - DAG(s) 'example_task_group_decorator' retrieved from /home/airflow/.local/lib/python3.12/site-packages/airflow/example_dags/example_task_group_decorator.py
[2025-04-26T22:37:13.465+0000] {logging_mixin.py:190} INFO - [2025-04-26T22:37:13.465+0000] {dag.py:3239} INFO - Sync 1 DAGs
[2025-04-26T22:37:13.479+0000] {logging_mixin.py:190} INFO - [2025-04-26T22:37:13.479+0000] {dag.py:4180} INFO - Setting next_dagrun for example_task_group_decorator to None, run_after=None
[2025-04-26T22:37:13.495+0000] {processor.py:208} INFO - Processing /home/airflow/.local/lib/python3.12/site-packages/airflow/example_dags/example_task_group_decorator.py took 0.083 seconds
[2025-04-26T22:37:44.546+0000] {processor.py:186} INFO - Started process (PID=1050) to work on /home/airflow/.local/lib/python3.12/site-packages/airflow/example_dags/example_task_group_decorator.py
[2025-04-26T22:37:44.547+0000] {processor.py:914} INFO - Processing file /home/airflow/.local/lib/python3.12/site-packages/airflow/example_dags/example_task_group_decorator.py for tasks to queue
[2025-04-26T22:37:44.551+0000] {logging_mixin.py:190} INFO - [2025-04-26T22:37:44.550+0000] {dagbag.py:588} INFO - Filling up the DagBag from /home/airflow/.local/lib/python3.12/site-packages/airflow/example_dags/example_task_group_decorator.py
[2025-04-26T22:37:44.568+0000] {processor.py:925} INFO - DAG(s) 'example_task_group_decorator' retrieved from /home/airflow/.local/lib/python3.12/site-packages/airflow/example_dags/example_task_group_decorator.py
[2025-04-26T22:37:44.593+0000] {logging_mixin.py:190} INFO - [2025-04-26T22:37:44.593+0000] {dag.py:3239} INFO - Sync 1 DAGs
[2025-04-26T22:37:44.607+0000] {logging_mixin.py:190} INFO - [2025-04-26T22:37:44.607+0000] {dag.py:4180} INFO - Setting next_dagrun for example_task_group_decorator to None, run_after=None
[2025-04-26T22:37:44.624+0000] {processor.py:208} INFO - Processing /home/airflow/.local/lib/python3.12/site-packages/airflow/example_dags/example_task_group_decorator.py took 0.086 seconds
[2025-04-26T22:38:15.998+0000] {processor.py:186} INFO - Started process (PID=1114) to work on /home/airflow/.local/lib/python3.12/site-packages/airflow/example_dags/example_task_group_decorator.py
[2025-04-26T22:38:16.000+0000] {processor.py:914} INFO - Processing file /home/airflow/.local/lib/python3.12/site-packages/airflow/example_dags/example_task_group_decorator.py for tasks to queue
[2025-04-26T22:38:16.002+0000] {logging_mixin.py:190} INFO - [2025-04-26T22:38:16.002+0000] {dagbag.py:588} INFO - Filling up the DagBag from /home/airflow/.local/lib/python3.12/site-packages/airflow/example_dags/example_task_group_decorator.py
[2025-04-26T22:38:16.019+0000] {processor.py:925} INFO - DAG(s) 'example_task_group_decorator' retrieved from /home/airflow/.local/lib/python3.12/site-packages/airflow/example_dags/example_task_group_decorator.py
[2025-04-26T22:38:16.043+0000] {logging_mixin.py:190} INFO - [2025-04-26T22:38:16.043+0000] {dag.py:3239} INFO - Sync 1 DAGs
[2025-04-26T22:38:16.059+0000] {logging_mixin.py:190} INFO - [2025-04-26T22:38:16.058+0000] {dag.py:4180} INFO - Setting next_dagrun for example_task_group_decorator to None, run_after=None
[2025-04-26T22:38:16.075+0000] {processor.py:208} INFO - Processing /home/airflow/.local/lib/python3.12/site-packages/airflow/example_dags/example_task_group_decorator.py took 0.083 seconds
[2025-04-26T22:38:47.989+0000] {processor.py:186} INFO - Started process (PID=1178) to work on /home/airflow/.local/lib/python3.12/site-packages/airflow/example_dags/example_task_group_decorator.py
[2025-04-26T22:38:47.991+0000] {processor.py:914} INFO - Processing file /home/airflow/.local/lib/python3.12/site-packages/airflow/example_dags/example_task_group_decorator.py for tasks to queue
[2025-04-26T22:38:47.994+0000] {logging_mixin.py:190} INFO - [2025-04-26T22:38:47.994+0000] {dagbag.py:588} INFO - Filling up the DagBag from /home/airflow/.local/lib/python3.12/site-packages/airflow/example_dags/example_task_group_decorator.py
[2025-04-26T22:38:48.020+0000] {processor.py:925} INFO - DAG(s) 'example_task_group_decorator' retrieved from /home/airflow/.local/lib/python3.12/site-packages/airflow/example_dags/example_task_group_decorator.py
[2025-04-26T22:38:48.057+0000] {logging_mixin.py:190} INFO - [2025-04-26T22:38:48.056+0000] {dag.py:3239} INFO - Sync 1 DAGs
[2025-04-26T22:38:48.077+0000] {logging_mixin.py:190} INFO - [2025-04-26T22:38:48.076+0000] {dag.py:4180} INFO - Setting next_dagrun for example_task_group_decorator to None, run_after=None
[2025-04-26T22:38:48.095+0000] {processor.py:208} INFO - Processing /home/airflow/.local/lib/python3.12/site-packages/airflow/example_dags/example_task_group_decorator.py took 0.114 seconds
[2025-04-26T22:39:18.515+0000] {processor.py:186} INFO - Started process (PID=1242) to work on /home/airflow/.local/lib/python3.12/site-packages/airflow/example_dags/example_task_group_decorator.py
[2025-04-26T22:39:18.516+0000] {processor.py:914} INFO - Processing file /home/airflow/.local/lib/python3.12/site-packages/airflow/example_dags/example_task_group_decorator.py for tasks to queue
[2025-04-26T22:39:18.519+0000] {logging_mixin.py:190} INFO - [2025-04-26T22:39:18.519+0000] {dagbag.py:588} INFO - Filling up the DagBag from /home/airflow/.local/lib/python3.12/site-packages/airflow/example_dags/example_task_group_decorator.py
[2025-04-26T22:39:18.544+0000] {processor.py:925} INFO - DAG(s) 'example_task_group_decorator' retrieved from /home/airflow/.local/lib/python3.12/site-packages/airflow/example_dags/example_task_group_decorator.py
[2025-04-26T22:39:18.580+0000] {logging_mixin.py:190} INFO - [2025-04-26T22:39:18.579+0000] {dag.py:3239} INFO - Sync 1 DAGs
[2025-04-26T22:39:18.601+0000] {logging_mixin.py:190} INFO - [2025-04-26T22:39:18.600+0000] {dag.py:4180} INFO - Setting next_dagrun for example_task_group_decorator to None, run_after=None
[2025-04-26T22:39:18.624+0000] {processor.py:208} INFO - Processing /home/airflow/.local/lib/python3.12/site-packages/airflow/example_dags/example_task_group_decorator.py took 0.117 seconds
[2025-04-26T22:39:49.759+0000] {processor.py:186} INFO - Started process (PID=1306) to work on /home/airflow/.local/lib/python3.12/site-packages/airflow/example_dags/example_task_group_decorator.py
[2025-04-26T22:39:49.761+0000] {processor.py:914} INFO - Processing file /home/airflow/.local/lib/python3.12/site-packages/airflow/example_dags/example_task_group_decorator.py for tasks to queue
[2025-04-26T22:39:49.763+0000] {logging_mixin.py:190} INFO - [2025-04-26T22:39:49.763+0000] {dagbag.py:588} INFO - Filling up the DagBag from /home/airflow/.local/lib/python3.12/site-packages/airflow/example_dags/example_task_group_decorator.py
[2025-04-26T22:39:49.782+0000] {processor.py:925} INFO - DAG(s) 'example_task_group_decorator' retrieved from /home/airflow/.local/lib/python3.12/site-packages/airflow/example_dags/example_task_group_decorator.py
[2025-04-26T22:39:49.809+0000] {logging_mixin.py:190} INFO - [2025-04-26T22:39:49.808+0000] {dag.py:3239} INFO - Sync 1 DAGs
[2025-04-26T22:39:49.826+0000] {logging_mixin.py:190} INFO - [2025-04-26T22:39:49.826+0000] {dag.py:4180} INFO - Setting next_dagrun for example_task_group_decorator to None, run_after=None
[2025-04-26T22:39:49.845+0000] {processor.py:208} INFO - Processing /home/airflow/.local/lib/python3.12/site-packages/airflow/example_dags/example_task_group_decorator.py took 0.094 seconds
