[2025-04-26T22:29:55.366+0000] {processor.py:186} INFO - Started process (PID=77) to work on /home/airflow/.local/lib/python3.12/site-packages/airflow/example_dags/example_bash_decorator.py
[2025-04-26T22:29:55.367+0000] {processor.py:914} INFO - Processing file /home/airflow/.local/lib/python3.12/site-packages/airflow/example_dags/example_bash_decorator.py for tasks to queue
[2025-04-26T22:29:55.369+0000] {logging_mixin.py:190} INFO - [2025-04-26T22:29:55.369+0000] {dagbag.py:588} INFO - Filling up the DagBag from /home/airflow/.local/lib/python3.12/site-packages/airflow/example_dags/example_bash_decorator.py
[2025-04-26T22:29:55.387+0000] {processor.py:925} INFO - DAG(s) 'example_bash_decorator' retrieved from /home/airflow/.local/lib/python3.12/site-packages/airflow/example_dags/example_bash_decorator.py
[2025-04-26T22:29:55.499+0000] {logging_mixin.py:190} INFO - [2025-04-26T22:29:55.498+0000] {override.py:1912} INFO - Created Permission View: can read on DAG:example_bash_decorator
[2025-04-26T22:29:55.509+0000] {logging_mixin.py:190} INFO - [2025-04-26T22:29:55.509+0000] {override.py:1912} INFO - Created Permission View: can delete on DAG:example_bash_decorator
[2025-04-26T22:29:55.514+0000] {logging_mixin.py:190} INFO - [2025-04-26T22:29:55.514+0000] {override.py:1912} INFO - Created Permission View: can edit on DAG:example_bash_decorator
[2025-04-26T22:29:55.520+0000] {logging_mixin.py:190} INFO - [2025-04-26T22:29:55.520+0000] {override.py:1912} INFO - Created Permission View: can read on DAG Run:example_bash_decorator
[2025-04-26T22:29:55.526+0000] {logging_mixin.py:190} INFO - [2025-04-26T22:29:55.525+0000] {override.py:1912} INFO - Created Permission View: can create on DAG Run:example_bash_decorator
[2025-04-26T22:29:55.531+0000] {logging_mixin.py:190} INFO - [2025-04-26T22:29:55.531+0000] {override.py:1912} INFO - Created Permission View: can delete on DAG Run:example_bash_decorator
[2025-04-26T22:29:55.536+0000] {logging_mixin.py:190} INFO - [2025-04-26T22:29:55.536+0000] {override.py:1912} INFO - Created Permission View: menu access on DAG Run:example_bash_decorator
[2025-04-26T22:29:55.537+0000] {logging_mixin.py:190} INFO - [2025-04-26T22:29:55.536+0000] {dag.py:3239} INFO - Sync 1 DAGs
[2025-04-26T22:29:55.548+0000] {logging_mixin.py:190} INFO - [2025-04-26T22:29:55.548+0000] {dag.py:3262} INFO - Creating ORM DAG for example_bash_decorator
[2025-04-26T22:29:55.549+0000] {logging_mixin.py:190} INFO - [2025-04-26T22:29:55.549+0000] {dag.py:4180} INFO - Setting next_dagrun for example_bash_decorator to None, run_after=None
[2025-04-26T22:29:55.561+0000] {processor.py:208} INFO - Processing /home/airflow/.local/lib/python3.12/site-packages/airflow/example_dags/example_bash_decorator.py took 0.201 seconds
[2025-04-26T22:30:25.757+0000] {processor.py:186} INFO - Started process (PID=140) to work on /home/airflow/.local/lib/python3.12/site-packages/airflow/example_dags/example_bash_decorator.py
[2025-04-26T22:30:25.757+0000] {processor.py:914} INFO - Processing file /home/airflow/.local/lib/python3.12/site-packages/airflow/example_dags/example_bash_decorator.py for tasks to queue
[2025-04-26T22:30:25.760+0000] {logging_mixin.py:190} INFO - [2025-04-26T22:30:25.759+0000] {dagbag.py:588} INFO - Filling up the DagBag from /home/airflow/.local/lib/python3.12/site-packages/airflow/example_dags/example_bash_decorator.py
[2025-04-26T22:30:25.775+0000] {processor.py:925} INFO - DAG(s) 'example_bash_decorator' retrieved from /home/airflow/.local/lib/python3.12/site-packages/airflow/example_dags/example_bash_decorator.py
[2025-04-26T22:30:25.798+0000] {logging_mixin.py:190} INFO - [2025-04-26T22:30:25.798+0000] {dag.py:3239} INFO - Sync 1 DAGs
[2025-04-26T22:30:25.812+0000] {logging_mixin.py:190} INFO - [2025-04-26T22:30:25.812+0000] {dag.py:4180} INFO - Setting next_dagrun for example_bash_decorator to None, run_after=None
[2025-04-26T22:30:25.828+0000] {processor.py:208} INFO - Processing /home/airflow/.local/lib/python3.12/site-packages/airflow/example_dags/example_bash_decorator.py took 0.078 seconds
[2025-04-26T22:30:57.326+0000] {processor.py:186} INFO - Started process (PID=203) to work on /home/airflow/.local/lib/python3.12/site-packages/airflow/example_dags/example_bash_decorator.py
[2025-04-26T22:30:57.329+0000] {processor.py:914} INFO - Processing file /home/airflow/.local/lib/python3.12/site-packages/airflow/example_dags/example_bash_decorator.py for tasks to queue
[2025-04-26T22:30:57.332+0000] {logging_mixin.py:190} INFO - [2025-04-26T22:30:57.332+0000] {dagbag.py:588} INFO - Filling up the DagBag from /home/airflow/.local/lib/python3.12/site-packages/airflow/example_dags/example_bash_decorator.py
[2025-04-26T22:30:57.354+0000] {processor.py:925} INFO - DAG(s) 'example_bash_decorator' retrieved from /home/airflow/.local/lib/python3.12/site-packages/airflow/example_dags/example_bash_decorator.py
[2025-04-26T22:30:57.388+0000] {logging_mixin.py:190} INFO - [2025-04-26T22:30:57.387+0000] {dag.py:3239} INFO - Sync 1 DAGs
[2025-04-26T22:30:57.409+0000] {logging_mixin.py:190} INFO - [2025-04-26T22:30:57.409+0000] {dag.py:4180} INFO - Setting next_dagrun for example_bash_decorator to None, run_after=None
[2025-04-26T22:30:57.431+0000] {processor.py:208} INFO - Processing /home/airflow/.local/lib/python3.12/site-packages/airflow/example_dags/example_bash_decorator.py took 0.114 seconds
[2025-04-26T22:31:28.823+0000] {processor.py:186} INFO - Started process (PID=266) to work on /home/airflow/.local/lib/python3.12/site-packages/airflow/example_dags/example_bash_decorator.py
[2025-04-26T22:31:28.824+0000] {processor.py:914} INFO - Processing file /home/airflow/.local/lib/python3.12/site-packages/airflow/example_dags/example_bash_decorator.py for tasks to queue
[2025-04-26T22:31:28.827+0000] {logging_mixin.py:190} INFO - [2025-04-26T22:31:28.826+0000] {dagbag.py:588} INFO - Filling up the DagBag from /home/airflow/.local/lib/python3.12/site-packages/airflow/example_dags/example_bash_decorator.py
[2025-04-26T22:31:28.843+0000] {processor.py:925} INFO - DAG(s) 'example_bash_decorator' retrieved from /home/airflow/.local/lib/python3.12/site-packages/airflow/example_dags/example_bash_decorator.py
[2025-04-26T22:31:28.865+0000] {logging_mixin.py:190} INFO - [2025-04-26T22:31:28.864+0000] {dag.py:3239} INFO - Sync 1 DAGs
[2025-04-26T22:31:28.878+0000] {logging_mixin.py:190} INFO - [2025-04-26T22:31:28.878+0000] {dag.py:4180} INFO - Setting next_dagrun for example_bash_decorator to None, run_after=None
[2025-04-26T22:31:28.894+0000] {processor.py:208} INFO - Processing /home/airflow/.local/lib/python3.12/site-packages/airflow/example_dags/example_bash_decorator.py took 0.077 seconds
[2025-04-26T22:32:00.205+0000] {processor.py:186} INFO - Started process (PID=329) to work on /home/airflow/.local/lib/python3.12/site-packages/airflow/example_dags/example_bash_decorator.py
[2025-04-26T22:32:00.206+0000] {processor.py:914} INFO - Processing file /home/airflow/.local/lib/python3.12/site-packages/airflow/example_dags/example_bash_decorator.py for tasks to queue
[2025-04-26T22:32:00.209+0000] {logging_mixin.py:190} INFO - [2025-04-26T22:32:00.208+0000] {dagbag.py:588} INFO - Filling up the DagBag from /home/airflow/.local/lib/python3.12/site-packages/airflow/example_dags/example_bash_decorator.py
[2025-04-26T22:32:00.225+0000] {processor.py:925} INFO - DAG(s) 'example_bash_decorator' retrieved from /home/airflow/.local/lib/python3.12/site-packages/airflow/example_dags/example_bash_decorator.py
[2025-04-26T22:32:00.249+0000] {logging_mixin.py:190} INFO - [2025-04-26T22:32:00.249+0000] {dag.py:3239} INFO - Sync 1 DAGs
[2025-04-26T22:32:00.267+0000] {logging_mixin.py:190} INFO - [2025-04-26T22:32:00.267+0000] {dag.py:4180} INFO - Setting next_dagrun for example_bash_decorator to None, run_after=None
[2025-04-26T22:32:00.284+0000] {processor.py:208} INFO - Processing /home/airflow/.local/lib/python3.12/site-packages/airflow/example_dags/example_bash_decorator.py took 0.085 seconds
[2025-04-26T22:32:31.583+0000] {processor.py:186} INFO - Started process (PID=392) to work on /home/airflow/.local/lib/python3.12/site-packages/airflow/example_dags/example_bash_decorator.py
[2025-04-26T22:32:31.583+0000] {processor.py:914} INFO - Processing file /home/airflow/.local/lib/python3.12/site-packages/airflow/example_dags/example_bash_decorator.py for tasks to queue
[2025-04-26T22:32:31.586+0000] {logging_mixin.py:190} INFO - [2025-04-26T22:32:31.585+0000] {dagbag.py:588} INFO - Filling up the DagBag from /home/airflow/.local/lib/python3.12/site-packages/airflow/example_dags/example_bash_decorator.py
[2025-04-26T22:32:31.602+0000] {processor.py:925} INFO - DAG(s) 'example_bash_decorator' retrieved from /home/airflow/.local/lib/python3.12/site-packages/airflow/example_dags/example_bash_decorator.py
[2025-04-26T22:32:31.624+0000] {logging_mixin.py:190} INFO - [2025-04-26T22:32:31.624+0000] {dag.py:3239} INFO - Sync 1 DAGs
[2025-04-26T22:32:31.638+0000] {logging_mixin.py:190} INFO - [2025-04-26T22:32:31.638+0000] {dag.py:4180} INFO - Setting next_dagrun for example_bash_decorator to None, run_after=None
[2025-04-26T22:32:31.653+0000] {processor.py:208} INFO - Processing /home/airflow/.local/lib/python3.12/site-packages/airflow/example_dags/example_bash_decorator.py took 0.077 seconds
[2025-04-26T22:33:02.699+0000] {processor.py:186} INFO - Started process (PID=455) to work on /home/airflow/.local/lib/python3.12/site-packages/airflow/example_dags/example_bash_decorator.py
[2025-04-26T22:33:02.700+0000] {processor.py:914} INFO - Processing file /home/airflow/.local/lib/python3.12/site-packages/airflow/example_dags/example_bash_decorator.py for tasks to queue
[2025-04-26T22:33:02.703+0000] {logging_mixin.py:190} INFO - [2025-04-26T22:33:02.703+0000] {dagbag.py:588} INFO - Filling up the DagBag from /home/airflow/.local/lib/python3.12/site-packages/airflow/example_dags/example_bash_decorator.py
[2025-04-26T22:33:02.719+0000] {processor.py:925} INFO - DAG(s) 'example_bash_decorator' retrieved from /home/airflow/.local/lib/python3.12/site-packages/airflow/example_dags/example_bash_decorator.py
[2025-04-26T22:33:02.745+0000] {logging_mixin.py:190} INFO - [2025-04-26T22:33:02.744+0000] {dag.py:3239} INFO - Sync 1 DAGs
[2025-04-26T22:33:02.759+0000] {logging_mixin.py:190} INFO - [2025-04-26T22:33:02.759+0000] {dag.py:4180} INFO - Setting next_dagrun for example_bash_decorator to None, run_after=None
[2025-04-26T22:33:02.775+0000] {processor.py:208} INFO - Processing /home/airflow/.local/lib/python3.12/site-packages/airflow/example_dags/example_bash_decorator.py took 0.083 seconds
[2025-04-26T22:33:33.927+0000] {processor.py:186} INFO - Started process (PID=518) to work on /home/airflow/.local/lib/python3.12/site-packages/airflow/example_dags/example_bash_decorator.py
[2025-04-26T22:33:33.929+0000] {processor.py:914} INFO - Processing file /home/airflow/.local/lib/python3.12/site-packages/airflow/example_dags/example_bash_decorator.py for tasks to queue
[2025-04-26T22:33:33.931+0000] {logging_mixin.py:190} INFO - [2025-04-26T22:33:33.931+0000] {dagbag.py:588} INFO - Filling up the DagBag from /home/airflow/.local/lib/python3.12/site-packages/airflow/example_dags/example_bash_decorator.py
[2025-04-26T22:33:33.948+0000] {processor.py:925} INFO - DAG(s) 'example_bash_decorator' retrieved from /home/airflow/.local/lib/python3.12/site-packages/airflow/example_dags/example_bash_decorator.py
[2025-04-26T22:33:33.980+0000] {logging_mixin.py:190} INFO - [2025-04-26T22:33:33.980+0000] {dag.py:3239} INFO - Sync 1 DAGs
[2025-04-26T22:33:34.001+0000] {logging_mixin.py:190} INFO - [2025-04-26T22:33:34.000+0000] {dag.py:4180} INFO - Setting next_dagrun for example_bash_decorator to None, run_after=None
[2025-04-26T22:33:34.024+0000] {processor.py:208} INFO - Processing /home/airflow/.local/lib/python3.12/site-packages/airflow/example_dags/example_bash_decorator.py took 0.103 seconds
[2025-04-26T22:34:05.151+0000] {processor.py:186} INFO - Started process (PID=581) to work on /home/airflow/.local/lib/python3.12/site-packages/airflow/example_dags/example_bash_decorator.py
[2025-04-26T22:34:05.151+0000] {processor.py:914} INFO - Processing file /home/airflow/.local/lib/python3.12/site-packages/airflow/example_dags/example_bash_decorator.py for tasks to queue
[2025-04-26T22:34:05.154+0000] {logging_mixin.py:190} INFO - [2025-04-26T22:34:05.153+0000] {dagbag.py:588} INFO - Filling up the DagBag from /home/airflow/.local/lib/python3.12/site-packages/airflow/example_dags/example_bash_decorator.py
[2025-04-26T22:34:05.170+0000] {processor.py:925} INFO - DAG(s) 'example_bash_decorator' retrieved from /home/airflow/.local/lib/python3.12/site-packages/airflow/example_dags/example_bash_decorator.py
[2025-04-26T22:34:05.193+0000] {logging_mixin.py:190} INFO - [2025-04-26T22:34:05.193+0000] {dag.py:3239} INFO - Sync 1 DAGs
[2025-04-26T22:34:05.207+0000] {logging_mixin.py:190} INFO - [2025-04-26T22:34:05.207+0000] {dag.py:4180} INFO - Setting next_dagrun for example_bash_decorator to None, run_after=None
[2025-04-26T22:34:05.224+0000] {processor.py:208} INFO - Processing /home/airflow/.local/lib/python3.12/site-packages/airflow/example_dags/example_bash_decorator.py took 0.080 seconds
[2025-04-26T22:34:36.743+0000] {processor.py:186} INFO - Started process (PID=644) to work on /home/airflow/.local/lib/python3.12/site-packages/airflow/example_dags/example_bash_decorator.py
[2025-04-26T22:34:36.745+0000] {processor.py:914} INFO - Processing file /home/airflow/.local/lib/python3.12/site-packages/airflow/example_dags/example_bash_decorator.py for tasks to queue
[2025-04-26T22:34:36.747+0000] {logging_mixin.py:190} INFO - [2025-04-26T22:34:36.747+0000] {dagbag.py:588} INFO - Filling up the DagBag from /home/airflow/.local/lib/python3.12/site-packages/airflow/example_dags/example_bash_decorator.py
[2025-04-26T22:34:36.763+0000] {processor.py:925} INFO - DAG(s) 'example_bash_decorator' retrieved from /home/airflow/.local/lib/python3.12/site-packages/airflow/example_dags/example_bash_decorator.py
[2025-04-26T22:34:36.785+0000] {logging_mixin.py:190} INFO - [2025-04-26T22:34:36.785+0000] {dag.py:3239} INFO - Sync 1 DAGs
[2025-04-26T22:34:36.799+0000] {logging_mixin.py:190} INFO - [2025-04-26T22:34:36.799+0000] {dag.py:4180} INFO - Setting next_dagrun for example_bash_decorator to None, run_after=None
[2025-04-26T22:34:36.814+0000] {processor.py:208} INFO - Processing /home/airflow/.local/lib/python3.12/site-packages/airflow/example_dags/example_bash_decorator.py took 0.077 seconds
[2025-04-26T22:35:07.890+0000] {processor.py:186} INFO - Started process (PID=708) to work on /home/airflow/.local/lib/python3.12/site-packages/airflow/example_dags/example_bash_decorator.py
[2025-04-26T22:35:07.891+0000] {processor.py:914} INFO - Processing file /home/airflow/.local/lib/python3.12/site-packages/airflow/example_dags/example_bash_decorator.py for tasks to queue
[2025-04-26T22:35:07.893+0000] {logging_mixin.py:190} INFO - [2025-04-26T22:35:07.893+0000] {dagbag.py:588} INFO - Filling up the DagBag from /home/airflow/.local/lib/python3.12/site-packages/airflow/example_dags/example_bash_decorator.py
[2025-04-26T22:35:07.910+0000] {processor.py:925} INFO - DAG(s) 'example_bash_decorator' retrieved from /home/airflow/.local/lib/python3.12/site-packages/airflow/example_dags/example_bash_decorator.py
[2025-04-26T22:35:07.933+0000] {logging_mixin.py:190} INFO - [2025-04-26T22:35:07.933+0000] {dag.py:3239} INFO - Sync 1 DAGs
[2025-04-26T22:35:07.948+0000] {logging_mixin.py:190} INFO - [2025-04-26T22:35:07.948+0000] {dag.py:4180} INFO - Setting next_dagrun for example_bash_decorator to None, run_after=None
[2025-04-26T22:35:07.967+0000] {processor.py:208} INFO - Processing /home/airflow/.local/lib/python3.12/site-packages/airflow/example_dags/example_bash_decorator.py took 0.084 seconds
[2025-04-26T22:35:39.074+0000] {processor.py:186} INFO - Started process (PID=772) to work on /home/airflow/.local/lib/python3.12/site-packages/airflow/example_dags/example_bash_decorator.py
[2025-04-26T22:35:39.076+0000] {processor.py:914} INFO - Processing file /home/airflow/.local/lib/python3.12/site-packages/airflow/example_dags/example_bash_decorator.py for tasks to queue
[2025-04-26T22:35:39.078+0000] {logging_mixin.py:190} INFO - [2025-04-26T22:35:39.078+0000] {dagbag.py:588} INFO - Filling up the DagBag from /home/airflow/.local/lib/python3.12/site-packages/airflow/example_dags/example_bash_decorator.py
[2025-04-26T22:35:39.097+0000] {processor.py:925} INFO - DAG(s) 'example_bash_decorator' retrieved from /home/airflow/.local/lib/python3.12/site-packages/airflow/example_dags/example_bash_decorator.py
[2025-04-26T22:35:39.121+0000] {logging_mixin.py:190} INFO - [2025-04-26T22:35:39.120+0000] {dag.py:3239} INFO - Sync 1 DAGs
[2025-04-26T22:35:39.136+0000] {logging_mixin.py:190} INFO - [2025-04-26T22:35:39.135+0000] {dag.py:4180} INFO - Setting next_dagrun for example_bash_decorator to None, run_after=None
[2025-04-26T22:35:39.152+0000] {processor.py:208} INFO - Processing /home/airflow/.local/lib/python3.12/site-packages/airflow/example_dags/example_bash_decorator.py took 0.085 seconds
[2025-04-26T22:36:09.968+0000] {processor.py:186} INFO - Started process (PID=836) to work on /home/airflow/.local/lib/python3.12/site-packages/airflow/example_dags/example_bash_decorator.py
[2025-04-26T22:36:09.969+0000] {processor.py:914} INFO - Processing file /home/airflow/.local/lib/python3.12/site-packages/airflow/example_dags/example_bash_decorator.py for tasks to queue
[2025-04-26T22:36:09.972+0000] {logging_mixin.py:190} INFO - [2025-04-26T22:36:09.971+0000] {dagbag.py:588} INFO - Filling up the DagBag from /home/airflow/.local/lib/python3.12/site-packages/airflow/example_dags/example_bash_decorator.py
[2025-04-26T22:36:09.989+0000] {processor.py:925} INFO - DAG(s) 'example_bash_decorator' retrieved from /home/airflow/.local/lib/python3.12/site-packages/airflow/example_dags/example_bash_decorator.py
[2025-04-26T22:36:10.014+0000] {logging_mixin.py:190} INFO - [2025-04-26T22:36:10.013+0000] {dag.py:3239} INFO - Sync 1 DAGs
[2025-04-26T22:36:10.029+0000] {logging_mixin.py:190} INFO - [2025-04-26T22:36:10.029+0000] {dag.py:4180} INFO - Setting next_dagrun for example_bash_decorator to None, run_after=None
[2025-04-26T22:36:10.047+0000] {processor.py:208} INFO - Processing /home/airflow/.local/lib/python3.12/site-packages/airflow/example_dags/example_bash_decorator.py took 0.086 seconds
[2025-04-26T22:36:41.139+0000] {processor.py:186} INFO - Started process (PID=900) to work on /home/airflow/.local/lib/python3.12/site-packages/airflow/example_dags/example_bash_decorator.py
[2025-04-26T22:36:41.141+0000] {processor.py:914} INFO - Processing file /home/airflow/.local/lib/python3.12/site-packages/airflow/example_dags/example_bash_decorator.py for tasks to queue
[2025-04-26T22:36:41.143+0000] {logging_mixin.py:190} INFO - [2025-04-26T22:36:41.143+0000] {dagbag.py:588} INFO - Filling up the DagBag from /home/airflow/.local/lib/python3.12/site-packages/airflow/example_dags/example_bash_decorator.py
[2025-04-26T22:36:41.160+0000] {processor.py:925} INFO - DAG(s) 'example_bash_decorator' retrieved from /home/airflow/.local/lib/python3.12/site-packages/airflow/example_dags/example_bash_decorator.py
[2025-04-26T22:36:41.182+0000] {logging_mixin.py:190} INFO - [2025-04-26T22:36:41.182+0000] {dag.py:3239} INFO - Sync 1 DAGs
[2025-04-26T22:36:41.196+0000] {logging_mixin.py:190} INFO - [2025-04-26T22:36:41.195+0000] {dag.py:4180} INFO - Setting next_dagrun for example_bash_decorator to None, run_after=None
[2025-04-26T22:36:41.211+0000] {processor.py:208} INFO - Processing /home/airflow/.local/lib/python3.12/site-packages/airflow/example_dags/example_bash_decorator.py took 0.079 seconds
[2025-04-26T22:37:11.796+0000] {processor.py:186} INFO - Started process (PID=964) to work on /home/airflow/.local/lib/python3.12/site-packages/airflow/example_dags/example_bash_decorator.py
[2025-04-26T22:37:11.798+0000] {processor.py:914} INFO - Processing file /home/airflow/.local/lib/python3.12/site-packages/airflow/example_dags/example_bash_decorator.py for tasks to queue
[2025-04-26T22:37:11.800+0000] {logging_mixin.py:190} INFO - [2025-04-26T22:37:11.800+0000] {dagbag.py:588} INFO - Filling up the DagBag from /home/airflow/.local/lib/python3.12/site-packages/airflow/example_dags/example_bash_decorator.py
[2025-04-26T22:37:11.816+0000] {processor.py:925} INFO - DAG(s) 'example_bash_decorator' retrieved from /home/airflow/.local/lib/python3.12/site-packages/airflow/example_dags/example_bash_decorator.py
[2025-04-26T22:37:11.840+0000] {logging_mixin.py:190} INFO - [2025-04-26T22:37:11.840+0000] {dag.py:3239} INFO - Sync 1 DAGs
[2025-04-26T22:37:11.856+0000] {logging_mixin.py:190} INFO - [2025-04-26T22:37:11.856+0000] {dag.py:4180} INFO - Setting next_dagrun for example_bash_decorator to None, run_after=None
[2025-04-26T22:37:11.876+0000] {processor.py:208} INFO - Processing /home/airflow/.local/lib/python3.12/site-packages/airflow/example_dags/example_bash_decorator.py took 0.086 seconds
[2025-04-26T22:37:43.020+0000] {processor.py:186} INFO - Started process (PID=1028) to work on /home/airflow/.local/lib/python3.12/site-packages/airflow/example_dags/example_bash_decorator.py
[2025-04-26T22:37:43.022+0000] {processor.py:914} INFO - Processing file /home/airflow/.local/lib/python3.12/site-packages/airflow/example_dags/example_bash_decorator.py for tasks to queue
[2025-04-26T22:37:43.024+0000] {logging_mixin.py:190} INFO - [2025-04-26T22:37:43.024+0000] {dagbag.py:588} INFO - Filling up the DagBag from /home/airflow/.local/lib/python3.12/site-packages/airflow/example_dags/example_bash_decorator.py
[2025-04-26T22:37:43.041+0000] {processor.py:925} INFO - DAG(s) 'example_bash_decorator' retrieved from /home/airflow/.local/lib/python3.12/site-packages/airflow/example_dags/example_bash_decorator.py
[2025-04-26T22:37:43.069+0000] {logging_mixin.py:190} INFO - [2025-04-26T22:37:43.068+0000] {dag.py:3239} INFO - Sync 1 DAGs
[2025-04-26T22:37:43.084+0000] {logging_mixin.py:190} INFO - [2025-04-26T22:37:43.084+0000] {dag.py:4180} INFO - Setting next_dagrun for example_bash_decorator to None, run_after=None
[2025-04-26T22:37:43.101+0000] {processor.py:208} INFO - Processing /home/airflow/.local/lib/python3.12/site-packages/airflow/example_dags/example_bash_decorator.py took 0.087 seconds
[2025-04-26T22:38:14.343+0000] {processor.py:186} INFO - Started process (PID=1092) to work on /home/airflow/.local/lib/python3.12/site-packages/airflow/example_dags/example_bash_decorator.py
[2025-04-26T22:38:14.344+0000] {processor.py:914} INFO - Processing file /home/airflow/.local/lib/python3.12/site-packages/airflow/example_dags/example_bash_decorator.py for tasks to queue
[2025-04-26T22:38:14.346+0000] {logging_mixin.py:190} INFO - [2025-04-26T22:38:14.346+0000] {dagbag.py:588} INFO - Filling up the DagBag from /home/airflow/.local/lib/python3.12/site-packages/airflow/example_dags/example_bash_decorator.py
[2025-04-26T22:38:14.363+0000] {processor.py:925} INFO - DAG(s) 'example_bash_decorator' retrieved from /home/airflow/.local/lib/python3.12/site-packages/airflow/example_dags/example_bash_decorator.py
[2025-04-26T22:38:14.386+0000] {logging_mixin.py:190} INFO - [2025-04-26T22:38:14.385+0000] {dag.py:3239} INFO - Sync 1 DAGs
[2025-04-26T22:38:14.399+0000] {logging_mixin.py:190} INFO - [2025-04-26T22:38:14.399+0000] {dag.py:4180} INFO - Setting next_dagrun for example_bash_decorator to None, run_after=None
[2025-04-26T22:38:14.416+0000] {processor.py:208} INFO - Processing /home/airflow/.local/lib/python3.12/site-packages/airflow/example_dags/example_bash_decorator.py took 0.079 seconds
[2025-04-26T22:38:45.908+0000] {processor.py:186} INFO - Started process (PID=1156) to work on /home/airflow/.local/lib/python3.12/site-packages/airflow/example_dags/example_bash_decorator.py
[2025-04-26T22:38:45.909+0000] {processor.py:914} INFO - Processing file /home/airflow/.local/lib/python3.12/site-packages/airflow/example_dags/example_bash_decorator.py for tasks to queue
[2025-04-26T22:38:45.912+0000] {logging_mixin.py:190} INFO - [2025-04-26T22:38:45.911+0000] {dagbag.py:588} INFO - Filling up the DagBag from /home/airflow/.local/lib/python3.12/site-packages/airflow/example_dags/example_bash_decorator.py
[2025-04-26T22:38:45.928+0000] {processor.py:925} INFO - DAG(s) 'example_bash_decorator' retrieved from /home/airflow/.local/lib/python3.12/site-packages/airflow/example_dags/example_bash_decorator.py
[2025-04-26T22:38:45.953+0000] {logging_mixin.py:190} INFO - [2025-04-26T22:38:45.953+0000] {dag.py:3239} INFO - Sync 1 DAGs
[2025-04-26T22:38:45.969+0000] {logging_mixin.py:190} INFO - [2025-04-26T22:38:45.968+0000] {dag.py:4180} INFO - Setting next_dagrun for example_bash_decorator to None, run_after=None
[2025-04-26T22:38:45.987+0000] {processor.py:208} INFO - Processing /home/airflow/.local/lib/python3.12/site-packages/airflow/example_dags/example_bash_decorator.py took 0.086 seconds
[2025-04-26T22:39:16.720+0000] {processor.py:186} INFO - Started process (PID=1220) to work on /home/airflow/.local/lib/python3.12/site-packages/airflow/example_dags/example_bash_decorator.py
[2025-04-26T22:39:16.721+0000] {processor.py:914} INFO - Processing file /home/airflow/.local/lib/python3.12/site-packages/airflow/example_dags/example_bash_decorator.py for tasks to queue
[2025-04-26T22:39:16.724+0000] {logging_mixin.py:190} INFO - [2025-04-26T22:39:16.723+0000] {dagbag.py:588} INFO - Filling up the DagBag from /home/airflow/.local/lib/python3.12/site-packages/airflow/example_dags/example_bash_decorator.py
[2025-04-26T22:39:16.740+0000] {processor.py:925} INFO - DAG(s) 'example_bash_decorator' retrieved from /home/airflow/.local/lib/python3.12/site-packages/airflow/example_dags/example_bash_decorator.py
[2025-04-26T22:39:16.763+0000] {logging_mixin.py:190} INFO - [2025-04-26T22:39:16.763+0000] {dag.py:3239} INFO - Sync 1 DAGs
[2025-04-26T22:39:16.778+0000] {logging_mixin.py:190} INFO - [2025-04-26T22:39:16.777+0000] {dag.py:4180} INFO - Setting next_dagrun for example_bash_decorator to None, run_after=None
[2025-04-26T22:39:16.795+0000] {processor.py:208} INFO - Processing /home/airflow/.local/lib/python3.12/site-packages/airflow/example_dags/example_bash_decorator.py took 0.081 seconds
[2025-04-26T22:39:48.311+0000] {processor.py:186} INFO - Started process (PID=1284) to work on /home/airflow/.local/lib/python3.12/site-packages/airflow/example_dags/example_bash_decorator.py
[2025-04-26T22:39:48.312+0000] {processor.py:914} INFO - Processing file /home/airflow/.local/lib/python3.12/site-packages/airflow/example_dags/example_bash_decorator.py for tasks to queue
[2025-04-26T22:39:48.316+0000] {logging_mixin.py:190} INFO - [2025-04-26T22:39:48.315+0000] {dagbag.py:588} INFO - Filling up the DagBag from /home/airflow/.local/lib/python3.12/site-packages/airflow/example_dags/example_bash_decorator.py
[2025-04-26T22:39:48.336+0000] {processor.py:925} INFO - DAG(s) 'example_bash_decorator' retrieved from /home/airflow/.local/lib/python3.12/site-packages/airflow/example_dags/example_bash_decorator.py
[2025-04-26T22:39:48.366+0000] {logging_mixin.py:190} INFO - [2025-04-26T22:39:48.366+0000] {dag.py:3239} INFO - Sync 1 DAGs
[2025-04-26T22:39:48.384+0000] {logging_mixin.py:190} INFO - [2025-04-26T22:39:48.384+0000] {dag.py:4180} INFO - Setting next_dagrun for example_bash_decorator to None, run_after=None
[2025-04-26T22:39:48.405+0000] {processor.py:208} INFO - Processing /home/airflow/.local/lib/python3.12/site-packages/airflow/example_dags/example_bash_decorator.py took 0.101 seconds
