[2025-04-26T22:29:51.371+0000] {processor.py:186} INFO - Started process (PID=61) to work on /home/airflow/.local/lib/python3.12/site-packages/airflow/example_dags/example_latest_only.py
[2025-04-26T22:29:51.372+0000] {processor.py:914} INFO - Processing file /home/airflow/.local/lib/python3.12/site-packages/airflow/example_dags/example_latest_only.py for tasks to queue
[2025-04-26T22:29:51.375+0000] {logging_mixin.py:190} INFO - [2025-04-26T22:29:51.375+0000] {dagbag.py:588} INFO - Filling up the DagBag from /home/airflow/.local/lib/python3.12/site-packages/airflow/example_dags/example_latest_only.py
[2025-04-26T22:29:51.387+0000] {processor.py:925} INFO - DAG(s) 'latest_only' retrieved from /home/airflow/.local/lib/python3.12/site-packages/airflow/example_dags/example_latest_only.py
[2025-04-26T22:29:51.628+0000] {logging_mixin.py:190} INFO - [2025-04-26T22:29:51.627+0000] {override.py:1912} INFO - Created Permission View: can read on DAG:latest_only
[2025-04-26T22:29:51.642+0000] {logging_mixin.py:190} INFO - [2025-04-26T22:29:51.642+0000] {override.py:1912} INFO - Created Permission View: can delete on DAG:latest_only
[2025-04-26T22:29:51.657+0000] {logging_mixin.py:190} INFO - [2025-04-26T22:29:51.656+0000] {override.py:1912} INFO - Created Permission View: can edit on DAG:latest_only
[2025-04-26T22:29:51.669+0000] {logging_mixin.py:190} INFO - [2025-04-26T22:29:51.668+0000] {override.py:1912} INFO - Created Permission View: can read on DAG Run:latest_only
[2025-04-26T22:29:51.682+0000] {logging_mixin.py:190} INFO - [2025-04-26T22:29:51.682+0000] {override.py:1912} INFO - Created Permission View: can create on DAG Run:latest_only
[2025-04-26T22:29:51.692+0000] {logging_mixin.py:190} INFO - [2025-04-26T22:29:51.692+0000] {override.py:1912} INFO - Created Permission View: can delete on DAG Run:latest_only
[2025-04-26T22:29:51.704+0000] {logging_mixin.py:190} INFO - [2025-04-26T22:29:51.704+0000] {override.py:1912} INFO - Created Permission View: menu access on DAG Run:latest_only
[2025-04-26T22:29:51.705+0000] {logging_mixin.py:190} INFO - [2025-04-26T22:29:51.705+0000] {dag.py:3239} INFO - Sync 1 DAGs
[2025-04-26T22:29:51.752+0000] {logging_mixin.py:190} INFO - [2025-04-26T22:29:51.751+0000] {dag.py:3262} INFO - Creating ORM DAG for latest_only
[2025-04-26T22:29:51.771+0000] {logging_mixin.py:190} INFO - [2025-04-26T22:29:51.771+0000] {dag.py:4180} INFO - Setting next_dagrun for latest_only to 2025-04-26 16:00:00+00:00, run_after=2025-04-26 20:00:00+00:00
[2025-04-26T22:29:51.810+0000] {processor.py:208} INFO - Processing /home/airflow/.local/lib/python3.12/site-packages/airflow/example_dags/example_latest_only.py took 0.448 seconds
[2025-04-26T22:30:22.462+0000] {processor.py:186} INFO - Started process (PID=129) to work on /home/airflow/.local/lib/python3.12/site-packages/airflow/example_dags/example_latest_only.py
[2025-04-26T22:30:22.463+0000] {processor.py:914} INFO - Processing file /home/airflow/.local/lib/python3.12/site-packages/airflow/example_dags/example_latest_only.py for tasks to queue
[2025-04-26T22:30:22.465+0000] {logging_mixin.py:190} INFO - [2025-04-26T22:30:22.465+0000] {dagbag.py:588} INFO - Filling up the DagBag from /home/airflow/.local/lib/python3.12/site-packages/airflow/example_dags/example_latest_only.py
[2025-04-26T22:30:22.473+0000] {processor.py:925} INFO - DAG(s) 'latest_only' retrieved from /home/airflow/.local/lib/python3.12/site-packages/airflow/example_dags/example_latest_only.py
[2025-04-26T22:30:22.492+0000] {logging_mixin.py:190} INFO - [2025-04-26T22:30:22.491+0000] {dag.py:3239} INFO - Sync 1 DAGs
[2025-04-26T22:30:22.515+0000] {logging_mixin.py:190} INFO - [2025-04-26T22:30:22.514+0000] {dag.py:4180} INFO - Setting next_dagrun for latest_only to 2025-04-26 16:00:00+00:00, run_after=2025-04-26 20:00:00+00:00
[2025-04-26T22:30:22.532+0000] {processor.py:208} INFO - Processing /home/airflow/.local/lib/python3.12/site-packages/airflow/example_dags/example_latest_only.py took 0.076 seconds
[2025-04-26T22:30:53.023+0000] {processor.py:186} INFO - Started process (PID=192) to work on /home/airflow/.local/lib/python3.12/site-packages/airflow/example_dags/example_latest_only.py
[2025-04-26T22:30:53.024+0000] {processor.py:914} INFO - Processing file /home/airflow/.local/lib/python3.12/site-packages/airflow/example_dags/example_latest_only.py for tasks to queue
[2025-04-26T22:30:53.027+0000] {logging_mixin.py:190} INFO - [2025-04-26T22:30:53.027+0000] {dagbag.py:588} INFO - Filling up the DagBag from /home/airflow/.local/lib/python3.12/site-packages/airflow/example_dags/example_latest_only.py
[2025-04-26T22:30:53.035+0000] {processor.py:925} INFO - DAG(s) 'latest_only' retrieved from /home/airflow/.local/lib/python3.12/site-packages/airflow/example_dags/example_latest_only.py
[2025-04-26T22:30:53.053+0000] {logging_mixin.py:190} INFO - [2025-04-26T22:30:53.053+0000] {dag.py:3239} INFO - Sync 1 DAGs
[2025-04-26T22:30:53.076+0000] {logging_mixin.py:190} INFO - [2025-04-26T22:30:53.076+0000] {dag.py:4180} INFO - Setting next_dagrun for latest_only to 2025-04-26 16:00:00+00:00, run_after=2025-04-26 20:00:00+00:00
[2025-04-26T22:30:53.092+0000] {processor.py:208} INFO - Processing /home/airflow/.local/lib/python3.12/site-packages/airflow/example_dags/example_latest_only.py took 0.076 seconds
[2025-04-26T22:31:23.615+0000] {processor.py:186} INFO - Started process (PID=255) to work on /home/airflow/.local/lib/python3.12/site-packages/airflow/example_dags/example_latest_only.py
[2025-04-26T22:31:23.616+0000] {processor.py:914} INFO - Processing file /home/airflow/.local/lib/python3.12/site-packages/airflow/example_dags/example_latest_only.py for tasks to queue
[2025-04-26T22:31:23.619+0000] {logging_mixin.py:190} INFO - [2025-04-26T22:31:23.618+0000] {dagbag.py:588} INFO - Filling up the DagBag from /home/airflow/.local/lib/python3.12/site-packages/airflow/example_dags/example_latest_only.py
[2025-04-26T22:31:23.626+0000] {processor.py:925} INFO - DAG(s) 'latest_only' retrieved from /home/airflow/.local/lib/python3.12/site-packages/airflow/example_dags/example_latest_only.py
[2025-04-26T22:31:23.644+0000] {logging_mixin.py:190} INFO - [2025-04-26T22:31:23.644+0000] {dag.py:3239} INFO - Sync 1 DAGs
[2025-04-26T22:31:23.666+0000] {logging_mixin.py:190} INFO - [2025-04-26T22:31:23.666+0000] {dag.py:4180} INFO - Setting next_dagrun for latest_only to 2025-04-26 16:00:00+00:00, run_after=2025-04-26 20:00:00+00:00
[2025-04-26T22:31:23.682+0000] {processor.py:208} INFO - Processing /home/airflow/.local/lib/python3.12/site-packages/airflow/example_dags/example_latest_only.py took 0.073 seconds
[2025-04-26T22:31:53.963+0000] {processor.py:186} INFO - Started process (PID=318) to work on /home/airflow/.local/lib/python3.12/site-packages/airflow/example_dags/example_latest_only.py
[2025-04-26T22:31:53.964+0000] {processor.py:914} INFO - Processing file /home/airflow/.local/lib/python3.12/site-packages/airflow/example_dags/example_latest_only.py for tasks to queue
[2025-04-26T22:31:53.967+0000] {logging_mixin.py:190} INFO - [2025-04-26T22:31:53.967+0000] {dagbag.py:588} INFO - Filling up the DagBag from /home/airflow/.local/lib/python3.12/site-packages/airflow/example_dags/example_latest_only.py
[2025-04-26T22:31:53.975+0000] {processor.py:925} INFO - DAG(s) 'latest_only' retrieved from /home/airflow/.local/lib/python3.12/site-packages/airflow/example_dags/example_latest_only.py
[2025-04-26T22:31:53.993+0000] {logging_mixin.py:190} INFO - [2025-04-26T22:31:53.993+0000] {dag.py:3239} INFO - Sync 1 DAGs
[2025-04-26T22:31:54.015+0000] {logging_mixin.py:190} INFO - [2025-04-26T22:31:54.015+0000] {dag.py:4180} INFO - Setting next_dagrun for latest_only to 2025-04-26 16:00:00+00:00, run_after=2025-04-26 20:00:00+00:00
[2025-04-26T22:31:54.032+0000] {processor.py:208} INFO - Processing /home/airflow/.local/lib/python3.12/site-packages/airflow/example_dags/example_latest_only.py took 0.075 seconds
[2025-04-26T22:32:24.314+0000] {processor.py:186} INFO - Started process (PID=381) to work on /home/airflow/.local/lib/python3.12/site-packages/airflow/example_dags/example_latest_only.py
[2025-04-26T22:32:24.315+0000] {processor.py:914} INFO - Processing file /home/airflow/.local/lib/python3.12/site-packages/airflow/example_dags/example_latest_only.py for tasks to queue
[2025-04-26T22:32:24.318+0000] {logging_mixin.py:190} INFO - [2025-04-26T22:32:24.317+0000] {dagbag.py:588} INFO - Filling up the DagBag from /home/airflow/.local/lib/python3.12/site-packages/airflow/example_dags/example_latest_only.py
[2025-04-26T22:32:24.326+0000] {processor.py:925} INFO - DAG(s) 'latest_only' retrieved from /home/airflow/.local/lib/python3.12/site-packages/airflow/example_dags/example_latest_only.py
[2025-04-26T22:32:24.345+0000] {logging_mixin.py:190} INFO - [2025-04-26T22:32:24.345+0000] {dag.py:3239} INFO - Sync 1 DAGs
[2025-04-26T22:32:24.370+0000] {logging_mixin.py:190} INFO - [2025-04-26T22:32:24.369+0000] {dag.py:4180} INFO - Setting next_dagrun for latest_only to 2025-04-26 16:00:00+00:00, run_after=2025-04-26 20:00:00+00:00
[2025-04-26T22:32:24.386+0000] {processor.py:208} INFO - Processing /home/airflow/.local/lib/python3.12/site-packages/airflow/example_dags/example_latest_only.py took 0.078 seconds
[2025-04-26T22:32:54.448+0000] {processor.py:186} INFO - Started process (PID=444) to work on /home/airflow/.local/lib/python3.12/site-packages/airflow/example_dags/example_latest_only.py
[2025-04-26T22:32:54.450+0000] {processor.py:914} INFO - Processing file /home/airflow/.local/lib/python3.12/site-packages/airflow/example_dags/example_latest_only.py for tasks to queue
[2025-04-26T22:32:54.452+0000] {logging_mixin.py:190} INFO - [2025-04-26T22:32:54.452+0000] {dagbag.py:588} INFO - Filling up the DagBag from /home/airflow/.local/lib/python3.12/site-packages/airflow/example_dags/example_latest_only.py
[2025-04-26T22:32:54.460+0000] {processor.py:925} INFO - DAG(s) 'latest_only' retrieved from /home/airflow/.local/lib/python3.12/site-packages/airflow/example_dags/example_latest_only.py
[2025-04-26T22:32:54.477+0000] {logging_mixin.py:190} INFO - [2025-04-26T22:32:54.477+0000] {dag.py:3239} INFO - Sync 1 DAGs
[2025-04-26T22:32:54.500+0000] {logging_mixin.py:190} INFO - [2025-04-26T22:32:54.500+0000] {dag.py:4180} INFO - Setting next_dagrun for latest_only to 2025-04-26 16:00:00+00:00, run_after=2025-04-26 20:00:00+00:00
[2025-04-26T22:32:54.515+0000] {processor.py:208} INFO - Processing /home/airflow/.local/lib/python3.12/site-packages/airflow/example_dags/example_latest_only.py took 0.074 seconds
[2025-04-26T22:33:24.651+0000] {processor.py:186} INFO - Started process (PID=507) to work on /home/airflow/.local/lib/python3.12/site-packages/airflow/example_dags/example_latest_only.py
[2025-04-26T22:33:24.652+0000] {processor.py:914} INFO - Processing file /home/airflow/.local/lib/python3.12/site-packages/airflow/example_dags/example_latest_only.py for tasks to queue
[2025-04-26T22:33:24.654+0000] {logging_mixin.py:190} INFO - [2025-04-26T22:33:24.654+0000] {dagbag.py:588} INFO - Filling up the DagBag from /home/airflow/.local/lib/python3.12/site-packages/airflow/example_dags/example_latest_only.py
[2025-04-26T22:33:24.662+0000] {processor.py:925} INFO - DAG(s) 'latest_only' retrieved from /home/airflow/.local/lib/python3.12/site-packages/airflow/example_dags/example_latest_only.py
[2025-04-26T22:33:24.679+0000] {logging_mixin.py:190} INFO - [2025-04-26T22:33:24.679+0000] {dag.py:3239} INFO - Sync 1 DAGs
[2025-04-26T22:33:24.700+0000] {logging_mixin.py:190} INFO - [2025-04-26T22:33:24.700+0000] {dag.py:4180} INFO - Setting next_dagrun for latest_only to 2025-04-26 16:00:00+00:00, run_after=2025-04-26 20:00:00+00:00
[2025-04-26T22:33:24.716+0000] {processor.py:208} INFO - Processing /home/airflow/.local/lib/python3.12/site-packages/airflow/example_dags/example_latest_only.py took 0.071 seconds
[2025-04-26T22:33:54.882+0000] {processor.py:186} INFO - Started process (PID=570) to work on /home/airflow/.local/lib/python3.12/site-packages/airflow/example_dags/example_latest_only.py
[2025-04-26T22:33:54.883+0000] {processor.py:914} INFO - Processing file /home/airflow/.local/lib/python3.12/site-packages/airflow/example_dags/example_latest_only.py for tasks to queue
[2025-04-26T22:33:54.885+0000] {logging_mixin.py:190} INFO - [2025-04-26T22:33:54.885+0000] {dagbag.py:588} INFO - Filling up the DagBag from /home/airflow/.local/lib/python3.12/site-packages/airflow/example_dags/example_latest_only.py
[2025-04-26T22:33:54.893+0000] {processor.py:925} INFO - DAG(s) 'latest_only' retrieved from /home/airflow/.local/lib/python3.12/site-packages/airflow/example_dags/example_latest_only.py
[2025-04-26T22:33:54.911+0000] {logging_mixin.py:190} INFO - [2025-04-26T22:33:54.911+0000] {dag.py:3239} INFO - Sync 1 DAGs
[2025-04-26T22:33:54.932+0000] {logging_mixin.py:190} INFO - [2025-04-26T22:33:54.932+0000] {dag.py:4180} INFO - Setting next_dagrun for latest_only to 2025-04-26 16:00:00+00:00, run_after=2025-04-26 20:00:00+00:00
[2025-04-26T22:33:54.948+0000] {processor.py:208} INFO - Processing /home/airflow/.local/lib/python3.12/site-packages/airflow/example_dags/example_latest_only.py took 0.073 seconds
[2025-04-26T22:34:25.454+0000] {processor.py:186} INFO - Started process (PID=633) to work on /home/airflow/.local/lib/python3.12/site-packages/airflow/example_dags/example_latest_only.py
[2025-04-26T22:34:25.455+0000] {processor.py:914} INFO - Processing file /home/airflow/.local/lib/python3.12/site-packages/airflow/example_dags/example_latest_only.py for tasks to queue
[2025-04-26T22:34:25.457+0000] {logging_mixin.py:190} INFO - [2025-04-26T22:34:25.457+0000] {dagbag.py:588} INFO - Filling up the DagBag from /home/airflow/.local/lib/python3.12/site-packages/airflow/example_dags/example_latest_only.py
[2025-04-26T22:34:25.465+0000] {processor.py:925} INFO - DAG(s) 'latest_only' retrieved from /home/airflow/.local/lib/python3.12/site-packages/airflow/example_dags/example_latest_only.py
[2025-04-26T22:34:25.483+0000] {logging_mixin.py:190} INFO - [2025-04-26T22:34:25.483+0000] {dag.py:3239} INFO - Sync 1 DAGs
[2025-04-26T22:34:25.506+0000] {logging_mixin.py:190} INFO - [2025-04-26T22:34:25.506+0000] {dag.py:4180} INFO - Setting next_dagrun for latest_only to 2025-04-26 16:00:00+00:00, run_after=2025-04-26 20:00:00+00:00
[2025-04-26T22:34:25.522+0000] {processor.py:208} INFO - Processing /home/airflow/.local/lib/python3.12/site-packages/airflow/example_dags/example_latest_only.py took 0.074 seconds
[2025-04-26T22:34:55.662+0000] {processor.py:186} INFO - Started process (PID=697) to work on /home/airflow/.local/lib/python3.12/site-packages/airflow/example_dags/example_latest_only.py
[2025-04-26T22:34:55.664+0000] {processor.py:914} INFO - Processing file /home/airflow/.local/lib/python3.12/site-packages/airflow/example_dags/example_latest_only.py for tasks to queue
[2025-04-26T22:34:55.666+0000] {logging_mixin.py:190} INFO - [2025-04-26T22:34:55.666+0000] {dagbag.py:588} INFO - Filling up the DagBag from /home/airflow/.local/lib/python3.12/site-packages/airflow/example_dags/example_latest_only.py
[2025-04-26T22:34:55.674+0000] {processor.py:925} INFO - DAG(s) 'latest_only' retrieved from /home/airflow/.local/lib/python3.12/site-packages/airflow/example_dags/example_latest_only.py
[2025-04-26T22:34:55.692+0000] {logging_mixin.py:190} INFO - [2025-04-26T22:34:55.692+0000] {dag.py:3239} INFO - Sync 1 DAGs
[2025-04-26T22:34:55.714+0000] {logging_mixin.py:190} INFO - [2025-04-26T22:34:55.714+0000] {dag.py:4180} INFO - Setting next_dagrun for latest_only to 2025-04-26 16:00:00+00:00, run_after=2025-04-26 20:00:00+00:00
[2025-04-26T22:34:55.730+0000] {processor.py:208} INFO - Processing /home/airflow/.local/lib/python3.12/site-packages/airflow/example_dags/example_latest_only.py took 0.075 seconds
[2025-04-26T22:35:25.887+0000] {processor.py:186} INFO - Started process (PID=761) to work on /home/airflow/.local/lib/python3.12/site-packages/airflow/example_dags/example_latest_only.py
[2025-04-26T22:35:25.888+0000] {processor.py:914} INFO - Processing file /home/airflow/.local/lib/python3.12/site-packages/airflow/example_dags/example_latest_only.py for tasks to queue
[2025-04-26T22:35:25.892+0000] {logging_mixin.py:190} INFO - [2025-04-26T22:35:25.891+0000] {dagbag.py:588} INFO - Filling up the DagBag from /home/airflow/.local/lib/python3.12/site-packages/airflow/example_dags/example_latest_only.py
[2025-04-26T22:35:25.903+0000] {processor.py:925} INFO - DAG(s) 'latest_only' retrieved from /home/airflow/.local/lib/python3.12/site-packages/airflow/example_dags/example_latest_only.py
[2025-04-26T22:35:25.930+0000] {logging_mixin.py:190} INFO - [2025-04-26T22:35:25.930+0000] {dag.py:3239} INFO - Sync 1 DAGs
[2025-04-26T22:35:25.963+0000] {logging_mixin.py:190} INFO - [2025-04-26T22:35:25.963+0000] {dag.py:4180} INFO - Setting next_dagrun for latest_only to 2025-04-26 16:00:00+00:00, run_after=2025-04-26 20:00:00+00:00
[2025-04-26T22:35:25.987+0000] {processor.py:208} INFO - Processing /home/airflow/.local/lib/python3.12/site-packages/airflow/example_dags/example_latest_only.py took 0.110 seconds
[2025-04-26T22:35:56.749+0000] {processor.py:186} INFO - Started process (PID=825) to work on /home/airflow/.local/lib/python3.12/site-packages/airflow/example_dags/example_latest_only.py
[2025-04-26T22:35:56.751+0000] {processor.py:914} INFO - Processing file /home/airflow/.local/lib/python3.12/site-packages/airflow/example_dags/example_latest_only.py for tasks to queue
[2025-04-26T22:35:56.754+0000] {logging_mixin.py:190} INFO - [2025-04-26T22:35:56.753+0000] {dagbag.py:588} INFO - Filling up the DagBag from /home/airflow/.local/lib/python3.12/site-packages/airflow/example_dags/example_latest_only.py
[2025-04-26T22:35:56.762+0000] {processor.py:925} INFO - DAG(s) 'latest_only' retrieved from /home/airflow/.local/lib/python3.12/site-packages/airflow/example_dags/example_latest_only.py
[2025-04-26T22:35:56.780+0000] {logging_mixin.py:190} INFO - [2025-04-26T22:35:56.780+0000] {dag.py:3239} INFO - Sync 1 DAGs
[2025-04-26T22:35:56.808+0000] {logging_mixin.py:190} INFO - [2025-04-26T22:35:56.808+0000] {dag.py:4180} INFO - Setting next_dagrun for latest_only to 2025-04-26 16:00:00+00:00, run_after=2025-04-26 20:00:00+00:00
[2025-04-26T22:35:56.824+0000] {processor.py:208} INFO - Processing /home/airflow/.local/lib/python3.12/site-packages/airflow/example_dags/example_latest_only.py took 0.082 seconds
[2025-04-26T22:36:26.913+0000] {processor.py:186} INFO - Started process (PID=889) to work on /home/airflow/.local/lib/python3.12/site-packages/airflow/example_dags/example_latest_only.py
[2025-04-26T22:36:26.914+0000] {processor.py:914} INFO - Processing file /home/airflow/.local/lib/python3.12/site-packages/airflow/example_dags/example_latest_only.py for tasks to queue
[2025-04-26T22:36:26.917+0000] {logging_mixin.py:190} INFO - [2025-04-26T22:36:26.917+0000] {dagbag.py:588} INFO - Filling up the DagBag from /home/airflow/.local/lib/python3.12/site-packages/airflow/example_dags/example_latest_only.py
[2025-04-26T22:36:26.925+0000] {processor.py:925} INFO - DAG(s) 'latest_only' retrieved from /home/airflow/.local/lib/python3.12/site-packages/airflow/example_dags/example_latest_only.py
[2025-04-26T22:36:26.943+0000] {logging_mixin.py:190} INFO - [2025-04-26T22:36:26.943+0000] {dag.py:3239} INFO - Sync 1 DAGs
[2025-04-26T22:36:26.965+0000] {logging_mixin.py:190} INFO - [2025-04-26T22:36:26.965+0000] {dag.py:4180} INFO - Setting next_dagrun for latest_only to 2025-04-26 16:00:00+00:00, run_after=2025-04-26 20:00:00+00:00
[2025-04-26T22:36:26.980+0000] {processor.py:208} INFO - Processing /home/airflow/.local/lib/python3.12/site-packages/airflow/example_dags/example_latest_only.py took 0.074 seconds
[2025-04-26T22:36:57.540+0000] {processor.py:186} INFO - Started process (PID=953) to work on /home/airflow/.local/lib/python3.12/site-packages/airflow/example_dags/example_latest_only.py
[2025-04-26T22:36:57.542+0000] {processor.py:914} INFO - Processing file /home/airflow/.local/lib/python3.12/site-packages/airflow/example_dags/example_latest_only.py for tasks to queue
[2025-04-26T22:36:57.544+0000] {logging_mixin.py:190} INFO - [2025-04-26T22:36:57.544+0000] {dagbag.py:588} INFO - Filling up the DagBag from /home/airflow/.local/lib/python3.12/site-packages/airflow/example_dags/example_latest_only.py
[2025-04-26T22:36:57.552+0000] {processor.py:925} INFO - DAG(s) 'latest_only' retrieved from /home/airflow/.local/lib/python3.12/site-packages/airflow/example_dags/example_latest_only.py
[2025-04-26T22:36:57.570+0000] {logging_mixin.py:190} INFO - [2025-04-26T22:36:57.569+0000] {dag.py:3239} INFO - Sync 1 DAGs
[2025-04-26T22:36:57.591+0000] {logging_mixin.py:190} INFO - [2025-04-26T22:36:57.591+0000] {dag.py:4180} INFO - Setting next_dagrun for latest_only to 2025-04-26 16:00:00+00:00, run_after=2025-04-26 20:00:00+00:00
[2025-04-26T22:36:57.608+0000] {processor.py:208} INFO - Processing /home/airflow/.local/lib/python3.12/site-packages/airflow/example_dags/example_latest_only.py took 0.074 seconds
[2025-04-26T22:37:27.783+0000] {processor.py:186} INFO - Started process (PID=1017) to work on /home/airflow/.local/lib/python3.12/site-packages/airflow/example_dags/example_latest_only.py
[2025-04-26T22:37:27.784+0000] {processor.py:914} INFO - Processing file /home/airflow/.local/lib/python3.12/site-packages/airflow/example_dags/example_latest_only.py for tasks to queue
[2025-04-26T22:37:27.786+0000] {logging_mixin.py:190} INFO - [2025-04-26T22:37:27.786+0000] {dagbag.py:588} INFO - Filling up the DagBag from /home/airflow/.local/lib/python3.12/site-packages/airflow/example_dags/example_latest_only.py
[2025-04-26T22:37:27.795+0000] {processor.py:925} INFO - DAG(s) 'latest_only' retrieved from /home/airflow/.local/lib/python3.12/site-packages/airflow/example_dags/example_latest_only.py
[2025-04-26T22:37:27.813+0000] {logging_mixin.py:190} INFO - [2025-04-26T22:37:27.812+0000] {dag.py:3239} INFO - Sync 1 DAGs
[2025-04-26T22:37:27.839+0000] {logging_mixin.py:190} INFO - [2025-04-26T22:37:27.839+0000] {dag.py:4180} INFO - Setting next_dagrun for latest_only to 2025-04-26 16:00:00+00:00, run_after=2025-04-26 20:00:00+00:00
[2025-04-26T22:37:27.855+0000] {processor.py:208} INFO - Processing /home/airflow/.local/lib/python3.12/site-packages/airflow/example_dags/example_latest_only.py took 0.079 seconds
[2025-04-26T22:37:57.974+0000] {processor.py:186} INFO - Started process (PID=1081) to work on /home/airflow/.local/lib/python3.12/site-packages/airflow/example_dags/example_latest_only.py
[2025-04-26T22:37:57.976+0000] {processor.py:914} INFO - Processing file /home/airflow/.local/lib/python3.12/site-packages/airflow/example_dags/example_latest_only.py for tasks to queue
[2025-04-26T22:37:57.979+0000] {logging_mixin.py:190} INFO - [2025-04-26T22:37:57.978+0000] {dagbag.py:588} INFO - Filling up the DagBag from /home/airflow/.local/lib/python3.12/site-packages/airflow/example_dags/example_latest_only.py
[2025-04-26T22:37:57.987+0000] {processor.py:925} INFO - DAG(s) 'latest_only' retrieved from /home/airflow/.local/lib/python3.12/site-packages/airflow/example_dags/example_latest_only.py
[2025-04-26T22:37:58.005+0000] {logging_mixin.py:190} INFO - [2025-04-26T22:37:58.005+0000] {dag.py:3239} INFO - Sync 1 DAGs
[2025-04-26T22:37:58.029+0000] {logging_mixin.py:190} INFO - [2025-04-26T22:37:58.028+0000] {dag.py:4180} INFO - Setting next_dagrun for latest_only to 2025-04-26 16:00:00+00:00, run_after=2025-04-26 20:00:00+00:00
[2025-04-26T22:37:58.045+0000] {processor.py:208} INFO - Processing /home/airflow/.local/lib/python3.12/site-packages/airflow/example_dags/example_latest_only.py took 0.078 seconds
[2025-04-26T22:38:28.147+0000] {processor.py:186} INFO - Started process (PID=1145) to work on /home/airflow/.local/lib/python3.12/site-packages/airflow/example_dags/example_latest_only.py
[2025-04-26T22:38:28.149+0000] {processor.py:914} INFO - Processing file /home/airflow/.local/lib/python3.12/site-packages/airflow/example_dags/example_latest_only.py for tasks to queue
[2025-04-26T22:38:28.152+0000] {logging_mixin.py:190} INFO - [2025-04-26T22:38:28.152+0000] {dagbag.py:588} INFO - Filling up the DagBag from /home/airflow/.local/lib/python3.12/site-packages/airflow/example_dags/example_latest_only.py
[2025-04-26T22:38:28.160+0000] {processor.py:925} INFO - DAG(s) 'latest_only' retrieved from /home/airflow/.local/lib/python3.12/site-packages/airflow/example_dags/example_latest_only.py
[2025-04-26T22:38:28.179+0000] {logging_mixin.py:190} INFO - [2025-04-26T22:38:28.178+0000] {dag.py:3239} INFO - Sync 1 DAGs
[2025-04-26T22:38:28.201+0000] {logging_mixin.py:190} INFO - [2025-04-26T22:38:28.201+0000] {dag.py:4180} INFO - Setting next_dagrun for latest_only to 2025-04-26 16:00:00+00:00, run_after=2025-04-26 20:00:00+00:00
[2025-04-26T22:38:28.217+0000] {processor.py:208} INFO - Processing /home/airflow/.local/lib/python3.12/site-packages/airflow/example_dags/example_latest_only.py took 0.077 seconds
[2025-04-26T22:38:58.488+0000] {processor.py:186} INFO - Started process (PID=1209) to work on /home/airflow/.local/lib/python3.12/site-packages/airflow/example_dags/example_latest_only.py
[2025-04-26T22:38:58.489+0000] {processor.py:914} INFO - Processing file /home/airflow/.local/lib/python3.12/site-packages/airflow/example_dags/example_latest_only.py for tasks to queue
[2025-04-26T22:38:58.492+0000] {logging_mixin.py:190} INFO - [2025-04-26T22:38:58.492+0000] {dagbag.py:588} INFO - Filling up the DagBag from /home/airflow/.local/lib/python3.12/site-packages/airflow/example_dags/example_latest_only.py
[2025-04-26T22:38:58.499+0000] {processor.py:925} INFO - DAG(s) 'latest_only' retrieved from /home/airflow/.local/lib/python3.12/site-packages/airflow/example_dags/example_latest_only.py
[2025-04-26T22:38:58.517+0000] {logging_mixin.py:190} INFO - [2025-04-26T22:38:58.517+0000] {dag.py:3239} INFO - Sync 1 DAGs
[2025-04-26T22:38:58.540+0000] {logging_mixin.py:190} INFO - [2025-04-26T22:38:58.539+0000] {dag.py:4180} INFO - Setting next_dagrun for latest_only to 2025-04-26 16:00:00+00:00, run_after=2025-04-26 20:00:00+00:00
[2025-04-26T22:38:58.555+0000] {processor.py:208} INFO - Processing /home/airflow/.local/lib/python3.12/site-packages/airflow/example_dags/example_latest_only.py took 0.073 seconds
[2025-04-26T22:39:29.017+0000] {processor.py:186} INFO - Started process (PID=1273) to work on /home/airflow/.local/lib/python3.12/site-packages/airflow/example_dags/example_latest_only.py
[2025-04-26T22:39:29.019+0000] {processor.py:914} INFO - Processing file /home/airflow/.local/lib/python3.12/site-packages/airflow/example_dags/example_latest_only.py for tasks to queue
[2025-04-26T22:39:29.022+0000] {logging_mixin.py:190} INFO - [2025-04-26T22:39:29.022+0000] {dagbag.py:588} INFO - Filling up the DagBag from /home/airflow/.local/lib/python3.12/site-packages/airflow/example_dags/example_latest_only.py
[2025-04-26T22:39:29.029+0000] {processor.py:925} INFO - DAG(s) 'latest_only' retrieved from /home/airflow/.local/lib/python3.12/site-packages/airflow/example_dags/example_latest_only.py
[2025-04-26T22:39:29.047+0000] {logging_mixin.py:190} INFO - [2025-04-26T22:39:29.047+0000] {dag.py:3239} INFO - Sync 1 DAGs
[2025-04-26T22:39:29.069+0000] {logging_mixin.py:190} INFO - [2025-04-26T22:39:29.069+0000] {dag.py:4180} INFO - Setting next_dagrun for latest_only to 2025-04-26 16:00:00+00:00, run_after=2025-04-26 20:00:00+00:00
[2025-04-26T22:39:29.085+0000] {processor.py:208} INFO - Processing /home/airflow/.local/lib/python3.12/site-packages/airflow/example_dags/example_latest_only.py took 0.074 seconds
[2025-04-26T22:39:59.938+0000] {processor.py:186} INFO - Started process (PID=1337) to work on /home/airflow/.local/lib/python3.12/site-packages/airflow/example_dags/example_latest_only.py
[2025-04-26T22:39:59.940+0000] {processor.py:914} INFO - Processing file /home/airflow/.local/lib/python3.12/site-packages/airflow/example_dags/example_latest_only.py for tasks to queue
[2025-04-26T22:39:59.943+0000] {logging_mixin.py:190} INFO - [2025-04-26T22:39:59.942+0000] {dagbag.py:588} INFO - Filling up the DagBag from /home/airflow/.local/lib/python3.12/site-packages/airflow/example_dags/example_latest_only.py
[2025-04-26T22:39:59.950+0000] {processor.py:925} INFO - DAG(s) 'latest_only' retrieved from /home/airflow/.local/lib/python3.12/site-packages/airflow/example_dags/example_latest_only.py
[2025-04-26T22:39:59.968+0000] {logging_mixin.py:190} INFO - [2025-04-26T22:39:59.968+0000] {dag.py:3239} INFO - Sync 1 DAGs
[2025-04-26T22:39:59.990+0000] {logging_mixin.py:190} INFO - [2025-04-26T22:39:59.990+0000] {dag.py:4180} INFO - Setting next_dagrun for latest_only to 2025-04-26 16:00:00+00:00, run_after=2025-04-26 20:00:00+00:00
[2025-04-26T22:40:00.006+0000] {processor.py:208} INFO - Processing /home/airflow/.local/lib/python3.12/site-packages/airflow/example_dags/example_latest_only.py took 0.074 seconds
