[2025-04-26T22:30:01.525+0000] {processor.py:186} INFO - Started process (PID=108) to work on /home/airflow/.local/lib/python3.12/site-packages/airflow/example_dags/example_skip_dag.py
[2025-04-26T22:30:01.526+0000] {processor.py:914} INFO - Processing file /home/airflow/.local/lib/python3.12/site-packages/airflow/example_dags/example_skip_dag.py for tasks to queue
[2025-04-26T22:30:01.528+0000] {logging_mixin.py:190} INFO - [2025-04-26T22:30:01.528+0000] {dagbag.py:588} INFO - Filling up the DagBag from /home/airflow/.local/lib/python3.12/site-packages/airflow/example_dags/example_skip_dag.py
[2025-04-26T22:30:01.537+0000] {processor.py:925} INFO - DAG(s) 'example_skip_dag' retrieved from /home/airflow/.local/lib/python3.12/site-packages/airflow/example_dags/example_skip_dag.py
[2025-04-26T22:30:01.644+0000] {logging_mixin.py:190} INFO - [2025-04-26T22:30:01.643+0000] {override.py:1912} INFO - Created Permission View: can read on DAG:example_skip_dag
[2025-04-26T22:30:01.652+0000] {logging_mixin.py:190} INFO - [2025-04-26T22:30:01.652+0000] {override.py:1912} INFO - Created Permission View: can delete on DAG:example_skip_dag
[2025-04-26T22:30:01.658+0000] {logging_mixin.py:190} INFO - [2025-04-26T22:30:01.657+0000] {override.py:1912} INFO - Created Permission View: can edit on DAG:example_skip_dag
[2025-04-26T22:30:01.664+0000] {logging_mixin.py:190} INFO - [2025-04-26T22:30:01.663+0000] {override.py:1912} INFO - Created Permission View: can read on DAG Run:example_skip_dag
[2025-04-26T22:30:01.669+0000] {logging_mixin.py:190} INFO - [2025-04-26T22:30:01.669+0000] {override.py:1912} INFO - Created Permission View: can create on DAG Run:example_skip_dag
[2025-04-26T22:30:01.674+0000] {logging_mixin.py:190} INFO - [2025-04-26T22:30:01.674+0000] {override.py:1912} INFO - Created Permission View: can delete on DAG Run:example_skip_dag
[2025-04-26T22:30:01.680+0000] {logging_mixin.py:190} INFO - [2025-04-26T22:30:01.679+0000] {override.py:1912} INFO - Created Permission View: menu access on DAG Run:example_skip_dag
[2025-04-26T22:30:01.680+0000] {logging_mixin.py:190} INFO - [2025-04-26T22:30:01.680+0000] {dag.py:3239} INFO - Sync 1 DAGs
[2025-04-26T22:30:01.692+0000] {logging_mixin.py:190} INFO - [2025-04-26T22:30:01.692+0000] {dag.py:3262} INFO - Creating ORM DAG for example_skip_dag
[2025-04-26T22:30:01.701+0000] {logging_mixin.py:190} INFO - [2025-04-26T22:30:01.701+0000] {dag.py:4180} INFO - Setting next_dagrun for example_skip_dag to 2025-04-25 00:00:00+00:00, run_after=2025-04-26 00:00:00+00:00
[2025-04-26T22:30:01.715+0000] {processor.py:208} INFO - Processing /home/airflow/.local/lib/python3.12/site-packages/airflow/example_dags/example_skip_dag.py took 0.197 seconds
[2025-04-26T22:30:32.525+0000] {processor.py:186} INFO - Started process (PID=171) to work on /home/airflow/.local/lib/python3.12/site-packages/airflow/example_dags/example_skip_dag.py
[2025-04-26T22:30:32.526+0000] {processor.py:914} INFO - Processing file /home/airflow/.local/lib/python3.12/site-packages/airflow/example_dags/example_skip_dag.py for tasks to queue
[2025-04-26T22:30:32.528+0000] {logging_mixin.py:190} INFO - [2025-04-26T22:30:32.528+0000] {dagbag.py:588} INFO - Filling up the DagBag from /home/airflow/.local/lib/python3.12/site-packages/airflow/example_dags/example_skip_dag.py
[2025-04-26T22:30:32.537+0000] {processor.py:925} INFO - DAG(s) 'example_skip_dag' retrieved from /home/airflow/.local/lib/python3.12/site-packages/airflow/example_dags/example_skip_dag.py
[2025-04-26T22:30:32.558+0000] {logging_mixin.py:190} INFO - [2025-04-26T22:30:32.558+0000] {dag.py:3239} INFO - Sync 1 DAGs
[2025-04-26T22:30:32.580+0000] {logging_mixin.py:190} INFO - [2025-04-26T22:30:32.580+0000] {dag.py:4180} INFO - Setting next_dagrun for example_skip_dag to 2025-04-25 00:00:00+00:00, run_after=2025-04-26 00:00:00+00:00
[2025-04-26T22:30:32.596+0000] {processor.py:208} INFO - Processing /home/airflow/.local/lib/python3.12/site-packages/airflow/example_dags/example_skip_dag.py took 0.078 seconds
[2025-04-26T22:31:02.901+0000] {processor.py:186} INFO - Started process (PID=234) to work on /home/airflow/.local/lib/python3.12/site-packages/airflow/example_dags/example_skip_dag.py
[2025-04-26T22:31:02.903+0000] {processor.py:914} INFO - Processing file /home/airflow/.local/lib/python3.12/site-packages/airflow/example_dags/example_skip_dag.py for tasks to queue
[2025-04-26T22:31:02.905+0000] {logging_mixin.py:190} INFO - [2025-04-26T22:31:02.905+0000] {dagbag.py:588} INFO - Filling up the DagBag from /home/airflow/.local/lib/python3.12/site-packages/airflow/example_dags/example_skip_dag.py
[2025-04-26T22:31:02.914+0000] {processor.py:925} INFO - DAG(s) 'example_skip_dag' retrieved from /home/airflow/.local/lib/python3.12/site-packages/airflow/example_dags/example_skip_dag.py
[2025-04-26T22:31:02.938+0000] {logging_mixin.py:190} INFO - [2025-04-26T22:31:02.938+0000] {dag.py:3239} INFO - Sync 1 DAGs
[2025-04-26T22:31:02.962+0000] {logging_mixin.py:190} INFO - [2025-04-26T22:31:02.962+0000] {dag.py:4180} INFO - Setting next_dagrun for example_skip_dag to 2025-04-25 00:00:00+00:00, run_after=2025-04-26 00:00:00+00:00
[2025-04-26T22:31:02.981+0000] {processor.py:208} INFO - Processing /home/airflow/.local/lib/python3.12/site-packages/airflow/example_dags/example_skip_dag.py took 0.086 seconds
[2025-04-26T22:31:33.155+0000] {processor.py:186} INFO - Started process (PID=296) to work on /home/airflow/.local/lib/python3.12/site-packages/airflow/example_dags/example_skip_dag.py
[2025-04-26T22:31:33.155+0000] {processor.py:914} INFO - Processing file /home/airflow/.local/lib/python3.12/site-packages/airflow/example_dags/example_skip_dag.py for tasks to queue
[2025-04-26T22:31:33.158+0000] {logging_mixin.py:190} INFO - [2025-04-26T22:31:33.157+0000] {dagbag.py:588} INFO - Filling up the DagBag from /home/airflow/.local/lib/python3.12/site-packages/airflow/example_dags/example_skip_dag.py
[2025-04-26T22:31:33.166+0000] {processor.py:925} INFO - DAG(s) 'example_skip_dag' retrieved from /home/airflow/.local/lib/python3.12/site-packages/airflow/example_dags/example_skip_dag.py
[2025-04-26T22:31:33.187+0000] {logging_mixin.py:190} INFO - [2025-04-26T22:31:33.187+0000] {dag.py:3239} INFO - Sync 1 DAGs
[2025-04-26T22:31:33.210+0000] {logging_mixin.py:190} INFO - [2025-04-26T22:31:33.210+0000] {dag.py:4180} INFO - Setting next_dagrun for example_skip_dag to 2025-04-25 00:00:00+00:00, run_after=2025-04-26 00:00:00+00:00
[2025-04-26T22:31:33.226+0000] {processor.py:208} INFO - Processing /home/airflow/.local/lib/python3.12/site-packages/airflow/example_dags/example_skip_dag.py took 0.078 seconds
[2025-04-26T22:32:03.447+0000] {processor.py:186} INFO - Started process (PID=359) to work on /home/airflow/.local/lib/python3.12/site-packages/airflow/example_dags/example_skip_dag.py
[2025-04-26T22:32:03.448+0000] {processor.py:914} INFO - Processing file /home/airflow/.local/lib/python3.12/site-packages/airflow/example_dags/example_skip_dag.py for tasks to queue
[2025-04-26T22:32:03.451+0000] {logging_mixin.py:190} INFO - [2025-04-26T22:32:03.451+0000] {dagbag.py:588} INFO - Filling up the DagBag from /home/airflow/.local/lib/python3.12/site-packages/airflow/example_dags/example_skip_dag.py
[2025-04-26T22:32:03.463+0000] {processor.py:925} INFO - DAG(s) 'example_skip_dag' retrieved from /home/airflow/.local/lib/python3.12/site-packages/airflow/example_dags/example_skip_dag.py
[2025-04-26T22:32:03.485+0000] {logging_mixin.py:190} INFO - [2025-04-26T22:32:03.484+0000] {dag.py:3239} INFO - Sync 1 DAGs
[2025-04-26T22:32:03.509+0000] {logging_mixin.py:190} INFO - [2025-04-26T22:32:03.509+0000] {dag.py:4180} INFO - Setting next_dagrun for example_skip_dag to 2025-04-25 00:00:00+00:00, run_after=2025-04-26 00:00:00+00:00
[2025-04-26T22:32:03.532+0000] {processor.py:208} INFO - Processing /home/airflow/.local/lib/python3.12/site-packages/airflow/example_dags/example_skip_dag.py took 0.094 seconds
[2025-04-26T22:32:33.564+0000] {processor.py:186} INFO - Started process (PID=421) to work on /home/airflow/.local/lib/python3.12/site-packages/airflow/example_dags/example_skip_dag.py
[2025-04-26T22:32:33.565+0000] {processor.py:914} INFO - Processing file /home/airflow/.local/lib/python3.12/site-packages/airflow/example_dags/example_skip_dag.py for tasks to queue
[2025-04-26T22:32:33.567+0000] {logging_mixin.py:190} INFO - [2025-04-26T22:32:33.567+0000] {dagbag.py:588} INFO - Filling up the DagBag from /home/airflow/.local/lib/python3.12/site-packages/airflow/example_dags/example_skip_dag.py
[2025-04-26T22:32:33.576+0000] {processor.py:925} INFO - DAG(s) 'example_skip_dag' retrieved from /home/airflow/.local/lib/python3.12/site-packages/airflow/example_dags/example_skip_dag.py
[2025-04-26T22:32:33.596+0000] {logging_mixin.py:190} INFO - [2025-04-26T22:32:33.596+0000] {dag.py:3239} INFO - Sync 1 DAGs
[2025-04-26T22:32:33.618+0000] {logging_mixin.py:190} INFO - [2025-04-26T22:32:33.618+0000] {dag.py:4180} INFO - Setting next_dagrun for example_skip_dag to 2025-04-25 00:00:00+00:00, run_after=2025-04-26 00:00:00+00:00
[2025-04-26T22:32:33.634+0000] {processor.py:208} INFO - Processing /home/airflow/.local/lib/python3.12/site-packages/airflow/example_dags/example_skip_dag.py took 0.077 seconds
[2025-04-26T22:33:04.745+0000] {processor.py:186} INFO - Started process (PID=485) to work on /home/airflow/.local/lib/python3.12/site-packages/airflow/example_dags/example_skip_dag.py
[2025-04-26T22:33:04.746+0000] {processor.py:914} INFO - Processing file /home/airflow/.local/lib/python3.12/site-packages/airflow/example_dags/example_skip_dag.py for tasks to queue
[2025-04-26T22:33:04.749+0000] {logging_mixin.py:190} INFO - [2025-04-26T22:33:04.748+0000] {dagbag.py:588} INFO - Filling up the DagBag from /home/airflow/.local/lib/python3.12/site-packages/airflow/example_dags/example_skip_dag.py
[2025-04-26T22:33:04.758+0000] {processor.py:925} INFO - DAG(s) 'example_skip_dag' retrieved from /home/airflow/.local/lib/python3.12/site-packages/airflow/example_dags/example_skip_dag.py
[2025-04-26T22:33:04.786+0000] {logging_mixin.py:190} INFO - [2025-04-26T22:33:04.786+0000] {dag.py:3239} INFO - Sync 1 DAGs
[2025-04-26T22:33:04.818+0000] {logging_mixin.py:190} INFO - [2025-04-26T22:33:04.818+0000] {dag.py:4180} INFO - Setting next_dagrun for example_skip_dag to 2025-04-25 00:00:00+00:00, run_after=2025-04-26 00:00:00+00:00
[2025-04-26T22:33:04.837+0000] {processor.py:208} INFO - Processing /home/airflow/.local/lib/python3.12/site-packages/airflow/example_dags/example_skip_dag.py took 0.099 seconds
[2025-04-26T22:33:36.226+0000] {processor.py:186} INFO - Started process (PID=548) to work on /home/airflow/.local/lib/python3.12/site-packages/airflow/example_dags/example_skip_dag.py
[2025-04-26T22:33:36.228+0000] {processor.py:914} INFO - Processing file /home/airflow/.local/lib/python3.12/site-packages/airflow/example_dags/example_skip_dag.py for tasks to queue
[2025-04-26T22:33:36.230+0000] {logging_mixin.py:190} INFO - [2025-04-26T22:33:36.230+0000] {dagbag.py:588} INFO - Filling up the DagBag from /home/airflow/.local/lib/python3.12/site-packages/airflow/example_dags/example_skip_dag.py
[2025-04-26T22:33:36.239+0000] {processor.py:925} INFO - DAG(s) 'example_skip_dag' retrieved from /home/airflow/.local/lib/python3.12/site-packages/airflow/example_dags/example_skip_dag.py
[2025-04-26T22:33:36.260+0000] {logging_mixin.py:190} INFO - [2025-04-26T22:33:36.260+0000] {dag.py:3239} INFO - Sync 1 DAGs
[2025-04-26T22:33:36.283+0000] {logging_mixin.py:190} INFO - [2025-04-26T22:33:36.283+0000] {dag.py:4180} INFO - Setting next_dagrun for example_skip_dag to 2025-04-25 00:00:00+00:00, run_after=2025-04-26 00:00:00+00:00
[2025-04-26T22:33:36.298+0000] {processor.py:208} INFO - Processing /home/airflow/.local/lib/python3.12/site-packages/airflow/example_dags/example_skip_dag.py took 0.078 seconds
[2025-04-26T22:34:07.291+0000] {processor.py:186} INFO - Started process (PID=611) to work on /home/airflow/.local/lib/python3.12/site-packages/airflow/example_dags/example_skip_dag.py
[2025-04-26T22:34:07.292+0000] {processor.py:914} INFO - Processing file /home/airflow/.local/lib/python3.12/site-packages/airflow/example_dags/example_skip_dag.py for tasks to queue
[2025-04-26T22:34:07.294+0000] {logging_mixin.py:190} INFO - [2025-04-26T22:34:07.294+0000] {dagbag.py:588} INFO - Filling up the DagBag from /home/airflow/.local/lib/python3.12/site-packages/airflow/example_dags/example_skip_dag.py
[2025-04-26T22:34:07.303+0000] {processor.py:925} INFO - DAG(s) 'example_skip_dag' retrieved from /home/airflow/.local/lib/python3.12/site-packages/airflow/example_dags/example_skip_dag.py
[2025-04-26T22:34:07.324+0000] {logging_mixin.py:190} INFO - [2025-04-26T22:34:07.324+0000] {dag.py:3239} INFO - Sync 1 DAGs
[2025-04-26T22:34:07.348+0000] {logging_mixin.py:190} INFO - [2025-04-26T22:34:07.348+0000] {dag.py:4180} INFO - Setting next_dagrun for example_skip_dag to 2025-04-25 00:00:00+00:00, run_after=2025-04-26 00:00:00+00:00
[2025-04-26T22:34:07.364+0000] {processor.py:208} INFO - Processing /home/airflow/.local/lib/python3.12/site-packages/airflow/example_dags/example_skip_dag.py took 0.079 seconds
[2025-04-26T22:34:38.708+0000] {processor.py:186} INFO - Started process (PID=674) to work on /home/airflow/.local/lib/python3.12/site-packages/airflow/example_dags/example_skip_dag.py
[2025-04-26T22:34:38.710+0000] {processor.py:914} INFO - Processing file /home/airflow/.local/lib/python3.12/site-packages/airflow/example_dags/example_skip_dag.py for tasks to queue
[2025-04-26T22:34:38.712+0000] {logging_mixin.py:190} INFO - [2025-04-26T22:34:38.712+0000] {dagbag.py:588} INFO - Filling up the DagBag from /home/airflow/.local/lib/python3.12/site-packages/airflow/example_dags/example_skip_dag.py
[2025-04-26T22:34:38.720+0000] {processor.py:925} INFO - DAG(s) 'example_skip_dag' retrieved from /home/airflow/.local/lib/python3.12/site-packages/airflow/example_dags/example_skip_dag.py
[2025-04-26T22:34:38.741+0000] {logging_mixin.py:190} INFO - [2025-04-26T22:34:38.741+0000] {dag.py:3239} INFO - Sync 1 DAGs
[2025-04-26T22:34:38.764+0000] {logging_mixin.py:190} INFO - [2025-04-26T22:34:38.764+0000] {dag.py:4180} INFO - Setting next_dagrun for example_skip_dag to 2025-04-25 00:00:00+00:00, run_after=2025-04-26 00:00:00+00:00
[2025-04-26T22:34:38.779+0000] {processor.py:208} INFO - Processing /home/airflow/.local/lib/python3.12/site-packages/airflow/example_dags/example_skip_dag.py took 0.077 seconds
[2025-04-26T22:35:09.878+0000] {processor.py:186} INFO - Started process (PID=738) to work on /home/airflow/.local/lib/python3.12/site-packages/airflow/example_dags/example_skip_dag.py
[2025-04-26T22:35:09.879+0000] {processor.py:914} INFO - Processing file /home/airflow/.local/lib/python3.12/site-packages/airflow/example_dags/example_skip_dag.py for tasks to queue
[2025-04-26T22:35:09.881+0000] {logging_mixin.py:190} INFO - [2025-04-26T22:35:09.881+0000] {dagbag.py:588} INFO - Filling up the DagBag from /home/airflow/.local/lib/python3.12/site-packages/airflow/example_dags/example_skip_dag.py
[2025-04-26T22:35:09.890+0000] {processor.py:925} INFO - DAG(s) 'example_skip_dag' retrieved from /home/airflow/.local/lib/python3.12/site-packages/airflow/example_dags/example_skip_dag.py
[2025-04-26T22:35:09.911+0000] {logging_mixin.py:190} INFO - [2025-04-26T22:35:09.911+0000] {dag.py:3239} INFO - Sync 1 DAGs
[2025-04-26T22:35:09.934+0000] {logging_mixin.py:190} INFO - [2025-04-26T22:35:09.934+0000] {dag.py:4180} INFO - Setting next_dagrun for example_skip_dag to 2025-04-25 00:00:00+00:00, run_after=2025-04-26 00:00:00+00:00
[2025-04-26T22:35:09.951+0000] {processor.py:208} INFO - Processing /home/airflow/.local/lib/python3.12/site-packages/airflow/example_dags/example_skip_dag.py took 0.080 seconds
[2025-04-26T22:35:41.431+0000] {processor.py:186} INFO - Started process (PID=802) to work on /home/airflow/.local/lib/python3.12/site-packages/airflow/example_dags/example_skip_dag.py
[2025-04-26T22:35:41.433+0000] {processor.py:914} INFO - Processing file /home/airflow/.local/lib/python3.12/site-packages/airflow/example_dags/example_skip_dag.py for tasks to queue
[2025-04-26T22:35:41.435+0000] {logging_mixin.py:190} INFO - [2025-04-26T22:35:41.435+0000] {dagbag.py:588} INFO - Filling up the DagBag from /home/airflow/.local/lib/python3.12/site-packages/airflow/example_dags/example_skip_dag.py
[2025-04-26T22:35:41.444+0000] {processor.py:925} INFO - DAG(s) 'example_skip_dag' retrieved from /home/airflow/.local/lib/python3.12/site-packages/airflow/example_dags/example_skip_dag.py
[2025-04-26T22:35:41.466+0000] {logging_mixin.py:190} INFO - [2025-04-26T22:35:41.466+0000] {dag.py:3239} INFO - Sync 1 DAGs
[2025-04-26T22:35:41.489+0000] {logging_mixin.py:190} INFO - [2025-04-26T22:35:41.489+0000] {dag.py:4180} INFO - Setting next_dagrun for example_skip_dag to 2025-04-25 00:00:00+00:00, run_after=2025-04-26 00:00:00+00:00
[2025-04-26T22:35:41.506+0000] {processor.py:208} INFO - Processing /home/airflow/.local/lib/python3.12/site-packages/airflow/example_dags/example_skip_dag.py took 0.082 seconds
[2025-04-26T22:36:12.099+0000] {processor.py:186} INFO - Started process (PID=866) to work on /home/airflow/.local/lib/python3.12/site-packages/airflow/example_dags/example_skip_dag.py
[2025-04-26T22:36:12.101+0000] {processor.py:914} INFO - Processing file /home/airflow/.local/lib/python3.12/site-packages/airflow/example_dags/example_skip_dag.py for tasks to queue
[2025-04-26T22:36:12.103+0000] {logging_mixin.py:190} INFO - [2025-04-26T22:36:12.103+0000] {dagbag.py:588} INFO - Filling up the DagBag from /home/airflow/.local/lib/python3.12/site-packages/airflow/example_dags/example_skip_dag.py
[2025-04-26T22:36:12.112+0000] {processor.py:925} INFO - DAG(s) 'example_skip_dag' retrieved from /home/airflow/.local/lib/python3.12/site-packages/airflow/example_dags/example_skip_dag.py
[2025-04-26T22:36:12.135+0000] {logging_mixin.py:190} INFO - [2025-04-26T22:36:12.135+0000] {dag.py:3239} INFO - Sync 1 DAGs
[2025-04-26T22:36:12.161+0000] {logging_mixin.py:190} INFO - [2025-04-26T22:36:12.161+0000] {dag.py:4180} INFO - Setting next_dagrun for example_skip_dag to 2025-04-25 00:00:00+00:00, run_after=2025-04-26 00:00:00+00:00
[2025-04-26T22:36:12.176+0000] {processor.py:208} INFO - Processing /home/airflow/.local/lib/python3.12/site-packages/airflow/example_dags/example_skip_dag.py took 0.084 seconds
[2025-04-26T22:36:43.174+0000] {processor.py:186} INFO - Started process (PID=930) to work on /home/airflow/.local/lib/python3.12/site-packages/airflow/example_dags/example_skip_dag.py
[2025-04-26T22:36:43.175+0000] {processor.py:914} INFO - Processing file /home/airflow/.local/lib/python3.12/site-packages/airflow/example_dags/example_skip_dag.py for tasks to queue
[2025-04-26T22:36:43.178+0000] {logging_mixin.py:190} INFO - [2025-04-26T22:36:43.177+0000] {dagbag.py:588} INFO - Filling up the DagBag from /home/airflow/.local/lib/python3.12/site-packages/airflow/example_dags/example_skip_dag.py
[2025-04-26T22:36:43.187+0000] {processor.py:925} INFO - DAG(s) 'example_skip_dag' retrieved from /home/airflow/.local/lib/python3.12/site-packages/airflow/example_dags/example_skip_dag.py
[2025-04-26T22:36:43.208+0000] {logging_mixin.py:190} INFO - [2025-04-26T22:36:43.208+0000] {dag.py:3239} INFO - Sync 1 DAGs
[2025-04-26T22:36:43.230+0000] {logging_mixin.py:190} INFO - [2025-04-26T22:36:43.230+0000] {dag.py:4180} INFO - Setting next_dagrun for example_skip_dag to 2025-04-25 00:00:00+00:00, run_after=2025-04-26 00:00:00+00:00
[2025-04-26T22:36:43.250+0000] {processor.py:208} INFO - Processing /home/airflow/.local/lib/python3.12/site-packages/airflow/example_dags/example_skip_dag.py took 0.083 seconds
[2025-04-26T22:37:13.841+0000] {processor.py:186} INFO - Started process (PID=994) to work on /home/airflow/.local/lib/python3.12/site-packages/airflow/example_dags/example_skip_dag.py
[2025-04-26T22:37:13.843+0000] {processor.py:914} INFO - Processing file /home/airflow/.local/lib/python3.12/site-packages/airflow/example_dags/example_skip_dag.py for tasks to queue
[2025-04-26T22:37:13.845+0000] {logging_mixin.py:190} INFO - [2025-04-26T22:37:13.845+0000] {dagbag.py:588} INFO - Filling up the DagBag from /home/airflow/.local/lib/python3.12/site-packages/airflow/example_dags/example_skip_dag.py
[2025-04-26T22:37:13.854+0000] {processor.py:925} INFO - DAG(s) 'example_skip_dag' retrieved from /home/airflow/.local/lib/python3.12/site-packages/airflow/example_dags/example_skip_dag.py
[2025-04-26T22:37:13.875+0000] {logging_mixin.py:190} INFO - [2025-04-26T22:37:13.875+0000] {dag.py:3239} INFO - Sync 1 DAGs
[2025-04-26T22:37:13.897+0000] {logging_mixin.py:190} INFO - [2025-04-26T22:37:13.897+0000] {dag.py:4180} INFO - Setting next_dagrun for example_skip_dag to 2025-04-25 00:00:00+00:00, run_after=2025-04-26 00:00:00+00:00
[2025-04-26T22:37:13.913+0000] {processor.py:208} INFO - Processing /home/airflow/.local/lib/python3.12/site-packages/airflow/example_dags/example_skip_dag.py took 0.078 seconds
[2025-04-26T22:37:44.978+0000] {processor.py:186} INFO - Started process (PID=1058) to work on /home/airflow/.local/lib/python3.12/site-packages/airflow/example_dags/example_skip_dag.py
[2025-04-26T22:37:44.979+0000] {processor.py:914} INFO - Processing file /home/airflow/.local/lib/python3.12/site-packages/airflow/example_dags/example_skip_dag.py for tasks to queue
[2025-04-26T22:37:44.982+0000] {logging_mixin.py:190} INFO - [2025-04-26T22:37:44.981+0000] {dagbag.py:588} INFO - Filling up the DagBag from /home/airflow/.local/lib/python3.12/site-packages/airflow/example_dags/example_skip_dag.py
[2025-04-26T22:37:44.991+0000] {processor.py:925} INFO - DAG(s) 'example_skip_dag' retrieved from /home/airflow/.local/lib/python3.12/site-packages/airflow/example_dags/example_skip_dag.py
[2025-04-26T22:37:45.012+0000] {logging_mixin.py:190} INFO - [2025-04-26T22:37:45.012+0000] {dag.py:3239} INFO - Sync 1 DAGs
[2025-04-26T22:37:45.035+0000] {logging_mixin.py:190} INFO - [2025-04-26T22:37:45.035+0000] {dag.py:4180} INFO - Setting next_dagrun for example_skip_dag to 2025-04-25 00:00:00+00:00, run_after=2025-04-26 00:00:00+00:00
[2025-04-26T22:37:45.052+0000] {processor.py:208} INFO - Processing /home/airflow/.local/lib/python3.12/site-packages/airflow/example_dags/example_skip_dag.py took 0.083 seconds
[2025-04-26T22:38:16.417+0000] {processor.py:186} INFO - Started process (PID=1122) to work on /home/airflow/.local/lib/python3.12/site-packages/airflow/example_dags/example_skip_dag.py
[2025-04-26T22:38:16.419+0000] {processor.py:914} INFO - Processing file /home/airflow/.local/lib/python3.12/site-packages/airflow/example_dags/example_skip_dag.py for tasks to queue
[2025-04-26T22:38:16.421+0000] {logging_mixin.py:190} INFO - [2025-04-26T22:38:16.421+0000] {dagbag.py:588} INFO - Filling up the DagBag from /home/airflow/.local/lib/python3.12/site-packages/airflow/example_dags/example_skip_dag.py
[2025-04-26T22:38:16.430+0000] {processor.py:925} INFO - DAG(s) 'example_skip_dag' retrieved from /home/airflow/.local/lib/python3.12/site-packages/airflow/example_dags/example_skip_dag.py
[2025-04-26T22:38:16.451+0000] {logging_mixin.py:190} INFO - [2025-04-26T22:38:16.451+0000] {dag.py:3239} INFO - Sync 1 DAGs
[2025-04-26T22:38:16.474+0000] {logging_mixin.py:190} INFO - [2025-04-26T22:38:16.474+0000] {dag.py:4180} INFO - Setting next_dagrun for example_skip_dag to 2025-04-25 00:00:00+00:00, run_after=2025-04-26 00:00:00+00:00
[2025-04-26T22:38:16.491+0000] {processor.py:208} INFO - Processing /home/airflow/.local/lib/python3.12/site-packages/airflow/example_dags/example_skip_dag.py took 0.080 seconds
[2025-04-26T22:38:48.573+0000] {processor.py:186} INFO - Started process (PID=1186) to work on /home/airflow/.local/lib/python3.12/site-packages/airflow/example_dags/example_skip_dag.py
[2025-04-26T22:38:48.574+0000] {processor.py:914} INFO - Processing file /home/airflow/.local/lib/python3.12/site-packages/airflow/example_dags/example_skip_dag.py for tasks to queue
[2025-04-26T22:38:48.577+0000] {logging_mixin.py:190} INFO - [2025-04-26T22:38:48.576+0000] {dagbag.py:588} INFO - Filling up the DagBag from /home/airflow/.local/lib/python3.12/site-packages/airflow/example_dags/example_skip_dag.py
[2025-04-26T22:38:48.585+0000] {processor.py:925} INFO - DAG(s) 'example_skip_dag' retrieved from /home/airflow/.local/lib/python3.12/site-packages/airflow/example_dags/example_skip_dag.py
[2025-04-26T22:38:48.605+0000] {logging_mixin.py:190} INFO - [2025-04-26T22:38:48.605+0000] {dag.py:3239} INFO - Sync 1 DAGs
[2025-04-26T22:38:48.627+0000] {logging_mixin.py:190} INFO - [2025-04-26T22:38:48.627+0000] {dag.py:4180} INFO - Setting next_dagrun for example_skip_dag to 2025-04-25 00:00:00+00:00, run_after=2025-04-26 00:00:00+00:00
[2025-04-26T22:38:48.643+0000] {processor.py:208} INFO - Processing /home/airflow/.local/lib/python3.12/site-packages/airflow/example_dags/example_skip_dag.py took 0.076 seconds
[2025-04-26T22:39:19.203+0000] {processor.py:186} INFO - Started process (PID=1250) to work on /home/airflow/.local/lib/python3.12/site-packages/airflow/example_dags/example_skip_dag.py
[2025-04-26T22:39:19.204+0000] {processor.py:914} INFO - Processing file /home/airflow/.local/lib/python3.12/site-packages/airflow/example_dags/example_skip_dag.py for tasks to queue
[2025-04-26T22:39:19.207+0000] {logging_mixin.py:190} INFO - [2025-04-26T22:39:19.207+0000] {dagbag.py:588} INFO - Filling up the DagBag from /home/airflow/.local/lib/python3.12/site-packages/airflow/example_dags/example_skip_dag.py
[2025-04-26T22:39:19.219+0000] {processor.py:925} INFO - DAG(s) 'example_skip_dag' retrieved from /home/airflow/.local/lib/python3.12/site-packages/airflow/example_dags/example_skip_dag.py
[2025-04-26T22:39:19.248+0000] {logging_mixin.py:190} INFO - [2025-04-26T22:39:19.248+0000] {dag.py:3239} INFO - Sync 1 DAGs
[2025-04-26T22:39:19.283+0000] {logging_mixin.py:190} INFO - [2025-04-26T22:39:19.282+0000] {dag.py:4180} INFO - Setting next_dagrun for example_skip_dag to 2025-04-25 00:00:00+00:00, run_after=2025-04-26 00:00:00+00:00
[2025-04-26T22:39:19.311+0000] {processor.py:208} INFO - Processing /home/airflow/.local/lib/python3.12/site-packages/airflow/example_dags/example_skip_dag.py took 0.116 seconds
[2025-04-26T22:39:50.291+0000] {processor.py:186} INFO - Started process (PID=1314) to work on /home/airflow/.local/lib/python3.12/site-packages/airflow/example_dags/example_skip_dag.py
[2025-04-26T22:39:50.293+0000] {processor.py:914} INFO - Processing file /home/airflow/.local/lib/python3.12/site-packages/airflow/example_dags/example_skip_dag.py for tasks to queue
[2025-04-26T22:39:50.295+0000] {logging_mixin.py:190} INFO - [2025-04-26T22:39:50.295+0000] {dagbag.py:588} INFO - Filling up the DagBag from /home/airflow/.local/lib/python3.12/site-packages/airflow/example_dags/example_skip_dag.py
[2025-04-26T22:39:50.306+0000] {processor.py:925} INFO - DAG(s) 'example_skip_dag' retrieved from /home/airflow/.local/lib/python3.12/site-packages/airflow/example_dags/example_skip_dag.py
[2025-04-26T22:39:50.327+0000] {logging_mixin.py:190} INFO - [2025-04-26T22:39:50.327+0000] {dag.py:3239} INFO - Sync 1 DAGs
[2025-04-26T22:39:50.352+0000] {logging_mixin.py:190} INFO - [2025-04-26T22:39:50.352+0000] {dag.py:4180} INFO - Setting next_dagrun for example_skip_dag to 2025-04-25 00:00:00+00:00, run_after=2025-04-26 00:00:00+00:00
[2025-04-26T22:39:50.373+0000] {processor.py:208} INFO - Processing /home/airflow/.local/lib/python3.12/site-packages/airflow/example_dags/example_skip_dag.py took 0.088 seconds
