[2025-04-26T22:29:57.003+0000] {processor.py:186} INFO - Started process (PID=83) to work on /home/airflow/.local/lib/python3.12/site-packages/airflow/example_dags/tutorial_dag.py
[2025-04-26T22:29:57.004+0000] {processor.py:914} INFO - Processing file /home/airflow/.local/lib/python3.12/site-packages/airflow/example_dags/tutorial_dag.py for tasks to queue
[2025-04-26T22:29:57.008+0000] {logging_mixin.py:190} INFO - [2025-04-26T22:29:57.007+0000] {dagbag.py:588} INFO - Filling up the DagBag from /home/airflow/.local/lib/python3.12/site-packages/airflow/example_dags/tutorial_dag.py
[2025-04-26T22:29:57.020+0000] {processor.py:925} INFO - DAG(s) 'tutorial_dag' retrieved from /home/airflow/.local/lib/python3.12/site-packages/airflow/example_dags/tutorial_dag.py
[2025-04-26T22:29:57.182+0000] {logging_mixin.py:190} INFO - [2025-04-26T22:29:57.181+0000] {override.py:1912} INFO - Created Permission View: can read on DAG:tutorial_dag
[2025-04-26T22:29:57.199+0000] {logging_mixin.py:190} INFO - [2025-04-26T22:29:57.199+0000] {override.py:1912} INFO - Created Permission View: can delete on DAG:tutorial_dag
[2025-04-26T22:29:57.207+0000] {logging_mixin.py:190} INFO - [2025-04-26T22:29:57.207+0000] {override.py:1912} INFO - Created Permission View: can edit on DAG:tutorial_dag
[2025-04-26T22:29:57.215+0000] {logging_mixin.py:190} INFO - [2025-04-26T22:29:57.215+0000] {override.py:1912} INFO - Created Permission View: can read on DAG Run:tutorial_dag
[2025-04-26T22:29:57.224+0000] {logging_mixin.py:190} INFO - [2025-04-26T22:29:57.224+0000] {override.py:1912} INFO - Created Permission View: can create on DAG Run:tutorial_dag
[2025-04-26T22:29:57.233+0000] {logging_mixin.py:190} INFO - [2025-04-26T22:29:57.232+0000] {override.py:1912} INFO - Created Permission View: can delete on DAG Run:tutorial_dag
[2025-04-26T22:29:57.240+0000] {logging_mixin.py:190} INFO - [2025-04-26T22:29:57.239+0000] {override.py:1912} INFO - Created Permission View: menu access on DAG Run:tutorial_dag
[2025-04-26T22:29:57.240+0000] {logging_mixin.py:190} INFO - [2025-04-26T22:29:57.240+0000] {dag.py:3239} INFO - Sync 1 DAGs
[2025-04-26T22:29:57.260+0000] {logging_mixin.py:190} INFO - [2025-04-26T22:29:57.260+0000] {dag.py:3262} INFO - Creating ORM DAG for tutorial_dag
[2025-04-26T22:29:57.261+0000] {logging_mixin.py:190} INFO - [2025-04-26T22:29:57.261+0000] {dag.py:4180} INFO - Setting next_dagrun for tutorial_dag to None, run_after=None
[2025-04-26T22:29:57.281+0000] {processor.py:208} INFO - Processing /home/airflow/.local/lib/python3.12/site-packages/airflow/example_dags/tutorial_dag.py took 0.286 seconds
[2025-04-26T22:30:27.726+0000] {processor.py:186} INFO - Started process (PID=146) to work on /home/airflow/.local/lib/python3.12/site-packages/airflow/example_dags/tutorial_dag.py
[2025-04-26T22:30:27.727+0000] {processor.py:914} INFO - Processing file /home/airflow/.local/lib/python3.12/site-packages/airflow/example_dags/tutorial_dag.py for tasks to queue
[2025-04-26T22:30:27.729+0000] {logging_mixin.py:190} INFO - [2025-04-26T22:30:27.729+0000] {dagbag.py:588} INFO - Filling up the DagBag from /home/airflow/.local/lib/python3.12/site-packages/airflow/example_dags/tutorial_dag.py
[2025-04-26T22:30:27.737+0000] {processor.py:925} INFO - DAG(s) 'tutorial_dag' retrieved from /home/airflow/.local/lib/python3.12/site-packages/airflow/example_dags/tutorial_dag.py
[2025-04-26T22:30:27.762+0000] {logging_mixin.py:190} INFO - [2025-04-26T22:30:27.762+0000] {dag.py:3239} INFO - Sync 1 DAGs
[2025-04-26T22:30:27.783+0000] {logging_mixin.py:190} INFO - [2025-04-26T22:30:27.783+0000] {dag.py:4180} INFO - Setting next_dagrun for tutorial_dag to None, run_after=None
[2025-04-26T22:30:27.805+0000] {processor.py:208} INFO - Processing /home/airflow/.local/lib/python3.12/site-packages/airflow/example_dags/tutorial_dag.py took 0.086 seconds
[2025-04-26T22:30:58.489+0000] {processor.py:186} INFO - Started process (PID=209) to work on /home/airflow/.local/lib/python3.12/site-packages/airflow/example_dags/tutorial_dag.py
[2025-04-26T22:30:58.490+0000] {processor.py:914} INFO - Processing file /home/airflow/.local/lib/python3.12/site-packages/airflow/example_dags/tutorial_dag.py for tasks to queue
[2025-04-26T22:30:58.493+0000] {logging_mixin.py:190} INFO - [2025-04-26T22:30:58.493+0000] {dagbag.py:588} INFO - Filling up the DagBag from /home/airflow/.local/lib/python3.12/site-packages/airflow/example_dags/tutorial_dag.py
[2025-04-26T22:30:58.504+0000] {processor.py:925} INFO - DAG(s) 'tutorial_dag' retrieved from /home/airflow/.local/lib/python3.12/site-packages/airflow/example_dags/tutorial_dag.py
[2025-04-26T22:30:58.531+0000] {logging_mixin.py:190} INFO - [2025-04-26T22:30:58.530+0000] {dag.py:3239} INFO - Sync 1 DAGs
[2025-04-26T22:30:58.552+0000] {logging_mixin.py:190} INFO - [2025-04-26T22:30:58.551+0000] {dag.py:4180} INFO - Setting next_dagrun for tutorial_dag to None, run_after=None
[2025-04-26T22:30:58.575+0000] {processor.py:208} INFO - Processing /home/airflow/.local/lib/python3.12/site-packages/airflow/example_dags/tutorial_dag.py took 0.095 seconds
[2025-04-26T22:31:29.422+0000] {processor.py:186} INFO - Started process (PID=272) to work on /home/airflow/.local/lib/python3.12/site-packages/airflow/example_dags/tutorial_dag.py
[2025-04-26T22:31:29.423+0000] {processor.py:914} INFO - Processing file /home/airflow/.local/lib/python3.12/site-packages/airflow/example_dags/tutorial_dag.py for tasks to queue
[2025-04-26T22:31:29.425+0000] {logging_mixin.py:190} INFO - [2025-04-26T22:31:29.425+0000] {dagbag.py:588} INFO - Filling up the DagBag from /home/airflow/.local/lib/python3.12/site-packages/airflow/example_dags/tutorial_dag.py
[2025-04-26T22:31:29.434+0000] {processor.py:925} INFO - DAG(s) 'tutorial_dag' retrieved from /home/airflow/.local/lib/python3.12/site-packages/airflow/example_dags/tutorial_dag.py
[2025-04-26T22:31:29.455+0000] {logging_mixin.py:190} INFO - [2025-04-26T22:31:29.455+0000] {dag.py:3239} INFO - Sync 1 DAGs
[2025-04-26T22:31:29.470+0000] {logging_mixin.py:190} INFO - [2025-04-26T22:31:29.469+0000] {dag.py:4180} INFO - Setting next_dagrun for tutorial_dag to None, run_after=None
[2025-04-26T22:31:29.487+0000] {processor.py:208} INFO - Processing /home/airflow/.local/lib/python3.12/site-packages/airflow/example_dags/tutorial_dag.py took 0.071 seconds
[2025-04-26T22:32:00.876+0000] {processor.py:186} INFO - Started process (PID=335) to work on /home/airflow/.local/lib/python3.12/site-packages/airflow/example_dags/tutorial_dag.py
[2025-04-26T22:32:00.878+0000] {processor.py:914} INFO - Processing file /home/airflow/.local/lib/python3.12/site-packages/airflow/example_dags/tutorial_dag.py for tasks to queue
[2025-04-26T22:32:00.881+0000] {logging_mixin.py:190} INFO - [2025-04-26T22:32:00.880+0000] {dagbag.py:588} INFO - Filling up the DagBag from /home/airflow/.local/lib/python3.12/site-packages/airflow/example_dags/tutorial_dag.py
[2025-04-26T22:32:00.891+0000] {processor.py:925} INFO - DAG(s) 'tutorial_dag' retrieved from /home/airflow/.local/lib/python3.12/site-packages/airflow/example_dags/tutorial_dag.py
[2025-04-26T22:32:00.911+0000] {logging_mixin.py:190} INFO - [2025-04-26T22:32:00.910+0000] {dag.py:3239} INFO - Sync 1 DAGs
[2025-04-26T22:32:00.925+0000] {logging_mixin.py:190} INFO - [2025-04-26T22:32:00.924+0000] {dag.py:4180} INFO - Setting next_dagrun for tutorial_dag to None, run_after=None
[2025-04-26T22:32:00.941+0000] {processor.py:208} INFO - Processing /home/airflow/.local/lib/python3.12/site-packages/airflow/example_dags/tutorial_dag.py took 0.074 seconds
[2025-04-26T22:32:32.247+0000] {processor.py:186} INFO - Started process (PID=398) to work on /home/airflow/.local/lib/python3.12/site-packages/airflow/example_dags/tutorial_dag.py
[2025-04-26T22:32:32.248+0000] {processor.py:914} INFO - Processing file /home/airflow/.local/lib/python3.12/site-packages/airflow/example_dags/tutorial_dag.py for tasks to queue
[2025-04-26T22:32:32.250+0000] {logging_mixin.py:190} INFO - [2025-04-26T22:32:32.250+0000] {dagbag.py:588} INFO - Filling up the DagBag from /home/airflow/.local/lib/python3.12/site-packages/airflow/example_dags/tutorial_dag.py
[2025-04-26T22:32:32.259+0000] {processor.py:925} INFO - DAG(s) 'tutorial_dag' retrieved from /home/airflow/.local/lib/python3.12/site-packages/airflow/example_dags/tutorial_dag.py
[2025-04-26T22:32:32.284+0000] {logging_mixin.py:190} INFO - [2025-04-26T22:32:32.283+0000] {dag.py:3239} INFO - Sync 1 DAGs
[2025-04-26T22:32:32.300+0000] {logging_mixin.py:190} INFO - [2025-04-26T22:32:32.300+0000] {dag.py:4180} INFO - Setting next_dagrun for tutorial_dag to None, run_after=None
[2025-04-26T22:32:32.317+0000] {processor.py:208} INFO - Processing /home/airflow/.local/lib/python3.12/site-packages/airflow/example_dags/tutorial_dag.py took 0.077 seconds
[2025-04-26T22:33:03.362+0000] {processor.py:186} INFO - Started process (PID=461) to work on /home/airflow/.local/lib/python3.12/site-packages/airflow/example_dags/tutorial_dag.py
[2025-04-26T22:33:03.363+0000] {processor.py:914} INFO - Processing file /home/airflow/.local/lib/python3.12/site-packages/airflow/example_dags/tutorial_dag.py for tasks to queue
[2025-04-26T22:33:03.366+0000] {logging_mixin.py:190} INFO - [2025-04-26T22:33:03.366+0000] {dagbag.py:588} INFO - Filling up the DagBag from /home/airflow/.local/lib/python3.12/site-packages/airflow/example_dags/tutorial_dag.py
[2025-04-26T22:33:03.377+0000] {processor.py:925} INFO - DAG(s) 'tutorial_dag' retrieved from /home/airflow/.local/lib/python3.12/site-packages/airflow/example_dags/tutorial_dag.py
[2025-04-26T22:33:03.397+0000] {logging_mixin.py:190} INFO - [2025-04-26T22:33:03.397+0000] {dag.py:3239} INFO - Sync 1 DAGs
[2025-04-26T22:33:03.412+0000] {logging_mixin.py:190} INFO - [2025-04-26T22:33:03.411+0000] {dag.py:4180} INFO - Setting next_dagrun for tutorial_dag to None, run_after=None
[2025-04-26T22:33:03.428+0000] {processor.py:208} INFO - Processing /home/airflow/.local/lib/python3.12/site-packages/airflow/example_dags/tutorial_dag.py took 0.073 seconds
[2025-04-26T22:33:34.626+0000] {processor.py:186} INFO - Started process (PID=524) to work on /home/airflow/.local/lib/python3.12/site-packages/airflow/example_dags/tutorial_dag.py
[2025-04-26T22:33:34.627+0000] {processor.py:914} INFO - Processing file /home/airflow/.local/lib/python3.12/site-packages/airflow/example_dags/tutorial_dag.py for tasks to queue
[2025-04-26T22:33:34.629+0000] {logging_mixin.py:190} INFO - [2025-04-26T22:33:34.629+0000] {dagbag.py:588} INFO - Filling up the DagBag from /home/airflow/.local/lib/python3.12/site-packages/airflow/example_dags/tutorial_dag.py
[2025-04-26T22:33:34.637+0000] {processor.py:925} INFO - DAG(s) 'tutorial_dag' retrieved from /home/airflow/.local/lib/python3.12/site-packages/airflow/example_dags/tutorial_dag.py
[2025-04-26T22:33:34.657+0000] {logging_mixin.py:190} INFO - [2025-04-26T22:33:34.657+0000] {dag.py:3239} INFO - Sync 1 DAGs
[2025-04-26T22:33:34.671+0000] {logging_mixin.py:190} INFO - [2025-04-26T22:33:34.671+0000] {dag.py:4180} INFO - Setting next_dagrun for tutorial_dag to None, run_after=None
[2025-04-26T22:33:34.688+0000] {processor.py:208} INFO - Processing /home/airflow/.local/lib/python3.12/site-packages/airflow/example_dags/tutorial_dag.py took 0.069 seconds
[2025-04-26T22:34:05.828+0000] {processor.py:186} INFO - Started process (PID=587) to work on /home/airflow/.local/lib/python3.12/site-packages/airflow/example_dags/tutorial_dag.py
[2025-04-26T22:34:05.829+0000] {processor.py:914} INFO - Processing file /home/airflow/.local/lib/python3.12/site-packages/airflow/example_dags/tutorial_dag.py for tasks to queue
[2025-04-26T22:34:05.831+0000] {logging_mixin.py:190} INFO - [2025-04-26T22:34:05.831+0000] {dagbag.py:588} INFO - Filling up the DagBag from /home/airflow/.local/lib/python3.12/site-packages/airflow/example_dags/tutorial_dag.py
[2025-04-26T22:34:05.839+0000] {processor.py:925} INFO - DAG(s) 'tutorial_dag' retrieved from /home/airflow/.local/lib/python3.12/site-packages/airflow/example_dags/tutorial_dag.py
[2025-04-26T22:34:05.860+0000] {logging_mixin.py:190} INFO - [2025-04-26T22:34:05.859+0000] {dag.py:3239} INFO - Sync 1 DAGs
[2025-04-26T22:34:05.875+0000] {logging_mixin.py:190} INFO - [2025-04-26T22:34:05.874+0000] {dag.py:4180} INFO - Setting next_dagrun for tutorial_dag to None, run_after=None
[2025-04-26T22:34:05.895+0000] {processor.py:208} INFO - Processing /home/airflow/.local/lib/python3.12/site-packages/airflow/example_dags/tutorial_dag.py took 0.074 seconds
[2025-04-26T22:34:37.311+0000] {processor.py:186} INFO - Started process (PID=650) to work on /home/airflow/.local/lib/python3.12/site-packages/airflow/example_dags/tutorial_dag.py
[2025-04-26T22:34:37.312+0000] {processor.py:914} INFO - Processing file /home/airflow/.local/lib/python3.12/site-packages/airflow/example_dags/tutorial_dag.py for tasks to queue
[2025-04-26T22:34:37.315+0000] {logging_mixin.py:190} INFO - [2025-04-26T22:34:37.314+0000] {dagbag.py:588} INFO - Filling up the DagBag from /home/airflow/.local/lib/python3.12/site-packages/airflow/example_dags/tutorial_dag.py
[2025-04-26T22:34:37.323+0000] {processor.py:925} INFO - DAG(s) 'tutorial_dag' retrieved from /home/airflow/.local/lib/python3.12/site-packages/airflow/example_dags/tutorial_dag.py
[2025-04-26T22:34:37.342+0000] {logging_mixin.py:190} INFO - [2025-04-26T22:34:37.342+0000] {dag.py:3239} INFO - Sync 1 DAGs
[2025-04-26T22:34:37.356+0000] {logging_mixin.py:190} INFO - [2025-04-26T22:34:37.356+0000] {dag.py:4180} INFO - Setting next_dagrun for tutorial_dag to None, run_after=None
[2025-04-26T22:34:37.372+0000] {processor.py:208} INFO - Processing /home/airflow/.local/lib/python3.12/site-packages/airflow/example_dags/tutorial_dag.py took 0.068 seconds
[2025-04-26T22:35:08.574+0000] {processor.py:186} INFO - Started process (PID=714) to work on /home/airflow/.local/lib/python3.12/site-packages/airflow/example_dags/tutorial_dag.py
[2025-04-26T22:35:08.575+0000] {processor.py:914} INFO - Processing file /home/airflow/.local/lib/python3.12/site-packages/airflow/example_dags/tutorial_dag.py for tasks to queue
[2025-04-26T22:35:08.577+0000] {logging_mixin.py:190} INFO - [2025-04-26T22:35:08.577+0000] {dagbag.py:588} INFO - Filling up the DagBag from /home/airflow/.local/lib/python3.12/site-packages/airflow/example_dags/tutorial_dag.py
[2025-04-26T22:35:08.585+0000] {processor.py:925} INFO - DAG(s) 'tutorial_dag' retrieved from /home/airflow/.local/lib/python3.12/site-packages/airflow/example_dags/tutorial_dag.py
[2025-04-26T22:35:08.604+0000] {logging_mixin.py:190} INFO - [2025-04-26T22:35:08.604+0000] {dag.py:3239} INFO - Sync 1 DAGs
[2025-04-26T22:35:08.618+0000] {logging_mixin.py:190} INFO - [2025-04-26T22:35:08.618+0000] {dag.py:4180} INFO - Setting next_dagrun for tutorial_dag to None, run_after=None
[2025-04-26T22:35:08.636+0000] {processor.py:208} INFO - Processing /home/airflow/.local/lib/python3.12/site-packages/airflow/example_dags/tutorial_dag.py took 0.069 seconds
[2025-04-26T22:35:39.727+0000] {processor.py:186} INFO - Started process (PID=778) to work on /home/airflow/.local/lib/python3.12/site-packages/airflow/example_dags/tutorial_dag.py
[2025-04-26T22:35:39.728+0000] {processor.py:914} INFO - Processing file /home/airflow/.local/lib/python3.12/site-packages/airflow/example_dags/tutorial_dag.py for tasks to queue
[2025-04-26T22:35:39.731+0000] {logging_mixin.py:190} INFO - [2025-04-26T22:35:39.730+0000] {dagbag.py:588} INFO - Filling up the DagBag from /home/airflow/.local/lib/python3.12/site-packages/airflow/example_dags/tutorial_dag.py
[2025-04-26T22:35:39.739+0000] {processor.py:925} INFO - DAG(s) 'tutorial_dag' retrieved from /home/airflow/.local/lib/python3.12/site-packages/airflow/example_dags/tutorial_dag.py
[2025-04-26T22:35:39.758+0000] {logging_mixin.py:190} INFO - [2025-04-26T22:35:39.758+0000] {dag.py:3239} INFO - Sync 1 DAGs
[2025-04-26T22:35:39.773+0000] {logging_mixin.py:190} INFO - [2025-04-26T22:35:39.772+0000] {dag.py:4180} INFO - Setting next_dagrun for tutorial_dag to None, run_after=None
[2025-04-26T22:35:39.789+0000] {processor.py:208} INFO - Processing /home/airflow/.local/lib/python3.12/site-packages/airflow/example_dags/tutorial_dag.py took 0.068 seconds
[2025-04-26T22:36:10.563+0000] {processor.py:186} INFO - Started process (PID=842) to work on /home/airflow/.local/lib/python3.12/site-packages/airflow/example_dags/tutorial_dag.py
[2025-04-26T22:36:10.564+0000] {processor.py:914} INFO - Processing file /home/airflow/.local/lib/python3.12/site-packages/airflow/example_dags/tutorial_dag.py for tasks to queue
[2025-04-26T22:36:10.567+0000] {logging_mixin.py:190} INFO - [2025-04-26T22:36:10.567+0000] {dagbag.py:588} INFO - Filling up the DagBag from /home/airflow/.local/lib/python3.12/site-packages/airflow/example_dags/tutorial_dag.py
[2025-04-26T22:36:10.576+0000] {processor.py:925} INFO - DAG(s) 'tutorial_dag' retrieved from /home/airflow/.local/lib/python3.12/site-packages/airflow/example_dags/tutorial_dag.py
[2025-04-26T22:36:10.598+0000] {logging_mixin.py:190} INFO - [2025-04-26T22:36:10.598+0000] {dag.py:3239} INFO - Sync 1 DAGs
[2025-04-26T22:36:10.612+0000] {logging_mixin.py:190} INFO - [2025-04-26T22:36:10.612+0000] {dag.py:4180} INFO - Setting next_dagrun for tutorial_dag to None, run_after=None
[2025-04-26T22:36:10.631+0000] {processor.py:208} INFO - Processing /home/airflow/.local/lib/python3.12/site-packages/airflow/example_dags/tutorial_dag.py took 0.075 seconds
[2025-04-26T22:36:41.805+0000] {processor.py:186} INFO - Started process (PID=906) to work on /home/airflow/.local/lib/python3.12/site-packages/airflow/example_dags/tutorial_dag.py
[2025-04-26T22:36:41.807+0000] {processor.py:914} INFO - Processing file /home/airflow/.local/lib/python3.12/site-packages/airflow/example_dags/tutorial_dag.py for tasks to queue
[2025-04-26T22:36:41.809+0000] {logging_mixin.py:190} INFO - [2025-04-26T22:36:41.809+0000] {dagbag.py:588} INFO - Filling up the DagBag from /home/airflow/.local/lib/python3.12/site-packages/airflow/example_dags/tutorial_dag.py
[2025-04-26T22:36:41.819+0000] {processor.py:925} INFO - DAG(s) 'tutorial_dag' retrieved from /home/airflow/.local/lib/python3.12/site-packages/airflow/example_dags/tutorial_dag.py
[2025-04-26T22:36:41.839+0000] {logging_mixin.py:190} INFO - [2025-04-26T22:36:41.838+0000] {dag.py:3239} INFO - Sync 1 DAGs
[2025-04-26T22:36:41.853+0000] {logging_mixin.py:190} INFO - [2025-04-26T22:36:41.853+0000] {dag.py:4180} INFO - Setting next_dagrun for tutorial_dag to None, run_after=None
[2025-04-26T22:36:41.870+0000] {processor.py:208} INFO - Processing /home/airflow/.local/lib/python3.12/site-packages/airflow/example_dags/tutorial_dag.py took 0.071 seconds
[2025-04-26T22:37:12.482+0000] {processor.py:186} INFO - Started process (PID=970) to work on /home/airflow/.local/lib/python3.12/site-packages/airflow/example_dags/tutorial_dag.py
[2025-04-26T22:37:12.484+0000] {processor.py:914} INFO - Processing file /home/airflow/.local/lib/python3.12/site-packages/airflow/example_dags/tutorial_dag.py for tasks to queue
[2025-04-26T22:37:12.486+0000] {logging_mixin.py:190} INFO - [2025-04-26T22:37:12.486+0000] {dagbag.py:588} INFO - Filling up the DagBag from /home/airflow/.local/lib/python3.12/site-packages/airflow/example_dags/tutorial_dag.py
[2025-04-26T22:37:12.494+0000] {processor.py:925} INFO - DAG(s) 'tutorial_dag' retrieved from /home/airflow/.local/lib/python3.12/site-packages/airflow/example_dags/tutorial_dag.py
[2025-04-26T22:37:12.518+0000] {logging_mixin.py:190} INFO - [2025-04-26T22:37:12.518+0000] {dag.py:3239} INFO - Sync 1 DAGs
[2025-04-26T22:37:12.534+0000] {logging_mixin.py:190} INFO - [2025-04-26T22:37:12.534+0000] {dag.py:4180} INFO - Setting next_dagrun for tutorial_dag to None, run_after=None
[2025-04-26T22:37:12.551+0000] {processor.py:208} INFO - Processing /home/airflow/.local/lib/python3.12/site-packages/airflow/example_dags/tutorial_dag.py took 0.076 seconds
[2025-04-26T22:37:43.675+0000] {processor.py:186} INFO - Started process (PID=1034) to work on /home/airflow/.local/lib/python3.12/site-packages/airflow/example_dags/tutorial_dag.py
[2025-04-26T22:37:43.676+0000] {processor.py:914} INFO - Processing file /home/airflow/.local/lib/python3.12/site-packages/airflow/example_dags/tutorial_dag.py for tasks to queue
[2025-04-26T22:37:43.679+0000] {logging_mixin.py:190} INFO - [2025-04-26T22:37:43.678+0000] {dagbag.py:588} INFO - Filling up the DagBag from /home/airflow/.local/lib/python3.12/site-packages/airflow/example_dags/tutorial_dag.py
[2025-04-26T22:37:43.687+0000] {processor.py:925} INFO - DAG(s) 'tutorial_dag' retrieved from /home/airflow/.local/lib/python3.12/site-packages/airflow/example_dags/tutorial_dag.py
[2025-04-26T22:37:43.706+0000] {logging_mixin.py:190} INFO - [2025-04-26T22:37:43.706+0000] {dag.py:3239} INFO - Sync 1 DAGs
[2025-04-26T22:37:43.720+0000] {logging_mixin.py:190} INFO - [2025-04-26T22:37:43.720+0000] {dag.py:4180} INFO - Setting next_dagrun for tutorial_dag to None, run_after=None
[2025-04-26T22:37:43.736+0000] {processor.py:208} INFO - Processing /home/airflow/.local/lib/python3.12/site-packages/airflow/example_dags/tutorial_dag.py took 0.068 seconds
[2025-04-26T22:38:15.079+0000] {processor.py:186} INFO - Started process (PID=1098) to work on /home/airflow/.local/lib/python3.12/site-packages/airflow/example_dags/tutorial_dag.py
[2025-04-26T22:38:15.080+0000] {processor.py:914} INFO - Processing file /home/airflow/.local/lib/python3.12/site-packages/airflow/example_dags/tutorial_dag.py for tasks to queue
[2025-04-26T22:38:15.083+0000] {logging_mixin.py:190} INFO - [2025-04-26T22:38:15.082+0000] {dagbag.py:588} INFO - Filling up the DagBag from /home/airflow/.local/lib/python3.12/site-packages/airflow/example_dags/tutorial_dag.py
[2025-04-26T22:38:15.092+0000] {processor.py:925} INFO - DAG(s) 'tutorial_dag' retrieved from /home/airflow/.local/lib/python3.12/site-packages/airflow/example_dags/tutorial_dag.py
[2025-04-26T22:38:15.112+0000] {logging_mixin.py:190} INFO - [2025-04-26T22:38:15.112+0000] {dag.py:3239} INFO - Sync 1 DAGs
[2025-04-26T22:38:15.127+0000] {logging_mixin.py:190} INFO - [2025-04-26T22:38:15.127+0000] {dag.py:4180} INFO - Setting next_dagrun for tutorial_dag to None, run_after=None
[2025-04-26T22:38:15.144+0000] {processor.py:208} INFO - Processing /home/airflow/.local/lib/python3.12/site-packages/airflow/example_dags/tutorial_dag.py took 0.072 seconds
[2025-04-26T22:38:46.888+0000] {processor.py:186} INFO - Started process (PID=1162) to work on /home/airflow/.local/lib/python3.12/site-packages/airflow/example_dags/tutorial_dag.py
[2025-04-26T22:38:46.890+0000] {processor.py:914} INFO - Processing file /home/airflow/.local/lib/python3.12/site-packages/airflow/example_dags/tutorial_dag.py for tasks to queue
[2025-04-26T22:38:46.893+0000] {logging_mixin.py:190} INFO - [2025-04-26T22:38:46.892+0000] {dagbag.py:588} INFO - Filling up the DagBag from /home/airflow/.local/lib/python3.12/site-packages/airflow/example_dags/tutorial_dag.py
[2025-04-26T22:38:46.904+0000] {processor.py:925} INFO - DAG(s) 'tutorial_dag' retrieved from /home/airflow/.local/lib/python3.12/site-packages/airflow/example_dags/tutorial_dag.py
[2025-04-26T22:38:46.930+0000] {logging_mixin.py:190} INFO - [2025-04-26T22:38:46.930+0000] {dag.py:3239} INFO - Sync 1 DAGs
[2025-04-26T22:38:46.950+0000] {logging_mixin.py:190} INFO - [2025-04-26T22:38:46.950+0000] {dag.py:4180} INFO - Setting next_dagrun for tutorial_dag to None, run_after=None
[2025-04-26T22:38:46.974+0000] {processor.py:208} INFO - Processing /home/airflow/.local/lib/python3.12/site-packages/airflow/example_dags/tutorial_dag.py took 0.095 seconds
[2025-04-26T22:39:17.192+0000] {processor.py:186} INFO - Started process (PID=1226) to work on /home/airflow/.local/lib/python3.12/site-packages/airflow/example_dags/tutorial_dag.py
[2025-04-26T22:39:17.194+0000] {processor.py:914} INFO - Processing file /home/airflow/.local/lib/python3.12/site-packages/airflow/example_dags/tutorial_dag.py for tasks to queue
[2025-04-26T22:39:17.196+0000] {logging_mixin.py:190} INFO - [2025-04-26T22:39:17.196+0000] {dagbag.py:588} INFO - Filling up the DagBag from /home/airflow/.local/lib/python3.12/site-packages/airflow/example_dags/tutorial_dag.py
[2025-04-26T22:39:17.204+0000] {processor.py:925} INFO - DAG(s) 'tutorial_dag' retrieved from /home/airflow/.local/lib/python3.12/site-packages/airflow/example_dags/tutorial_dag.py
[2025-04-26T22:39:17.225+0000] {logging_mixin.py:190} INFO - [2025-04-26T22:39:17.224+0000] {dag.py:3239} INFO - Sync 1 DAGs
[2025-04-26T22:39:17.239+0000] {logging_mixin.py:190} INFO - [2025-04-26T22:39:17.239+0000] {dag.py:4180} INFO - Setting next_dagrun for tutorial_dag to None, run_after=None
[2025-04-26T22:39:17.259+0000] {processor.py:208} INFO - Processing /home/airflow/.local/lib/python3.12/site-packages/airflow/example_dags/tutorial_dag.py took 0.074 seconds
[2025-04-26T22:39:48.857+0000] {processor.py:186} INFO - Started process (PID=1290) to work on /home/airflow/.local/lib/python3.12/site-packages/airflow/example_dags/tutorial_dag.py
[2025-04-26T22:39:48.859+0000] {processor.py:914} INFO - Processing file /home/airflow/.local/lib/python3.12/site-packages/airflow/example_dags/tutorial_dag.py for tasks to queue
[2025-04-26T22:39:48.861+0000] {logging_mixin.py:190} INFO - [2025-04-26T22:39:48.861+0000] {dagbag.py:588} INFO - Filling up the DagBag from /home/airflow/.local/lib/python3.12/site-packages/airflow/example_dags/tutorial_dag.py
[2025-04-26T22:39:48.870+0000] {processor.py:925} INFO - DAG(s) 'tutorial_dag' retrieved from /home/airflow/.local/lib/python3.12/site-packages/airflow/example_dags/tutorial_dag.py
[2025-04-26T22:39:48.890+0000] {logging_mixin.py:190} INFO - [2025-04-26T22:39:48.889+0000] {dag.py:3239} INFO - Sync 1 DAGs
[2025-04-26T22:39:48.904+0000] {logging_mixin.py:190} INFO - [2025-04-26T22:39:48.904+0000] {dag.py:4180} INFO - Setting next_dagrun for tutorial_dag to None, run_after=None
[2025-04-26T22:39:48.920+0000] {processor.py:208} INFO - Processing /home/airflow/.local/lib/python3.12/site-packages/airflow/example_dags/tutorial_dag.py took 0.069 seconds
